KT3D ESTIMATES WITH:  pygeostat_saved_data                                      
    2   51   59    1
Estimate
EstimationVariance
 6.0132246     0.94944274    
 4.8456206     0.89128625    
 4.1926074     0.83449644    
 3.4865751     0.78311110    
 2.9973226     0.71569043    
 2.6503592     0.63130927    
 2.6152704     0.52700651    
 2.3285787     0.42195576    
 2.2110319     0.37580195    
 2.5229483     0.40935475    
 2.4697247     0.46318582    
 1.6823319     0.47869962    
 1.6044216     0.44436821    
 1.5075989     0.38611549    
 1.6711285     0.37082824    
 1.5391073     0.41999814    
 1.3114069     0.47420752    
 1.8407785     0.49789119    
 2.4513588     0.50181973    
 3.3890104     0.51632392    
 4.4603891     0.53775090    
 4.0969577     0.54484862    
 3.8960402     0.54109699    
 3.9567416     0.54183960    
 3.1408882     0.54485619    
 2.7070677     0.54677880    
 2.4236612     0.55075991    
 1.9706070     0.58313370    
 2.7195308     0.64443666    
 3.5717733     0.71761161    
 4.8832273     0.78104877    
 5.7662950     0.80930740    
 6.5210829     0.80014074    
 7.4561934     0.74290830    
 8.2295713     0.63821870    
 8.8241653     0.48356563    
 9.3144808     0.29169464    
 9.6031189     0.13068819    
 9.5205269     0.18648335    
 9.4327030     0.27041259    
 9.5838337     0.24560513    
 9.9918985     0.13809688    
 10.475449     0.16736007    
 11.056842     0.28505379    
 11.880429     0.31670684    
 12.788246     0.23746412    
 13.594455     0.88021949E-01
 13.287519     0.17046942    
 12.313082     0.38370082    
 11.511422     0.56876487    
 10.556763     0.72025567    
 5.6761217     0.89046764    
 4.3071475     0.81932241    
 3.8754234     0.75798720    
 3.2602534     0.70329052    
 2.8207440     0.63293755    
 2.5339332     0.54016274    
 2.5318408     0.41736475    
 2.6317704     0.29064491    
 2.5852761     0.26092148    
 3.0752025     0.34217212    
 2.5870624     0.41239426    
 1.9072278     0.41575107    
 1.7442604     0.35057753    
 1.6857615     0.26279327    
 1.5343868     0.26971954    
 1.3641118     0.35482275    
 1.1738310     0.40949026    
 1.7614181     0.41460785    
 2.4718847     0.40759864    
 3.4731684     0.42977464    
 4.8879333     0.45186204    
 4.2359991     0.45717889    
 3.9265270     0.44703621    
 3.6385505     0.45040289    
 2.7980328     0.46373183    
 2.2269545     0.45986682    
 1.8902551     0.46070114    
 1.5231700     0.50705516    
 2.3889749     0.59170043    
 3.5655069     0.68221778    
 5.3248711     0.75122994    
 6.3224525     0.78668433    
 6.8826284     0.77101636    
 7.6012950     0.70641643    
 8.2356119     0.58879316    
 8.7053881     0.41619623    
 9.0952997     0.19498585    
 9.2940321     0.28892772E-01
 8.9788542     0.17897148    
 8.8367348     0.25164005    
 9.0422449     0.18598798    
 9.5930262     0.30960197E-01
 10.120612     0.15667103    
 10.843759     0.28466579    
 11.742262     0.29375571    
 12.726408     0.18456341    
 13.493087     0.36746111E-01
 13.009033     0.20941758    
 12.141511     0.42733628    
 11.163523     0.60645401    
 10.217408     0.75018543    
 5.1013079     0.81734610    
 4.2693901     0.73976743    
 3.5967155     0.67312676    
 2.6565261     0.61615461    
 2.7436090     0.55033678    
 2.4984400     0.45194855    
 2.4594932     0.30872780    
 2.7063055     0.14835756    
 3.4503665     0.17249015    
 3.5480750     0.30846959    
 3.0019751     0.37905076    
 2.3996954     0.35975310    
 2.1121058     0.25379503    
 1.7013810     0.12821665    
 1.4061507     0.19733101    
 1.2908405     0.31217331    
 1.1313474     0.34763810    
 1.6927900     0.32029229    
 2.8181689     0.30665112    
 3.9292197     0.34812927    
 5.0914483     0.37549445    
 4.5612421     0.36002788    
 4.3438482     0.34369376    
 3.4715729     0.36721265    
 2.5039492     0.38420600    
 1.8030319     0.36493498    
 1.4136939     0.36279824    
 1.1797203     0.43578920    
 2.2954090     0.54719555    
 3.9049196     0.65362114    
 5.6564631     0.73258126    
 6.5940437     0.76666278    
 7.0918579     0.74898034    
 7.6610041     0.67907411    
 8.1266212     0.55384582    
 8.4061136     0.37704670    
 8.5955648     0.17396170    
 8.4813156     0.10922338    
 8.1314077     0.22529279    
 8.0628061     0.25678116    
 8.4130726     0.17336835    
 9.0466919     0.96626200E-01
 9.7214079     0.22075538    
 10.567848     0.31012779    
 11.497788     0.29609424    
 12.397491     0.19670999    
 12.775733     0.15470959    
 12.325936     0.30835596    
 11.575920     0.49406773    
 10.660402     0.65383804    
 10.226803     0.77951455    
 4.8068571     0.73463100    
 4.1054235     0.64786714    
 3.4794192     0.58160496    
 2.9440560     0.53111643    
 2.7169318     0.47342610    
 2.4812858     0.37511164    
 2.6054630     0.21734634    
 3.1258111     0.32077070E-01
 4.1681371     0.16076626    
 4.1539683     0.30921102    
 3.6561320     0.36137053    
 3.1072836     0.31570226    
 2.5629966     0.17149943    
 1.6935263     0.29106490E-01
 1.5038195     0.18823205    
 1.3512943     0.29052877    
0.93958652     0.28530353    
 1.8122118     0.21076460    
 3.1898541     0.20720828    
 4.9491577     0.28351489    
 5.4765296     0.30213010    
 4.7757821     0.25515699    
 4.2207246     0.24219202    
 3.3066969     0.29683489    
 2.2645431     0.30828127    
 1.2435287     0.25796163    
 1.0182450     0.26225114    
0.96996588     0.37993017    
 2.4089603     0.52035171    
 4.2647080     0.63845491    
 5.9932127     0.71899414    
 6.8747039     0.75349444    
 7.2327900     0.73535717    
 7.6238184     0.66319817    
 7.8670692     0.53858054    
 7.8926563     0.37839875    
 7.6765938     0.23763883    
 7.4107451     0.22626401    
 7.1647520     0.28427041    
 7.2663560     0.28326175    
 7.7595639     0.22247943    
 8.4642258     0.21631818    
 9.3194990     0.29948211    
 10.232795     0.34948832    
 11.142153     0.32581112    
 11.830987     0.26645079    
 11.973330     0.28486758    
 11.555369     0.41223574    
 10.870594     0.56477976    
 10.429066     0.69863772    
 9.6843538     0.80949092    
 4.6688952     0.64169556    
 4.0543556     0.54539222    
 3.4836988     0.48452646    
 2.9337208     0.45123395    
 2.3952448     0.40730038    
 2.5514016     0.31875876    
 3.1372507     0.17782088    
 4.2935987     0.90446465E-01
 5.2164755     0.21899307    
 4.9603662     0.32988095    
 4.3584929     0.35637972    
 3.7337995     0.29355314    
 2.9282682     0.15519404    
 2.1786058     0.10627256    
 1.8104680     0.22821201    
 1.5348834     0.27899370    
 1.1976945     0.22086067    
 2.1230056     0.85617512E-01
 4.1966319     0.14246497    
 5.7351670     0.23940447    
 5.9805284     0.23049849    
 4.9304385     0.13511451    
 4.2285028     0.15945829    
 3.1537843     0.25097400    
 2.0477617     0.23729087    
 1.0441737     0.13650975    
0.61649811     0.18021049    
 1.0862520     0.35031828    
 2.6532953     0.50659299    
 4.6948371     0.63019830    
 6.4057450     0.71224874    
 7.1145444     0.74793249    
 7.2961211     0.73057699    
 7.4685187     0.65949750    
 7.4360433     0.54453236    
 7.1716733     0.41413596    
 6.6412611     0.32391605    
 6.3264375     0.31841978    
 6.2205496     0.33845145    
 6.4927983     0.32464352    
 7.1259141     0.29568395    
 7.9634233     0.31463405    
 8.9100237     0.36908090    
 9.8591299     0.39461204    
 10.683702     0.37506917    
 11.191109     0.35326990    
 11.197096     0.39588600    
 10.771622     0.50262922    
 10.095324     0.62719798    
 9.7232161     0.73845690    
 9.0472231     0.83230919    
 4.6607156     0.53797430    
 4.1707540     0.43135977    
 3.6214027     0.38539743    
 2.8913000     0.38070852    
 2.3724067     0.35672048    
 2.8606300     0.28630406    
 4.2110486     0.19727302    
 5.8633528     0.19041698    
 6.5213747     0.28280902    
 5.9850960     0.35578457    
 5.3112879     0.36218631    
 4.7829423     0.29981029    
 3.4832332     0.21178363    
 2.8123295     0.21295184    
 2.1928921     0.27173835    
 1.6729207     0.26888978    
 1.8116355     0.17079967    
 3.2912140     0.32374322E-01
 6.1953874     0.14220566    
 7.2029815     0.20953803    
 6.4113426     0.16759646    
 4.9451838     0.30010058E-01
 3.9841907     0.14379308    
 3.0483387     0.23229107    
 2.0365798     0.17914164    
0.95935661     0.30210288E-01
0.63467544     0.15915495    
 1.0728749     0.34483856    
 3.0976405     0.50355119    
 5.2795630     0.62908840    
 6.8358188     0.71221125    
 7.2969909     0.74972373    
 7.2702675     0.73368496    
 7.1728411     0.66702849    
 6.8394442     0.56680912    
 6.0677814     0.46307531    
 5.5654235     0.39908183    
 5.2949076     0.38435304    
 5.3334346     0.38166159    
 5.7648835     0.36776060    
 6.5018139     0.36144629    
 7.4927363     0.38727772    
 8.5183020     0.42462242    
 9.4666176     0.43898731    
 10.198474     0.42972520    
 10.552666     0.43281356    
 10.454649     0.48313740    
 9.9880114     0.57278484    
 9.6215591     0.67285967    
 8.9297304     0.76685095    
 8.3321362     0.84534723    
 5.5976696     0.42310837    
 4.9193478     0.30610421    
 3.7753184     0.29246852    
 2.7719946     0.32501206    
 2.3813472     0.31760788    
 3.4760091     0.26859334    
 5.8357925     0.23002388    
 7.7850194     0.25785032    
 7.7205777     0.32952037    
 7.1514091     0.37913755    
 6.3317056     0.37607110    
 5.4280148     0.32743248    
 4.1282392     0.28212968    
 3.0093071     0.28623065    
 2.1957901     0.29893753    
 1.9591905     0.25919017    
 2.9678235     0.16191939    
 5.9976411     0.10380113    
 8.9966145     0.15087606    
 8.6535254     0.18315960    
 6.3781857     0.14024618    
 4.6476893     0.83763048E-01
 3.8708720     0.18799266    
 3.1314812     0.23168707    
 2.1795671     0.15542702    
 1.1385808     0.69121912E-01
0.87589765     0.17983674    
 1.5090816     0.34924221    
 3.7513747     0.50789285    
 5.9668946     0.63407588    
 7.2215786     0.71842182    
 7.4115567     0.75767952    
 7.1344976     0.74290103    
 6.7366905     0.68257761    
 6.0705094     0.59640807    
 5.0909266     0.50961119    
 4.5590253     0.45240194    
 4.3461161     0.42443514    
 4.5133910     0.40867719    
 5.1073828     0.39946800    
 6.0007339     0.40748006    
 7.0913444     0.43581784    
 8.1743727     0.46472493    
 9.1025791     0.47623497    
 9.7319269     0.47712043    
 9.9447746     0.49424866    
 9.7431488     0.54445970    
 9.4696989     0.61910653    
 8.7846174     0.70334226    
 8.0783386     0.78159499    
 7.5603318     0.84648800    
 5.7770805     0.30110350    
 5.1666231     0.17369637    
 3.9148233     0.22199193    
 2.6433158     0.28616068    
 2.4620304     0.28122950    
 4.4732943     0.24641304    
 8.1404390     0.24421433    
 9.9102869     0.29376554    
 9.4249983     0.35893995    
 8.2502527     0.39580953    
 7.4807620     0.39173570    
 6.2335157     0.35938579    
 4.4798789     0.33377126    
 3.4250414     0.32744485    
 2.4553485     0.30584276    
 2.4347816     0.24542131    
 4.6454854     0.17100587    
 9.3785534     0.12789041    
 12.128122     0.11948631    
 9.4629564     0.16285989    
 5.8542795     0.15538041    
 4.0571647     0.16693467    
 3.8842416     0.23264268    
 3.4160802     0.23918831    
 2.5377626     0.16097789    
 1.4769826     0.94662629E-01
 1.3698447     0.18397602    
 2.2195890     0.35830706    
 4.1331296     0.51989985    
 6.6795464     0.64441442    
 7.5275335     0.73007292    
 7.4376431     0.76994759    
 7.0343256     0.75727844    
 6.1738210     0.70116204    
 4.9882431     0.62119079    
 4.1842422     0.54269016    
 3.6245735     0.48014948    
 3.4786453     0.43793741    
 3.7722569     0.41429907    
 4.4970574     0.41161036    
 5.5790811     0.43094477    
 6.7826724     0.46224397    
 7.9126253     0.48841020    
 8.8013763     0.50064635    
 9.3089228     0.50887156    
 9.3797588     0.53224176    
 9.2602310     0.57872140    
 8.6682043     0.64441711    
 7.9118199     0.71610332    
 7.1921420     0.78156030    
 6.7509255     0.83420879    
 6.1276765     0.18294726    
 5.4096160     0.58375247E-01
 3.7558742     0.19599631    
 2.4034421     0.25856760    
 2.5184243     0.23343346    
 6.2037458     0.20407310    
 11.115807     0.23469275    
 12.147103     0.30852932    
 10.912962     0.37441611    
 9.5084953     0.40444908    
 8.5356884     0.40131652    
 7.0173674     0.38004145    
 5.3679156     0.36039269    
 3.4394534     0.33787239    
 2.5544395     0.29046547    
 2.8048625     0.21563312    
 6.6507125     0.15660617    
 13.246584     0.87306574E-01
 14.665479     0.66583216E-01
 8.9176893     0.15339015    
 4.7415209     0.17217714    
 3.7728684     0.21378438    
 3.8442054     0.26059881    
 3.6708033     0.24535111    
 2.8753114     0.15124495    
 1.9426218     0.42160355E-01
 2.6494684     0.18819866    
 3.2110741     0.37368992    
 5.1317573     0.53459239    
 6.6956310     0.66350138    
 7.7288013     0.74596727    
 7.3523183     0.78476197    
 6.5528073     0.77166802    
 5.2771535     0.71533889    
 4.2202635     0.63932133    
 3.3397739     0.55688894    
 2.7792521     0.48107964    
 2.6953964     0.42317131    
 3.1024706     0.39472798    
 4.0277276     0.40193316    
 5.2822132     0.43288383    
 6.6064625     0.46850178    
 7.7634621     0.49481496    
 8.5755434     0.50819975    
 8.9363174     0.51977384    
 9.0104361     0.54419470    
 8.5596809     0.58898818    
 7.8381629     0.64876080    
 7.0070572     0.71143883    
 6.0634918     0.76387495    
 5.7868729     0.80512714    
 6.4831829     0.12581557    
 5.3965425     0.80476843E-01
 3.6715200     0.21135159    
 2.2311890     0.22935414    
 2.5624201     0.15960225    
 9.3275976     0.13759552    
 14.784064     0.21264164    
 14.255362     0.31362608    
 12.221579     0.37862629    
 10.691231     0.40097690    
 9.2656269     0.39596605    
 7.7528749     0.38134393    
 5.8367486     0.36091706    
 3.6020744     0.32401183    
 2.3659978     0.25084031    
 2.8595071     0.15536383    
 8.7761784     0.11425970    
 15.951318     0.52691396E-01
 14.008441     0.84834620E-01
 6.7158356     0.13491639    
 3.5034535     0.16565505    
 3.9370546     0.23327543    
 4.5374680     0.27576691    
 4.5418825     0.24707831    
 3.8452737     0.13320461    
 3.2117987     0.53989533E-01
 3.9044321     0.21904199    
 4.4150510     0.39315942    
 6.1860766     0.55306017    
 7.2193179     0.68269384    
 7.8071275     0.76473355    
 7.1495161     0.80058539    
 6.0841274     0.78516746    
 4.6485429     0.72599107    
 3.5172451     0.64534038    
 2.5803676     0.55034906    
 2.0363936     0.45481136    
 2.0280504     0.37838414    
 2.5567586     0.34937513    
 3.6995041     0.37271261    
 5.1589746     0.41605830    
 6.5753417     0.45682681    
 7.7036438     0.48432869    
 8.3837872     0.49716917    
 8.5604639     0.50779545    
 8.4347162     0.53239107    
 7.8053331     0.57734168    
 7.1534290     0.63313484    
 6.2966948     0.68892461    
 5.2593608     0.73359156    
 4.9680638     0.76488227    
 6.6165061     0.18087645    
 5.3957829     0.18351948    
 3.8916242     0.23511660    
 2.4022038     0.19087088    
 2.7140093     0.56885567E-01
 15.264607     0.63810892E-01
 18.066544     0.20398441    
 15.709904     0.31734055    
 13.139708     0.37030527    
 11.706962     0.38098240    
 10.102525     0.37333363    
 8.1980877     0.36086243    
 6.1932006     0.33872184    
 3.5821722     0.29119202    
 1.6799316     0.18988286    
 2.3818557     0.62593415E-01
 11.240871     0.59013367E-01
 16.026747     0.78210011E-01
 11.671145     0.10497063    
 3.7437429     0.76099463E-01
 3.2387321     0.14569493    
 4.9831624     0.23999421    
 5.3371053     0.28413209    
 5.5407643     0.24778029    
 5.3926830     0.14940211    
 5.0920134     0.12783362    
 5.3813930     0.24643931    
 5.6991067     0.41317788    
 8.2669134     0.57155263    
 7.5811443     0.70554876    
 7.7537303     0.78511739    
 6.5803809     0.81384242    
 5.4064946     0.79232365    
 4.0867677     0.72966784    
 3.2057014     0.63778031    
 2.1671090     0.52397239    
 1.5481108     0.40196118    
 1.4331490     0.30268985    
 2.1346984     0.28267637    
 3.5742264     0.32977214    
 5.2116308     0.38406712    
 6.6678753     0.43071127    
 7.7102923     0.45871398    
 8.1893053     0.46619916    
 8.3603277     0.47215503    
 7.8853011     0.49882916    
 7.1013470     0.54708123    
 6.2024221     0.60281181    
 5.0179024     0.65264153    
 4.3618608     0.68815517    
 4.1746178     0.71095544    
 6.8117118     0.26671106    
 5.8339753     0.25848985    
 4.8459382     0.24873020    
 3.9685161     0.15937115    
 7.9733667     0.34424640E-01
 20.826990     0.58509544E-01
 19.796223     0.22212906    
 16.052462     0.31646413    
 13.820961     0.34611449    
 12.534520     0.34019536    
 10.900471     0.33015555    
 8.8160410     0.32067844    
 6.3022342     0.29900241    
 3.6157839     0.25056675    
 1.3209107     0.13610612    
 3.5023954     0.26829880E-01
 13.670260     0.23674952E-01
 15.683688     0.86218998E-01
 9.9825716     0.77712782E-01
 2.6669273     0.22149866E-01
 5.2952852     0.13427953    
 6.6340671     0.24769615    
 6.7634058     0.29194084    
 7.0653324     0.25012207    
 7.1115618     0.16214766    
 6.9638109     0.13781442    
 6.7342548     0.25707015    
 7.5951295     0.43492374    
 9.0468426     0.59934646    
 8.8095007     0.72756577    
 6.4404621     0.81045669    
 6.1792779     0.82714605    
 4.9525852     0.79823017    
 3.9759088     0.72620654    
 2.7122984     0.61891055    
 1.7393687     0.48201776    
 1.0557979     0.32595050    
0.92058432     0.19724457    
 1.9200933     0.20832522    
 3.6931193     0.27968529    
 5.4604111     0.34044924    
 6.8921404     0.39459157    
 7.7738824     0.41935214    
 8.1858778     0.41452646    
 7.8883915     0.41492701    
 7.1291366     0.44887382    
 6.1500630     0.50394732    
 4.9260163     0.55948663    
 4.0351233     0.60325825    
 3.4879220     0.62883198    
 3.4287505     0.64383167    
 7.2078829     0.33710974    
 6.7718720     0.30225030    
 6.6985607     0.25059438    
 8.1135340     0.15805835    
 15.340364     0.90842292E-01
 21.547718     0.13274685    
 19.627872     0.24408112    
 16.205790     0.30311829    
 14.333682     0.29983172    
 13.226709     0.27570459    
 11.694106     0.26855138    
 9.4145203     0.26348165    
 6.3848352     0.24897967    
 3.2941997     0.21647815    
 2.0344889     0.13839473    
 6.7327309     0.93001164E-01
 14.118992     0.84572442E-01
 16.098339     0.43329854E-01
 10.387753     0.48611302E-01
 7.2804456     0.29985923E-01
 8.0606041     0.13607858    
 8.4599619     0.26502803    
 8.8807278     0.29949105    
 8.6219969     0.24575123    
 8.9541674     0.13036853    
 8.5956459     0.94758935E-01
 7.8234944     0.27380282    
 8.5258989     0.46921065    
 9.6055384     0.63345248    
 8.7625113     0.75583678    
 6.1155348     0.83064783    
 5.4456992     0.84531999    
 3.8964913     0.80587542    
 3.6191952     0.71705163    
 2.4520972     0.59316701    
 1.4778229     0.43250954    
0.95515573     0.23721226    
0.54653472     0.73613837E-01
 2.0912254     0.15317680    
 4.1176457     0.22215492    
 5.9443083     0.29028213    
 7.3223114     0.35449591    
 7.9964371     0.36724043    
 7.9878459     0.34062636    
 7.3340402     0.33871195    
 6.2628140     0.38860375    
 4.9159279     0.45097360    
 3.8614120     0.50592166    
 3.0415127     0.54267120    
 2.6513157     0.55678314    
 2.7525709     0.56402785    
 7.9908199     0.38121551    
 8.2036123     0.31694573    
 9.3701839     0.23873593    
 13.035305     0.15547766    
 19.721676     0.10499641    
 21.979441     0.16285652    
 19.669563     0.25055563    
 16.766993     0.27175573    
 14.272694     0.22684862    
 13.952344     0.18970373    
 12.544540     0.19559777    
 9.9622803     0.19191426    
 6.6079254     0.19350174    
 3.7880535     0.19599025    
 3.5335448     0.16598703    
 8.7673512     0.14775974    
 14.319017     0.11612811    
 15.975611     0.26718106E-01
 12.014635     0.48757285E-01
 10.953561     0.45098700E-01
 10.227988     0.18330431    
 10.006681     0.29094326    
 10.239473     0.30630994    
 9.9651413     0.23313461    
 10.461451     0.74362069E-01
 9.4466600     0.93807712E-01
 8.5236330     0.32209972    
 9.2198019     0.51488030    
 9.7181168     0.67182416    
 9.0157766     0.78540385    
 6.2396030     0.85121483    
 5.0641308     0.85574192    
 3.5968170     0.80625451    
 2.9450581     0.70988548    
 2.6757338     0.56769401    
 1.8586130     0.38989508    
 1.0772352     0.17228833    
0.92445737     0.36664840E-01
 2.8955152     0.12620786    
 4.8626380     0.14936607    
 6.6902037     0.24655417    
 7.8368115     0.31605184    
 8.1676598     0.30231524    
 7.7559114     0.24264726    
 6.7006574     0.25278068    
 5.1749635     0.32587844    
 3.8352077     0.39069915    
 2.7970860     0.44474015    
 2.0940347     0.47374421    
 1.8744394     0.47262961    
 2.0717289     0.47212115    
 9.3238020     0.39813277    
 9.9899092     0.30317089    
 12.304103     0.20295291    
 17.173424     0.11856163    
 22.489315     0.59688836E-01
 21.647415     0.17223623    
 19.016359     0.24386726    
 16.355440     0.22068797    
 15.147814     0.12740219    
 15.332043     0.94973601E-01
 13.800282     0.13012348    
 10.489058     0.10539151    
 6.7395248     0.14858696    
 3.7859020     0.17933771    
 4.4384837     0.17767139    
 9.6216793     0.17475085    
 14.196130     0.13107812    
 15.186912     0.78503303E-01
 13.414543     0.10615474    
 12.442010     0.14385466    
 11.661190     0.24668843    
 11.431359     0.31647107    
 11.516479     0.31183863    
 11.521227     0.22983408    
 10.824359     0.11941200    
 9.2892084     0.19947553    
 8.9678354     0.39245588    
 9.3179207     0.57117134    
 9.5569811     0.71178544    
 8.5716925     0.81426030    
 6.5948992     0.86857271    
 4.7598181     0.86508209    
 3.4063408     0.80593908    
 3.5547011     0.70021009    
 3.0998969     0.54978400    
 2.4401932     0.37148863    
 1.9395963     0.18709232    
 2.5343721     0.11979239    
 4.1554122     0.86797073E-01
 5.9629936     0.78754671E-01
 7.6948214     0.22695428    
 8.4335623     0.28153440    
 8.2983408     0.22658624    
 7.4732938     0.12272457    
 5.9311886     0.18016891    
 4.0662470     0.26464140    
 2.6533227     0.32426977    
 1.6981970     0.38153282    
 1.1479467     0.39979789    
 1.1335189     0.37582895    
 1.6141927     0.37059411    
 10.999936     0.39150724    
 12.106367     0.26108071    
 14.734240     0.13496377    
 19.390049     0.67330949E-01
 22.594398     0.50886605E-01
 20.598261     0.18621671    
 18.081577     0.22197016    
 15.645611     0.15056422    
 14.861361     0.25709065E-01
 15.695447     0.22531034E-01
 13.379840     0.90339579E-01
 9.9731731     0.25624609E-01
 5.8920126     0.12943812    
 3.0010064     0.14501488    
 4.7765274     0.16839682    
 9.8987141     0.17805985    
 14.110272     0.12366973    
 15.232223     0.10750896    
 14.323459     0.16163228    
 13.401567     0.22044143    
 12.757477     0.29255551    
 12.361738     0.33435994    
 12.228882     0.31906319    
 11.840322     0.25308144    
 10.169864     0.21437450    
 9.0895100     0.30523875    
 9.2492781     0.46553880    
 9.3720102     0.62385046    
 8.9122467     0.75633597    
 7.3808918     0.84599847    
 7.0941420     0.88302958    
 5.4672499     0.87442666    
 4.5463161     0.80708152    
 3.7518249     0.69565117    
 3.1662431     0.54637504    
 3.2390957     0.38342333    
 3.3914783     0.24716029    
 4.3883548     0.17452964    
 5.8578668     0.69157459E-01
 7.6336994     0.10462823    
 8.8936539     0.22831741    
 9.0274401     0.25234768    
 8.3683605     0.15611699    
 7.0953569     0.27498944E-01
 4.9706402     0.14785951    
 2.9453790     0.19627735    
 1.6312760     0.25717258    
0.87244093     0.32505202    
0.53775090     0.32394859    
0.62267756     0.26508203    
 1.2764139     0.26655999    
 12.481995     0.36433089    
 13.782347     0.19672196    
 16.203196     0.43254949E-01
 18.686728     0.47651436E-01
 20.245264     0.97839445E-01
 19.234161     0.19716045    
 16.671600     0.18880758    
 13.828052     0.78498192E-01
 14.111018     0.46241082E-01
 14.907863     0.78874491E-01
 12.745280     0.99933803E-01
 9.2647591     0.78028969E-01
 4.7521052     0.11350650    
 1.9950846     0.78869015E-01
 5.3128276     0.15726805    
 10.273754     0.16380011    
 14.518702     0.66755243E-01
 15.503648     0.11294342    
 14.785472     0.20528044    
 13.914416     0.26455414    
 13.512464     0.31496906    
 12.817111     0.34294567    
 12.493770     0.32854110    
 11.488668     0.29118714    
 9.3644314     0.29736727    
 8.9730568     0.38918060    
 9.1172733     0.52999854    
 9.0265350     0.67411590    
 8.4936304     0.78770596    
 7.5007038     0.86907142    
 6.7654262     0.89929867    
 6.1961141     0.87331909    
 5.2887807     0.80456489    
 4.5302415     0.69808912    
 3.8011365     0.55583841    
 4.3518772     0.41546339    
 5.0360579     0.30240208    
 6.3718443     0.20982461    
 8.0719318     0.12395275    
 9.6229324     0.15615913    
 10.090226     0.23082890    
 9.4734983     0.23574848    
 8.2321205     0.14124760    
 6.3875480     0.90311028E-01
 3.9483068     0.13205235    
 1.7722577     0.10833222    
0.78246301     0.20953639    
0.29254219     0.28402460    
0.65472469E-01 0.24962157    
0.25444007     0.13914317    
 1.1052567     0.18365283    
 13.325015     0.32894886    
 14.845070     0.14590797    
 16.359020     0.40424962E-01
 16.798517     0.22103969E-01
 18.247236     0.13257855    
 17.338560     0.19880691    
 15.002767     0.14994285    
 12.432036     0.22923160E-01
 14.012239     0.84336631E-01
 14.040381     0.13704740    
 11.942819     0.13350692    
 8.5173311     0.11037112    
 3.5396354     0.76769903E-01
 1.5948461     0.45025054E-01
 6.0077586     0.16719547    
 10.881430     0.14480582    
 15.031616     0.32828275E-01
 15.814549     0.14753512    
 15.128499     0.23251566    
 14.262802     0.27594891    
 13.314764     0.31503808    
 12.758333     0.34093952    
 12.155222     0.33533189    
 10.818308     0.32348865    
 9.2809620     0.35645568    
 8.5442066     0.44991854    
 8.2847462     0.58065933    
 8.6830292     0.71351910    
 7.9637976     0.81952161    
 7.1347680     0.89129651    
 6.7355957     0.90593219    
 6.2015486     0.87920821    
 5.4623246     0.80541563    
 4.8642015     0.69927835    
 4.7590632     0.57435185    
 5.4810305     0.45189705    
 6.8167858     0.34056246    
 8.5002022     0.23254192    
 10.482029     0.14773247    
 11.580015     0.16106701    
 11.036034     0.23059821    
 9.6573639     0.24141105    
 7.8681278     0.18906277    
 5.6150074     0.16403651    
 2.9590282     0.10168220    
0.88147217     0.43546505E-01
0.34087199     0.20780721    
-.55693787E-01 0.26162273    
-.20418285     0.18631428    
0.49471177E-01 0.30451328E-01
 1.0992547     0.16783839    
 14.338042     0.29661763    
 15.223206     0.14411955    
 16.003084     0.94003201E-01
 16.489094     0.95075935E-01
 17.548132     0.17314734    
 15.934353     0.18562579    
 14.193670     0.12303363    
 13.870519     0.45998961E-01
 14.467850     0.10388613    
 13.455317     0.16887055    
 11.266100     0.13810880    
 8.0535374     0.77631503E-01
 3.4490159     0.83494931E-01
 2.6643443     0.12580122    
 6.8106298     0.18857843    
 11.484668     0.15212752    
 15.070547     0.11796708    
 15.998819     0.19042759    
 15.357724     0.23262584    
 14.319623     0.25468221    
 13.493743     0.29799032    
 12.700291     0.33155024    
 11.847893     0.33345193    
 10.296855     0.33807695    
 9.2014837     0.39056224    
 8.2682285     0.49161476    
 7.9073896     0.62270540    
 8.0934696     0.75052738    
 7.4400167     0.84077203    
 7.1691747     0.89684224    
 6.5633307     0.91326129    
 6.5094600     0.88113236    
 5.5374923     0.80750853    
 5.5607176     0.70774537    
 6.1351008     0.59658283    
 6.9223404     0.48033619    
 8.5081053     0.36178571    
 10.634382     0.23013359    
 12.933080     0.10616473    
 13.149425     0.13800903    
 11.510782     0.23980467    
 9.5397797     0.26784009    
 7.3872952     0.24692884    
 4.9614620     0.21101527    
 2.4337471     0.12023676    
0.83486229     0.12975767    
0.21210518     0.24307543    
-.16546947     0.25453401    
-.28566426     0.15643087    
0.18946151     0.70136294E-01
 1.4046394     0.20410217    
 14.410152     0.26471090    
 15.416193     0.13461557    
 16.012291     0.11938315    
 16.485678     0.16032651    
 16.507221     0.18773293    
 15.112885     0.14854112    
 14.187010     0.10220061    
 15.319546     0.23592550E-01
 14.232018     0.13589381    
 12.543565     0.18873754    
 10.839137     0.10652047    
 7.9377813     0.35181183E-01
 3.6789584     0.13162194    
 3.4513741     0.18235037    
 6.7665944     0.20231958    
 11.462727     0.17812544    
 15.482096     0.17408262    
 16.482559     0.20044008    
 15.623281     0.19513775    
 14.346254     0.20603764    
 13.515262     0.27359635    
 12.666414     0.31298196    
 11.191139     0.31356359    
 9.5412960     0.32900089    
 8.8185158     0.40335944    
 8.1068068     0.51813042    
 7.2287507     0.65292132    
 7.3989902     0.77458775    
 6.9257016     0.85557330    
 6.4672046     0.90650773    
 6.0415115     0.91484606    
 5.5016403     0.88017827    
 5.9229584     0.80845958    
 6.3962450     0.71593785    
 6.9918199     0.61330879    
 8.2380676     0.49890837    
 10.022006     0.36811063    
 12.531984     0.20540974    
 14.980144     0.29823951E-01
 13.747483     0.14735463    
 11.449171     0.26615745    
 9.1829996     0.30282649    
 6.8981504     0.29509085    
 4.5448141     0.25678885    
 2.3706830     0.20439652    
 1.0093492     0.23509078    
0.28547686     0.28586528    
-.12549645     0.25540158    
-.15934211     0.15028533    
0.52949661     0.10363042    
 1.8107281     0.23577231    
 14.770537     0.22027746    
 15.606841     0.76139756E-01
 15.982988     0.13146001    
 16.200321     0.19512013    
 15.414477     0.16981252    
 14.035539     0.77151604E-01
 14.249201     0.93566343E-01
 14.783357     0.10487635    
 13.474127     0.19558750    
 11.610165     0.20637366    
 9.9697132     0.11241512    
 6.4341884     0.10598279    
 2.8142748     0.17492947    
 3.5056541     0.19792537    
 6.9202933     0.19746885    
 12.233845     0.18673222    
 16.179806     0.17753674    
 17.197056     0.17290576    
 15.652152     0.11640538    
 14.452897     0.15188493    
 13.840860     0.25320560    
 12.496807     0.28325504    
 10.689142     0.26779097    
 9.0575552     0.29731935    
 7.9330769     0.40435332    
 7.5906181     0.54114968    
 6.8932719     0.67553943    
 5.4946237     0.78961575    
 5.3628168     0.86880189    
 6.0161476     0.90937799    
 5.5288119     0.91135609    
 5.8134623     0.87538129    
 6.3485947     0.80609685    
 7.0034976     0.72077531    
 8.0968914     0.62415439    
 9.4298725     0.51003802    
 11.162696     0.36997220    
 13.562162     0.19992369    
 14.916646     0.95073037E-01
 13.270272     0.20877934    
 10.951502     0.30047894    
 8.6847658     0.33444232    
 6.4661412     0.33390155    
 4.2784162     0.30997780    
 2.4670537     0.29335713    
 1.1936631     0.31580481    
0.46606928     0.32119653    
0.10016286     0.25396377    
0.16699919     0.11624287    
 1.0067188     0.79047561E-01
 2.4327335     0.27203596    
 14.943190     0.17224190    
 15.724910     0.30043706E-01
 15.803433     0.16811129    
 15.235610     0.21811630    
 14.424380     0.13930659    
 13.538060     0.28728299E-01
 13.998360     0.13931797    
 14.022333     0.20169988    
 12.629547     0.25278929    
 10.732177     0.23139153    
 8.4143543     0.16539279    
 4.8789587     0.16391985    
 2.4824650     0.18442318    
 2.8217530     0.17098440    
 7.0927076     0.16863096    
 13.901165     0.16250831    
 18.115990     0.13487133    
 18.114033     0.12775356    
 15.750937     0.27878441E-01
 14.979234     0.14034319    
 13.974500     0.23864272    
 12.207031     0.23552939    
 10.248524     0.19208565    
 8.8946228     0.25732040    
 6.9131989     0.40991449    
 6.4366117     0.56326056    
 5.2235055     0.69714808    
 5.3061566     0.80425334    
 5.5130024     0.87365496    
 4.4417548     0.90725541    
 5.6051359     0.90260053    
 6.1832590     0.86424053    
 6.8480158     0.79936963    
 7.6175084     0.72070807    
 8.8033686     0.62894255    
 10.275629     0.51643509    
 12.013150     0.38112035    
 13.699417     0.24433780    
 13.953717     0.20451309    
 12.372974     0.27024555    
 10.233234     0.32645479    
 8.0511951     0.35483715    
 5.9859724     0.36446276    
 4.1396837     0.36169276    
 2.5897832     0.36480090    
 1.4610933     0.37339500    
0.79869246     0.34678361    
0.51150149     0.24917334    
0.75485784     0.76497942E-01
 1.8243246     0.11190741    
 3.2651215     0.33580920    
 14.953035     0.18455686    
 15.460868     0.13755055    
 15.327683     0.23455435    
 14.470485     0.24827294    
 13.561358     0.16096486    
 13.891051     0.13483496    
 14.030576     0.22586769    
 13.531450     0.28297111    
 12.001109     0.29956606    
 10.130974     0.25794303    
 7.1677532     0.19567713    
 3.8251495     0.16664629    
 1.8324766     0.15526654    
 2.3433375     0.10013254    
 8.4534025     0.13075264    
 16.536119     0.10631944    
 20.932693     0.70823617E-01
 19.675411     0.10420285    
 17.380716     0.70738718E-01
 16.177351     0.16565220    
 14.790134     0.21847691    
 11.982690     0.16623943    
 9.1459160     0.93303479E-01
 7.5966892     0.24078044    
 6.5751734     0.42824471    
 5.5931282     0.58753198    
 4.7754965     0.71612495    
 4.8856821     0.81368595    
 5.0243626     0.87341928    
 5.2250724     0.89736772    
 5.0266757     0.88496637    
 6.4746690     0.84441048    
 7.3873158     0.78575104    
 8.1297874     0.71493036    
 9.3257847     0.62949193    
 10.775157     0.52447647    
 12.276030     0.40583277    
 13.184344     0.30781424    
 12.841565     0.28173509    
 11.359842     0.30488002    
 9.3573961     0.33204228    
 7.4287691     0.36047855    
 5.6923742     0.38601843    
 4.1237764     0.40332827    
 2.7814691     0.41585192    
 1.8213942     0.41344014    
 1.2638326     0.36825618    
 1.1830156     0.26228076    
 1.7957133     0.15139705    
 3.0150216     0.23552477    
 4.3811073     0.41952726    
 15.109527     0.26822522    
 15.271486     0.26300299    
 14.811041     0.31191579    
 13.948776     0.30122495    
 13.817021     0.24732026    
 13.975588     0.25970575    
 13.887420     0.31809822    
 13.094351     0.34916669    
 11.816490     0.33453062    
 9.4507885     0.26920590    
 6.3051267     0.17679468    
 3.2607851     0.11976875    
 2.0388265     0.10732049    
 2.7594192     0.25171205E-01
 10.991975     0.11614420    
 19.429501     0.58628745E-01
 22.545490     0.65546431E-01
 21.265028     0.10392947    
 19.526316     0.11176071    
 17.191931     0.17449152    
 14.311229     0.19123186    
 11.063892     0.99056169E-01
 8.1907082     0.52499428E-01
 6.8675179     0.27173439    
 5.4183450     0.46083751    
 4.8660274     0.61177021    
 4.9426785     0.73194605    
 4.4719610     0.81484032    
 4.7297473     0.86260945    
 5.2008386     0.87539613    
 6.2256398     0.85651958    
 6.8658433     0.81695759    
 7.5874109     0.76424247    
 8.5441875     0.70321947    
 9.6873703     0.62758529    
 11.157472     0.53515708    
 12.110550     0.43736315    
 12.317465     0.35969284    
 11.687908     0.31971374    
 10.281269     0.30336699    
 8.4745932     0.31181830    
 6.8843160     0.35199678    
 5.4807787     0.39796704    
 4.1847415     0.43135029    
 3.0710592     0.44951439    
 2.2852051     0.44293693    
 1.9042665     0.39479193    
 2.1554086     0.31078610    
 3.0961154     0.27017957    
 4.3653879     0.35857564    
 5.6336160     0.50513458    
 15.317077     0.37389219    
 15.211578     0.37486434    
 14.652741     0.39389354    
 14.166086     0.37596637    
 14.092890     0.35385647    
 14.511312     0.37015730    
 14.007296     0.39951703    
 13.220061     0.39975744    
 11.729196     0.35402462    
 8.9657068     0.25834566    
 5.9123015     0.11084757    
 3.9045246     0.60115986E-01
 4.1615033     0.90050682E-01
 6.7819319     0.75544447E-01
 14.146561     0.12183498    
 20.666719     0.89537486E-01
 23.075256     0.74103475E-01
 22.691143     0.81694447E-01
 21.095190     0.89981563E-01
 17.672485     0.16231483    
 14.052558     0.15918159    
 10.320839     0.99982202E-01
 8.1635838     0.15135981    
 7.9066896     0.32929066    
 4.6562409     0.49609151    
 5.0177679     0.63173884    
 4.6736331     0.73704827    
 4.7549367     0.80459064    
 4.9514828     0.83998281    
 5.4064932     0.84127635    
 6.0462322     0.81719047    
 7.1350498     0.77957571    
 7.8797212     0.73618329    
 8.9518394     0.68698573    
 10.115535     0.62373310    
 11.045045     0.54748303    
 11.466358     0.46440211    
 11.387048     0.38710698    
 10.626905     0.31795043    
 9.0580502     0.26215771    
 7.6823368     0.26740205    
 6.5424743     0.33464953    
 5.4910440     0.40091500    
 4.3646894     0.44583043    
 3.4836478     0.47051007    
 2.8715887     0.46841723    
 2.7818460     0.43207824    
 3.4366915     0.38341412    
 4.5535645     0.38449171    
 5.7634912     0.46502286    
 6.8063011     0.58124560    
 15.842179     0.48053208    
 15.469128     0.47814626    
 14.526814     0.48020369    
 15.127988     0.46262646    
 15.145140     0.44859108    
 14.774235     0.45332223    
 13.388521     0.46563295    
 12.926381     0.43463755    
 11.721920     0.35791183    
 9.8617134     0.23529404    
 7.4953237     0.72455250E-01
 7.4219422     0.75499669E-01
 8.6904774     0.96130066E-01
 11.460109     0.10553532    
 16.979174     0.11373025    
 21.189129     0.10132331    
 23.076061     0.22935933E-01
 23.238907     0.43297231E-01
 21.360550     0.63789763E-01
 17.173561     0.14271781    
 13.235962     0.12037019    
 9.5520611     0.14135961    
 7.5796709     0.23950897    
 6.4308457     0.38459736    
 5.9847746     0.52290326    
 4.9404044     0.63800651    
 5.5617576     0.72718030    
 5.2312946     0.78301913    
 5.1114926     0.80491596    
 5.8542609     0.79536164    
 6.2380147     0.76579100    
 7.4985676     0.73465645    
 8.1850662     0.70143861    
 9.0465889     0.66763067    
 10.079121     0.62055171    
 10.779479     0.55788714    
 10.848109     0.48086730    
 10.673594     0.38981503    
 9.5116730     0.28002766    
 7.9482908     0.18115591    
 6.8924804     0.21220225    
 6.2424965     0.31661502    
 5.4887147     0.39504358    
 4.6523948     0.44847587    
 3.9324865     0.48394018    
 3.6232741     0.49434930    
 3.9635780     0.47851777    
 4.9114594     0.46116921    
 6.0245113     0.48233929    
 7.0337939     0.55177701    
 7.8200383     0.64266372    
 15.936469     0.57993942    
 15.487409     0.57372195    
 15.259082     0.56651533    
 15.716578     0.54934335    
 15.537396     0.53470004    
 15.504128     0.52087611    
 14.984127     0.49728534    
 14.077133     0.44085413    
 12.969638     0.34593540    
 11.861874     0.21596049    
 11.266371     0.10918003    
 12.874148     0.87977044E-01
 13.798870     0.67853034E-01
 15.148806     0.71086131E-01
 19.273668     0.78199305E-01
 20.739700     0.83110079E-01
 20.884087     0.25835939E-01
 21.821621     0.68747982E-01
 19.668407     0.11532919    
 15.796668     0.10288123    
 12.193183     0.72348543E-01
 8.8023090     0.18675113    
 7.1003823     0.30147022    
 6.1536312     0.42107368    
 5.5934830     0.53628039    
 4.4085393     0.63674450    
 5.6331673     0.70931184    
 5.5102029     0.75153053    
 5.1561303     0.75589842    
 5.9651399     0.73401970    
 6.3716826     0.70195103    
 7.4396105     0.67792410    
 8.1500559     0.66064572    
 9.2324791     0.64693272    
 10.041148     0.61772710    
 10.553867     0.56525809    
 10.682126     0.48612231    
 9.9569139     0.37360445    
 8.5767488     0.21665785    
 6.9529543     0.71151853E-01
 6.5068908     0.17823684    
 6.2550516     0.30170080    
 5.7351460     0.37909138    
 5.0966654     0.44236243    
 4.6238379     0.49433380    
 4.6836901     0.52261239    
 5.3859849     0.52838874    
 6.3770976     0.53259772    
 7.3240557     0.56163567    
 8.1029167     0.61802077    
 8.6238813     0.68717486    
 15.856996     0.67230999    
 15.476489     0.66218156    
 15.964301     0.64854419    
 16.537048     0.62831169    
 16.490782     0.60441440    
 16.006413     0.57107425    
 15.544452     0.52235782    
 14.598167     0.44625181    
 14.385314     0.32804349    
 14.635473     0.19416621    
 16.591761     0.10966402    
 19.654165     0.51325809E-01
 19.008747     0.47318753E-01
 17.599052     0.16360996E-01
 20.557249     0.49450379E-01
 19.526129     0.70457108E-01
 19.168850     0.67409642E-01
 19.595133     0.13901515    
 17.405613     0.15675494    
 14.192126     0.65759614E-01
 10.760613     0.94196960E-01
 7.7396121     0.23719576    
 6.3402948     0.33943561    
 5.4227390     0.43575761    
 4.9273310     0.53354639    
 5.2443047     0.62233734    
 5.0129838     0.68367910    
 5.7737379     0.70875424    
 5.7467346     0.69593632    
 5.9186125     0.65720761    
 6.9176521     0.62268114    
 7.4789944     0.61471558    
 7.8023443     0.61992806    
 8.8245659     0.62704003    
 9.8147907     0.61352694    
 9.9110975     0.56763840    
 10.155407     0.48344105    
 9.4010468     0.35212377    
 7.9564247     0.16427879    
 6.5968499     0.40087625E-01
 6.6500592     0.18765254    
 6.5446939     0.28132170    
 6.1867814     0.35117820    
 5.7107601     0.43203950    
 5.5145140     0.50581056    
 5.9313593     0.55329823    
 6.8575287     0.57614601    
 7.7935247     0.59340936    
 8.5876217     0.62184918    
 9.1344719     0.66370654    
 9.1535606     0.71211112    
 13.858953     0.75314265    
 15.092222     0.73962379    
 15.733931     0.71898806    
 15.624072     0.69413388    
 15.075393     0.65341103    
 15.728046     0.60819590    
 16.189127     0.53348559    
 16.290224     0.42984408    
 16.635895     0.29660973    
 18.189291     0.14186843    
 22.560125     0.66049419E-01
 28.297621     0.48231442E-01
 22.945431     0.59985682E-01
 18.335999     0.20453904E-01
 19.836300     0.53722639E-01
 18.787973     0.10816319    
 18.216179     0.15274510    
 17.414415     0.19941445    
 15.157572     0.18914445    
 12.250668     0.12902454    
 9.0536823     0.18381363    
 6.4465384     0.27671060    
 5.0667777     0.34906656    
 4.6290946     0.42740393    
 4.5298533     0.51863927    
 4.8054495     0.59928077    
 4.6682348     0.64989263    
 5.2186756     0.65400440    
 5.7134151     0.61463678    
 6.0838842     0.56421369    
 6.4566355     0.53341013    
 7.1482491     0.54759210    
 7.7908778     0.58363485    
 8.7827044     0.61264068    
 9.6776094     0.61147106    
 10.021677     0.56887507    
 9.7892590     0.48106217    
 9.0051546     0.34479514    
 7.8979878     0.18320407    
 7.1874232     0.13810991    
 7.1602545     0.20229645    
 7.1105819     0.24049719    
 6.7863975     0.31402719    
 6.4865398     0.42509368    
 6.4266510     0.52225709    
 7.1009865     0.58515197    
 7.9626102     0.61930484    
 8.8075657     0.63983667    
 9.3346500     0.66081452    
 9.5528946     0.68665272    
 9.4946499     0.71854132    
 13.882362     0.82789862    
 13.253643     0.80755341    
 14.171158     0.78057802    
 14.023229     0.73804694    
 15.763479     0.69136477    
 17.318430     0.61871058    
 18.170557     0.52079314    
 18.569849     0.40109998    
 19.147802     0.25560254    
 21.535452     0.74163832E-01
 28.224180     0.42249069E-01
 35.049637     0.18959003E-01
 23.432177     0.53622510E-01
 19.101969     0.27637415E-01
 19.139357     0.77668786E-01
 17.663389     0.15886666    
 16.801142     0.20950931    
 15.242972     0.24242558    
 12.866804     0.22981527    
 9.8726978     0.21059611    
 7.1985703     0.24589054    
 4.9030228     0.28724131    
 4.1665072     0.32710728    
 3.5783329     0.40143338    
 3.9567976     0.49756309    
 4.6885538     0.57507306    
 4.4787769     0.61123043    
 4.3205462     0.58577210    
 4.7768483     0.52209783    
 5.7312279     0.45555639    
 6.5839586     0.43997580    
 7.0391021     0.48829162    
 7.8237410     0.55542088    
 8.7637167     0.60429555    
 9.5589561     0.61253637    
 9.8285084     0.57222551    
 9.4967909     0.48584598    
 8.8981791     0.36225596    
 8.2028494     0.24682745    
 7.9038043     0.20654343    
 7.9249620     0.18379447    
 7.8433666     0.17110501    
 7.3923931     0.28241852    
 7.2223325     0.43140602    
 7.7168355     0.54639226    
 8.5836086     0.61780810    
 9.3891478     0.65517437    
 10.008726     0.67217165    
 10.452880     0.68006200    
 10.404297     0.68942118    
 10.082811     0.70458192    
 15.256920     0.88924766    
 14.894086     0.85927367    
 15.077885     0.82904124    
 15.435085     0.77575636    
 16.347361     0.70023650    
 17.169821     0.60829484    
 19.206261     0.49459213    
 20.099598     0.36316866    
 21.515760     0.21949208    
 24.292458     0.84537566E-01
 29.843275     0.48023261E-01
 29.436172     0.25325637E-01
 23.325911     0.68014562E-01
 20.936834     0.86889580E-01
 18.668898     0.13484560    
 16.239426     0.18762967    
 14.398899     0.24180530    
 12.705290     0.27321476    
 10.477494     0.26929438    
 8.0239592     0.26388627    
 5.7095609     0.26839438    
 3.9247427     0.25885308    
 3.0675638     0.27538449    
 3.0405343     0.36598459    
 3.7638063     0.47611877    
 4.5551128     0.55203128    
 5.2269979     0.56597757    
 4.2565818     0.51485175    
 4.7572293     0.42044714    
 5.1641769     0.33618921    
 6.2421117     0.34636137    
 6.9073539     0.44150111    
 8.1503239     0.54049397    
 8.9642725     0.60300195    
 9.2624435     0.61707973    
 9.3986435     0.57893729    
 9.3205786     0.50039119    
 8.8938322     0.39684916    
 8.6416311     0.30576560    
 8.6339045     0.23473911    
 8.8107977     0.12398086    
 8.6011724     0.92978895E-01
 8.0967035     0.28407907    
 8.3544416     0.45784429    
 9.1855497     0.57815045    
 10.073198     0.64889961    
 10.803148     0.68083471    
 11.270415     0.68720680    
 11.350013     0.68048823    
 10.963877     0.67050743    
 10.402572     0.66972709    
 15.764431     0.94699109    
 15.459038     0.90759182    
 15.577003     0.85562134    
 15.740990     0.78537387    
 16.479565     0.69550359    
 17.918835     0.58385366    
 19.733295     0.45241407    
 21.609243     0.31702462    
 23.403448     0.19364661    
 25.341461     0.78670032E-01
 27.247692     0.25223063E-01
 25.757717     0.33335712E-01
 25.434410     0.79832338E-01
 21.694937     0.12287993    
 17.932833     0.14398454    
 15.154910     0.18356080    
 12.791020     0.25443310    
 10.554950     0.29228711    
 8.2658758     0.29287875    
 5.8196430     0.28234327    
 3.9258745     0.25174645    
 2.5936201     0.18828215    
 2.1089244     0.20628142    
 2.6608529     0.34038839    
 3.5066173     0.46498623    
 4.5325065     0.53191185    
 5.3583088     0.52069587    
 5.5329890     0.44131577    
 5.3888364     0.30821627    
 5.4571967     0.20453653    
 6.0570560     0.27198714    
 7.1843119     0.41893831    
 8.7589359     0.53956091    
 8.7874975     0.60773230    
 9.2692509     0.62366986    
 9.3787098     0.59165418    
 9.2255659     0.52068186    
 9.0298719     0.43444631    
 8.9578791     0.34794724    
 9.1826038     0.24260630    
 9.5208893     0.75920604E-01
 9.1852903     0.11254056    
 8.9696140     0.33344597    
 9.7055025     0.50234783    
 10.680750     0.61421269    
 11.343353     0.67535925    
 11.940469     0.69513875    
 12.177268     0.68613684    
 11.975332     0.66011405    
 11.415148     0.62972063    
 10.821160     0.61418200    
 15.078413     0.95951879    
 14.683548     0.93259084    
 14.734088     0.86775535    
 15.289163     0.78179371    
 16.517677     0.67528820    
 18.222128     0.54251432    
 18.104086     0.41230452    
 21.996620     0.26487705    
 24.531616     0.15633035    
 25.747131     0.38124766E-01
 26.527327     0.63123107E-01
 28.343800     0.60383871E-01
 27.898232     0.58177941E-01
 21.152262     0.12240591    
 15.823323     0.94228871E-01
 12.883676     0.16468163    
 10.519145     0.25993773    
 7.6333275     0.29336870    
 5.1106362     0.29246572    
 3.6788926     0.27320558    
 2.1120701     0.20733225    
 1.6602064     0.81468992E-01
 1.5700015     0.16092663    
 2.5165546     0.34368286    
 3.4498065     0.46902421    
 4.6440701     0.51708990    
 5.2317591     0.48435521    
 5.2512007     0.37249258    
 5.2536039     0.19450521    
 5.2475238     0.79588369E-01
 6.2084336     0.24629386    
 7.3993773     0.42422870    
 8.4754324     0.54956895    
 9.1934128     0.61582589    
 9.5490551     0.63083559    
 9.4917679     0.60300577    
 9.3923740     0.54307765    
 9.3428326     0.46866554    
 9.3901377     0.38062972    
 9.6651163     0.26407644    
 9.8373356     0.15332307    
 9.7290144     0.23611638    
 10.200588     0.41273624    
 10.957059     0.55668789    
 11.937454     0.64954811    
 12.702199     0.69326645    
 13.127214     0.69609910    
 13.131723     0.66741371    
 12.701478     0.61747432    
 11.979447     0.56447750    
 10.957243     0.54168928    
 13.923513     0.97319257    
 13.673166     0.91620386    
 12.698452     0.87721813    
 13.084535     0.85300720    
 15.667910     0.69649631    
 18.102001     0.51620924    
 19.993324     0.32974055    
 23.842724     0.18801346    
 25.473204     0.11407610    
 25.585781     0.32209639E-01
 26.611158     0.94651550E-01
 29.748013     0.58204234E-01
 26.530981     0.73985569E-01
 19.562984     0.95604233E-01
 14.304688     0.26415147E-01
 12.059736     0.17022584    
 9.3718596     0.25800294    
 6.4072952     0.27350491    
 3.8183370     0.26785913    
 2.0062389     0.24916147    
 1.1343968     0.16577484    
0.69065303     0.35948064E-01
 1.7164985     0.19829725    
 2.1195354     0.37965724    
 3.7246714     0.48627755    
 4.9114170     0.51366484    
 5.4346714     0.45658252    
 5.4870415     0.32213429    
 5.3071365     0.12175111    
 5.5520296     0.67946732E-01
 6.7131181     0.28174451    
 7.9506464     0.45007578    
 8.5745049     0.56345981    
 9.1503258     0.62356502    
 9.8408031     0.63490337    
 9.7611122     0.61320817    
 9.5477953     0.56636387    
 9.3230934     0.49889028    
 9.4928160     0.41584197    
 9.7475815     0.31987911    
 9.9292917     0.27693382    
 10.303885     0.36300442    
 11.167965     0.49824527    
 12.307142     0.61029547    
 13.270498     0.67845470    
 13.908889     0.70152396    
 14.139548     0.68397605    
 13.921582     0.63153529    
 13.342573     0.55327308    
 12.461653     0.47716567    
 11.151469     0.45258912    
 13.307020     0.97172785    
 10.882174     0.92980576    
 10.451118     0.88058197    
 11.634622     0.75085986    
 12.400707     0.62121165    
 17.597075     0.43854904    
 22.181967     0.23529661    
 25.790998     0.96907921E-01
 25.435162     0.84574737E-01
 24.070045     0.43473471E-01
 26.299498     0.11292955    
 27.524839     0.97622074E-01
 23.051216     0.71153753E-01
 18.415367     0.78023694E-01
 14.661865     0.84068418E-01
 11.419430     0.19387822    
 7.7577405     0.24006048    
 4.4897900     0.22459936    
 2.0127850     0.22717206    
0.84062159     0.23254025    
0.39905101     0.17465046    
0.37615871     0.15097705    
 1.7890352     0.29345506    
 3.7027621     0.43634811    
 4.8853350     0.51647025    
 4.7330294     0.51902401    
 5.5572257     0.44514349    
 5.9910822     0.30864763    
 5.9743867     0.16252641    
 6.4625626     0.18995312    
 7.6046982     0.34625846    
 8.5208778     0.48181891    
 9.1344872     0.57315713    
 9.3265247     0.62100071    
 10.001075     0.63191837    
 10.028542     0.61867517    
 9.8638620     0.58418804    
 9.6356745     0.52902174    
 9.7728825     0.46169791    
 10.014610     0.40082008    
 10.510372     0.39961046    
 11.347511     0.47637117    
 12.396542     0.57671458    
 13.561082     0.65647191    
 14.452185     0.69843644    
 14.940426     0.69886237    
 14.979293     0.65841901    
 14.585328     0.57894224    
 13.890315     0.46925265    
 12.843621     0.36896503    
 11.144719     0.35452354    
 10.447887     0.97376609    
 9.2554502     0.93581736    
 9.8219423     0.81917268    
 11.211207     0.68480372    
 13.986742     0.52984130    
 17.443682     0.35622612    
 22.888914     0.13792238    
 26.706614     0.30809943E-01
 24.440966     0.61922047E-01
 22.867521     0.43253601E-01
 25.602341     0.12835956    
 25.496382     0.10532543    
 21.009411     0.22594340E-01
 19.388836     0.89525878E-01
 15.400940     0.13189764    
 10.026841     0.20226708    
 6.0342436     0.19588253    
 2.6540554     0.14470649    
0.63735414     0.19220831    
0.17415367     0.24245164    
-.39672688E-01 0.23950419    
0.60830498     0.27938500    
 2.2454741     0.39557168    
 4.2851276     0.50098556    
 5.5455041     0.55286717    
 6.2157559     0.53500634    
 6.1676478     0.45282724    
 6.4992380     0.33626103    
 6.8660231     0.25551552    
 7.6121740     0.29822230    
 8.5219183     0.40712038    
 9.0794973     0.50567585    
 9.6705790     0.57204562    
 10.131350     0.60848486    
 10.301043     0.62390172    
 10.334539     0.61924243    
 10.395460     0.60072601    
 10.335261     0.56256908    
 10.096127     0.51844817    
 10.445661     0.49024045    
 11.295291     0.50944591    
 12.428652     0.57195961    
 13.517766     0.64185858    
 14.658520     0.69134444    
 15.462077     0.70714009    
 15.813647     0.68402165    
 15.671399     0.62008405    
 15.115780     0.51277053    
 14.307751     0.36904931    
 13.102201     0.24163705    
 10.804905     0.26108605    
 9.5187349     0.93986428    
 7.5798540     0.87373793    
 8.3270226     0.75137925    
 9.9882584     0.61401904    
 13.060719     0.45928371    
 17.372156     0.28551459    
 22.723352     0.10662709    
 26.093800     0.43135904E-01
 23.363386     0.60224928E-01
 22.637896     0.64115368E-01
 25.371153     0.13736998    
 25.426916     0.10118726    
 23.319107     0.64857386E-01
 21.573687     0.75081244E-01
 15.227839     0.13536640    
 8.2790775     0.18431015    
 3.4143898     0.12741637    
0.72613376     0.54640505E-01
-.22518340     0.19686100    
-.28382364     0.28608516    
-.26444101     0.32870382    
 1.0571662     0.39611372    
 3.2349644     0.49079749    
 5.0584035     0.56535524    
 6.2793107     0.59147698    
 6.8932948     0.55711204    
 7.1512885     0.47632760    
 7.4824834     0.38580900    
 7.9796200     0.34215805    
 8.7756987     0.37699857    
 9.3626747     0.44831747    
 9.9458275     0.51252383    
 10.497825     0.55525237    
 10.912210     0.58365327    
 10.929860     0.60563701    
 11.208536     0.61855030    
 10.618507     0.61729747    
 10.343116     0.60360861    
 10.409090     0.58161730    
 10.993235     0.57732224    
 12.066216     0.60221100    
 13.397965     0.64822066    
 14.483237     0.69055027    
 15.592209     0.71210021    
 16.326674     0.70252562    
 16.545094     0.65689343    
 16.204750     0.57130802    
 15.461164     0.43943328    
 14.520159     0.26109844    
 13.166167     0.10322568    
 9.8358488     0.20039612    
 7.3768516     0.90836835    
 6.7608995     0.80039251    
 7.4917016     0.68321800    
 9.1647825     0.54805911    
 12.091471     0.40034622    
 15.842151     0.24554363    
 20.937721     0.10859730    
 24.431124     0.23534993E-01
 21.743256     0.46474226E-01
 22.686750     0.69819994E-01
 26.220285     0.14110500    
 27.676647     0.93275957E-01
 26.086096     0.77503718E-01
 22.492344     0.24267940E-01
 13.117562     0.13431726    
 5.7523575     0.14589559    
 1.4572847     0.72421990E-01
-.12671527     0.81884161E-01
-.13049686     0.25051674    
-.47058743     0.35503015    
0.65964639E-01 0.42507607    
 1.5049663     0.50045878    
 4.1740694     0.57528871    
 5.9308734     0.62402266    
 7.1010780     0.62788439    
 7.6338792     0.58266312    
 7.9838600     0.50601435    
 8.5219269     0.43374959    
 9.2579403     0.40268317    
 10.062439     0.42175439    
 10.689874     0.46255517    
 11.173229     0.49691504    
 11.359417     0.51936603    
 11.577957     0.54592514    
 11.407376     0.58092904    
 11.306118     0.61429906    
 11.235271     0.63491935    
 10.326064     0.64103484    
 10.811806     0.64438015    
 11.581496     0.65442312    
 12.878782     0.67663109    
 14.160830     0.70323324    
 15.329253     0.72085661    
 16.418812     0.71649522    
 17.071606     0.68355960    
 17.121801     0.61830479    
 16.564728     0.51594758    
 15.527607     0.36997747    
 14.277417     0.17265333    
 12.317177     0.28931115E-01
 7.9157639     0.19210286    
 8.3159685     0.84139776    
 5.8652859     0.73254406    
 6.3792410     0.61016935    
 7.8604012     0.48220679    
 10.038172     0.34500772    
 13.209970     0.21030955    
 17.508326     0.10927095    
 20.451359     0.88045835E-01
 20.781836     0.90240508E-01
 23.615007     0.12989318    
 27.739622     0.12776986    
 30.241526     0.38777471E-01
 25.630669     0.76797396E-01
 18.035303     0.73435374E-01
 8.8870125     0.12977563    
 2.8891151     0.82024507E-01
-.50354987E-01 0.81448182E-01
-.22899625     0.18924199    
0.19287203     0.33134410    
0.63262224E-01 0.43864128    
-.31306285     0.52083254    
 1.7703689     0.59386909    
 4.7506838     0.65083432    
 6.7997475     0.67659861    
 7.4231277     0.65585190    
 8.0602751     0.60311443    
 8.7439880     0.52948606    
 9.4961987     0.46489662    
 10.360104     0.43287927    
 11.074822     0.43536398    
 11.661291     0.44912273    
 12.125720     0.45517430    
 12.507796     0.46424657    
 12.400854     0.49883866    
 12.274414     0.55643028    
 11.813097     0.61345518    
 11.441576     0.65566117    
 11.308698     0.68220359    
 11.335705     0.69966722    
 12.250656     0.71403325    
 13.631458     0.73045963    
 14.906423     0.73815912    
 16.001261     0.73151749    
 17.150312     0.70406187    
 17.702496     0.65026510    
 17.567118     0.56940043    
 16.715536     0.46004322    
 15.172660     0.31859988    
 13.028254     0.15328293    
 9.4865837     0.95082723E-01
 5.3120422     0.19483016    
 7.4535236     0.77241707    
 6.2197618     0.64974070    
 5.9454050     0.52959764    
 6.7115312     0.41257846    
 7.8455110     0.28667018    
 9.3054552     0.15870592    
 13.145844     0.10999388    
 17.406942     0.13393384    
 20.466448     0.14688066    
 24.244726     0.15845418    
 28.509060     0.99195093E-01
 28.872141     0.43319337E-01
 20.996923     0.10033387    
 11.453155     0.90540357E-01
 4.5601654     0.10660200    
0.44362956     0.25011677E-01
-1.5179137     0.14048786    
-1.5583339     0.28197086    
-.49193144E-01 0.41161567    
-1.4251207     0.51309538    
-.12686968E-01 0.59906381    
 1.6200274     0.65702760    
 4.1091638     0.69712931    
 5.7723322     0.70616245    
 7.6033826     0.67574364    
 8.5686588     0.61364359    
 9.4639368     0.53694022    
 10.349696     0.47021320    
 11.355397     0.43123350    
 12.063878     0.41869631    
 12.466928     0.40826511    
 13.008956     0.38709882    
 13.355425     0.38968757    
 13.045065     0.44844019    
 12.630128     0.53625572    
 12.400161     0.61710519    
 11.636228     0.67741424    
 11.352503     0.71796137    
 11.642230     0.74401027    
 12.685452     0.75878972    
 14.259671     0.76134175    
 15.459041     0.75182182    
 16.599825     0.72365820    
 17.675756     0.67377239    
 18.177717     0.60186821    
 17.871004     0.51133311    
 16.551672     0.40791836    
 14.288177     0.29011276    
 10.864459     0.17299581    
 6.1170788     0.11157767    
 2.5992010     0.17344971    
 6.8748708     0.69535589    
 5.4616256     0.56556237    
 5.1870699     0.45145100    
 5.3688359     0.34767395    
 5.1196342     0.22435664    
 4.8076496     0.74542657E-01
 9.8662930     0.99561416E-01
 16.028391     0.14819621    
 20.385283     0.16662838    
 23.841639     0.14925285    
 26.725554     0.69879510E-01
 23.685896     0.92585512E-01
 14.435203     0.97951032E-01
 4.8937488     0.44324923E-01
 1.3451205     0.10846808    
-.80053812     0.11261346    
-2.0999515     0.23698398    
-2.1663427     0.37204164    
-1.6685719     0.49363154    
-.36683145     0.59272313    
0.38322961     0.66195518    
 2.5544770     0.71539694    
 4.4739137     0.73998278    
 6.6391673     0.72970670    
 7.8734407     0.68371046    
 9.3393574     0.60886204    
 10.240746     0.52236199    
 11.418531     0.44627434    
 12.242201     0.39896792    
 12.751765     0.37635294    
 13.234772     0.34333980    
 13.826571     0.29335240    
 14.092543     0.30460569    
 13.811389     0.40571555    
 12.990282     0.52590787    
 12.213704     0.62652349    
 11.781611     0.69925874    
 11.465087     0.74723625    
 12.061421     0.77598047    
 13.123451     0.78488392    
 14.583386     0.77563959    
 15.897129     0.74861896    
 17.102663     0.69988996    
 18.184196     0.62863553    
 18.635170     0.53880131    
 17.953239     0.44552624    
 16.213661     0.36003202    
 13.067367     0.27312982    
 8.4064255     0.17246880    
 2.7016668     0.50740469E-01
0.63400137     0.16037911    
 5.7959013     0.60746211    
 5.0281901     0.47332603    
 3.8817821     0.36935705    
 3.4768407     0.28737056    
 2.4529114     0.17189091    
 2.0494187     0.31396922E-01
 9.1295052     0.97108506E-01
 15.871660     0.12792999    
 19.999977     0.15236033    
 22.561672     0.11107828    
 23.456623     0.22685740E-01
 18.074924     0.11996514    
 8.6577225     0.88825345E-01
 1.5140398     0.73789425E-01
-.64161366     0.16366847    
-2.2692409     0.22056028    
-2.7438655     0.33010626    
-3.0814991     0.44997141    
-2.4288735     0.55907500    
0.18264794     0.65581286    
 2.1016042     0.72545618    
 3.3517659     0.75589043    
 5.4491730     0.76452368    
 7.1378350     0.73752111    
 8.6901493     0.67378688    
 9.7148943     0.58391553    
 10.972399     0.48288536    
 12.259876     0.39213330    
 13.048212     0.34053633    
 13.362161     0.31636655    
 13.803106     0.26045877    
 14.566403     0.17632246    
 14.699910     0.22892199    
 13.976735     0.38347945    
 13.098136     0.52865660    
 12.167555     0.64083344    
 11.610658     0.71882474    
 11.490414     0.76811641    
 12.030996     0.79389101    
 13.405121     0.79398191    
 14.847086     0.77195168    
 16.252399     0.72830123    
 17.483620     0.65998870    
 18.632168     0.56632745    
 19.096081     0.45976305    
 18.317600     0.37078655    
 15.782380     0.31374097    
 11.732801     0.25537178    
 6.3047853     0.15483597    
0.98784345     0.45049131E-01
-.17189182E-01 0.20394331    
 5.3727636     0.50798583    
 4.1072583     0.36752194    
 3.1202593     0.28589737    
 2.2602096     0.24218054    
 1.5133964     0.16468917    
 3.4320805     0.97733885E-01
 10.052023     0.59161268E-01
 16.338642     0.77578388E-01
 18.809029     0.12210786    
 19.443619     0.65524071E-01
 18.452845     0.74480683E-01
 12.981299     0.15757413    
 5.4903765     0.14318676    
0.68089366     0.17246597    
-1.4784067     0.23688988    
-2.8854525     0.30625823    
-3.3506441     0.40633878    
-3.2580607     0.51680046    
-1.8736246     0.61852705    
0.53061306E-01 0.70312399    
 1.7407370     0.75965953    
 4.2007036     0.78609109    
 6.3448877     0.77268434    
 8.3251171     0.72629803    
 9.3096809     0.64486927    
 10.595943     0.54003382    
 11.905521     0.41792965    
 13.076350     0.30852920    
 13.625540     0.26441193    
 13.654080     0.25085777    
 14.050485     0.17106184    
 15.219151     0.52867208E-01
 14.985204     0.19783495    
 13.875977     0.38774395    
 12.643693     0.54382199    
 11.926182     0.65804529    
 11.442204     0.73476893    
 11.639629     0.77998352    
 12.606788     0.79775554    
 13.566600     0.78740227    
 14.940197     0.75252336    
 16.382568     0.69352406    
 17.845959     0.60482830    
 19.069576     0.48743886    
 19.600325     0.36332196    
 18.489134     0.28734210    
 15.223024     0.26964486    
 10.465324     0.23523580    
 5.1093287     0.15202034    
 1.1915627     0.12511134    
-.53270869E-01 0.26369724    
 4.5582209     0.40172023    
 3.2235935     0.25114006    
 2.1928244     0.21072832    
 1.4585462     0.22347857    
 1.8029794     0.19381040    
 5.2197390     0.13357264    
 11.354022     0.25947491E-01
 16.517462     0.35607554E-01
 16.644119     0.99154562E-01
 15.496227     0.22756238E-01
 14.040519     0.13784955    
 9.3765221     0.20460708    
 3.8280213     0.21405812    
0.11873578     0.24562515    
-1.8610150     0.29583719    
-2.8873782     0.36666399    
-3.3736272     0.46372974    
-3.1035690     0.56922251    
-1.2083238     0.66288465    
0.69396281     0.73776042    
 2.4762669     0.77971923    
 4.9100327     0.78858340    
 7.2441354     0.76009041    
 8.8896646     0.69623315    
 10.006721     0.60165697    
 11.241036     0.47985032    
 12.813011     0.33104599    
 13.869672     0.19826084    
 13.943645     0.18792075    
 13.476346     0.19322719    
 13.753367     0.10038581    
 15.326788     0.40648647E-01
 14.946035     0.21953978    
 13.542687     0.41469666    
 12.199244     0.56846690    
 11.487516     0.67553204    
 11.118221     0.74432695    
 11.362092     0.78101295    
 12.522839     0.78699946    
 13.470053     0.76517391    
 14.904180     0.71940863    
 16.282930     0.64607114    
 18.067299     0.53820288    
 19.556181     0.39507449    
 20.115562     0.24825495    
 18.570723     0.20149864    
 14.417219     0.23319587    
 9.3432436     0.21170953    
 4.6021428     0.14405738    
 1.4888145     0.16305630    
0.10225106     0.31231937    
 3.4541821     0.29113346    
 2.5512166     0.12332066    
 1.5360010     0.16363691    
 1.1095303     0.23292436    
 2.4535854     0.22980154    
 6.4224558     0.16744509    
 11.871616     0.91662437E-01
 14.681075     0.10287075    
 14.140650     0.11215998    
 12.862859     0.99252604E-01
 10.925821     0.20082517    
 6.9918213     0.24923413    
 2.7487755     0.26390034    
-.19213590     0.28612438    
-2.0827804     0.32690230    
-2.8956866     0.40261814    
-3.1347532     0.50443465    
-2.6229045     0.60701150    
-.50581717     0.69355381    
 1.3449223     0.75651795    
 3.2746928     0.78134680    
 5.6701074     0.77153951    
 7.7139626     0.72638035    
 9.0280142     0.64946473    
 10.456848     0.54738194    
 11.752780     0.41176575    
 13.402051     0.23348585    
 14.473851     0.73168300E-01
 13.856458     0.14348021    
 12.735067     0.14871845    
 12.732271     0.44488207E-01
 15.097096     0.64086199E-01
 14.402317     0.26852491    
 13.168485     0.45708269    
 11.838623     0.59805900    
 10.873699     0.69281006    
 10.653065     0.74596941    
 11.143831     0.76819706    
 12.253060     0.76080316    
 13.685956     0.72871298    
 14.648526     0.67440116    
 16.278418     0.59063768    
 18.169313     0.46734363    
 19.913742     0.29752147    
 20.925478     0.11623617    
 18.319908     0.13814729    
 13.301007     0.20883533    
 8.2674408     0.17423671    
 4.3158207     0.93147688E-01
 1.6418018     0.17432414    
0.23674034     0.35956973    
 2.9234657     0.19559209    
 2.0900779     0.28431447E-01
 1.1866993     0.17570271    
 1.3584417     0.26456517    
 3.4578342     0.26765078    
 7.2337441     0.21721222    
 11.080671     0.17103559    
 12.805920     0.17391126    
 12.277955     0.16730288    
 11.184999     0.19096641    
 9.4785299     0.24950941    
 6.4053988     0.27680960    
 2.9935277     0.28231147    
0.26909292     0.28916004    
-1.8177412     0.32945907    
-2.7052407     0.41899157    
-2.8382339     0.52983493    
-2.5232432     0.63381773    
-1.2043505     0.71292758    
0.77362365     0.75867194    
 3.8274934     0.76225042    
 6.3413806     0.73526520    
 7.7362819     0.67436039    
 9.2910442     0.59336615    
 10.622319     0.48991418    
 12.007663     0.35102740    
 13.630186     0.16222337    
 14.462783     0.40225293E-01
 13.256082     0.15591308    
 11.788288     0.12402720    
 12.067423     0.25551928E-01
 14.229781     0.13323125    
 13.551651     0.34114814    
 12.309760     0.50866365    
 10.980342     0.62782937    
 10.150597     0.70214343    
 10.024824     0.73856044    
 10.659781     0.74137813    
 11.776624     0.71990871    
 13.196426     0.67972583    
 14.646536     0.62148130    
 15.965287     0.53431469    
 18.053604     0.40397471    
 19.968071     0.21816438    
 20.999336     0.29195987E-01
 17.024157     0.14031719    
 11.785732     0.18979324    
 7.1099539     0.11447009    
 3.9792264     0.26083728E-01
 1.6437428     0.21299972    
0.33883572     0.41714549    
 2.7598619     0.17256346    
 1.6633136     0.11040660    
 1.1052437     0.23711801    
 1.8610069     0.30676419    
 4.2487121     0.30509603    
 7.3704286     0.26385957    
 10.048770     0.22856733    
 11.138069     0.21837480    
 10.995914     0.21858795    
 10.101776     0.24387577    
 8.5535831     0.27072290    
 5.8494658     0.27753597    
 2.8017304     0.26628920    
0.12651801     0.25614458    
-1.6140349     0.30888870    
-2.4467192     0.42519593    
-2.6902180     0.55081362    
-1.6648666     0.65633380    
-.65940583     0.71663332    
 1.7595404     0.74364316    
 4.3694625     0.72960383    
 6.1664543     0.67947352    
 7.4513016     0.61014467    
 9.0865355     0.53175426    
 10.466476     0.43903494    
 12.034656     0.31702709    
 13.330994     0.17678916    
 13.522099     0.15116440    
 12.505261     0.20541807    
 11.516664     0.16209824    
 12.360979     0.14229578    
 13.269695     0.26040739    
 12.656041     0.42620939    
 11.425591     0.56182313    
 9.9658289     0.65257549    
 9.2675238     0.70133048    
 9.2682314     0.71428442    
 10.038993     0.69795126    
 11.259837     0.66440088    
 12.563004     0.62093705    
 14.052351     0.56703544    
 15.568622     0.48623696    
 17.537451     0.36325854    
 19.182602     0.20149614    
 18.848219     0.11608266    
 14.884645     0.18573789    
 10.025497     0.16285229    
 5.7048731     0.46691518E-01
 3.2975371     0.92598327E-01
 1.5368385     0.29219037    
0.55119246     0.48560441    
 2.3556936     0.23405951    
 1.4031610     0.22924572    
 1.2647293     0.30652907    
 2.4669678     0.34699452    
 4.7040448     0.33468202    
 7.0925946     0.29111648    
 8.9792490     0.24996345    
 9.8597088     0.23274180    
 10.115351     0.24272321    
 9.6043940     0.25797883    
 8.1526518     0.25789157    
 5.7519245     0.24921137    
 2.7783682     0.21642299    
-.13645843     0.18909805    
-1.7312427     0.28209004    
-2.1975605     0.43324390    
-2.1821911     0.56669605    
-1.0423977     0.66343355    
0.52650970     0.71507323    
 2.8956127     0.71265179    
 5.1477838     0.67456508    
 6.4936485     0.60933155    
 7.5578918     0.53510380    
 9.0370274     0.47051665    
 10.330754     0.40340877    
 11.603842     0.32035801    
 12.626248     0.25088164    
 12.531382     0.25791052    
 11.906898     0.27628887    
 11.572967     0.25422701    
 12.091421     0.27834228    
 12.513389     0.38292155    
 11.795462     0.50977153    
 10.354385     0.60951066    
 9.1913614     0.66844261    
 8.3959188     0.68764311    
 8.5104523     0.67379665    
 9.2970295     0.63788915    
 10.498888     0.59518629    
 11.789205     0.55688143    
 13.332082     0.51710689    
 15.179076     0.45374426    
 16.681744     0.35591158    
 17.530499     0.25067857    
 16.280493     0.22089683    
 12.689161     0.22852035    
 8.3233223     0.13905717    
 4.6032691     0.41391037E-01
 2.8539557     0.19991568    
 1.5002103     0.38603479    
0.72962612     0.55943370    
 2.0370893     0.31814900    
 1.3711561     0.32194507    
 1.6396599     0.36235213    
 3.0136662     0.37553853    
 4.7494087     0.34726033    
 6.7101517     0.29089251    
 8.1309719     0.23030326    
 9.0670576     0.21533281    
 9.6414881     0.23937276    
 9.5315256     0.23773363    
 8.4371204     0.21178141    
 6.2193041     0.20042083    
 2.7270279     0.13831821    
-.47249401     0.10614846    
-1.4454008     0.27739295    
-1.6422873     0.45243865    
-1.2080446     0.58273828    
-.59598967E-01 0.66355741    
 1.6812139     0.69353384    
 3.8554795     0.66662031    
 5.6166277     0.60246295    
 6.3487649     0.51917368    
 7.5061927     0.45264658    
 8.8565121     0.41596475    
 10.057585     0.38823012    
 11.122747     0.35429484    
 11.917081     0.33737105    
 11.725007     0.35341114    
 11.475524     0.36302969    
 11.464167     0.36432895    
 11.700575     0.40611932    
 11.751065     0.49223667    
 10.773209     0.58343071    
 9.4955406     0.64740068    
 8.4103603     0.67256129    
 7.3625469     0.65974581    
 7.5682435     0.61639345    
 8.4777575     0.55906183    
 9.6348667     0.51389182    
 10.898541     0.49308035    
 12.505771     0.47737688    
 14.254454     0.44064084    
 15.404744     0.37862450    
 15.555969     0.32265708    
 13.919306     0.30382624    
 10.747250     0.27072400    
 7.1036668     0.17757677    
 4.3317528     0.17389055    
 2.7040637     0.31865877    
 1.5669971     0.48236206    
0.97563779     0.63378805    
 1.8625268     0.39003944    
 1.5038135     0.38497791    
 1.7155880     0.39676937    
 3.1777611     0.38694170    
 4.8562670     0.34217861    
 6.2807088     0.25812849    
 7.3885384     0.16696101    
 8.6225357     0.17693068    
 9.7276373     0.21950831    
 10.059513     0.18537122    
 9.3322239     0.13752033    
 7.1563940     0.15092470    
 2.9945135     0.63485160E-01
-.28617531E-01 0.91942258E-01
-.72784674     0.30912498    
-.95443171     0.48141253    
-.24158138     0.59828353    
 1.1510650     0.65939718    
 2.8608308     0.66250283    
 4.6462970     0.60689634    
 5.7700024     0.51423973    
 6.3332672     0.41593868    
 7.3033834     0.36733988    
 8.5768700     0.37472302    
 9.6329021     0.39439249    
 10.506087     0.40618250    
 11.235561     0.42223006    
 11.132259     0.44405466    
 11.131861     0.45775452    
 11.057934     0.47465470    
 11.094679     0.51945066    
 10.900722     0.58497757    
 9.6437960     0.64367253    
 8.3230886     0.67292118    
 7.2853994     0.66370159    
 6.9484463     0.61669075    
 7.1439567     0.54112870    
 7.4384470     0.46346545    
 8.5644741     0.42582035    
 10.081725     0.43535978    
 11.658066     0.45174003    
 13.192385     0.44575474    
 14.094132     0.41894934    
 13.728294     0.39360395    
 11.899031     0.37353519    
 9.1830540     0.32831821    
 6.3121300     0.27465218    
 4.1507854     0.31353861    
 2.7181544     0.43599123    
 1.7223279     0.57557237    
 1.2960187     0.70517546    
 1.2948954     0.43787336    
 1.1785367     0.41807774    
 2.1551454     0.40664473    
 3.4906445     0.38013577    
 4.8974943     0.31849805    
 5.9316492     0.19898376    
 6.8840957     0.67861401E-01
 8.7658777     0.15092899    
 10.398396     0.19567737    
 11.148202     0.10630102    
 10.740102     0.65589011E-01
 8.6206856     0.12147704    
 4.4873495     0.85706502E-01
 1.5307935     0.18196262    
0.31555438     0.36534005    
-.23086101E-01 0.51383156    
0.98785245     0.61377662    
 2.4655046     0.65054005    
 4.0979829     0.62380761    
 5.0563283     0.53641403    
 5.6036696     0.41006374    
 6.0691051     0.29861522    
 7.0304503     0.28852332    
 8.2510881     0.35480198    
 9.1620426     0.42082173    
 10.282484     0.46758243    
 10.730629     0.50404251    
 10.624560     0.53208518    
 10.714617     0.55293250    
 10.656456     0.57861131    
 9.9138098     0.61602437    
 9.5471401     0.66045082    
 8.3891001     0.68967986    
 7.3119249     0.68584341    
 6.3058491     0.64252269    
 5.8710322     0.55983418    
 6.0386167     0.44858286    
 6.6780787     0.35156047    
 7.4904571     0.33752590    
 8.9146652     0.39054433    
 10.530293     0.44141307    
 11.950993     0.46447375    
 12.570596     0.46610135    
 12.135545     0.45883027    
 10.221333     0.44018859    
 7.9805889     0.40436533    
 5.7439756     0.38780195    
 4.0098457     0.44084728    
 2.7818325     0.54484308    
 2.0099454     0.66099548    
 1.6949880     0.77125883    
 1.5313786     0.45764977    
 1.5860490     0.41988188    
 2.6316862     0.39267358    
 3.8533919     0.35887581    
 5.0855961     0.28855941    
 5.9179130     0.14777990    
 7.1289463     0.39769821E-01
 9.6079979     0.16636874    
 11.577670     0.17734943    
 12.591865     0.67266867E-01
 12.409992     0.76985665E-01
 10.496687     0.96198440E-01
 6.1469827     0.13541381    
 2.8229833     0.26664197    
 1.3219841     0.42438915    
 1.2079277     0.55073595    
 2.3410666     0.62377369    
 3.6505857     0.63670552    
 4.7268109     0.58040208    
 5.0554857     0.45978880    
 5.3318644     0.29557604    
 5.7825384     0.17111446    
 6.7325368     0.23521440    
 7.8641143     0.36423609    
 8.7310810     0.46551269    
 9.7915783     0.53487390    
 10.225213     0.58334625    
 10.108847     0.61673874    
 10.257541     0.64267141    
 10.115831     0.66930974    
 9.1810741     0.69910175    
 8.6713266     0.72025156    
 7.4310389     0.72192913    
 5.7568316     0.68730766    
 4.8378496     0.61125171    
 4.4909167     0.49228945    
 4.6417241     0.34072727    
 5.1644120     0.22602500    
 6.3198390     0.26265061    
 7.8805733     0.36515844    
 9.4596252     0.44473279    
 10.630519     0.49192971    
 11.163224     0.51474977    
 10.702583     0.52013701    
 9.0822535     0.50869614    
 7.0709181     0.49043438    
 5.3244491     0.49809769    
 3.9291031     0.55401129    
 2.9137247     0.64213490    
 2.3280754     0.73846823    
 2.2487633     0.82869416    
 1.9295062     0.44814965    
 2.0834038     0.39196029    
 3.1557584     0.35851735    
 4.3309526     0.33138701    
 5.2883835     0.27050343    
 6.5109029     0.16364042    
 8.3745041     0.14062311    
 10.929948     0.19653286    
 13.025230     0.16819341    
 13.982100     0.10678922    
 13.941681     0.89794070E-01
 12.096225     0.46778440E-01
 6.9121842     0.18593815    
 3.6842971     0.33937344    
 2.4861948     0.48132557    
 2.6206653     0.58666682    
 3.5925801     0.63612229    
 4.7017393     0.61963910    
 4.7931728     0.53646046    
 4.9016705     0.38757822    
 5.1422319     0.18076022    
 5.4996281     0.59075609E-01
 6.4738131     0.23746498    
 7.5008311     0.40564620    
 8.2674866     0.52481145    
 9.3553982     0.60507816    
 9.7855835     0.65930927    
 9.6281042     0.69566882    
 9.7973089     0.72328705    
 9.5461817     0.74662185    
 8.4126081     0.76471233    
 7.6603761     0.76587600    
 6.3743873     0.74267358    
 5.0433593     0.68069637    
 3.9703078     0.57435030    
 3.5947142     0.42081156    
 3.5598235     0.22464669    
 3.9391270     0.99203050E-01
 5.2795467     0.22302154    
 6.9556923     0.35954905    
 8.4436750     0.45815310    
 9.4821968     0.52440876    
 9.8174629     0.56361073    
 9.2530136     0.57982683    
 8.5632124     0.57912892    
 6.7341156     0.57752633    
 5.0345798     0.59918576    
 3.9243445     0.65299749    
 3.1206570     0.72700876    
 2.7284932     0.80624717    
 2.8282652     0.87998641    
 2.4750335     0.40882656    
 2.6427591     0.33612674    
 3.7283921     0.31154251    
 4.9307842     0.30887341    
 5.9695477     0.27724651    
 7.5627317     0.22459707    
 9.7831125     0.21841429    
 12.358073     0.20968407    
 14.414454     0.14989592    
 14.787745     0.12112391    
 14.050832     0.79304203E-01
 11.325984     0.79624340E-01
 6.7554970     0.25271612    
 4.4372983     0.40685952    
 3.7747884     0.53481418    
 4.6926694     0.62122649    
 4.9655495     0.64676434    
 4.9938307     0.60825455    
 4.8064919     0.50319189    
 5.0139065     0.33750886    
 5.0161314     0.12513356    
 5.3960257     0.93284294E-01
 6.2946372     0.30293360    
 7.0195084     0.47212583    
 7.8544135     0.59324980    
 9.0033770     0.67516559    
 9.4296236     0.73041451    
 9.1938372     0.76706755    
 8.8819351     0.79265463    
 8.9788342     0.81066686    
 7.6795082     0.81626737    
 6.8700962     0.80134320    
 5.5600653     0.75386876    
 4.2417455     0.66852450    
 3.3264155     0.53801602    
 2.5047014     0.35799095    
 2.4967556     0.13158143    
 2.8452623     0.47283929E-01
 4.4041071     0.22537741    
 6.1188812     0.36614221    
 7.5346150     0.47843638    
 8.4666443     0.56063306    
 8.2700768     0.61243027    
 8.4807692     0.63917375    
 7.4901929     0.64934790    
 6.4834619     0.66058224    
 5.3550181     0.68862015    
 4.4984102     0.73777914    
 3.9568255     0.79912579    
 3.8151326     0.86327547    
 3.5045190     0.92300671    
 3.1693048     0.34011501    
 3.3345475     0.25511909    
 4.3966713     0.26341462    
 5.5306964     0.30181623    
 6.9361382     0.30472150    
 8.7399178     0.28507045    
 11.050802     0.26209283    
 13.612677     0.19417992    
 15.432525     0.93644664E-01
 14.116043     0.11063391    
 11.868229     0.10841536    
 9.0738659     0.17304549    
 6.4688034     0.32448918    
 5.2262506     0.46993062    
 4.9535728     0.58523059    
 5.4649024     0.65348232    
 5.2664905     0.65964109    
 4.9677343     0.60487050    
 4.6573935     0.49004146    
 5.0232935     0.33208692    
 5.1357217     0.19061275    
 5.5167422     0.23497479    
 6.1764731     0.40165442    
 6.7792287     0.55223596    
 7.5069780     0.66531014    
 8.7388296     0.74265784    
 8.6449366     0.79490060    
 8.8058033     0.82990456    
 8.3841877     0.85153186    
 7.8991189     0.86143458    
 7.0037165     0.85559064    
 5.8962731     0.82453996    
 4.8566046     0.75887644    
 3.5643697     0.65539819    
 2.6396425     0.50829846    
 1.7569946     0.32035160    
 1.6084516     0.13151151    
 2.1424000     0.11500277    
 3.6248264     0.23639964    
 5.3936982     0.37749460    
 6.7834253     0.50468725    
 7.6615553     0.60013598    
 7.9759936     0.66249746    
 7.0146780     0.69709957    
 6.3148642     0.71726358    
 6.2848797     0.73618251    
 5.5861878     0.76685929    
 4.8679538     0.80939198    
 4.3931408     0.85968131    
 4.4416795     0.91075569    
 4.8990569     0.95666862    
 3.9271326     0.24426967    
 4.1801486     0.15719733    
 5.2432375     0.23372039    
 6.5610180     0.31539038    
 8.0865879     0.34387809    
 9.8997774     0.33327723    
 12.068255     0.28255224    
 14.344693     0.15849009    
 15.313849     0.24695234E-01
 11.706975     0.10269577    
 8.9912949     0.13016574    
 7.5215483     0.23961124    
 6.5946507     0.39271131    
 6.0287981     0.53076071    
 6.2551656     0.63361102    
 5.7566080     0.68589610    
 5.2031569     0.67728728    
 4.5006690     0.61127269    
 4.6632018     0.50237477    
 5.1223903     0.37547991    
 5.2689595     0.30707353    
 5.5811200     0.37267369    
 6.0396094     0.50754148    
 6.8012543     0.63527024    
 8.0187626     0.73480082    
 8.4820614     0.80661839    
 8.5040913     0.85369444    
 8.4625978     0.88367832    
 7.9234972     0.89984703    
 7.3627491     0.90181369    
 5.5981250     0.88402295    
 5.2531738     0.84121454    
 3.8694351     0.76029480    
 2.7008805     0.64452410    
 2.0654111     0.49000993    
 1.3750724     0.31134614    
0.97322589     0.16376808    
 1.5272913     0.13090798    
 2.9641593     0.23353080    
 4.6562810     0.39563963    
 5.9624066     0.53842187    
 6.7271857     0.64343399    
 6.9806013     0.71268427    
 6.4350138     0.75308114    
 5.9276381     0.77976781    
 5.3118968     0.80418044    
 5.7578478     0.83290452    
 5.3851662     0.86924815    
 4.9094315     0.90868813    
 5.0810542     0.94854993    
 5.5830956     0.98372662    
 4.7167802     0.13188732    
 5.0918393     0.78776717E-01
 6.1962199     0.24630375    
 7.6179814     0.35168040    
 9.1790171     0.38897625    
 10.866803     0.37228847    
 12.586987     0.29712570    
 13.916706     0.15629508    
 12.694121     0.79065442E-01
 8.2943916     0.71995981E-01
 6.7605052     0.13313587    
 6.9673223     0.29915693    
 6.7778983     0.45870376    
 6.4177914     0.59038854    
 6.3948965     0.68099266    
 5.6828461     0.72020853    
 5.0565844     0.70135987    
 4.4615479     0.63361293    
 4.7547216     0.53963423    
 5.2719326     0.45092016    
 5.4151134     0.42934233    
 5.6299915     0.49827492    
 5.9823360     0.60951906    
 6.7118735     0.71613592    
 8.0073051     0.80144644    
 8.3481379     0.86346525    
 8.2838974     0.90399325    
 8.2330952     0.93055224    
 7.5170574     0.93844992    
 6.8985286     0.93266416    
 5.0616474     0.90499026    
 4.0262780     0.85129923    
 3.0696788     0.76362497    
 2.3247247     0.63810766    
 1.3874612     0.48255005    
0.87566292     0.31267434    
0.44845444     0.15620202    
0.94581413     0.80609262E-01
 2.4764874     0.23758385    
 4.1457825     0.42925891    
 5.4454842     0.58107871    
 6.2310252     0.68995035    
 6.5465670     0.76224875    
 6.4991198     0.80800241    
 5.7258663     0.83575457    
 5.3045683     0.86154938    
 4.9009743     0.88894016    
 4.6002755     0.91863304    
 5.7502689     0.94801480    
 5.6455612     0.97824770    
 6.1427989      1.0042545    
 5.4876094     0.86864740E-01
 6.0485454     0.12823860    
 7.1783614     0.30366486    
 8.5228539     0.40489364    
 9.9581146     0.43715021    
 11.329802     0.40941748    
 12.387893     0.32396582    
 12.399691     0.20827039    
 9.8443413     0.13112137    
 5.6265011     0.26984997E-01
 6.0653553     0.17810351    
 6.9300056     0.37092605    
 6.8348413     0.52836561    
 6.8460326     0.65028334    
 6.1881690     0.72882670    
 5.4425349     0.75510085    
 4.5071163     0.72858578    
 4.5896382     0.66939193    
 4.9170322     0.59504294    
 5.4300814     0.53943098    
 5.5480127     0.54400903    
 5.6928539     0.60992205    
 5.9578090     0.70239353    
 6.2609816     0.79147828    
 8.0964613     0.86080503    
 7.9838305     0.91492891    
 8.1239462     0.94638193    
 7.9934301     0.96709007    
 7.6437349     0.97131205    
 6.5228491     0.95561904    
 4.6514606     0.91994959    
 3.6863649     0.85896283    
 2.8155949     0.76506197    
 2.0800295     0.63638669    
 1.0955032     0.48233095    
0.40676653     0.31140324    
0.10305737     0.11991255    
0.63855368     0.54372914E-01
 2.2460649     0.28475398    
 3.7766063     0.48227492    
 5.0211263     0.63210642    
 5.8276429     0.73873955    
 6.2209420     0.81022006    
 6.2979760     0.85654914    
 6.1738644     0.88823378    
 5.3465042     0.90926778    
 5.0672216     0.93269449    
 4.8766899     0.95629823    
 4.8815699     0.98091829    
 5.8273611     0.99989057    
 6.6191282      1.0193740    
 6.1963873     0.17972566    
 6.8060350     0.25301382    
 7.8698421     0.38564870    
 9.0577450     0.46765324    
 10.268029     0.48811284    
 11.239576     0.45124775    
 11.635191     0.36814082    
 10.782928     0.27193350    
 8.1675615     0.17842802    
 5.7715383     0.13054046    
 6.3533163     0.28143984    
 6.7325048     0.45590580    
 6.5691309     0.60143441    
 6.5174122     0.71011817    
 5.9359570     0.77572942    
 4.5864463     0.78970057    
 4.5813990     0.76527667    
 4.7475023     0.71520746    
 5.4814720     0.65929759    
 5.5658245     0.62896550    
 5.6775036     0.64691842    
 5.7806077     0.70713556    
 5.9708581     0.78405559    
 7.8020515     0.85413647    
 8.1943417     0.91288781    
 8.5574627     0.95587534    
 8.1931200     0.98731923    
 8.3912477      1.0019494    
 7.4156022     0.99428314    
 6.2503333     0.97220469    
 4.3884764     0.93074435    
 3.5143352     0.86496973    
 2.6856015     0.76777738    
 1.5724021     0.63938171    
0.65640062     0.48829022    
0.14964861     0.31909990    
0.21548392     0.15306985    
0.87814623     0.17756170    
 2.2294924     0.37090635    
 3.5568769     0.54965115    
 4.6761036     0.68848771    
 5.4854364     0.78818232    
 5.9447646     0.85574222    
 6.1246223     0.90019166    
 6.1178050     0.93054169    
 6.0051513     0.95371866    
 5.1790266     0.96742654    
 5.0864763     0.98581278    
 5.1845994      1.0044798    
 5.3131518      1.0222529    
 6.1491680      1.0354116    
