KT3D ESTIMATES WITH:  pygeostat_saved_data                                      
 2   51   59    1  5.5000000      5.5000000      .50000000      5.00000      5.00000      1.00000       1
Estimate
EstimationVariance
-999.00000     -999.00000    
 .00000000      .10277490    
 .14169240      .19529830    
 .32386810      .30988060    
 .50619830      .29515780    
 .67151920      .18537470    
 1.4765400      .17607610    
 4.1822430      .17477860    
 9.6055070      .15631740    
 17.216610      .15913720    
 16.173140      .17359890    
 14.714880      .77518740E-01
 13.654430      .17214680    
 12.502760      .11940870    
 12.422320      .19511340    
 11.172500      .30826510    
 10.675360      .29479050    
 10.515110      .18993410    
 10.108930      .20737750    
 10.323950      .28782750    
 10.545630      .24862290    
 11.149150      .16595420    
 12.015480      .25854400    
 13.110620      .31740160    
 14.224310      .25062550    
 15.074280      .11052340    
 13.218870      .21452740    
 10.884120      .26546180    
 8.5547320      .16495910    
 7.5318490      .12024840    
 8.7406330      .26990400    
 9.9959770      .28888240    
 11.230160      .16857230    
 11.815810      .12230760    
 11.265830      .29076110    
 10.693130      .34923000    
 10.130880      .28824550    
 9.4238180      .17748820    
 9.4636650      .23855160    
 9.5216920      .32705120    
 9.5813600      .30196000    
 9.6357780      .18715140    
 15.455140      .12799300    
 18.744630      .95199310E-01
 16.582500      .11942760    
 16.643460      .13751930    
 14.181000      .19488160    
 10.928940      .27343340    
 7.6023250      .21295300    
 4.7125910      .11389980    
-999.00000     -999.00000    
 .00000000      .26558610    
 .51116310E-02  .70528670E-01
-.28083740      .21417320    
-.17247560      .28790940    
 .17852400      .23313570    
 .72223810      .38349970E-01
 1.6723500      .12992100    
 3.4400990      .24691410E-01
 12.620600      .35380030E-01
 16.033230      .65550180E-01
 14.371270      .13964760    
 11.617690      .76968520E-01
 9.9541250      .14879400    
 10.942480      .42116370E-01
 11.126480      .17293230    
 12.283590      .20455160    
 11.371460      .19208030    
 10.100650      .37824110E-01
 10.087640      .19250600    
 10.303970      .26234720    
 10.570840      .16858780    
 10.766510      .73963420E-01
 11.817720      .25610110    
 12.718000      .29572040    
 13.827380      .19273490    
 14.200750      .63504980E-01
 10.647250      .21502520    
 8.3146020      .23181160    
 7.1033470      .11162310    
 7.9436520      .15130670    
 9.2035720      .25351090    
 10.321680      .24493440    
 11.304820      .11356650    
 10.671080      .15841050    
 9.1347640      .26754130    
 8.6502420      .28990730    
 8.8711220      .20373190    
 9.4936800      .25902100E-01
 9.3671240      .23366750    
 9.4109110      .30850060    
 9.5330250      .24110640    
 9.7583350      .39114530E-01
 16.927280      .85165710E-01
 18.628990      .73011380E-01
 16.685890      .10818980    
 16.537890      .24269580E-01
 13.288870      .18587010    
 9.8344710      .24815980    
 6.4885230      .15011060    
 4.4385160      .10435650    
 4.3347080      .29965600    
 .00000000      .24248870    
 .48808690E-01  .16375360    
 .21818810      .24089440    
 .50516990      .27930140    
 .80166130      .20422480    
 1.1560950      .10979360    
 2.1091020      .13410990    
 4.2106300      .89731740E-01
 9.5584230      .90821960E-01
 10.003960      .68677460E-01
 7.5809270      .11419340    
 5.5889040      .94216700E-01
 6.1017490      .14458630    
 6.7269230      .98250340E-01
 9.8085640      .13856720    
 12.944690      .12657010    
 10.888520      .16303520    
 8.5745200      .11164630    
 7.7448880      .19771960    
 8.1237820      .23078570    
 9.0557120      .15116580    
 9.5536670      .15220610    
 10.050280      .23727850    
 10.797770      .25487960    
 11.663860      .18788200    
 10.857620      .16653960    
 8.1681250      .22413280    
 6.7618830      .22330260    
 6.6553180      .16700780    
 8.3613090      .19462550    
 9.3587400      .24277090    
 10.118140      .23645600    
 10.323370      .17526020    
 9.2795990      .20387970    
 8.4249930      .24736830    
 8.2007480      .25813530    
 8.3968160      .17687540    
 8.4816990      .12425500    
 8.1078510      .21435750    
 8.5571220      .25991970    
 9.1778190      .20691550    
 11.327450      .10946430    
 18.058350      .10725240    
 19.294620      .82548850E-01
 16.619790      .13126050    
 14.906250      .72564270E-01
 11.962300      .21215700    
 8.7819850      .25212490    
 5.8431800      .17461550    
 4.2729870      .18054500    
 4.2423830      .29854340    
 .00000000      .23650770    
 .88954720E-01  .17791360    
 .32605220      .24558590    
 .69650860      .27465330    
 1.0979390      .20436480    
 1.6224080      .14463730    
 2.4278030      .14522560    
 3.0398790      .35542880E-01
 4.2180710      .13060100    
 5.5982960      .61211970E-01
 2.4642830      .11287930    
 2.2121220      .73134820E-01
 2.2840450      .14333880    
 2.3351090      .24964880E-01
 10.715110      .93806240E-01
 14.926510      .10296080    
 12.132540      .16798160    
 7.3711550      .15516440    
 6.6675920      .18702130    
 6.9058370      .23086260    
 7.6783820      .19806000    
 9.2832800      .18647090    
 8.5424310      .21624480    
 9.0634210      .24847830    
 9.0638360      .22146120    
 7.5737310      .19657100    
 5.6948200      .20825720    
 5.5997310      .22788580    
 6.5935730      .20099910    
 8.6744780      .17703650    
 9.3052570      .22639360    
 9.5485280      .25224500    
 9.0732380      .22479420    
 7.8042470      .19378480    
 7.1940950      .20641570    
 7.3144170      .24393260    
 7.5191480      .19941320    
 7.4881890      .15323720    
 7.5750540      .19120450    
 8.6315680      .24733950    
 9.9122280      .20186190    
 16.042500      .20337310    
 18.663600      .95662600E-01
 18.713850      .14037720    
 15.650030      .13365780    
 13.475760      .84760090E-01
 10.398830      .18306580    
 7.8083210      .23432620    
 5.6084280      .20828560    
 4.1452910      .18938370    
 4.1499380      .27725990    
 .00000000      .19501030    
 .13439180      .13025510    
 .48039380      .24967820    
 .93111310      .27516070    
 1.4406110      .18710590    
 2.1923000      .99936320E-01
 2.5878130      .15514100    
 2.9442090      .11906110    
 3.6160180      .14260700    
 3.9157230      .80062470E-01
 2.6545610      .12098790    
 4.1206530      .77229650E-01
 5.5538680      .12555960    
 10.881980      .75494610E-01
 17.117280      .87079380E-01
 17.364890      .10055920    
 11.238410      .17809220    
 5.0190670      .10612270    
 6.7488170      .16536600    
 5.7614970      .24938150    
 12.531460      .19176400    
 7.8632660      .14657340    
 6.8614690      .18238670    
 7.0817510      .25505990    
 6.3208150      .23362510    
 4.3820110      .15182350    
 3.6885150      .17686180    
 4.9984980      .23426360    
 6.8356050      .18344010    
 8.8448760      .98871660E-01
 9.0058590      .22822970    
 8.7568380      .27684860    
 7.8269060      .23262890    
 6.2998290      .11421330    
 6.1582780      .17682700    
 6.5469170      .25252710    
 6.6857500      .21212710    
 6.5108490      .86055520E-01
 7.4141000      .17709860    
 8.9943970      .24927080    
 12.089730      .22267600    
 14.924810      .10948460    
 17.677250      .14868070    
 16.501790      .20459150    
 14.159570      .16075820    
 12.199750      .75032310E-01
 9.7761070      .17514480    
 7.4046760      .25101280    
 5.4226320      .21241080    
 4.0544730      .12012690    
 4.0760640      .26498160    
 .34892180      .13437270    
 .86173660      .12570760    
 1.9513740      .25435890    
 2.4568760      .26746280    
 2.5198610      .15144060    
 2.8201400      .97177380E-01
 3.6730240      .18738490    
 3.3635770      .26735050    
 3.1289210      .13807780    
 3.7011800      .96967040E-01
 4.7900740      .14517000    
 6.3069010      .58593840E-01
 10.429570      .14265170    
 17.300160      .42377540E-01
 20.065670      .86227430E-01
 17.088400      .12687930    
 11.049420      .16163100    
 4.3699980      .40324400E-01
 9.7423450      .17162480    
 14.399730      .17747140    
 12.526120      .15110080    
 5.6944900      .36740630E-01
 5.3468740      .19194940    
 5.1559250      .27346330    
 3.8442590      .22200250    
 1.4060250      .37886040E-01
 3.1347980      .19003030    
 5.3832990      .25320840    
 7.4481190      .15120290    
 8.6367240      .10154960    
 7.9895960      .24842290    
 7.1864630      .29138470    
 6.2640980      .21777290    
 5.3483900      .44289800E-01
 5.7653910      .20146090    
 5.9083370      .27251210    
 5.8329630      .21032930    
 5.5845880      .70360090E-01
 6.4706980      .19990660    
 8.2969350      .24698200    
 10.810980      .15462890    
 13.507680      .80180560E-01
 14.864100      .20404550    
 11.113350      .28293860    
 12.612730      .19947810    
 11.161500      .71190580E-01
 9.2419430      .20807600    
 7.4553310      .26655950    
 5.7563290      .19044990    
 4.4294560      .37691050E-01
 6.4261570      .26605820    
 1.3158300      .15226100    
 2.2652500      .17071710    
 3.1282550      .24127730    
 3.4554450      .24860860    
 3.6077170      .16821190    
 4.0575290      .17260860    
 4.1999710      .25205880    
 3.8845290      .25617580    
 3.3301020      .17095060    
 5.3688670      .17912380    
 4.3276180      .14649160    
 4.5780570      .10924340    
 9.2344540      .12603820    
 15.383130      .97588870E-01
 19.360910      .89300470E-01
 15.768070      .11996580    
 12.038160      .12947120    
 10.195420      .90451480E-01
 13.656530      .17644830    
 17.258380      .89724920E-01
 13.006590      .12645010    
 7.0392540      .12877120    
 4.2205620      .25612130    
 4.2892540      .27451750    
 2.6355620      .20501680    
 1.1502280      .10952620    
 3.0209180      .19748950    
 5.3491680      .23339920    
 7.6013520      .16819960    
 8.6485330      .17308130    
 8.0369800      .24237730    
 7.2469820      .26993310    
 6.4262740      .20361570    
 5.8885710      .14568640    
 6.1157860      .22416430    
 5.8886960      .26889760    
 5.4167800      .21348890    
 4.5712430      .16133880    
 5.6888100      .20803630    
 7.8343180      .23093520    
 10.289020      .15871900    
 12.084620      .15989260    
 10.697480      .23329490    
 10.410980      .26212100    
 10.373790      .20889410    
 10.351430      .16761050    
 8.6145830      .22590310    
 7.3282330      .25241550    
 6.3091080      .17682060    
 6.6519520      .13890380    
 7.9785670      .28157400    
 2.7398340      .19711180    
 3.8482580      .15720760    
 4.3607730      .22471280    
 4.5559540      .24973730    
 4.9103220      .20137410    
 5.2085490      .19070450    
 5.0203420      .24789030    
 4.3295360      .26433880    
 5.3918730      .21539600    
 3.9008320      .16270560    
 3.3985990      .13760130    
 2.0101300      .35823010E-01
 7.1723950      .12944630    
 13.251170      .24095610E-01
 18.243500      .31563890E-01
 15.727570      .10278080    
 14.718540      .99252200E-01
 15.785040      .10990870    
 18.514530      .13249570    
 15.338810      .60269330E-01
 9.1073590      .13484730    
 8.1394290      .14812220    
 6.4835810      .23613700    
 4.6640350      .27613850    
 2.8779280      .21012340    
 1.5657480      .14116930    
 3.4867600      .19680660    
 5.7388290      .24280740    
 7.7137320      .20690000    
 8.7106700      .17447020    
 8.1254300      .21851400    
 7.3969550      .25928810    
 6.7956950      .20873460    
 6.4361010      .16112580    
 6.3307500      .22673790    
 5.6547430      .27473160    
 4.7200930      .23234840    
 3.4757440      .16755080    
 4.8173650      .18638970    
 7.2314730      .23337590    
 9.2851230      .20342980    
 10.611380      .17631360    
 9.7748690      .20356440    
 9.6814960      .25332940    
 9.6194080      .22449520    
 9.5336920      .18388180    
 8.2111580      .21505710    
 7.6686910      .24651430    
 7.7457250      .19070970    
 8.9196240      .14954770    
 9.4527220      .28962930    
 4.1599990      .18717440    
 5.5874760      .81633340E-01
 5.4329250      .22786370    
 5.6350160      .25753960    
 7.2944210      .17772080    
 6.4669850      .14252940    
 5.9200360      .22900020    
 4.6355710      .28238750    
 6.6972840      .25366490    
 3.3269130      .87552740E-01
 2.4274570      .12916810    
 2.3867270      .11943180    
 7.5540870      .14315970    
 11.136350      .82995820E-01
 15.030450      .93453170E-01
 18.614030      .77473970E-01
 17.109310      .11309840    
 17.063300      .80480360E-01
 16.079380      .87293890E-01
 5.8557790      .60122050E-01
 7.6512560      .12199600    
 8.8831030      .11614180    
 7.0029130      .25305970    
 4.9179160      .28530110    
 3.1232410      .20370550    
 1.9387250      .68494060E-01
 3.9691910      .20372730    
 6.0651340      .26163770    
 7.8209410      .20752340    
 8.8322450      .95509280E-01
 8.2274140      .20456140    
 7.6099320      .25857690    
 7.2357970      .18740630    
 6.9541830      .97182710E-01
 6.2819810      .23355310    
 5.2215720      .28815050    
 3.9161710      .23078780    
 2.3286420      .88113700E-01
 4.1804620      .17577910    
 6.6386260      .25366350    
 8.3223310      .22006190    
 8.9924250      .11097690    
 8.9632690      .17786290    
 9.0214470      .25747560    
 8.8986850      .21712950    
 8.7281960      .11844470    
 8.1794810      .20006630    
 8.4392160      .24860070    
 9.4943750      .17353920    
 11.056490      .83079220E-01
 10.490430      .32209630    
 6.4305340      .17877160    
 7.3494710      .11590880    
 8.9618960      .20350260    
 9.6307680      .18284610    
 8.6172060      .11309350    
 7.3629320      .11563440    
 6.4964730      .22698230    
 5.3753340      .22375270    
 9.2681010      .16661440    
 4.7704690      .68552810E-01
 4.1182270      .18110710    
 4.5057670      .21183420    
 6.6342330      .16140030    
 7.5497490      .24822350E-01
 13.819850      .12958740    
 16.870750      .56027890E-01
 14.483470      .12789840    
 18.416230      .48165180E-01
 11.505480      .10254950    
 1.7215550      .76096290E-01
 7.4372580      .89589870E-01
 10.045570      .15474960    
 7.6643960      .29459920    
 5.5920960      .28078060    
 3.9379110      .18221400    
 3.3170210      .89646560E-01
 5.3598770      .23413640    
 7.0852680      .27728180    
 8.4133990      .18731450    
 9.3779400      .63101280E-01
 9.9894400      .21741320    
 9.4185090      .25066830    
 8.1564530      .14821630    
 6.3738470      .10154390    
 4.4230210      .25236030    
 3.0546310      .29514800    
 2.0871170      .21561840    
 1.4705410      .70637160E-01
 2.4426870      .20822090    
 4.1645210      .27446080    
 6.2688200      .21436810    
 8.4186640      .44584670E-01
 8.7663920      .19999950    
 8.6830580      .26459040    
 8.3322910      .19047980    
 7.9862300      .37506640E-01
 8.5886890      .21484870    
 9.6629170      .25002010    
 11.048800      .14681850    
 12.184260      .12290360    
 12.434960      .29378800    
 7.3267070      .23091790    
 9.2178600      .17085720    
 11.296860      .16671770    
 11.834970      .11681980    
 12.359370      .10423280    
 16.127340      .86752470E-01
 11.474340      .16625430    
 7.4846910      .11315880    
 11.090450      .10601930    
 8.3137210      .17684780    
 7.2153340      .28039070    
 5.0187770      .25806400    
 6.6562520      .16995050    
 9.4625550      .12035640    
 11.555660      .14056760    
 6.9271180      .76321800E-01
 11.815870      .12372840    
 19.318530      .57365720E-01
 9.2801570      .12816320    
 1.3287750      .93007950E-01
 6.5679760      .12085560    
 7.6469000      .24009560    
 6.9321070      .24784150    
 5.7037290      .26295100    
 4.8431710      .19080910    
 5.3791110      .17314450    
 7.0478890      .24787680    
 8.4657930      .26912290    
 9.6728790      .19228630    
 10.582170      .16059870    
 10.770650      .21912840    
 9.3418140      .23248680    
 7.1396570      .16201280    
 4.5179360      .17067320    
 3.0626060      .25613130    
 2.0841780      .28404570    
 1.3875800      .21521200    
 1.1616140      .16323960    
 2.3669110      .22424100    
 4.4465510      .26394080    
 6.8162130      .20659070    
 9.0302750      .15120820    
 9.1957540      .21996550    
 8.8354130      .25246880    
 8.2372590      .18149400    
 7.6279160      .14795940    
 8.3469140      .22635570    
 9.6355920      .24238790    
 11.132760      .18179990    
 12.297040      .19104500    
 12.646970      .28283080    
 12.170780      .35996360    
 10.996130      .15600000    
 12.993840      .10222950    
 13.652910      .10311180    
 16.287590      .11349450    
 20.487420      .83368360E-01
 14.001960      .11388060    
 9.8560460      .55733620E-01
 10.019610      .10385170    
 3.6374640      .14942490    
 4.6849720      .23966800    
 6.0562870      .25374240    
 8.6786240      .18789900    
 8.9779650      .15347090    
 5.4794220      .14573910    
 3.2338120      .56818370E-01
 13.371990      .12965750    
 18.509560      .74551840E-01
 9.8128600      .12694260    
 1.4016940      .34668360E-01
 7.8802070      .13841880    
 4.8464200      .18571960    
 6.7786620      .22928950    
 6.2942640      .25921170    
 6.4086940      .20595160    
 7.4987530      .18065020    
 8.7372460      .24777290    
 9.8421220      .27543270    
 10.986850      .22475090    
 11.881740      .17731990    
 11.369130      .19491650    
 8.7649890      .22737580    
 5.5278000      .18555550    
 2.6299290      .17081830    
 1.7762560      .25179500    
 1.2324590      .28461190    
 .80106670      .22927810    
 .80062430      .17185180    
 2.3832450      .21304460    
 4.8661200      .26198250    
 7.4320720      .22233920    
 9.6880440      .17702960    
 9.5724740      .21346140    
 8.8604050      .25187850    
 7.9882150      .21077590    
 7.2109950      .18306670    
 8.1073830      .21867610    
 9.6430450      .24962730    
 11.234330      .22248770    
 12.500790      .18967720    
 12.858250      .24556930    
 11.937920      .22025950    
 11.858290      .10346560    
 12.336840      .12108660    
 10.549920      .91392600E-01
 15.579250      .11106140    
 22.169060      .74180450E-01
 13.248250      .10733300    
 7.6324600      .86571700E-01
 5.4767430      .11901750    
 1.8215820      .81839580E-01
 4.3628400      .23063770    
 7.1241070      .25618210    
 11.104380      .16670960    
 11.182160      .11580980    
 8.4501280      .13629150    
 10.031740      .89791580E-01
 15.856240      .13957370    
 17.604530      .74586000E-01
 10.120080      .11615880    
 7.3884020      .68433970E-01
 8.6200980      .11987120    
 6.5042660      .84500920E-01
 6.9243970      .23075010    
 7.2673660      .26017660    
 8.2073140      .17713530    
 9.5015030      .13008380    
 10.200280      .25356050    
 11.089660      .29125770    
 12.204880      .23290060    
 13.263570      .11130420    
 11.386290      .17122700    
 7.6728450      .22938460    
 3.6060040      .15811980    
 .93532740      .12011380    
 .79278820      .25843200    
 .57532450      .29195510    
 .33990190      .21778950    
 .38342340      .95256930E-01
 2.6590670      .20558510    
 5.4353000      .26939950    
 8.1229740      .21777990    
 10.381880      .11710750    
 9.7586510      .20198000    
 8.7231790      .26189710    
 7.6306010      .21828390    
 6.7295320      .13636880    
 7.9786570      .20297620    
 9.7388480      .26409580    
 11.406290      .22836350    
 12.798760      .11342440    
 13.023620      .22118290    
 12.168310      .12877320    
 11.764730      .12929540    
 12.024650      .16965090    
 10.552400      .40901660E-01
 18.301510      .12236130    
 21.816770      .62205400E-01
 10.285530      .12328780    
 2.1538820      .24976710E-01
 4.0251210      .10886640    
 2.6230980      .12414830    
 9.4636720      .20648630    
 10.339990      .21110160    
 12.808270      .10564790    
 14.248640      .11557610    
 13.967670      .13472770    
 14.305400      .76554430E-01
 15.939950      .14555300    
 16.929490      .62006000E-01
 13.751740      .13286350    
 10.450560      .60178560E-01
 8.3733590      .10528260    
 7.6171490      .12856670    
 8.4095300      .26830360    
 8.8290350      .25234090    
 10.091540      .11853180    
 10.532250      .12832230    
 10.686310      .26977560    
 11.556470      .30382310    
 12.866980      .22185360    
 14.350530      .44614050E-01
 10.978530      .19105350    
 6.9055920      .22851880    
 2.4821940      .11044340    
 1.6969340      .14129350    
 2.8028050      .27209820    
 2.6984140      .29258600    
 1.7132400      .18989760    
 .97982360      .63010940E-01
 4.3080870      .22299840    
 6.9119940      .27051280    
 9.9825690      .19259170    
 11.249630      .37669600E-01
 11.801030      .21343220    
 10.737120      .26015300    
 8.5617360      .19062200    
 6.2447060      .25645010E-01
 7.6781330      .23029600    
 9.1639250      .29921700    
 10.779630      .22415300    
 12.367280      .44859190E-01
 9.6756730      .23089300    
 14.042280      .19257620    
 12.831160      .17479480    
 16.336840      .14453610    
 20.084230      .87218190E-01
 21.718010      .80313310E-01
 17.315390      .95654990E-01
 6.8158800      .93098840E-01
 4.2312960      .89151740E-01
 7.3520720      .10091340    
 10.731870      .11528360    
 11.899740      .16956440    
 10.816130      .13304450    
 11.989370      .11216700    
 13.816630      .17904850    
 11.326650      .13597900    
 15.005680      .11014240    
 16.034670      .12515360    
 15.916450      .77626410E-01
 12.807220      .13044300    
 10.073880      .60391860E-01
 7.8669240      .13269500    
 8.1624900      .23530550    
 7.4924320      .24081090    
 8.5679770      .23671860    
 9.5164220      .14371700    
 9.6539650      .18164900    
 10.098860      .26103030    
 11.346830      .28259030    
 12.914600      .20959330    
 14.438760      .14774790    
 10.932780      .20753870    
 7.2880870      .22066220    
 4.3597310      .15492420    
 4.3636920      .19617410    
 4.9353820      .26869720    
 4.3529300      .27534900    
 3.3249430      .19045790    
 3.2750280      .15814910    
 6.1855740      .22260650    
 8.9959620      .23861740    
 12.676700      .17045190    
 13.927340      .14406810    
 13.420490      .23391840    
 11.051360      .26307930    
 7.8963660      .17851060    
 5.2278500      .12868460    
 6.0677530      .23425220    
 7.4472040      .27471680    
 8.9730630      .21234110    
 9.2466290      .15567560    
 7.2421680      .25612590    
 11.464810      .21798970    
 15.777830      .16904050    
 23.309550      .10177490    
 25.351520      .81605650E-01
 20.146680      .63040540E-01
 13.225760      .87944780E-01
 5.2054920      .35225700E-01
 6.8568160      .35251070E-01
 13.276130      .34032640E-01
 15.857550      .25080350E-01
 12.856310      .14310500    
 10.506880      .24747020E-01
 9.1429240      .15404220    
 7.3528480      .16547530    
 9.9062380      .14931960    
 15.667460      .36241240E-01
 15.990400      .12263140    
 16.226050      .59212920E-01
 15.287680      .12163430    
 9.9599460      .79866970E-01
 7.8555300      .14986870    
 6.9358570      .18552490    
 7.1394830      .23611540    
 8.0914000      .24665250    
 8.5746970      .19493850    
 8.6780520      .18354980    
 9.5706940      .24200830    
 11.236490      .27468280    
 12.991570      .22119650    
 14.558610      .16577580    
 11.276120      .20067790    
 8.4683320      .22996200    
 7.1213620      .19829040    
 7.2877000      .19840040    
 7.1456180      .25674730    
 6.1326970      .27359320    
 5.3320490      .21554340    
 5.5262130      .16899250    
 8.1221970      .19117330    
 11.466190      .19685670    
 16.030130      .16094710    
 16.569400      .16947430    
 14.751950      .22899410    
 11.069990      .25837530    
 7.0528310      .19921940    
 4.0159510      .17146750    
 4.8669180      .23475240    
 6.0840350      .27582610    
 6.8540970      .23557390    
 6.2089420      .19287670    
 4.7087890      .24683790    
 13.491650      .29320620    
 14.708050      .10571550    
 21.129220      .11529760    
 20.711650      .93700590E-01
 17.944830      .85973130E-01
 14.275370      .84109430E-01
 8.9705640      .12482770    
 9.1723850      .79421650E-01
 15.177880      .63104030E-01
 19.825260      .54514550E-01
 11.784100      .78302090E-01
 11.676980      .80128190E-01
 7.4541230      .14972320    
 3.4348080      .11770000    
 9.5012290      .14561460    
 16.328600      .63764330E-01
 17.374800      .12878190    
 19.010450      .12296960    
 17.890060      .97888010E-01
 10.092350      .10855700    
 7.3539980      .11782050    
 5.9098400      .11507210    
 6.7094810      .24960140    
 7.4967890      .26598760    
 7.6469210      .19387410    
 7.6814260      .11755580    
 9.2956210      .23186500    
 11.271080      .27765460    
 13.140230      .21223520    
 14.692410      .94295980E-01
 11.956430      .19600630    
 10.117350      .24216180    
 9.8890710      .18451790    
 10.210120      .14542040    
 9.0628300      .25126030    
 7.8201960      .28091980    
 7.2630970      .21149540    
 7.6642630      .94191650E-01
 9.8949280      .13250210    
 14.194060      .14510870    
 19.641170      .91322340E-01
 19.149840      .11442690    
 15.309590      .22529080    
 10.543350      .26389970    
 5.8326050      .19950760    
 2.6167180      .13086930    
 3.5871640      .23049980    
 4.4850780      .28586940    
 4.4879590      .24365130    
 3.2634620      .15123520    
 2.4926090      .21818260    
 11.223780      .19303700    
 11.931440      .80928670E-01
 14.151290      .16690570    
 16.541540      .24955880E-01
 17.855330      .84391300E-01
 17.194020      .12979150    
 14.319260      .16061980    
 11.387170      .24731330E-01
 16.532560      .54309800E-01
 18.859550      .73105200E-01
 12.069810      .51782970E-01
 11.486330      .75330130E-01
 4.7344600      .12228800    
 2.3982090      .80603320E-01
 9.5832060      .14728940    
 14.246360      .56005710E-01
 16.076900      .14288760    
 23.911090      .36838300E-01
 18.947050      .96870850E-01
 10.528090      .24785620E-01
 6.6372940      .94092140E-01
 5.3603890      .17000170    
 5.4638430      .30117580    
 5.6983740      .30130590    
 6.4175560      .15872550    
 6.3923620      .84459560E-01
 6.9530440      .23861650    
 8.8981280      .27270920    
 11.853090      .18449990    
 14.601570      .62907120E-01
 12.386970      .20917030    
 11.531940      .23229280    
 12.310500      .12433100    
 13.009590      .11823470    
 11.308700      .28336940    
 10.353590      .30894130    
 9.5643880      .19702690    
 9.0486760      .58072180E-01
 11.443110      .35533610E-01
 16.783140      .12328460    
 21.444790      .54011800E-01
 20.247130      .87198760E-01
 15.047940      .25129640    
 8.6616560      .25316030    
 3.9371210      .15964020    
 1.3339860      .74301240E-01
 2.4292210      .25386460    
 2.8805970      .30197720    
 2.2906320      .22961670    
 .56360120      .37840720E-01
 1.1801680      .24419330    
 12.023330      .18293270    
 13.083420      .15479730    
 14.937050      .15996690    
 16.090620      .88227820E-01
 17.133760      .11538160    
 16.296560      .12644510    
 14.303170      .12886610    
 13.851710      .87445070E-01
 16.979270      .11232320    
 15.487740      .10621880    
 12.553300      .99728070E-01
 9.7540980      .99930800E-01
 4.5084190      .12620460    
 4.6678830      .17067440    
 9.7230820      .14991820    
 8.5331320      .72026070E-01
 20.019930      .99614820E-01
 21.830810      .68955850E-01
 16.823720      .10947980    
 13.244470      .84443170E-01
 10.115750      .12084060    
 8.1893800      .24764790    
 6.2206560      .24520540    
 6.1198350      .24688690    
 5.7390290      .16094910    
 5.0012430      .16180350    
 5.7880120      .23017100    
 8.3278300      .25022020    
 11.587420      .18399940    
 14.182280      .15752940    
 13.816160      .21994280    
 13.543240      .22541900    
 13.332670      .13030630    
 12.840640      .16855260    
 11.895570      .23774620    
 10.840930      .25404570    
 10.356760      .19173730    
 10.098920      .13548850    
 13.159030      .85704530E-01
 17.746900      .12245190    
 19.439820      .13138280    
 16.938220      .16613130    
 11.919140      .24147930    
 7.4963360      .24753880    
 3.8259160      .15091320    
 3.3266460      .14753090    
 3.8315290      .24774670    
 3.0111970      .27955330    
 1.5849400      .20098130    
 .19547480      .10997470    
 .29853670      .26647780    
 12.942120      .22635170    
 13.981000      .17536440    
 15.138160      .16330080    
 16.022190      .25095330E-01
 16.289890      .14040730    
 15.650640      .37050960E-01
 15.916250      .13901740    
 16.189060      .25259380E-01
 16.072720      .14001550    
 13.613580      .36311170E-01
 11.803450      .10885350    
 8.8367970      .67895280E-01
 5.7192460      .15812120    
 4.5838500      .16626620    
 6.7032140      .16472300    
 9.5787960      .61710030E-01
 19.528760      .34677660E-01
 20.187340      .41665100E-01
 18.923940      .13608830    
 16.347080      .24633640E-01
 11.393780      .15329820    
 9.4823490      .20137040    
 7.1767980      .22550000    
 5.5853720      .24556020    
 4.5715880      .20554740    
 3.3601280      .17677290    
 4.5676510      .20070990    
 7.8194120      .24304300    
 11.163720      .20822910    
 13.744910      .16846520    
 13.457510      .20456320    
 13.258770      .23031950    
 13.048540      .19191730    
 12.635080      .17780860    
 11.701760      .20269700    
 10.511930      .23978150    
 11.446230      .23954140    
 10.871760      .14874840    
 15.277850      .35291100E-01
 16.994980      .15923690    
 16.816810      .19053060    
 14.033380      .19009790    
 9.9938900      .22294100    
 6.8728990      .23938210    
 5.0999640      .18541260    
 5.6682710      .17037780    
 5.2725100      .23516540    
 3.6338100      .26372630    
 1.7825730      .19264230    
 .40794120      .14955010    
 .44498420      .30203990    
 13.923520      .23524260    
 15.128050      .11426560    
 15.777710      .14388410    
 15.739920      .13991140    
 15.134270      .15913240    
 14.443770      .73427390E-01
 14.874720      .13921470    
 15.041410      .14250600    
 14.150750      .16507240    
 12.908990      .71740490E-01
 10.958330      .10609740    
 9.3583400      .14811000    
 7.6578800      .15512460    
 8.4521360      .12559650    
 12.122590      .15801520    
 24.144670      .79722420E-01
 22.634500      .11066070    
 21.455380      .10427320    
 19.697310      .11778000    
 17.245320      .92620090E-01
 11.633630      .16071290    
 7.5789640      .98713110E-01
 5.8374490      .20388020    
 4.4635740      .26254480    
 3.2939740      .22188040    
 1.4930670      .11098210    
 3.7447490      .17580970    
 7.5518370      .25036320    
 10.874650      .20502490    
 13.305600      .94343810E-01
 13.147380      .19890850    
 12.999960      .25466980    
 12.789050      .21645890    
 12.480230      .11096860    
 11.989740      .18493730    
 11.283240      .26895150    
 10.769090      .21197080    
 11.202450      .11195750    
 14.111430      .11588370    
 14.385340      .21915550    
 13.949320      .21015130    
 9.0197360      .15414240    
 8.6985440      .20044830    
 7.0959110      .24423370    
 6.9459770      .18636840    
 8.0068050      .11496020    
 6.2551330      .22545390    
 3.9702710      .25481410    
 1.8216830      .16049320    
 .59481120      .12016100    
 .55446740      .34837940    
 14.652980      .24222190    
 15.411040      .36847050E-01
 13.569960      .17475610    
 12.595260      .27519190    
 12.764990      .17071610    
 12.802330      .37674780E-01
 12.535800      .17704780    
 11.917020      .23414050    
 11.942130      .19068000    
 11.719590      .44111340E-01
 9.0514000      .15142150    
 7.9349220      .20965970    
 7.9841910      .10056470    
 10.007510      .10924130    
 15.819870      .15347740    
 23.859520      .62035240E-01
 20.546160      .13418830    
 22.375310      .36025330E-01
 20.566100      .92948720E-01
 17.469320      .10854810    
 11.775530      .15106300    
 6.3569370      .66569100E-01
 4.9890990      .24882840    
 6.1255890      .28608100    
 3.5570920      .21699810    
 .52292410      .44218190E-01
 3.9483510      .19837160    
 7.2175550      .26188820    
 10.208550      .18382310    
 12.112430      .63025070E-01
 10.607760      .22621330    
 10.342750      .28267450    
 11.009670      .21576800    
 12.153310      .44582520E-01
 11.165410      .19787880    
 10.272500      .24308910    
 9.4176830      .12840270    
 9.8772740      .10019260    
 12.530460      .21090670    
 12.336730      .26548730    
 11.473360      .19435270    
 9.1979750      .25768580E-01
 9.8376370      .22267240    
 10.012390      .27002670    
 10.080570      .16016370    
 9.3509800      .87098810E-01
 7.4042650      .23368190    
 4.8017500      .24318910    
 1.9854490      .11168670    
 .57584160      .14433790    
 .46124880      .33606120    
 13.348070      .21025930    
 12.660590      .13947880    
 11.342630      .22972180    
 10.835810      .25885060    
 10.909260      .17462610    
 10.276870      .14476030    
 10.313740      .22033540    
 9.5133800      .27582090    
 10.171320      .19639790    
 9.4950760      .14226890    
 7.5020110      .19281710    
 5.8933030      .14604460    
 5.5890570      .10137420    
 6.3796430      .11046500    
 12.167830      .13501240    
 16.521310      .77726400E-01
 19.043170      .13274040    
 23.130460      .73343690E-01
 19.619160      .97632070E-01
 11.479110      .61648770E-01
 9.3819810      .13519280    
 6.5014770      .19839670    
 9.6845060      .23741690    
 7.4436880      .27201640    
 4.5605880      .20338560    
 2.2854250      .14171010    
 5.3017510      .21813530    
 7.7244000      .25564630    
 9.6282630      .18749460    
 9.5286100      .15824760    
 8.6619560      .23126720    
 9.1127740      .26570650    
 10.233730      .20331680    
 11.283500      .15144200    
 10.476810      .22337730    
 9.4224950      .23200080    
 8.3272200      .13196930    
 8.1980710      .16125310    
 8.5745620      .22704130    
 6.9544430      .25708490    
 8.3413030      .17519490    
 8.4090780      .12868280    
 8.3663730      .21579980    
 8.7503350      .23513080    
 9.4053320      .15866330    
 9.2513030      .16533450    
 7.0922920      .23355420    
 4.3878140      .22852150    
 1.7601340      .15583230    
 .44075950      .19870860    
 .33802040      .32994480    
 11.185850      .22200990    
 9.8052350      .15882170    
 9.0704090      .22443800    
 8.9005240      .25420320    
 8.5782800      .19368640    
 7.7720160      .17107980    
 7.8200120      .24412220    
 8.0162160      .26958260    
 8.1322820      .20142330    
 7.3503750      .15509230    
 5.4837430      .17257510    
 3.3935730      .36863380E-01
 2.8825430      .12089880    
 1.4265190      .25020550E-01
 7.5849870      .13439650    
 13.348090      .57985420E-01
 19.802740      .13459470    
 24.320350      .36083300E-01
 16.966480      .12891570    
 11.509090      .85661520E-01
 12.073800      .16849790    
 14.569730      .20517880    
 11.736780      .22986990    
 8.7290840      .26629270    
 5.8856110      .20540510    
 4.0358860      .14894950    
 6.2893980      .22073160    
 7.5706970      .26243390    
 7.9926660      .21414040    
 6.8523000      .16933480    
 6.7569050      .21454160    
 8.0436100      .25694660    
 9.4889360      .21028360    
 10.375510      .18127330    
 9.6360980      .23250820    
 8.5062110      .24399790    
 7.1314350      .19498250    
 6.4073320      .17562690    
 5.4965980      .20382390    
 6.2335130      .24431110    
 7.0691870      .20378300    
 7.5631070      .17211000    
 7.7403370      .19987370    
 8.3698970      .23297430    
 9.0592630      .20212920    
 8.9715200      .18936440    
 6.8027410      .21813220    
 4.0686010      .23383340    
 1.6499410      .20040880    
 .28069890      .19384770    
 .21828350      .31291090    
 8.7672820      .20476250    
 6.9445900      .96521790E-01
 7.0786410      .22477710    
 6.9962660      .25511860    
 6.2864090      .17244750    
 5.7480370      .12945150    
 6.2399760      .24633220    
 6.5974280      .26414680    
 6.3208570      .17957930    
 4.9375140      .11512110    
 4.6474640      .12504550    
 4.9526570      .74833740E-01
 8.7646230      .11287530    
 11.634240      .84484650E-01
 14.031100      .14398280    
 17.740620      .10203800    
 22.642300      .12041430    
 24.082820      .85243250E-01
 17.833720      .15196510    
 14.768700      .16462250    
 14.789400      .12215050    
 16.844690      .10333400    
 13.708850      .23259240    
 9.7977980      .26686280    
 4.3614740      .17195690    
 5.6456060      .81279530E-01
 6.6073470      .23325100    
 6.8054180      .27721750    
 6.0010110      .21133620    
 4.1216450      .94703710E-01
 5.3935790      .20280190    
 7.2999790      .25409940    
 8.9192330      .18712530    
 9.5005780      .14174410    
 8.7586770      .24044290    
 7.5176630      .26994700    
 5.9445880      .21980030    
 4.2831830      .11105490    
 4.7883420      .16922060    
 5.6152780      .25410240    
 7.2836160      .19543290    
 6.8351590      .12712910    
 7.2091810      .17450580    
 8.0672420      .24457050    
 8.7744710      .21377270    
 8.8303450      .13774640    
 6.4994880      .19866230    
 3.7740300      .24473400    
 1.4617260      .19281020    
 .11740060      .12211530    
 .12573930      .31392300    
 4.8717320      .17958120    
 4.5016500      .10159180    
 3.6720650      .23715530    
 3.4105500      .24595260    
 3.5114890      .11725520    
 4.4465920      .12310760    
 5.3898000      .21865710    
 5.4730320      .18844510    
 5.6327000      .99949110E-01
 6.5478780      .10160580    
 6.1732390      .90884610E-01
 8.9131530      .11586660    
 15.117150      .90026770E-01
 16.242710      .12263910    
 17.338010      .13419700    
 21.586520      .24832340E-01
 24.145610      .11910350    
 24.709510      .79691280E-01
 21.220080      .17891660    
 18.812040      .17577920    
 17.445430      .25164490E-01
 16.063510      .99749550E-01
 11.147190      .22238670    
 8.2130050      .21110360    
 6.2027690      .12464610    
 6.0513630      .11938350    
 5.2833520      .24332270    
 4.2031200      .27191260    
 3.0735540      .18433830    
 2.3507730      .63407560E-01
 4.1481900      .21554190    
 6.2602520      .23861420    
 8.3393070      .12525820    
 8.0571980      .11917050    
 8.0158900      .28647690    
 6.8398220      .32256130    
 4.6068720      .23303540    
 3.7946820      .44396210E-01
 4.7688670      .17958150    
 4.4792120      .19431890    
 5.4421260      .16899440    
 6.0685760      .25096640E-01
 7.0133720      .19847060    
 9.2349060      .24639900    
 9.6330220      .18300500    
 8.8014370      .25793700E-01
 6.4895220      .22233010    
 4.0279450      .26911660    
 1.5776340      .15951230    
 .49933210E-01  .87583210E-01
 .15778480      .31073480    
 4.3208680      .19689560    
 3.5465990      .17901510    
 3.0439490      .23080410    
 3.3230180      .22281210    
 3.4796250      .14822440    
 5.6416870      .16792660    
 6.3491520      .16869990    
 6.5292500      .11541200    
 7.4500150      .12265290    
 9.5237660      .62427780E-01
 8.9832320      .12578330    
 11.359600      .95338300E-01
 15.511660      .11452760    
 16.893210      .11268990    
 18.891270      .10939320    
 20.875680      .63899690E-01
 22.957970      .13253940    
 21.655340      .13527370    
 18.452230      .11136070    
 16.395390      .15563380    
 13.790160      .13647160    
 11.694970      .16542130    
 7.6714380      .19553420    
 5.6374760      .13496800    
 4.6738880      .13369180    
 5.4664130      .17967050    
 4.9467520      .22956270    
 3.7998920      .24943700    
 2.6189330      .18584310    
 2.1792120      .16473060    
 3.5798360      .22840400    
 5.4113710      .22788810    
 7.1323730      .13067350    
 6.2396450      .17274410    
 4.0989950      .24852230    
 3.8160320      .26797940    
 4.5163990      .20193300    
 6.1294000      .14278020    
 6.3484130      .17100900    
 5.4832560      .95912590E-01
 7.1610760      .14133060    
 7.3801060      .14620010    
 8.7005790      .23593970    
 10.096930      .23992290    
 10.146420      .15873490    
 8.7135170      .12089940    
 6.6229630      .22527730    
 4.0011950      .24769870    
 1.4286880      .15823580    
 .16707570      .16621400    
 .24190280      .32419210    
 3.5291150      .24763320    
 2.6037490      .19369880    
 2.5356750      .20299600    
 3.5890870      .21919230    
 5.2439640      .18198580    
 6.8584750      .16253150    
 7.3152180      .10292250    
 8.3182690      .10295200    
 10.749330      .14044700    
 12.975580      .78651730E-01
 14.902260      .14973800    
 15.921480      .42117200E-01
 18.942200      .13735430    
 16.434350      .24187320E-01
 17.053820      .10411130    
 15.084230      .95492560E-01
 13.432410      .18006930    
 18.567570      .11366800    
 15.873810      .82124580E-01
 14.047240      .19271470    
 10.618100      .19557270    
 6.0904260      .16794300    
 4.3380540      .14678610    
 3.0159850      .24940500E-01
 3.9257860      .16532930    
 5.1117710      .17095280    
 4.5748950      .19457870    
 3.3563400      .24464260    
 2.1454550      .21605850    
 1.7662120      .19025220    
 3.0296620      .21602000    
 4.5544000      .23083170    
 5.2416770      .19368440    
 4.0911740      .18888430    
 2.9428850      .21489250    
 4.0406410      .25026080    
 6.1428050      .20591720    
 10.250060      .20962530    
 7.7556740      .14079280    
 7.2836360      .62618800E-01
 9.6266350      .16328320    
 12.083620      .16986820    
 12.560490      .21388170    
 11.486190      .19911630    
 10.881000      .14957310    
 8.6271140      .14383700    
 6.3186500      .23245350    
 3.6631700      .25178280    
 1.3662550      .18933240    
 .28853320      .18241670    
 .32371020      .33181690    
 2.7102330      .26416560    
 1.7135740      .13429690    
 2.3650560      .17151780    
 4.2349940      .22481980    
 7.1760590      .19748600    
 8.1309370      .11231920    
 8.3786630      .99607090E-01
 9.8651000      .97545490E-01
 13.444130      .14312270    
 17.021650      .10557670    
 21.074800      .14429990    
 27.528890      .98166090E-01
 23.584340      .12166300    
 15.670610      .63522930E-01
 12.305470      .12320620    
 6.7733340      .86131220E-01
 11.632870      .13570590    
 15.424180      .84812030E-01
 14.040070      .17612720    
 11.416270      .24285880    
 5.4170620      .22138680    
 2.4798900      .69624360E-01
 2.0407090      .13230710    
 3.0457820      .13891160    
 4.2743550      .18907860    
 4.6878570      .90860660E-01
 4.1080470      .17821480    
 2.8891660      .25645830    
 1.6582760      .22053230    
 1.1203400      .13799330    
 2.2865480      .19881510    
 3.3606060      .25077370    
 3.3109560      .21988760    
 1.9713920      .13251440    
 2.3530520      .17853940    
 4.9318810      .24440290    
 9.7123120      .21027390    
 11.777850      .96998220E-01
 9.8715930      .15031580    
 10.244080      .16761420    
 12.829730      .16633860    
 15.161720      .13490360    
 14.409830      .18508210    
 13.063600      .11803420    
 11.179430      .11539980    
 8.4889150      .11073380    
 5.9175750      .24795800    
 3.3807570      .26035960    
 1.3076550      .17250210    
 .39847290      .13666070    
 .38664300      .35477320    
 2.0491100      .29660430    
 1.1399580      .25703500E-01
 4.0022250      .18665610    
 6.2294410      .23214730    
 8.2659330      .11628280    
 9.0234370      .10936710    
 9.5811160      .99623940E-01
 12.922270      .11814390    
 17.184930      .12571080    
 21.895580      .68617170E-01
 29.016930      .14634570    
 39.465630      .24896550E-01
 25.436180      .11454180    
 15.935850      .10078200    
 9.0998190      .11380330    
 7.2370370      .83398060E-01
 13.575250      .94107220E-01
 14.514580      .13990420    
 9.8751630      .29716110    
 6.5715000      .26124810    
 3.2591690      .17952220    
 1.1488260      .87178680E-01
 1.7238310      .17301800    
 2.8051060      .20452720    
 3.6960060      .18752470    
 4.4845820      .70635770E-01
 3.2263640      .20016930    
 1.9821160      .25067580    
 .96300210      .18839170    
 .12372810      .25848880E-01
 .28414960      .23144290    
 .34449710      .30308980    
 .30263830      .23136890    
 .17351120      .25619590E-01
 3.5059510      .18916310    
 7.2099800      .24283200    
 10.784790      .14795000    
 11.847350      .95753070E-01
 9.4813800      .17262750    
 10.527300      .16791270    
 15.273880      .11208430    
 17.455630      .10953890    
 15.963970      .15862650    
 14.106470      .36345450E-01
 10.304810      .95923170E-01
 6.8614130      .15191630    
 4.2107430      .25819010    
 2.3934540      .25563430    
 1.0832710      .11865470    
 1.5994020      .13191370    
 3.1768310      .32124270    
 3.0427340      .25385430    
 3.4091880      .13350560    
 5.9153640      .20596970    
 7.7403030      .22124450    
 9.7744080      .15053440    
 9.1467640      .16144900    
 11.429230      .13364750    
 16.302800      .99594260E-01
 20.049110      .11789900    
 24.228280      .86692470E-01
 30.864290      .12475060    
 29.553490      .64111860E-01
 20.750860      .11792630    
 18.524660      .10710250    
 14.215510      .99517230E-01
 15.104340      .95324590E-01
 14.731300      .13768390    
 13.836780      .25275930    
 6.7935170      .25747140    
 4.0946770      .26852850    
 1.9182620      .19847210    
 1.1652820      .17202900    
 1.4403850      .20651000    
 2.4840820      .26047130    
 3.2555020      .20454280    
 3.4326640      .16516260    
 2.2979240      .21800960    
 1.5541570      .24721520    
 1.1048680      .17310570    
 1.3116570      .12408640    
 1.7161910      .22946720    
 1.6789890      .27483670    
 1.4231490      .20934590    
 1.4872920      .13691520    
 4.6530840      .21049470    
 7.9434590      .23276450    
 10.958910      .17555560    
 11.465790      .16683240    
 11.340560      .17665060    
 12.876290      .12908910    
 14.672050      .11179570    
 13.702350      .14734730    
 12.085700      .14969270    
 10.762940      .14595570    
 7.9099400      .16140990    
 4.7952230      .19512560    
 2.8079060      .24475640    
 1.7510140      .23446720    
 1.4528830      .14364790    
 3.0640930      .18281420    
 4.3181460      .30527940    
 4.7025270      .25704010    
 5.8830870      .16942570    
 7.7818120      .20378500    
 8.6599680      .23136750    
 8.8870950      .20237620    
 9.4523640      .18455410    
 13.833650      .13020520    
 19.545130      .75235930E-01
 23.364210      .13432960    
 23.961400      .34841120E-01
 24.358470      .13194030    
 23.193010      .63748880E-01
 22.283880      .13662390    
 21.636750      .24424610E-01
 20.433260      .85379440E-01
 18.669500      .10249870    
 14.081630      .15595650    
 8.4042420      .18844840    
 5.0814790      .23925790    
 3.0144300      .27007710    
 1.4361310      .22944320    
 1.0455470      .18134010    
 1.4929030      .20289050    
 2.1422670      .25474650    
 2.5670350      .22896140    
 2.4054730      .17929710    
 1.6303110      .19669670    
 1.5271370      .23697780    
 1.8294350      .18747690    
 2.6370550      .15282830    
 2.7459050      .22837350    
 2.5508180      .27572820    
 2.4634990      .22997770    
 2.8634670      .18406700    
 5.7090540      .20452780    
 8.3298780      .23400050    
 10.142590      .20337740    
 10.313130      .16536340    
 10.072300      .10790760    
 10.890050      .10294690    
 11.097340      .15629930    
 9.7260940      .14345320    
 8.6752220      .17516750    
 7.8087180      .21314630    
 5.4697670      .20218650    
 2.7705420      .17724720    
 1.7304810      .22527800    
 1.7025300      .24104430    
 2.5675130      .19703580    
 4.6382810      .17856090    
 5.4504080      .27673020    
 6.6513830      .24866310    
 8.3724020      .11546250    
 9.1651420      .19665980    
 9.1411350      .25210740    
 8.7181170      .26727000    
 8.9575860      .13151520    
 15.473290      .11237720    
 23.101840      .88154550E-01
 26.395940      .95253850E-01
 25.608590      .67880950E-01
 24.518530      .12690110    
 22.738520      .10058970    
 21.632290      .11606240    
 20.814040      .71642510E-01
 19.844240      .11821680    
 18.315840      .63837370E-01
 11.875620      .14460640    
 5.9993770      .12169110    
 3.7168900      .23154150    
 2.2526730      .28269910    
 1.1443760      .23339130    
 .82673830      .11205040    
 1.2342740      .17850330    
 1.7057530      .26287250    
 1.8160070      .22933730    
 1.4169850      .11156530    
 1.3115970      .17367530    
 1.8769870      .23980590    
 2.8659730      .17866390    
 3.9806450      .95964200E-01
 3.6600020      .23405460    
 3.4387370      .28904600    
 3.5810370      .24137980    
 4.1836810      .14872960    
 6.4809750      .17766110    
 6.3750650      .27726490    
 7.5026640      .23626490    
 9.5505310      .90515310E-01
 9.1923520      .10629940    
 8.9585200      .17053970    
 7.6914860      .15933640    
 5.2318770      .79448830E-01
 5.7392440      .20992490    
 5.3000710      .25153520    
 3.1620000      .18790290    
 .96215540      .98824100E-01
 1.2822090      .22448570    
 2.1905170      .26178950    
 3.8694560      .20433780    
 6.2052230      .96793880E-01
 6.3064780      .27116390    
 9.7074980      .23959560    
 10.154740      .37398890E-01
 8.4121370      .22336900    
 7.6184650      .28255320    
 7.4118620      .20425170    
 8.2848370      .25145120E-01
 18.256900      .11872710    
 26.484170      .56533550E-01
 27.719410      .96983140E-01
 25.495550      .60845800E-01
 24.358920      .14022290    
 22.546540      .24247460E-01
 21.373820      .10695910    
 18.815440      .88187530E-01
 17.033830      .13538340    
 14.940770      .77732880E-01
 7.9794700      .11939190    
 3.9402970      .88243110E-01
 2.4805370      .24500900    
 1.6332190      .29355450    
 1.0234190      .22011050    
 .56837680      .44730030E-01
 .53661380      .20224880    
 .53857360      .27232510    
 .58406620      .21311070    
 .66060180      .44573280E-01
 1.5846020      .19787120    
 2.6917590      .24856110    
 3.9064720      .14939740    
 4.0988500      .10191710    
 3.0706640      .24005100    
 2.8500520      .27412350    
 3.6374560      .21612280    
 5.5861010      .38470740E-01
 5.9704960      .19320000    
 6.6520310      .26873470    
 7.5521840      .18677860    
 8.1319720      .61653600E-01
 7.2162160      .17322680    
 5.5107110      .20898870    
 4.1993320      .14040360    
 3.2199470      .12124830    
 2.2270980      .25134670    
 1.3550960      .26851740    
 .56658780      .15243700    
 .73114340      .10270130    
 2.2579410      .24748810    
 4.1097760      .27732960    
 6.0059030      .18552890    
 7.7916050      .63760120E-01
 9.2015830      .26818310    
 8.9193430      .20223490    
 8.5398430      .13702250    
 7.7014460      .23534800    
 7.2847860      .26646190    
 7.9277290      .18826400    
 9.8000520      .11889610    
 19.355160      .12538230    
 27.399480      .84136260E-01
 25.832460      .12149140    
 23.700230      .79447730E-01
 25.597900      .12197410    
 25.155430      .84171730E-01
 20.175360      .12753940    
 15.125270      .10544770    
 13.033800      .13414950    
 9.2801820      .10356620    
 4.7101030      .12570790    
 2.6834130      .15400530    
 1.7392370      .24211360    
 1.1141920      .27840490    
 .66634860      .21348390    
 .39724300      .15570520    
 .43793910      .22389070    
 .44744460      .25939210    
 .48481420      .20325140    
 .49244270      .15255460    
 1.5192880      .22287330    
 2.5194840      .24394370    
 3.3767640      .17278580    
 3.3388880      .18057570    
 3.1033600      .24594480    
 3.4513570      .27059680    
 4.2137820      .20166440    
 4.9502550      .11444460    
 5.4242220      .21331600    
 5.9244980      .25389130    
 6.3904350      .18682730    
 6.1186760      .15589660    
 5.2435820      .21486760    
 3.4265440      .23882420    
 3.1969280      .17632620    
 2.6926560      .19063160    
 1.9060950      .25593470    
 1.2544170      .25756760    
 .82820560      .17566840    
 1.5177980      .18387690    
 2.9821390      .24555370    
 5.0017750      .25597810    
 7.1354700      .18561560    
 9.3527720      .16354120    
 10.358290      .28019830    
 7.6225080      .19997880    
 6.8964370      .14941570    
 6.6314370      .23906170    
 6.5640610      .26250540    
 6.5027500      .18948750    
 10.568820      .14940920    
 20.211790      .12579440    
 26.326430      .67793200E-01
 23.750680      .11842120    
 22.797800      .84788100E-01
 27.840080      .94057900E-01
 29.150820      .11359800    
 21.848940      .12232790    
 11.378580      .67738330E-01
 8.7617410      .12767840    
 4.8478870      .67952690E-01
 2.6943000      .15605530    
 1.6246190      .15266040    
 1.0314150      .23203660    
 .67273300      .27974790    
 .39673070      .23721920    
 .25490020      .19296120    
 .32387390      .21311180    
 .33890470      .25044920    
 .35021320      .21515410    
 .32128290      .18266680    
 1.3373040      .22653910    
 2.1196070      .25494130    
 2.4938300      .21983700    
 2.2118590      .19462950    
 2.1921320      .21466690    
 2.8379160      .25172490    
 3.6344970      .20531910    
 4.1258810      .16555300    
 4.6537000      .22340810    
 4.9181560      .25906580    
 4.7463350      .21288630    
 3.9527530      .16814680    
 2.7075950      .20806380    
 2.4468480      .24188620    
 2.3859430      .20711760    
 2.2279290      .19604540    
 1.6982590      .24989790    
 1.3665970      .26670720    
 1.3843230      .22536490    
 2.2770810      .20469150    
 3.8128460      .21978630    
 6.0505750      .24646340    
 8.4643460      .21173810    
 10.868870      .18266540    
 11.518280      .26873730    
 6.1768680      .15995650    
 5.4947300      .11170670    
 5.8308820      .25142620    
 5.9714550      .26461050    
 7.0805010      .20592530    
 10.079380      .11415430    
 20.550810      .12367920    
 26.190140      .85837410E-01
 23.023900      .10887180    
 23.084670      .10050970    
 30.174850      .12721050    
 33.706690      .11222700    
 23.833780      .11214310    
 17.178160      .96048210E-01
 11.970260      .11004740    
 5.9864870      .58660540E-01
 3.2919550      .12990030    
 .46669510      .85191270E-01
 .51144280      .23999130    
 .35196920      .29431640    
 .20632960      .24631160    
 .14627050      .15132520    
 .20881460      .18128520    
 .22596020      .24712650    
 .20718280      .20316660    
 .15335180      .13393830    
 1.0555340      .22462060    
 1.5719710      .27393910    
 1.5795710      .23361670    
 1.0664050      .13426530    
 1.3980360      .17888510    
 2.3039460      .24701230    
 3.0348340      .19801380    
 3.3229060      .12951380    
 3.7844120      .22368750    
 3.7332430      .26937480    
 3.0037430      .20931490    
 1.6191090      .94500180E-01
 1.5044600      .19920700    
 1.7248780      .24793630    
 1.8947850      .18739920    
 1.8631180      .14435820    
 1.6605250      .24964910    
 1.6588820      .28622560    
 2.0153660      .24226600    
 2.9576950      .15440250    
 4.7223360      .18222100    
 7.1985130      .24814080    
 9.8546320      .21091440    
 12.329710      .11863080    
 12.445860      .26174800    
 4.7467860      .12515290    
 4.7726930      .15191510    
 4.9322250      .25799540    
 5.1751210      .25532170    
 5.4571030      .11866600    
 8.7191900      .11401010    
 16.410770      .14520660    
 25.292740      .35103380E-01
 21.656800      .91251120E-01
 24.439630      .97036470E-01
 33.153980      .12467840    
 39.690170      .24743410E-01
 28.056530      .12998410    
 23.662270      .24892630E-01
 13.638110      .13282790    
 5.1245470      .78026730E-01
 1.4893200      .10855130    
 .25399090      .12835850    
 .25847290      .28006130    
 .24240850      .31398750    
 .17106750      .21998490    
 .96730390E-01  .37736360E-01
 .11747050      .18805960    
 .12383620      .25191430    
 .78508250E-01  .16264960    
 .97960070E-01  .75335900E-01
 .59254630      .25995130    
 .91324800      .31297460    
 .91203800      .23129840    
 .37860570      .25480610E-01
 2.2484760      .18755310    
 3.2718160      .24412080    
 3.2478960      .15971260    
 3.1804980      .75403880E-01
 2.5483180      .25329960    
 2.1436540      .29274440    
 1.4674860      .19071170    
 1.0398710      .62977140E-01
 2.4107000      .21510220    
 2.7446470      .23954600    
 2.1929990      .12574750    
 1.6886430      .12080820    
 1.7957970      .27615430    
 2.0462350      .30761040    
 2.6220920      .23044010    
 3.5091140      .37760560E-01
 5.6999600      .19466590    
 8.1470790      .27330710    
 10.805830      .19434320    
 12.847480      .37584590E-01
 9.1144340      .25261350    
 4.8103530      .18288140    
 4.8388910      .19507380    
 5.0483810      .24449320    
 5.3831460      .23563630    
 5.8838220      .14740970    
 8.5043690      .15179560    
 14.644120      .10267390    
 21.009560      .84065440E-01
 21.029800      .66173620E-01
 27.611630      .72355700E-01
 34.241140      .11252300    
 34.797500      .54677770E-01
 27.050410      .12272710    
 18.831450      .54625540E-01
 10.127540      .13457590    
 3.0034940      .10349440    
 .22047560      .12276580    
 .20306750      .23058240    
 .20557620      .33252950    
 .11463720      .28006560    
 .12754520      .20398410    
 .18221350      .10958700    
 .20917190      .19869880    
 .32296170      .23387440    
 .44504280      .14750220    
 .76540110      .14446890    
 1.3243400      .25012730    
 1.8717380      .28097430    
 2.2752690      .20006710    
 3.0737090      .12503600    
 4.0004010      .21617610    
 4.8514040      .24328790    
 4.8703680      .15406230    
 6.3164780      .14788870    
 7.2693210      .23611960    
 6.2778890      .25615230    
 4.3539090      .18240730    
 2.9974540      .15825610    
 3.4709420      .23374240    
 3.3107680      .23532770    
 2.9153200      .13193670    
 3.0554960      .17470840    
 3.9825160      .26013310    
 4.6114200      .28262650    
 5.0314730      .20633790    
 5.7954020      .11094660    
 8.7612680      .19621550    
 10.436010      .24142890    
 11.108310      .17878890    
 9.4084800      .14186120    
 6.4120570      .25222740    
 4.8856630      .22111580    
 5.1062780      .17719980    
 5.0187900      .22562620    
 5.7052230      .24929960    
 6.4489890      .21558520    
 7.3668760      .14846370    
 10.753970      .60574420E-01
 17.837190      .35422150E-01
 21.606810      .65905150E-01
 28.651110      .63857670E-01
 29.493090      .12329260    
 27.586860      .73115940E-01
 19.358170      .12774090    
 12.271320      .72694140E-01
 5.3847850      .15146720    
 .25645080      .25182090E-01
 .12749180E-01  .15940310    
-.69844270E-02  .23416950    
 .94138910E-01  .23493120    
 .12812920      .26371550    
 .19238260      .20538780    
 .32761910      .14116860    
 .42124230      .19579740    
 .68273590      .23187230    
 1.0768730      .17358780    
 1.5904950      .16116080    
 2.3298030      .24606300    
 3.2301820      .26941810    
 4.3627680      .19109000    
 6.0589780      .14510250    
 6.4355070      .22691460    
 7.3509490      .24055210    
 8.5227170      .17155160    
 9.9323900      .17348610    
 10.050790      .21805220    
 8.2176650      .24759760    
 6.3093890      .19778070    
 5.0808320      .17397400    
 4.9921810      .23487650    
 4.4931390      .24439720    
 4.2482880      .19449080    
 4.2927740      .19264300    
 5.1604580      .23498300    
 5.8628670      .26695120    
 6.7270360      .21348920    
 8.9594750      .14737880    
 10.223610      .18421860    
 10.247620      .24119210    
 9.0773870      .20677910    
 5.8462100      .16005380    
 3.6759100      .22815800    
 4.9597670      .20377220    
 5.0695620      .98828230E-01
 4.7814840      .25060620    
 4.4297540      .32046030    
 4.0808580      .25919180    
 3.6971810      .91770250E-01
 11.034240      .91617020E-01
 18.807380      .86181680E-01
 22.341940      .14145350    
 27.228800      .10405680    
 25.983210      .10320910    
 19.802080      .89286420E-01
 12.007800      .95438590E-01
 4.9944090      .71586050E-01
 1.9621600      .15954190    
-.48163500      .14416490    
 .69243540E-01  .18768610    
-.21475190E-02  .14749250    
 .60006920E-01  .21147840    
 .15734400      .26099760    
 .27959960      .19756220    
 .46046790      .68453810E-01
 .71182110      .19895860    
 1.1412660      .23872290    
 1.7820020      .15566470    
 2.4945990      .11830860    
 3.4742300      .24947860    
 4.7998070      .26231550    
 6.7232570      .15044780    
 8.7294540      .11046750    
 8.8062070      .23936680    
 10.104890      .23629400    
 12.081730      .14314890    
 13.753400      .11603730    
 12.384300      .19996940    
 9.9108920      .24500060    
 8.1183820      .17291730    
 7.0833880      .12793080    
 6.2761860      .24249040    
 5.6246810      .26771440    
 5.4905690      .21528170    
 5.6688870      .13884180    
 8.6951480      .19391620    
 7.2448590      .26771530    
 12.203730      .18851880    
 11.300100      .84737030E-01
 10.757430      .17693170    
 9.2092530      .25742860    
 6.5308780      .21698810    
 2.2203460      .86946200E-01
 1.6585530      .22351420    
 4.8431140      .17884160    
 4.5153730      .10275930    
 3.3957940      .25326520    
 2.5141690      .29462270    
 1.2742220      .21949650    
 1.1103880      .44213220E-01
 12.529420      .89033510E-01
 18.862450      .11165830    
 22.151610      .14277930    
 25.869760      .24330090E-01
 23.219450      .21905990E-01
 12.905900      .10591060    
 5.7252960      .33710480E-01
 2.1855100      .12132470    
 1.1740990      .21598340    
 .47685640      .22975110    
 .67009410E-02  .17713270    
 .52213790E-02  .25759160E-01
 .28964690      .22533250    
 .54859770      .27878430    
 .73012630      .18435300    
 .92929180      .88694540E-01
 1.6313140      .22265330    
 2.3423850      .23978710    
 2.9140890      .11181780    
 4.7630300      .13995490    
 7.2627760      .25355010    
 8.2422900      .24386820    
 9.5889760      .10935840    
 11.100720      .14992510    
 13.172180      .24298900    
 14.781960      .21512570    
 16.034250      .38075970E-01
 16.864520      .38160920E-01
 14.570320      .22567230    
 12.237880      .25402310    
 9.9690170      .11945560    
 8.2167630      .13236290    
 6.3828400      .24662820    
 5.6219770      .26140440    
 5.8870350      .18808060    
 7.2850920      .25438350E-01
 12.647430      .17243930    
 16.690870      .18104970    
 15.342910      .16948440    
 12.860770      .73645760E-01
 10.828200      .20787830    
 7.8532930      .27391610    
 4.2568440      .21081880    
 1.0102210      .70772100E-01
 2.0319010      .23488500    
 4.4764840      .19425690    
 3.8785650      .18173130    
 3.0248070      .25289900    
 2.4655820      .27237740    
 2.1103230      .20077380    
 3.4452000      .14087590    
 13.433360      .12445370    
 18.461300      .11157180    
 20.868390      .13279550    
 21.366120      .82105550E-01
 16.860010      .10592450    
 7.9741320      .10323780    
 3.4158300      .11080340    
 1.9424370      .22105300    
 .88963060      .24971400    
 .45846490      .26867220    
 .00000000      .17474330    
-.27488480E-01  .12736430    
 .14804420      .22196810    
 .57768550      .25219980    
 1.1582540      .19137050    
 1.8283000      .17350350    
 2.5921140      .23124540    
 3.5161010      .23151420    
 4.7433370      .16009390    
 7.0277470      .19710390    
 9.2601380      .24114190    
 10.286020      .21941500    
 9.0646440      .16303880    
 13.037150      .18976210    
 14.704650      .22041210    
 15.326730      .18822720    
 14.597440      .11923180    
 13.493580      .14495130    
 10.871530      .21881200    
 9.1443450      .22506260    
 8.0983440      .14514400    
 7.6745040      .18944990    
 6.7058660      .25523640    
 6.8446260      .26275530    
 7.0428630      .18149330    
 10.253770      .13060290    
 16.059960      .12971020    
 18.742250      .10603340    
 16.433480      .16743550    
 13.965880      .15595780    
 11.517670      .22654870    
 8.2367310      .27034590    
 4.7973010      .21512110    
 2.7370800      .16558780    
 3.3074600      .25111840    
 3.9484550      .24057210    
 3.2738470      .19792180    
 2.7530390      .23122470    
 2.6677480      .25610340    
 2.9047700      .19806170    
 5.4719870      .15149710    
 13.390440      .12599640    
 17.236860      .68293440E-01
 17.934740      .14125030    
 14.683090      .24938930E-01
 11.235870      .14495540    
 3.2586480      .25316700E-01
 1.4637510      .14906000    
 .70928820      .20005660    
 .45644200      .23306810    
 .19390620      .26293050    
 .54997610E-02  .20323820    
-.24124450E-01  .16615080    
 .34092860      .21353940    
 1.0525680      .25157810    
 1.9731650      .21300160    
 2.8515270      .18046040    
 3.7944770      .22421750    
 5.0851970      .24514560    
 6.9863690      .21490210    
 9.4644920      .20256730    
 11.381490      .20734090    
 11.871940      .18156980    
 9.5826080      .17631970    
 14.508450      .16672460    
 15.238040      .19437240    
 14.590550      .20787500    
 12.451360      .19375900    
 9.2240030      .19528240    
 8.4410740      .20842590    
 7.5124780      .23426610    
 6.9121410      .20834990    
 6.7951680      .20556550    
 6.3384960      .22306610    
 7.2710700      .24621700    
 9.0041310      .19896430    
 12.885310      .14657490    
 18.407570      .88604510E-01
 18.689090      .14434470    
 16.657150      .18443140    
 15.395540      .15355660    
 12.185000      .22672000    
 8.7526930      .27738130    
 5.7942370      .23674850    
 4.3012970      .17979890    
 4.5736570      .23238860    
 3.3950860      .24818160    
 2.7286680      .14033210    
 2.6840500      .20375020    
 4.2017050      .26770000    
 5.3110590      .18250680    
 8.0127780      .11052840    
 12.826470      .13307390    
 14.716020      .15221550    
 13.937380      .14772520    
 11.949600      .87142590E-01
 7.1114430      .15122900    
 3.0107950      .13869070    
 1.4008360      .15855160    
 .21031500      .10257970    
 .37674890E-02  .23237660    
-.71674060E-01  .27216390    
-.51026470E-01  .21066800    
 .34992940E-02  .11455510    
 .66612450      .20106580    
 1.6593430      .25591230    
 2.8671680      .19740980    
 3.9749610      .11603650    
 5.1605450      .22284940    
 6.8539610      .26643460    
 9.2357870      .22342590    
 11.919690      .14055750    
 13.321920      .15932090    
 13.607740      .94456830E-01
 9.8362480      .11335010    
 15.777040      .70534190E-01
 14.999000      .19551590    
 13.206460      .24367580    
 10.233190      .20795790    
 6.7406300      .11993870    
 6.4173950      .19848660    
 6.2044600      .25789550    
 5.9324770      .23197380    
 5.9314450      .15427210    
 6.2905510      .18283660    
 8.1510850      .24835030    
 13.048720      .25074500    
 14.838380      .84550250E-01
 18.599200      .12737690    
 18.020900      .20494150    
 17.096720      .16963590    
 16.239140      .82001950E-01
 12.580130      .23874360    
 9.2956460      .29289350    
 6.8535440      .23773840    
 5.6878580      .11180960    
 5.5649980      .21708280    
 2.8897350      .22211160    
 2.3164850      .25584120E-01
 3.1807330      .21613860    
 4.0065780      .24615880    
 4.8336150      .11344510    
 7.1389690      .12580460    
 10.406930      .18144300    
 11.820270      .20229300    
 11.428720      .14302760    
 10.030170      .68947130E-01
 5.9964080      .19828880    
 4.7512080      .27356320    
 1.0772480      .14179900    
 .00000000      .10204210    
 .00000000      .25239540    
 .00000000      .28886310    
 .00000000      .19565750    
 .11674810      .37415540E-01
 1.2085090      .21878920    
 2.4038160      .26210780    
 3.7010750      .15788950    
 4.4740490      .83672350E-01
 6.1107380      .24591290    
 8.4286560      .28918030    
 11.384360      .20520760    
 14.344180      .25213600E-01
 14.640110      .13586730    
 13.772830      .57080970E-01
 9.7971800      .34632190E-01
 15.263040      .96468050E-01
 11.599820      .23521500    
 8.7314760      .27984170    
 6.3135030      .19368650    
 4.5632440      .37341710E-01
 4.5992230      .21125230    
 4.8775680      .26472710    
 5.0840030      .21605170    
 4.9513220      .38407230E-01
 7.2679510      .19635410    
 9.8419540      .28104960    
 12.486860      .21510850    
 14.719300      .71289900E-01
 14.183230      .19234200    
 14.433840      .24167820    
 15.701810      .14275840    
 14.735970      .12106970    
 11.212810      .25093730    
 8.8053590      .28860190    
 7.3407030      .21653120    
 6.6109520      .44626490E-01
 6.4601610      .23872190    
 2.2122400      .21763240    
 2.3166640      .12861460    
 3.0405840      .21061080    
 3.7726630      .21952850    
 4.2924740      .15633630    
 6.1501970      .18324210    
 5.3226500      .24990210    
 7.0194750      .25008830    
 9.7228520      .15115620    
 9.4764490      .14643890    
 7.5058050      .22792670    
 4.5785930      .23663860    
 1.4355620      .16249700    
 .00000000      .17476190    
 .00000000      .25543050    
 .00000000      .26969760    
 .00000000      .17913930    
 .27832850      .14003590    
 1.2419040      .23158020    
 2.3236480      .24961000    
 3.3019420      .15943130    
 4.0553250      .15804100    
 5.6024080      .24319580    
 7.9362300      .26752550    
 10.486980      .18057780    
 11.581570      .12073910    
 11.281620      .14414870    
 9.8423270      .13675650    
 9.8373810      .13987560    
 12.291080      .17880900    
 9.5712840      .24637980    
 7.0355440      .26383920    
 4.8522010      .18026470    
 3.4383350      .14110940    
 3.2394570      .23482990    
 3.5610330      .27661550    
 4.1300330      .20464720    
 4.7171230      .10955610    
 6.7503880      .20345030    
 9.0854880      .25922640    
 11.295440      .21287920    
 11.959960      .16924360    
 12.119320      .21778570    
 12.420450      .23423480    
 12.852760      .17971120    
 11.562130      .18887210    
 8.7993180      .24076800    
 7.1563190      .26422000    
 6.3733160      .20399520    
 6.5400440      .15270440    
 6.4280440      .27392490    
 2.2076490      .24213600    
 2.3199180      .17249120    
 2.9166330      .19641810    
 3.4283860      .22632060    
 3.5498330      .20629860    
 3.3795160      .19209630    
 4.7360450      .22163910    
 6.7399130      .24399120    
 8.7483440      .19810370    
 9.2815950      .17977580    
 7.2474580      .20390020    
 4.2262270      .23006150    
 1.4570970      .19166110    
 .00000000      .18126850    
 .00000000      .24762600    
 .00000000      .26189400    
 .00000000      .18936030    
 .34808960      .15901560    
 1.1765540      .23577470    
 2.0048230      .25459570    
 2.4344480      .19316400    
 2.9487810      .16475560    
 4.6466790      .23084380    
 6.8539580      .26399680    
 8.4131580      .20514670    
 8.2854560      .14975590    
 8.1907070      .15731190    
 7.4818560      .19373050    
 8.7355360      .19787250    
 6.7102350      .21650830    
 7.5280180      .23688440    
 5.4065860      .25807100    
 3.4833380      .19753930    
 2.3325660      .15914270    
 2.5286930      .22969810    
 3.1712690      .27049560    
 3.8499460      .20823890    
 4.4078610      .14120450    
 6.3725680      .20306790    
 8.2981540      .26538770    
 9.5880720      .23671150    
 9.3528230      .19070610    
 9.6251660      .20203310    
 10.048220      .23905540    
 9.8839480      .21966750    
 8.4254160      .18814540    
 6.4430780      .20598070    
 5.8391740      .25108270    
 5.7965710      .21550490    
 6.4384590      .18321320    
 6.3960670      .28623290    
 2.2022540      .25964010    
 2.2628350      .12931070    
 2.6986160      .17290870    
 2.9686770      .24219500    
 2.8165460      .21051870    
 2.5538760      .11969220    
 6.2786840      .19068540    
 6.5003700      .25858940    
 8.2937230      .22131870    
 9.6986230      .12932860    
 7.2172240      .16746930    
 3.8795650      .23044450    
 1.3885040      .16186350    
 .00000000      .13014080    
 .00000000      .24550950    
 .00000000      .25910790    
 .00000000      .16100620    
 .32428860      .11722500    
 1.0002360      .24688710    
 1.5054300      .26693840    
 1.4851470      .18489940    
 1.6614190      .97612700E-01
 3.6838380      .23154890    
 5.4636180      .27774450    
 5.9903470      .21842500    
 4.7953500      .85625860E-01
 5.6813250      .16704130    
 5.9847760      .23337180    
 7.3011870      .20058500    
 6.0492900      .14131060    
 5.7299550      .22510970    
 3.9906140      .25961840    
 2.2576560      .18421860    
 1.2543280      .96779620E-01
 2.0359690      .23162360    
 2.8848350      .27590040    
 3.5993350      .20148080    
 4.0997600      .68515660E-01
 5.8698440      .20990380    
 7.2420260      .28148980    
 7.6752230      .24061320    
 6.8269750      .13350400    
 7.2106960      .17608930    
 7.7074340      .25302310    
 7.1091440      .22566850    
 5.4326680      .11311280    
 4.6627180      .17715460    
 5.0390780      .25086430    
 5.5673780      .20407220    
 6.3141780      .13508240    
 6.3701330      .29605040    
 2.3409980      .29633840    
 2.1908160      .25672970E-01
 2.1333690      .19205190    
 1.6921850      .26158430    
 1.6812420      .19002890    
 2.4934350      .37276450E-01
 7.8505090      .19084230    
 11.077730      .20629260    
 11.447190      .18553800    
 9.5927220      .25111390E-01
 8.7244000      .14234210    
 4.8212310      .16273260    
 1.6420230      .10120630    
-.10586500      .12529370    
-.11997410E-01  .24404860    
-.37606810E-02  .24223350    
 .84849730E-02  .11097310    
-.18969150E-04  .13877390    
 .10188790      .26219530    
 .30888730      .27220170    
 .49639180      .15236590    
 1.0604220      .10076990    
 2.1090260      .24735260    
 2.6959820      .28950180    
 2.9697510      .21224360    
 3.0720250      .70044450E-01
 4.9346060      .20230500    
 5.3645030      .24327640    
 6.3532310      .16157520    
 5.3297610      .74699040E-01
 4.2281610      .24990000    
 3.3127020      .27536510    
 1.7129760      .15404020    
 1.4260330      .10232770    
 2.7971900      .25045460    
 3.5279500      .28060190    
 3.8442930      .18326010    
 3.7675670      .89626720E-01
 3.7653300      .23740930    
 3.8815240      .29260510    
 4.1242320      .22469210    
 4.4838620      .25430540E-01
 4.1032820      .19665510    
 3.7121820      .27678790    
 3.3729000      .21657970    
 3.1000990      .44386690E-01
 3.4590700      .18971360    
 4.3177870      .23884430    
 5.4743190      .15857340    
 6.3780290      .78176520E-01
 6.3544830      .34824260    
 2.4675250      .25254130    
 2.5417380      .13077570    
 2.4411950      .21030370    
 2.5447710      .25026410    
 2.8375090      .18804750    
 5.8831680      .15203790    
 10.773040      .15752700    
 14.389640      .12654470    
 13.833990      .15879420    
 11.396660      .10001030    
 9.3820860      .90568740E-01
 4.4919610      .75351920E-01
 1.3845170      .12248510    
 .12247880      .17471300    
-.41235200E-02  .22319570    
 .21608250E-01  .21974810    
 .64504300E-01  .15063930    
 .81431650E-01  .18565880    
 .32443910      .25511400    
 .73077160      .25557140    
 1.2635070      .16769910    
 2.2307320      .16617400    
 2.9786340      .24362280    
 3.2979160      .27254990    
 3.4133350      .20513150    
 3.3812020      .15954530    
 4.0639700      .23004400    
 4.5460840      .24976420    
 4.9554190      .15335830    
 4.3355500      .14921960    
 3.1339790      .23921540    
 2.3942710      .24788920    
 2.0837400      .16807410    
 2.9986760      .17849120    
 3.8720610      .25696640    
 4.1206200      .27009710    
 3.9939960      .19554960    
 3.4890930      .17490840    
 3.5151240      .24641210    
 3.6982300      .27417710    
 3.9612480      .19820090    
 4.1082520      .12510420    
 3.7856310      .22368260    
 3.3741730      .27454410    
 2.9603730      .21147940    
 2.4571510      .14642220    
 2.9528560      .20414050    
 3.7604100      .23033190    
 4.7326310      .14730570    
 4.6045910      .15120110    
 3.6388130      .31994360    
 2.6776810      .25284800    
 2.8961150      .15908750    
 2.8949180      .20618480    
 3.2663830      .25264610    
 3.9776210      .21210660    
 7.0043800      .16345470    
 13.116210      .95922010E-01
 18.620790      .11114100    
 19.289630      .15992460    
 18.480040      .24604720E-01
 11.101860      .91499650E-01
 7.5713820      .91691540E-01
 4.9957540      .15763580    
 1.1923490      .16728610    
 .12460690E-01  .18794470    
 .63961130E-01  .21972660    
 .13835770      .18419890    
 .22014650      .17507670    
 .67610020      .24457210    
 1.3582900      .25774600    
 2.3163870      .19520560    
 3.4456620      .15673120    
 3.7964480      .22965700    
 3.8282840      .26456130    
 3.8184150      .20424180    
 3.7330880      .16711960    
 4.2022960      .23570710    
 4.3963100      .25437010    
 4.3581420      .19285130    
 3.4881470      .17877160    
 2.8559820      .23091910    
 2.8251410      .24826810    
 3.3989060      .20091000    
 4.5919270      .19144500    
 4.8450320      .25173630    
 4.5107260      .27101680    
 3.9113650      .21733400    
 3.1545410      .18206670    
 3.2586100      .23470240    
 3.4999950      .26074920    
 3.7273090      .18934020    
 3.7154970      .14547390    
 3.4190250      .23981920    
 2.9715320      .28383340    
 2.4400330      .23031930    
 1.7950990      .16208470    
 2.3074840      .18451410    
 3.0530950      .22457980    
 3.5040810      .17688380    
 3.1182720      .17614170    
 2.6589240      .32953970    
 2.9215540      .24097530    
 3.2230040      .93260010E-01
 3.4891950      .20363880    
 4.1755930      .26836810    
 7.5255730      .26801510    
 8.0858030      .10711460    
 14.762790      .10169500    
 20.203510      .11832460    
 21.271680      .12439380    
 21.598700      .55104900E-01
 14.830540      .11375400    
 11.634720      .73705440E-01
 5.9632020      .16580620    
 1.2855130      .90686890E-01
 .41833640E-01  .17119500    
 .11765350      .22846240    
 .21575860      .15812590    
 .43695090      .12000610    
 1.1603010      .24894320    
 2.1092460      .26719930    
 3.4000630      .17768740    
 4.5849920      .81967140E-01
 4.3870350      .23120350    
 4.2337710      .26035200    
 4.1516730      .16516890    
 4.0313330      .11938880    
 4.1590080      .24702790    
 4.0459190      .26860920    
 3.6241130      .19942520    
 2.7643730      .13231200    
 2.9062940      .22118430    
 3.6148000      .25207950    
 4.9075960      .18538720    
 6.0678740      .14360470    
 5.4997850      .24844250    
 4.6518790      .27499580    
 3.6706310      .20099040    
 2.8103170      .11682710    
 3.0457600      .22462140    
 3.3107350      .25180540    
 3.4790170      .14905250    
 3.3459030      .11196290    
 3.0418190      .26226420    
 2.5424070      .30070630    
 1.9035230      .23206370    
 1.1314910      .87445740E-01
 1.6600520      .17201060    
 2.2019500      .23101990    
 2.1551660      .16578390    
 1.7330670      .13555350    
 1.8977560      .35399120    
 3.6074420      .22625250    
 3.7933050      .62951740E-01
 4.5332100      .22952170    
 5.8927900      .28962910    
 7.4230450      .22044910    
 9.2823230      .44256340E-01
 17.239010      .11709050    
 22.515600      .36997130E-01
 22.476170      .11852430    
 20.776100      .71772660E-01
 15.858630      .11184430    
 10.640180      .10249920    
 4.6332290      .15392340    
 .16643760      .69110280E-01
 .53203370E-01  .19552830    
 .17779700      .22674130    
 .32480870      .10977030    
 .90342030      .13735780    
 2.0125870      .25791990    
 3.2391950      .26686540    
 4.4767950      .14993890    
 5.3050010      .12190550    
 5.4346110      .24191150    
 5.1452870      .24326160    
 4.5725720      .11151460    
 3.6709040      .14097350    
 3.5845770      .24103770    
 3.2179490      .24811580    
 2.7071170      .15789810    
 2.4028020      .73622830E-01
 3.3432150      .23820560    
 4.5757040      .25342150    
 6.3768260      .12743460    
 6.8277120      .12140380    
 5.4210200      .27663460    
 4.1880230      .29109480    
 3.1017850      .16334370    
 2.3791220      .84212620E-01
 2.3349700      .23168860    
 2.5574670      .23946410    
 2.9590240      .11239570    
 2.7986610      .15736670    
 2.0009490      .27532780    
 1.4451130      .30374040    
 1.0045070      .21786420    
 .69843140      .71453680E-01
 .57202100      .20229330    
 .54731920      .23644350    
 .58212580      .11666920    
 .82935350      .13340940    
 .83693170      .32872470    
 3.8635420      .20509420    
 4.2222830      .15130460    
 5.2224980      .24316310    
 6.9486640      .28494760    
 9.1753230      .22087890    
 13.294140      .13734140    
 20.351380      .62937680E-01
 22.144900      .65069220E-01
 19.427080      .10213130    
 16.605600      .70174810E-01
 12.060800      .13005140    
 6.7291560      .11029650    
 2.5567820      .15685240    
 .25822050E-01  .15715220    
 .99541950E-01  .20372020    
 .30269850      .21422260    
 .57644930      .14874970    
 1.2551070      .17987960    
 2.3761460      .25130740    
 3.6477700      .25844790    
 4.8801530      .18811310    
 5.6277040      .19695880    
 5.7423840      .23885360    
 5.2193280      .22635520    
 4.3717630      .15651630    
 3.3135320      .18681490    
 2.6847650      .23297970    
 2.3814460      .23923020    
 2.2349910      .14869070    
 2.8119810      .14857230    
 3.9981450      .23978910    
 5.1734660      .23618430    
 6.1512760      .12866620    
 5.2031310      .16859890    
 3.7296230      .25440530    
 2.7694780      .25689980    
 2.1034030      .16090190    
 1.8655920      .16052970    
 1.8935350      .23283520    
 2.1621800      .23125720    
 2.4053650      .16623070    
 2.1324990      .19665400    
 1.5537340      .26892060    
 1.1051600      .28925800    
 .74394670      .21875710    
 .55435250      .17143560    
 .46439110      .22144670    
 .50743470      .22471130    
 .62015090      .14388520    
 .83890430      .19239260    
 .93690210      .31890040    
 4.2468850      .20460270    
 4.7410180      .15433740    
 5.5771320      .24761130    
 8.8896120      .34140570    
 11.306210      .30456520    
 14.625850      .16506340    
 19.132380      .66938300E-01
 19.398560      .82509090E-01
 16.299760      .22993020E-01
 13.468170      .11411630    
 8.6548010      .13451900    
 3.3793510      .69916460E-01
 1.4250100      .17989330    
-.27164840E-01  .16372360    
 .18134380      .18259390    
 .49600080      .21738010    
 .89997030      .17731200    
 1.6246460      .16289300    
 2.7860040      .24567170    
 4.0720900      .27301340    
 5.2817480      .23650690    
 6.0419890      .21053960    
 6.0260600      .21347870    
 5.1826480      .22960100    
 4.0547160      .20600970    
 2.8381890      .17507170    
 2.3218420      .19292820    
 2.2420850      .22759800    
 2.2932800      .18121110    
 3.0167750      .17749160    
 3.8895020      .23674610    
 4.5972020      .23751160    
 4.6470810      .17654060    
 3.5184190      .17745110    
 2.5302450      .24524900    
 1.9045920      .25719220    
 1.3958400      .19756690    
 1.2753500      .17480770    
 1.3990580      .22351210    
 1.6854190      .23910300    
 1.7945660      .19420900    
 1.5444690      .18004290    
 1.1305340      .25711120    
 .80300140      .28873510    
 .52245370      .23840030    
 .39726460      .19505150    
 .37294240      .21412250    
 .50681570      .23245510    
 .70623390      .20204780    
 .93773080      .20314720    
 1.0400770      .29137770    
 4.6597690      .16125600    
 5.4281070      .11468240    
 6.7458290      .27897060    
 8.2604940      .33388350    
 9.6886020      .26310940    
 10.617020      .10201020    
 14.048990      .11738590    
 15.380780      .14321080    
 12.817110      .12082400    
 7.5674240      .11930130    
 4.3708520      .10684070    
 3.0978020      .15739960    
 1.5323560      .19646550    
 .26397710      .87163760E-01
 .27949060      .17099890    
 .73315670      .22604300    
 1.2355510      .14529280    
 2.0080760      .11384510    
 3.2274430      .26055450    
 4.4957440      .29740690    
 5.6891170      .24965180    
 6.5472620      .15605550    
 6.1979990      .17870010    
 5.0108170      .24385860    
 3.6760780      .21499090    
 2.3062070      .88802080E-01
 2.1004960      .17317860    
 2.2258930      .23333250    
 2.4319710      .17654580    
 3.0662290      .13951140    
 3.5476640      .23620990    
 3.6841820      .24723910    
 3.0220380      .16776500    
 1.9095390      .12952610    
 1.5322090      .24603810    
 1.1712870      .26729470    
 .77233420      .19382910    
 .64793740      .11517170    
 .94758080      .21870810    
 1.2169930      .24577440    
 1.2330140      .16214200    
 1.0102950      .12167850    
 .79348590      .26051860    
 .56050030      .29664570    
 .34009810      .23399070    
 .23048890      .14004610    
 .32489440      .19844260    
 .54989990      .25019970    
 .81475330      .21567900    
 1.0730000      .14257990    
 1.1272180      .26704950    
 5.1476450      .12920450    
 5.2850490      .17293640    
 5.5912400      .31704310    
 5.9019430      .34058590    
 6.2061620      .23679090    
 6.4848630      .46895050E-01
 12.515550      .20821350    
 13.017290      .24039100    
 9.8921280      .18642820    
 4.6915740      .25702800E-01
 4.2343330      .17604240    
 2.1526310      .28742080    
 1.2856280      .20895730    
 .28606920      .77727750E-01
 .49999070      .21727280    
 .96902240      .24470650    
 1.5127640      .11804400    
 2.4502690      .17119650    
 3.6152090      .30395060    
 4.8053140      .32266870    
 5.9804880      .23605750    
 7.1820320      .38027750E-01
 6.0238820      .19639120    
 4.6354510      .28247820    
 3.2705860      .21835530    
 2.1037990      .75799420E-01
 2.0813800      .21549180    
 2.2706290      .24452160    
 2.5838350      .12593490    
 2.5685960      .12042370    
 2.0612090      .26877000    
 1.5564420      .26966110    
 1.0630530      .12129850    
 .72023050      .13412480    
 .51830480      .28515210    
 .33911610      .29552160    
 .17169860      .16472380    
 .12289800      .87158430E-01
 .30384120      .25052990    
 .50817670      .25912030    
 .70863930      .11575250    
 .71632680      .15087030    
 .57884410      .29247960    
 .42225090      .30756210    
 .24379600      .20467200    
 .86670750E-01  .25607680E-01
 .34819540      .21781450    
 .62497760      .27024430    
 .92727810      .19480380    
 1.2347960      .26037920E-01
 1.1777730      .30133280    
-999.00000     -999.00000    
 5.3889020      .28715390    
 5.6691060      .36973680    
 5.9631140      .35835540    
 6.2425830      .25497050    
 6.4210970      .21115470    
 5.7991230      .29419140    
 5.2847330      .32245240    
 7.8671200      .24018420    
 4.7698150      .18015710    
 4.1880550      .30686390    
 1.9785700      .31942430    
 1.0091240      .25620660    
 .30845990      .24677500    
 .69995620      .29123710    
 1.1247530      .28114260    
 1.4753140      .22192210    
 2.8959600      .28642990    
 3.9723170      .36959450    
 5.1111980      .35740390    
 6.2272900      .24037150    
 7.0321350      .14455900    
 5.6896390      .26303610    
 4.3719950      .31244500    
 3.1298490      .25400710    
 2.3491840      .24267850    
 2.2608810      .28676000    
 2.4972860      .26725520    
 2.7168510      .14925760    
 2.4199760      .21157280    
 1.9446840      .30554410    
 1.4618880      .27637170    
 1.0422740      .17070960    
 .67707380      .23616260    
 .50570290      .32636680    
 .32913590      .30350040    
 .16742500      .18913120    
 .19834990      .20769200    
 .37390570      .29875930    
 .55551730      .27805010    
 .70815210      .19517840    
 .63577200      .26096530    
 .48413860      .34774140    
 .32525900      .33011600    
 .17197790      .20623430    
 .18953370      .15717530    
 .45411650      .28119020    
 .74114240      .30243900    
 1.0194490      .20066910    
 1.3721530      .16985380    
-999.00000     -999.00000    
