KT3D ESTIMATES WITH:  pygeostat_saved_data                                      
 2   51   59    1  5.5000000      5.5000000      .50000000      5.00000      5.00000      1.00000       1
Estimate
EstimationVariance
 2.3299140      .27218670    
 .72151630      .66296850E-01
-.67694110E-01  .14231750    
-.74717750E-02  .24806590    
 .54734990      .23551920    
 1.0254910      .13597760    
 1.5938390      .16137010    
 2.4873660      .25415050    
 4.2424520      .30444500    
 5.7057050      .35524870    
 7.2195230      .38184870    
 8.6671700      .34590590    
 9.9608780      .23994470    
 11.676980      .89110460E-01
 12.482500      .16367680    
 13.659260      .34527880    
 14.204070      .48765690    
 14.441520      .59837750    
 13.782760      .68676360    
 13.688780      .75239780    
 14.133780      .79886370    
 14.139810      .83574130    
 13.298400      .85029240    
 12.976190      .83240790    
 11.030210      .78251400    
 9.9281640      .69015180    
 8.9201020      .55212740    
 8.4294550      .36393220    
 7.6004300      .13702280    
 7.3567060      .87222350E-01
 7.7940940      .30583500    
 8.1957450      .50201670    
 8.4790130      .64479920    
 8.6389680      .72823260    
 8.4992250      .75098880    
 8.5389640      .72087250    
 8.8100770      .65317980    
 9.0213380      .57501560    
 9.6133710      .52321750    
 10.557460      .52043110    
 11.877780      .54732160    
 13.372700      .55727860    
 15.588740      .52164390    
 17.991370      .43757510    
 19.841930      .34550660    
 20.532580      .33714750    
 19.922860      .44104990    
 18.623440      .58564500    
 17.151470      .72332690    
 15.583170      .83710960    
 14.106760      .92145780    
 1.5268660      .20154170    
-.60461730E-01  .44759110E-01
-.45963530      .15937220    
 .42564400E-01  .23010000    
 .66523600      .17598770    
 .89282090      .30078180E-01
 1.5088620      .12846140    
 2.5456510      .19371780    
 4.1707290      .22692850    
 5.6670590      .29957170    
 7.1276430      .32762620    
 8.4190350      .27885120    
 9.8955150      .16382700    
 11.673030      .31975420E-01
 12.722560      .17977130    
 13.973850      .34530140    
 14.583440      .46878110    
 14.824500      .56732990    
 14.127500      .64866810    
 14.156040      .71001080    
 14.999920      .75808930    
 14.675560      .79422800    
 13.769940      .81037500    
 12.275840      .79319530    
 11.270220      .74181850    
 10.100660      .64522500    
 8.9729070      .50078020    
 8.3020460      .30508610    
 7.4712060      .87023650E-01
 7.4552920      .13623610    
 7.9231740      .35952970    
 8.2885410      .53975930    
 8.5227650      .66212680    
 8.5163290      .72151510    
 8.4701740      .71833950    
 8.4892940      .65988690    
 8.3987570      .56460170    
 8.6010800      .46467250    
 9.0463890      .41322790    
 10.051490      .43733120    
 11.459930      .48713460    
 13.551680      .50035040    
 16.179250      .44866600    
 18.716150      .33341870    
 20.737770      .21332930    
 20.965970      .24976040    
 19.731120      .41415430    
 18.161910      .58545680    
 16.550840      .73211630    
 14.985320      .84727760    
 13.510540      .93014680    
 .92293000      .18602560    
-.34450680      .11516250    
-.36547090      .18384030    
 .43371690      .21817020    
 .89179700      .14826350    
 1.0433070      .68678590E-01
 1.6718010      .12879560    
 2.7368430      .11339820    
 4.2406700      .15908940    
 5.7317880      .26408730    
 6.9987920      .28077900    
 8.0744510      .21768430    
 9.6001270      .13060440    
 11.326220      .10714780    
 12.874560      .22205950    
 14.376020      .34285300    
 15.080900      .44274050    
 14.493610      .52806580    
 14.736470      .60285130    
 15.406710      .66002850    
 15.599250      .70927740    
 15.215590      .74954180    
 15.457460      .76834920    
 12.608270      .75644000    
 11.506400      .70739790    
 10.303040      .61310000    
 9.6650100      .47439010    
 8.4286980      .30171380    
 7.7204240      .17949250    
 7.8226920      .26453290    
 8.1789040      .43942160    
 8.4704690      .58708590    
 8.6126590      .68080820    
 8.6162180      .71222650    
 8.4975450      .68007280    
 8.3199690      .59291890    
 8.0692350      .46702660    
 7.9815860      .34157840    
 8.3778820      .30133610    
 9.4140560      .36816580    
 11.359090      .44094540    
 13.907240      .45220010    
 16.594940      .38152700    
 19.403020      .23001640    
 21.612480      .76975170E-01
 20.896180      .21234310    
 19.193110      .42298490    
 17.272650      .60476940    
 15.555740      .75155060    
 13.974930      .86355570    
 12.126920      .94041600    
 .52238410      .18151400    
-.38190350      .12751070    
 .15244800      .18712210    
 .93533480      .21037270    
 1.2019430      .14815050    
 1.3758080      .96670460E-01
 2.0022620      .10997940    
 3.0216380      .27470770E-01
 4.4740980      .14729990    
 5.8516640      .24925630    
 6.8142360      .23426820    
 7.6127660      .15032030    
 9.0246380      .11322640    
 10.998560      .15067070    
 13.185360      .23979380    
 15.006570      .32296080    
 15.652440      .40559300    
 15.283530      .48131190    
 15.512810      .54617400    
 16.405600      .60176280    
 16.182250      .65614650    
 16.628960      .70366900    
 15.439410      .73117230    
 13.833140      .72646990    
 10.994820      .68261210    
 11.064810      .59872580    
 9.3815160      .47886440    
 8.8320300      .35330290    
 8.1646270      .30561010    
 8.2433270      .38918690    
 8.5095390      .52228250    
 8.7205560      .63370880    
 8.8558970      .69586790    
 8.7755910      .69792440    
 8.4644530      .63840900    
 7.9781480      .52368620    
 7.4698770      .36426280    
 7.1918030      .20551360    
 7.6686800      .20201280    
 9.3190820      .32704280    
 11.455440      .41341230    
 14.063690      .41672660    
 16.842430      .33008420    
 19.753400      .15920650    
 21.533040      .43845550E-01
 20.027630      .25237360    
 18.177740      .46168130    
 16.375500      .63542400    
 14.993970      .77439790    
 12.760270      .87925580    
 11.372060      .95285560    
 .32771930      .14065260    
-.64921080E-01  .86018670E-01
 .87964300      .18351290    
 1.4637890      .20363510    
 1.5827740      .12888060    
 1.8165270      .55234790E-01
 2.3743890      .10238230    
 3.4724540      .84126890E-01
 4.8750500      .19141250    
 6.0014490      .24254100    
 6.5624100      .18038650    
 6.9975500      .61263650E-01
 8.2396810      .76848760E-01
 10.871120      .15755670    
 13.873590      .22462460    
 15.822750      .28069170    
 15.856050      .35760190    
 15.938820      .42584030    
 16.560530      .47845900    
 16.957350      .53701420    
 16.755160      .60153080    
 16.752530      .66059190    
 15.416770      .69809730    
 13.319660      .70471810    
 12.095690      .67089950    
 10.710210      .60260660    
 9.7260200      .51163100    
 9.2656980      .43407830    
 8.8771310      .42643140    
 8.6922350      .49801090    
 8.8890880      .59579570    
 9.1552530      .67225330    
 9.1635360      .70366040    
 8.9801410      .67897530    
 8.3884910      .59682290    
 7.5448360      .45865130    
 6.8101300      .26786060    
 6.3662930      .65921060E-01
 7.4033180      .15747050    
 9.3008070      .32260680    
 11.515220      .40415780    
 14.101410      .39607860    
 16.786810      .30611280    
 19.251620      .17262230    
 20.007250      .16471220    
 18.757420      .33266260    
 17.260410      .51346490    
 15.610650      .67045240    
 13.373500      .79814530    
 11.865160      .89440130    
 10.695850      .96096740    
 .60376730      .78850200E-01
 .86963250      .73131710E-01
 1.7548350      .18504210    
 2.0182510      .19432010    
 1.9697250      .96841000E-01
 2.1446890      .53161420E-01
 2.7402760      .14063380    
 4.0635690      .17354000    
 5.4170250      .23264530    
 6.2132340      .23362510    
 6.2042700      .13365350    
 5.9988300      .22141010E-01
 7.3515160      .37158410E-01
 11.175170      .15303310    
 15.183810      .17414140    
 16.526400      .22111600    
 16.198740      .30620240    
 16.857760      .36065370    
 17.189280      .40365050    
 17.723320      .46967510    
 17.774430      .55115700    
 16.882530      .62160580    
 15.380810      .67118050    
 13.814980      .68824570    
 12.018500      .67124840    
 10.653990      .62394260    
 10.213960      .56262310    
 9.5307490      .52145680    
 9.3931990      .53126960    
 9.1651260      .58689760    
 9.4774140      .65329050    
 9.5633170      .69842210    
 9.6525100      .70159640    
 9.0955210      .65669140    
 8.0712350      .55925200    
 7.4063320      .40879780    
 6.1738800      .20945550    
 6.1087800      .52714410E-01
 7.4611920      .20244870    
 9.2753120      .34698970    
 11.481450      .40774890    
 13.915720      .38921520    
 16.329700      .31216180    
 18.128400      .23945230    
 18.442970      .27714760    
 17.411040      .41237830    
 15.936850      .56525960    
 13.978690      .70358680    
 12.357950      .81887290    
 11.038540      .90597220    
 9.9052960      .96787230    
 1.7621280      .10714390    
 2.3290030      .11790690    
 2.7689530      .18100000    
 2.5773760      .18918760    
 2.1944370      .12585780    
 2.2474080      .13728460    
 3.1551770      .19159140    
 4.8303960      .22861200    
 6.1544200      .25157650    
 6.5449530      .22290660    
 5.7032420      .13075800    
 4.4285510      .50847320E-01
 6.7714290      .77270880E-01
 12.137960      .13706990    
 16.797820      .86739720E-01
 17.289410      .16852340    
 16.901250      .25569060    
 17.040330      .28208580    
 17.562560      .31763070    
 18.460350      .40397260    
 18.215580      .50346550    
 17.076260      .58918670    
 15.477220      .65212680    
 13.749540      .68251120    
 11.989030      .68183400    
 11.212030      .65602210    
 10.265790      .62110210    
 9.9323390      .60219420    
 9.8502940      .61605790    
 9.7311200      .65364060    
 9.9367270      .69243510    
 10.225650      .70767760    
 9.9722600      .69119950    
 9.5873100      .63283390    
 8.2557150      .53065660    
 6.8574050      .38662650    
 5.8182850      .22623820    
 6.2728640      .17447510    
 7.5653590      .28340020    
 9.2619050      .38167940    
 11.295090      .41588220    
 13.496620      .39045680    
 15.550330      .33426860    
 16.843200      .30686770    
 16.919500      .36079820    
 16.039980      .47590170    
 14.819060      .60735820    
 12.846270      .73010150    
 11.405770      .83365350    
 10.132660      .91444490    
 9.1332990      .97220340    
 3.2992640      .14451590    
 3.8102430      .10904360    
 3.7232220      .16851870    
 3.0461080      .19536510    
 2.2495780      .17110370    
 2.3410380      .18355490    
 3.7339420      .22175860    
 5.8720600      .24925990    
 7.2061350      .24690790    
 7.1095840      .21080860    
 5.3210750      .13660810    
 3.1093970      .24277590E-01
 7.1336790      .10824860    
 13.451420      .11314250    
 17.683310      .25209490E-01
 16.883890      .14248050    
 16.600140      .20314710    
 17.221230      .18513560    
 18.046420      .23272430    
 18.943720      .34766670    
 18.719680      .46306350    
 17.532580      .56578370    
 15.423480      .64075020    
 13.382890      .68778150    
 11.872060      .69939120    
 11.280550      .69237040    
 10.572780      .67630140    
 9.9968200      .66961050    
 10.248180      .67862140    
 10.305700      .69737150    
 10.665600      .70712480    
 11.209270      .70245130    
 10.749130      .67241910    
 9.5342150      .61118790    
 7.8039370      .51529430    
 6.5761590      .39583500    
 5.8937750      .29400900    
 6.4950850      .28715900    
 7.6724550      .35593650    
 9.1378270      .41073670    
 10.955860      .41952950    
 12.938040      .39005450    
 14.650410      .35285260    
 15.604810      .35345450    
 15.609510      .41533230    
 14.824970      .51937230    
 13.210660      .63596520    
 11.769510      .74702080    
 10.400830      .84272310    
 9.2614200      .91877840    
 8.4049910      .97405360    
 4.7271810      .13034850    
 5.2294410      .49913310E-01
 4.6882860      .16680430    
 3.5349330      .20309040    
 2.2782150      .18164190    
 2.3659770      .18359530    
 4.6332860      .22517340    
 7.3104730      .23994610    
 8.6916470      .21792530    
 8.0503860      .19355900    
 5.8292840      .14060590    
 4.7126410      .84620770E-01
 9.1731600      .15269330    
 13.980480      .11898120    
 15.963220      .57776740E-01
 15.836710      .11908800    
 16.509300      .14781880    
 17.560600      .71462700E-01
 18.942050      .17176350    
 19.564150      .30169260    
 18.947780      .43134870    
 17.636690      .54922890    
 15.526810      .63671220    
 13.374010      .69481450    
 11.446160      .72164050    
 11.364260      .72582660    
 10.833110      .72216240    
 10.485840      .71798180    
 10.921170      .71738970    
 11.338780      .71174340    
 11.623560      .70487220    
 11.681900      .68526170    
 10.717650      .64900700    
 9.1521850      .59102140    
 7.5800880      .51313140    
 6.3316230      .42739680    
 6.2834040      .37007350    
 6.7558230      .37281750    
 7.6620650      .40643980    
 8.9437000      .42381670    
 10.548210      .41032760    
 12.306190      .37732450    
 13.749170      .35368550    
 14.513610      .37366210    
 14.414330      .44371730    
 13.346270      .54300670    
 12.051730      .65080300    
 10.677780      .75473470    
 9.4430880      .84565900    
 8.4477750      .91950860    
 7.7432140      .97395980    
 6.2067050      .10829110    
 6.5348400      .70021670E-01
 5.7135610      .17937240    
 4.1011430      .19510280    
 2.1660060      .14182570    
 2.7219930      .15020110    
 6.0222010      .21238130    
 9.2248870      .20282560    
 10.780500      .16266430    
 9.5291530      .17667440    
 7.2006280      .17032860    
 7.2384280      .17276100    
 10.068550      .19528910    
 13.569950      .13878610    
 14.104310      .24922840E-01
 15.164580      .11109180    
 16.603640      .10621840    
 18.180090      .27396940E-01
 19.753210      .13770530    
 20.032510      .26188840    
 19.228660      .41098320    
 17.662240      .54150560    
 15.598190      .63878350    
 13.437000      .70491280    
 11.551440      .73992320    
 11.402130      .75190650    
 11.135530      .74953350    
 10.823170      .74017960    
 10.751170      .72537670    
 11.806130      .70629730    
 12.077400      .68236790    
 11.827290      .65475760    
 10.874680      .62122430    
 9.1165130      .57603590    
 7.2254410      .52080830    
 6.5764680      .46696540    
 6.5645490      .43404200    
 7.1789390      .42897110    
 7.6158270      .42990250    
 8.6762720      .41449300    
 10.094410      .38166050    
 11.655320      .34395840    
 12.951300      .33046940    
 13.550850      .37021110    
 13.324720      .45158470    
 12.150300      .54975510    
 10.892410      .65341260    
 9.6402800      .75380110    
 8.6299030      .84410920    
 7.7959840      .91840170    
 7.2580180      .97355790    
 7.4727070      .14066230    
 7.7828420      .12848080    
 7.0048440      .18114580    
 4.9745340      .16560220    
 2.0632140      .54709990E-01
 3.9756520      .12624530    
 7.8509990      .19671710    
 11.474670      .13751930    
 12.943610      .91050410E-01
 10.839940      .17545450    
 8.9731180      .21023340    
 9.1633610      .23153970    
 11.145030      .22917580    
 13.259280      .15638510    
 13.675960      .79026580E-01
 15.011610      .12784420    
 16.982500      .96736040E-01
 19.349420      .29694310E-01
 20.631820      .90277430E-01
 20.972020      .24018040    
 19.365630      .40490340    
 17.383800      .54035610    
 15.137320      .64395720    
 12.276360      .71347550    
 10.929880      .75166540    
 11.380650      .76714030    
 11.049600      .76350740    
 12.130950      .74469440    
 11.708170      .71457710    
 12.295330      .67739730    
 12.539280      .64095350    
 12.031480      .61272700    
 10.776580      .58951570    
 8.7454940      .56419610    
 8.2043060      .53295650    
 7.4847580      .50257850    
 7.3229580      .47762690    
 7.3342470      .45591650    
 7.5126050      .42408100    
 8.3535280      .37922980    
 9.5968710      .33040540    
 11.114620      .28564430    
 12.307500      .28419720    
 12.746600      .35108730    
 12.260310      .44471040    
 10.966950      .54324160    
 9.7961540      .64614970    
 8.7114970      .74732570    
 7.8264090      .83931380    
 7.1586780      .91576430    
 6.9894690      .97109280    
 8.7397050      .15798960    
 9.2655920      .12292170    
 8.9031190      .16616840    
 6.8234080      .13467000    
 4.1274890      .44406390E-01
 6.5164480      .15334060    
 9.7363790      .18393510    
 13.502570      .69277790E-01
 14.021900      .74830410E-01
 11.792030      .19166270    
 10.429030      .24056700    
 10.520940      .26755820    
 12.585170      .25627860    
 13.295330      .19120080    
 13.769940      .13966420    
 14.961520      .12011030    
 17.394350      .88698780E-01
 19.994120      .31580100E-01
 21.104890      .44795000E-01
 21.072350      .24750610    
 20.020370      .42157860    
 16.987450      .54160510    
 13.564460      .64434130    
 12.477930      .71425430    
 11.395870      .75425950    
 10.751100      .76487340    
 11.086270      .75629120    
 11.285850      .72640700    
 11.815410      .67969010    
 12.792330      .62587780    
 12.717020      .58187540    
 12.065850      .56093170    
 11.323410      .55621910    
 9.7685030      .55422750    
 8.6876610      .54691730    
 7.9216820      .52951120    
 7.6136850      .50016360    
 7.3159030      .45438860    
 7.3909310      .38856280    
 7.9168230      .31791640    
 9.1952140      .25826160    
 10.779790      .20071040    
 11.928120      .22508970    
 12.076950      .32687680    
 11.114820      .42652260    
 9.9004650      .52553080    
 8.7951290      .63178490    
 7.9371920      .73818780    
 7.3824160      .83405020    
 6.9596020      .91299800    
 6.8103000      .97047470    
 10.038410      .12094310    
 11.044680      .73975020E-01
 11.411900      .15037330    
 10.048330      .12993820    
 8.3314500      .12626260    
 9.0706720      .19140170    
 10.911770      .17989050    
 13.318470      .98605610E-01
 13.366920      .13323500    
 12.418080      .19983120    
 11.510090      .25354330    
 11.875360      .28991880    
 12.491840      .27964930    
 13.485880      .22260930    
 13.733320      .14103970    
 14.789750      .69363040E-01
 17.591570      .10023630    
 20.135350      .83237420E-01
 21.260140      .12028690    
 20.988270      .27678940    
 19.035640      .42603240    
 17.239020      .56096200    
 13.605510      .63904460    
 12.257300      .70715200    
 10.745430      .74158900    
 10.798260      .74995850    
 10.914910      .73340650    
 11.373950      .68878690    
 12.103440      .62304310    
 12.770870      .55250440    
 13.034420      .50617810    
 12.295640      .50212000    
 11.095730      .52542590    
 10.061080      .54947640    
 9.1981270      .55906610    
 8.4660400      .54428420    
 7.8292870      .50222000    
 7.2872650      .42715430    
 7.0240560      .32473360    
 7.4221770      .23399210    
 9.0499460      .17462800    
 10.787760      .92408580E-01
 11.846790      .18014650    
 11.412580      .30359290    
 10.041350      .39755820    
 8.7095400      .49894250    
 7.7570920      .61504090    
 7.1768700      .73040240    
 6.7763680      .83193930    
 6.5328070      .91301820    
 6.5500630      .97032030    
 11.179700      .75454730E-01
 13.039830      .76914330E-01
 14.833640      .13252280    
 14.128490      .12919740    
 11.632870      .17690050    
 10.639240      .21324340    
 11.101010      .18312760    
 12.026640      .14326110    
 12.890220      .14874620    
 13.091560      .18087910    
 12.574600      .25511090    
 12.120520      .30451550    
 12.130210      .29747530    
 12.657050      .23476720    
 13.374950      .10642120    
 14.897470      .40045840E-01
 18.137320      .12999910    
 20.415940      .14101330    
 21.198040      .18780200    
 20.376750      .29431080    
 18.502950      .42167950    
 16.328660      .54605170    
 14.127170      .65754210    
 11.669120      .68912050    
 10.147350      .71806310    
 10.566670      .72175080    
 10.652550      .69308990    
 11.392030      .63292090    
 12.465800      .54606260    
 13.187770      .45833220    
 13.010990      .41679760    
 12.405050      .44396220    
 11.226330      .50197280    
 10.442950      .54958320    
 9.8032600      .56743730    
 8.8071840      .54876660    
 7.9949970      .48705470    
 7.2057010      .37942650    
 6.5823720      .23504070    
 7.0820320      .13765560    
 9.5970290      .10634280    
 11.501530      .28348160E-01
 12.197370      .17512730    
 10.795030      .27498340    
 8.8431860      .35570690    
 7.5102560      .46897520    
 6.9583610      .60193980    
 6.5525710      .72801790    
 6.2873090      .83383670    
 6.1501680      .91489460    
 6.7425790      .96591200    
 12.190200      .12322160    
 14.935760      .11567010    
 19.028870      .81149390E-01
 17.629030      .11875580    
 13.390400      .20296900    
 10.829860      .21390790    
 9.6990030      .17071610    
 10.873220      .14405400    
 13.047670      .10269740    
 13.614540      .14483630    
 13.027950      .25717140    
 12.439500      .31789930    
 12.826100      .31111300    
 12.896690      .23942460    
 13.519590      .12109170    
 15.564480      .10483220    
 18.567570      .15039440    
 20.826120      .17215010    
 21.327530      .20341310    
 19.910080      .28628460    
 17.462940      .40687620    
 14.833630      .53005300    
 13.614250      .62676730    
 12.455760      .69099780    
 10.673750      .68374250    
 10.121640      .67922000    
 10.044330      .63775040    
 11.440310      .56171100    
 12.753580      .45121130    
 13.730130      .34458700    
 13.289780      .32168340    
 12.429590      .39703440    
 11.275720      .49081250    
 10.708990      .55520210    
 10.157280      .57386860    
 9.1055000      .54409960    
 8.0302930      .46048920    
 7.2460880      .32106300    
 6.2647130      .12785030    
 7.5310860      .61297900E-01
 11.374360      .95765170E-01
 13.390850      .94896120E-01
 12.791480      .17606640    
 9.9931120      .22634820    
 7.6878410      .30389090    
 6.8046260      .44575770    
 6.3954340      .59899490    
 6.1291850      .73311880    
 5.9288320      .83979890    
 6.2114410      .91442940    
 5.9772800      .97041290    
 12.760650      .16454480    
 16.191950      .10381990    
 22.009180      .22937330E-01
 18.349310      .13968180    
 13.465160      .21575410    
 9.7065140      .18810060    
 7.5944100      .12139210    
 10.099560      .11290850    
 13.856040      .25762350E-01
 14.455090      .13512650    
 13.328800      .27007050    
 12.304370      .33251480    
 12.856350      .32098280    
 12.921130      .24862880    
 13.847160      .15754010    
 16.164000      .11667360    
 19.042740      .14247780    
 21.285590      .16334310    
 21.496750      .16827910    
 19.062740      .25894520    
 16.281230      .38677390    
 14.204220      .50346610    
 12.989630      .58869840    
 13.226760      .64347260    
 12.003580      .66018020    
 10.307810      .63979200    
 10.720190      .58500090    
 11.840210      .48880200    
 13.032960      .34337920    
 13.846970      .21340660    
 13.448450      .23811730    
 12.253960      .37493100    
 11.271030      .49566650    
 11.041910      .56450710    
 10.442410      .57770880    
 9.3709400      .53378140    
 8.3145390      .43045090    
 7.7032880      .26984220    
 7.3101790      .73939030E-01
 10.348760      .69810080E-01
 14.276390      .11316730    
 15.763200      .11656870    
 13.099580      .14580550    
 8.6893460      .14881040    
 6.7660850      .25970460    
 6.3118470      .44224950    
 5.6426450      .61034040    
 5.4231050      .74564620    
 4.9143790      .84961340    
 5.4739710      .92188190    
 5.8257450      .96794900    
 12.384870      .15558650    
 15.358850      .57543070E-01
 19.697600      .84394310E-01
 17.043910      .18442850    
 12.509680      .21587990    
 7.6956260      .13493270    
 5.2331600      .46954710E-01
 10.343790      .92314630E-01
 14.571620      .30099800E-01
 14.604620      .15815030    
 13.172640      .29250960    
 12.036910      .34527780    
 11.952120      .32774730    
 12.573320      .25551550    
 14.187950      .15617340    
 16.606080      .58596520E-01
 19.415960      .12095780    
 21.840880      .11546750    
 21.673080      .98770570E-01
 18.018100      .23377660    
 15.614500      .36880760    
 14.177230      .47453340    
 13.738310      .54555110    
 12.385470      .58351900    
 11.119010      .59110720    
 10.254450      .56546900    
 10.296070      .50683980    
 11.993180      .39959280    
 13.657960      .23435750    
 14.378420      .77096730E-01
 13.192290      .20345690    
 11.634420      .38636760    
 10.940310      .51472800    
 11.245090      .57842340    
 10.105030      .57803140    
 9.0221210      .52001950    
 8.5194230      .40367980    
 8.7330430      .24181870    
 10.516790      .89846340E-01
 14.398080      .67540940E-01
 17.457370      .10543150    
 18.128880      .70921250E-01
 12.528860      .94420310E-01
 6.9363690      .59222470E-01
 5.8762120      .25847040    
 5.3912090      .46556920    
 4.8929000      .63459580    
 5.0908010      .76461330    
 5.4310570      .85949650    
 5.3441720      .92290870    
 5.6861860      .96196330    
 11.531470      .11574610    
 13.793260      .38659330E-01
 17.335250      .14534940    
 15.518920      .21250420    
 11.352350      .20682390    
 6.4954790      .97661430E-01
 5.9608810      .62644410E-01
 11.224330      .93594450E-01
 14.600380      .40600300E-01
 14.034810      .20642240    
 12.522760      .32012220    
 11.347640      .35304790    
 11.548490      .32446680    
 12.508820      .24901420    
 14.578980      .12945780    
 17.302040      .33068750E-01
 19.926010      .10411640    
 22.232130      .52113800E-01
 19.983750      .67621840E-01
 15.708650      .21542000    
 14.103830      .34551690    
 13.365280      .43685470    
 12.007800      .49136040    
 10.314060      .51459810    
 9.8966770      .51772630    
 9.4342580      .49197780    
 10.029760      .43509310    
 11.392170      .32734970    
 13.684270      .15581960    
 14.212320      .43949270E-01
 12.708510      .24632790    
 11.362650      .42808080    
 10.995630      .54315810    
 11.103340      .59197030    
 10.296320      .57892920    
 9.3525010      .50782000    
 9.2568090      .38400590    
 10.343850      .22726130    
 13.803200      .63878850E-01
 17.306200      .59090050E-01
 19.741290      .78332580E-01
 18.924810      .38761990E-01
 11.389960      .76406630E-01
 6.7419930      .91437060E-01
 6.0683700      .31261500    
 5.5241810      .50917860    
 5.5228490      .66596430    
 5.6893740      .78425040    
 5.3691310      .86703770    
 5.2408130      .91959280    
 5.5567980      .95029340    
 12.016450      .13064710    
 14.279890      .10941040    
 15.966300      .17428510    
 13.984290      .22131120    
 10.560830      .19955020    
 7.7279340      .12136500    
 8.5735280      .11975930    
 11.693000      .12273670    
 13.461120      .14779380    
 12.807870      .26774920    
 11.469750      .34504370    
 9.9298950      .35078700    
 10.884220      .30949160    
 12.412970      .23153720    
 15.332530      .12808690    
 18.338800      .86108330E-01
 19.942560      .62458490E-01
 20.780700      .35982440E-01
 15.761040      .69143930E-01
 13.646780      .20102310    
 13.627980      .31896350    
 12.941990      .38833720    
 11.972180      .42819250    
 10.328930      .44243550    
 8.9172110      .43867360    
 8.5546640      .42157700    
 9.3946530      .37587720    
 11.404880      .28406440    
 13.265270      .16377430    
 13.262850      .16686730    
 11.964460      .33210820    
 10.988420      .48187080    
 10.974760      .57574800    
 11.016650      .60507250    
 10.289940      .57795730    
 9.6738360      .49604850    
 9.9343610      .36819350    
 11.815150      .21030780    
 15.360310      .62297620E-01
 18.046520      .85893120E-01
 19.508700      .10194180    
 16.710990      .11980710    
 10.869000      .14087330    
 7.6341090      .21560320    
 6.5764130      .39063940    
 6.2817820      .56058480    
 6.2458920      .69856760    
 5.7972630      .80078360    
 5.2869300      .86893430    
 4.9961640      .90841130    
 5.2818140      .92988470    
 12.845250      .17183800    
 14.850850      .12876250    
 15.179790      .16852910    
 13.155060      .21842570    
 10.797760      .19165250    
 9.6338140      .12709810    
 10.584200      .13625380    
 12.160180      .17539420    
 12.175470      .23971650    
 11.272950      .31958480    
 9.7620170      .35370870    
 9.3851500      .33369680    
 10.243630      .27914040    
 12.608220      .20512860    
 16.278490      .12264770    
 20.199310      .77553740E-01
 20.252440      .19584920E-01
 18.328870      .20985150E-01
 12.017920      .41010790E-01
 13.138400      .20037810    
 13.528960      .28424960    
 12.823950      .32880120    
 11.099980      .35775090    
 8.7645030      .35859020    
 7.6364090      .35726870    
 7.5622000      .35749570    
 9.0954630      .33208570    
 11.207110      .27385110    
 12.805700      .22850600    
 12.286920      .28561760    
 11.146970      .41805070    
 10.530060      .53652270    
 10.807340      .60347190    
 10.982550      .61477600    
 10.350660      .57346320    
 9.7243920      .48382080    
 10.463530      .35300050    
 12.703270      .19019580    
 15.633970      .26344550E-01
 17.551560      .11470510    
 17.710940      .16805170    
 14.686440      .19976740    
 10.660920      .23193560    
 8.2716980      .32128270    
 7.4585240      .46555000    
 7.1207390      .60877800    
 6.5142350      .72603520    
 5.8276670      .81019590    
 5.0289500      .86075850    
 4.9071080      .88820050    
 5.1897530      .89991330    
 13.620290      .17686540    
 15.239700      .76880510E-01
 14.354400      .15148450    
 12.611690      .21222090    
 11.434350      .16785890    
 11.576120      .75010350E-01
 11.795680      .14187660    
 12.001610      .23001340    
 11.233060      .29908760    
 10.191020      .34866460    
 8.8489150      .34260090    
 9.2288940      .29354770    
 9.7891120      .23212990    
 12.978470      .16384540    
 17.726260      .69770250E-01
 23.571830      .34388990E-01
 22.088920      .59748440E-01
 16.846240      .70104550E-01
 13.175110      .10905450    
 13.849820      .20256120    
 13.943160      .22981970    
 12.936810      .25893760    
 10.764750      .28134380    
 8.1130100      .26576160    
 6.3250820      .27626290    
 6.8799480      .30321060    
 8.6766990      .29970730    
 10.923230      .28469690    
 12.048950      .30156380    
 11.268120      .38307030    
 10.327060      .49281400    
 9.9878570      .58226590    
 10.355030      .62538050    
 10.512180      .61787980    
 9.8322390      .56369650    
 9.7929570      .46904730    
 10.757410      .34065730    
 12.871840      .18667470    
 15.093050      .91481830E-01
 16.329290      .17931080    
 15.733670      .23279700    
 13.237790      .26594500    
 10.482480      .31206880    
 8.9280550      .40349040    
 8.1383940      .52786980    
 7.4724320      .64744590    
 6.6377020      .74431470    
 5.5421410      .80767790    
 4.9128040      .84288510    
 4.7996070      .85604510    
 5.1228690      .85828620    
 13.495950      .15043900    
 14.909980      .27591300E-01
 13.153440      .15818650    
 11.936310      .20538880    
 12.036330      .13252620    
 12.607230      .29551900E-01
 11.892170      .17897880    
 10.755330      .27973830    
 9.9094900      .33626740    
 8.7360690      .35017390    
 8.4682190      .30810720    
 7.7675170      .22516440    
 8.5769430      .16982630    
 12.952640      .11483480    
 19.004740      .21516700E-01
 25.316570      .33751500E-01
 22.353960      .82561640E-01
 17.838900      .11728040    
 15.666780      .16320300    
 15.205900      .17928780    
 14.567970      .14739150    
 13.164730      .19170480    
 10.246420      .20165140    
 6.4174190      .15880970    
 5.3039830      .20785530    
 6.2819400      .25631830    
 8.0794070      .27208400    
 10.560220      .30298900    
 11.175770      .36713870    
 10.182660      .46143200    
 9.5096910      .55362350    
 9.4122560      .61700450    
 9.9031930      .63716450    
 10.055150      .61181360    
 9.3644950      .54691270    
 9.4955030      .45205230    
 10.674320      .33704540    
 12.468860      .22391180    
 14.143010      .19349900    
 14.808040      .24339750    
 14.047840      .27990090    
 12.204300      .31407650    
 10.545520      .37174840    
 9.3606860      .46324870    
 8.4602640      .57249050    
 7.5019170      .67480320    
 6.2582740      .75011590    
 5.1901250      .79699600    
 4.6129370      .81518350    
 4.7850680      .81247770    
 5.1660790      .80671830    
 12.565130      .14942660    
 12.593070      .93481560E-01
 11.326170      .17216040    
 11.071200      .20156910    
 11.516190      .13817240    
 11.462490      .12483140    
 10.622720      .23913520    
 9.8524340      .31865610    
 9.2169580      .35155510    
 8.9436380      .33190100    
 6.8912340      .24953780    
 5.6556160      .12692390    
 7.3877420      .11212270    
 12.809600      .10144330    
 19.982560      .77492860E-01
 24.029360      .65871730E-01
 22.105420      .64186580E-01
 19.344280      .14151510    
 17.520740      .17488510    
 16.410090      .12584100    
 15.423870      .53491350E-01
 13.824590      .14461490    
 9.4440670      .12056580    
 4.6349790      .55737620E-01
 4.2399540      .16506880    
 6.1693380      .20596040    
 7.9910330      .24261930    
 9.9876300      .32453890    
 10.321790      .42495070    
 9.3207910      .52328180    
 8.7202480      .59935360    
 8.8430810      .63883610    
 9.3738400      .63641010    
 8.9502370      .59252800    
 8.6467550      .52121630    
 8.9212930      .43314310    
 10.098940      .34331450    
 11.739910      .27518040    
 12.979530      .26359890    
 13.294380      .28194840    
 12.547600      .30159910    
 11.455770      .34038670    
 10.391890      .40926890    
 9.4927140      .50119110    
 8.4154870      .59715250    
 7.2817670      .68315590    
 6.0132990      .74262600    
 5.1689520      .76828910    
 4.6584380      .76862680    
 4.6220080      .75177930    
 4.9718890      .73934220    
 10.631210      .16587660    
 9.9721730      .11061820    
 9.5623270      .17037760    
 10.032670      .20848380    
 10.427570      .18823520    
 9.2640340      .21376540    
 9.3965320      .28737090    
 9.2108740      .33912210    
 9.2397220      .34844980    
 7.6974020      .29675750    
 5.9006460      .17502820    
 3.8410540      .26835930E-01
 6.9261200      .84418300E-01
 13.572240      .10972000    
 20.369530      .94538180E-01
 23.041130      .46312640E-01
 22.248370      .68516990E-01
 20.568430      .14004450    
 18.604370      .16215700    
 17.274090      .89895780E-01
 16.545230      .59848130E-01
 14.739410      .10850930    
 8.7465270      .72659780E-01
 3.6448990      .58615910E-01
 3.7499890      .13171950    
 6.2810830      .13710680    
 7.8903480      .21936080    
 8.2569600      .35448860    
 9.4570040      .47876800    
 8.4074430      .57327540    
 7.9981580      .63043420    
 8.1354510      .64625390    
 8.4232130      .62011150    
 8.0593420      .56052200    
 7.7842360      .48470820    
 8.1115270      .41100160    
 9.2836400      .35145770    
 10.717280      .31333440    
 11.684920      .29674910    
 11.711020      .28583650    
 11.215360      .29326490    
 10.767550      .34531590    
 10.186390      .42740160    
 9.3352180      .51807740    
 8.3419110      .60763660    
 7.0261110      .68008100    
 5.8100060      .71948580    
 4.8681860      .72793950    
 4.4031030      .70752250    
 4.4302790      .67566170    
 4.3307340      .66000720    
 8.2014910      .14804380    
 7.2414480      .61190850E-01
 7.8446920      .16993540    
 8.4874890      .22528700    
 9.2182500      .23567870    
 7.8156070      .26358080    
 8.3525350      .30880820    
 9.4628050      .33983100    
 8.7163780      .32967040    
 7.3137550      .25378580    
 5.3758410      .10279130    
 4.0498390      .29157370E-01
 7.5496400      .51906630E-01
 14.705880      .10200760    
 20.802910      .50356370E-01
 22.292180      .70867930E-01
 22.728940      .75821290E-01
 21.281180      .11292750    
 19.047120      .14561020    
 17.918970      .11789910    
 17.728160      .94000760E-01
 15.710160      .53875940E-01
 7.8899520      .87644850E-01
 2.8134450      .74605750E-01
 3.5077420      .79759870E-01
 6.7088700      .55778130E-01
 7.5572230      .23232880    
 7.4479910      .40153430    
 7.4995880      .52871030    
 8.3677920      .61434600    
 7.2541990      .64897110    
 7.4682050      .63932440    
 7.5398160      .58827250    
 6.9900380      .51166140    
 6.7090230      .43543750    
 7.1793470      .38270090    
 8.3280970      .35308540    
 9.5816500      .32910930    
 10.158080      .29376490    
 10.243760      .25069300    
 10.123610      .25793420    
 10.011550      .33428460    
 9.8455070      .42888760    
 9.1874920      .52100930    
 8.0640630      .60426950    
 6.7052610      .66240900    
 5.3381870      .68741650    
 4.5014160      .67419020    
 3.9307530      .63059260    
 3.9060490      .58383150    
 3.8292810      .57096200    
 5.9594710      .11457070    
 5.2939140      .55769910E-01
 6.3885770      .18446870    
 7.3013350      .23837130    
 7.3465140      .25757750    
 8.0835730      .27290020    
 9.4066740      .29989250    
 9.2930150      .32265360    
 9.5020140      .30176000    
 8.3992680      .21321260    
 6.6644370      .70029340E-01
 6.1140840      .47904140E-01
 9.5672450      .47854790E-01
 16.124500      .84718400E-01
 20.216400      .29877970E-01
 20.775910      .93594540E-01
 22.537230      .24467370E-01
 20.514830      .84160680E-01
 18.701290      .13272280    
 17.954870      .14861970    
 17.945880      .86616510E-01
 14.369030      .48171450E-01
 5.9943870      .10337830    
 1.4145090      .24598710E-01
 3.5090470      .58153740E-01
 6.3954220      .90017490E-01
 6.5323720      .29425050    
 6.2297400      .45914350    
 6.5524570      .57499030    
 7.4774610      .64131310    
 6.2810060      .65169970    
 6.1493810      .61462460    
 6.2591740      .53865680    
 5.5195790      .44374560    
 5.3256520      .37152880    
 6.0186410      .34747920    
 7.2897630      .34567670    
 8.2595370      .32394380    
 8.7252930      .25826720    
 8.7667300      .17603680    
 9.1027070      .20834000    
 9.4932560      .31951540    
 9.3503400      .41938480    
 9.0106920      .50910250    
 7.7042260      .58756310    
 6.0733930      .63694030    
 4.8020680      .64479330    
 3.9981870      .60723030    
 3.6145520      .53857990    
 3.4196690      .47721350    
 3.1813960      .47675770    
 4.6307240      .14561250    
 4.2108390      .12894240    
 5.0426880      .18992160    
 5.9117740      .23589360    
 6.7810630      .24833960    
 8.4215460      .24462950    
 9.5529410      .26998390    
 10.062290      .29769200    
 10.239570      .26974790    
 10.123050      .18386680    
 9.5261530      .10995160    
 9.6323390      .10020570    
 12.755310      .10631790    
 16.655040      .61710120E-01
 17.908770      .75694520E-01
 17.697670      .10172820    
 18.840580      .55835570E-01
 18.459510      .37896460E-01
 17.775140      .13213260    
 16.987520      .16960250    
 15.495550      .11845800    
 10.064790      .10767930    
 3.6302680      .10639190    
 1.0612230      .76332960E-01
 3.4599500      .12588760    
 5.5035450      .21482220    
 5.3917830      .37843690    
 5.2325620      .52067720    
 5.6971090      .61611970    
 6.3870520      .65856430    
 6.2403110      .64409360    
 5.3060150      .57784520    
 5.0618940      .47192140    
 4.1866200      .35556820    
 4.0925050      .29397370    
 5.0188610      .31010780    
 6.2685050      .33370200    
 7.0892080      .30530750    
 7.2827850      .19904950    
 7.3852710      .70189740E-01
 8.4066920      .17724340    
 9.3884420      .30568560    
 9.3509200      .39978920    
 8.2642980      .48785000    
 6.6695990      .56460530    
 5.4858640      .60494490    
 4.3592080      .59386350    
 3.6157930      .52953110    
 3.1744760      .43133530    
 2.6958120      .35745210    
 2.5047200      .38651370    
 3.6659530      .19182080    
 3.2127510      .14362340    
 3.9433500      .16584810    
 5.2970140      .21788190    
 6.8049970      .20805120    
 8.8174020      .18040060    
 9.9139030      .23230600    
 10.592900      .27241860    
 11.849520      .23149490    
 13.040470      .15139090    
 13.086560      .13420430    
 13.475210      .14333230    
 15.427450      .11918550    
 16.400540      .23509200E-01
 14.863790      .97237230E-01
 12.705660      .96215780E-01
 14.577070      .73586450E-01
 16.593710      .40080660E-01
 16.479010      .15267730    
 15.071570      .19208490    
 11.813750      .15177120    
 6.1008460      .10464790    
 1.7557770      .11432290    
 1.1783190      .15883010    
 3.5948530      .22250690    
 4.9321370      .32494750    
 4.3112630      .46033020    
 4.1226050      .57727940    
 4.6042570      .64935180    
 5.1539130      .66516530    
 4.9436550      .62501550    
 4.3905150      .52873570    
 3.5307490      .38944400    
 2.8583370      .24554830    
 2.6776810      .21018780    
 3.7729890      .28164700    
 5.2922650      .32518740    
 5.9213650      .28543110    
 6.2021400      .14949370    
 6.6252290      .39765670E-01
 8.2937760      .18794820    
 9.2611680      .28570790    
 9.0790630      .36628150    
 7.8784940      .45996040    
 6.0825150      .53792040    
 4.7542410      .56841250    
 4.0105080      .53729850    
 3.3056440      .44419700    
 2.5741280      .31019190    
 1.8674130      .22952810    
 2.0117010      .31734740    
 2.9242750      .20314090    
 2.1254920      .89359960E-01
 3.5249910      .12970750    
 5.6449100      .19350110    
 7.1468900      .13818870    
 9.1455510      .99199200E-01
 10.470160      .21053970    
 12.011940      .24766430    
 14.415760      .17815840    
 16.645650      .91036600E-01
 16.412310      .13871080    
 16.803120      .15260850    
 17.606790      .11216800    
 16.196970      .79880640E-01
 11.273990      .99365970E-01
 7.0404470      .52248650E-01
 12.201670      .67030520E-01
 15.454780      .60784380E-01
 14.883830      .18215730    
 12.462420      .21450550    
 8.0860240      .14771990    
 2.6146570      .41812450E-01
 .46723690      .13939510    
 1.4763910      .23304870    
 3.4254590      .31254120    
 4.0075010      .41550800    
 3.2797120      .53007680    
 3.3294790      .62388580    
 4.2484230      .67148970    
 4.6848010      .66183720    
 5.0612080      .59655530    
 4.1488130      .47447650    
 2.5600090      .29931480    
 1.3384770      .11590400    
 1.7464210      .15114560    
 3.1476280      .27910930    
 4.4459610      .32704940    
 5.1407850      .27962840    
 5.6436610      .16544380    
 6.6751620      .13489100    
 8.2833440      .20279290    
 9.1429920      .24405710    
 8.6547920      .32168840    
 7.1984270      .43089520    
 5.6720390      .51078510    
 4.4740250      .53073560    
 3.6021240      .48081570    
 2.7384050      .35903180    
 1.8589890      .18123600    
 1.1573250      .11424740    
 1.8722360      .29513630    
 2.5061600      .18573960    
 1.8066490      .26566480E-01
 4.3555490      .13010510    
 6.1666880      .17305580    
 7.8623000      .68416580E-01
 9.7260950      .81178990E-01
 11.181110      .21559250    
 13.466730      .22571700    
 17.102820      .11553550    
 19.729970      .38000930E-01
 18.892260      .14350310    
 19.619920      .12378480    
 19.579200      .95949200E-01
 16.295220      .11004520    
 8.5655710      .80974360E-01
 5.2718470      .47097710E-01
 11.904400      .54366190E-01
 13.966300      .96370770E-01
 12.304210      .22489510    
 9.6685550      .23561890    
 5.0308780      .13635040    
 .72523160      .59935250E-01
 .82203810E-01  .20003200    
 1.6809160      .30144370    
 3.0672890      .38806540    
 3.1228210      .48641850    
 2.8055430      .58466210    
 3.2008350      .65771750    
 3.7838210      .68339630    
 4.2129410      .65263250    
 4.4513130      .56713570    
 3.8755620      .42427520    
 1.8701160      .22483430    
 .37023110      .29781490E-01
 1.4409630      .16829790    
 2.6999790      .30422340    
 3.9115970      .34069700    
 4.6176580      .29446540    
 5.4130640      .22002030    
 6.6652270      .19752810    
 8.3161750      .18324120    
 9.1790360      .17292790    
 8.2452330      .28025730    
 6.7067830      .40984240    
 5.3435830      .48731260    
 4.0793980      .49550130    
 3.3927780      .43063780    
 2.5038650      .29004270    
 1.2443520      .82394790E-01
 .89446090      .96319470E-01
 2.1455350      .33195250    
 3.1303060      .18079440    
 3.6573800      .89230810E-01
 5.6269590      .15094060    
 6.6220270      .16660830    
 8.3088490      .10549900    
 10.332420      .15832330    
 11.913640      .23052890    
 14.849250      .20965750    
 18.545060      .10935360    
 20.366940      .10618440    
 20.620230      .14348980    
 22.000600      .50832960E-01
 21.940830      .55754080E-01
 17.234190      .11294900    
 9.7474520      .11589690    
 8.6837230      .12752350    
 12.039900      .12574890    
 12.144680      .20033950    
 10.165260      .27913640    
 6.9350210      .26456990    
 3.0511420      .17999240    
 .32274920      .17481810    
 .22420950      .27105700    
 1.6800840      .35849570    
 2.4980370      .44408430    
 2.4065270      .53721400    
 2.6604420      .62345570    
 3.1179630      .68038030    
 3.4158960      .68703130    
 4.0748880      .63934800    
 4.1434550      .54237840    
 3.3196850      .39390150    
 1.6583570      .21189110    
 .61573280      .12464220    
 1.4739280      .24597870    
 2.5474290      .34439060    
 3.5388660      .36218520    
 4.1860540      .31964770    
 5.1004030      .26389810    
 6.5749020      .21622460    
 8.4493740      .12168180    
 9.0769710      .92499680E-01
 7.6414640      .26514240    
 5.9408920      .39905290    
 4.8170370      .46832980    
 4.1027080      .46854320    
 3.4053060      .39766720    
 2.4176050      .26317050    
 1.4725400      .12815950    
 1.4611280      .21023050    
 2.1356450      .40707450    
 4.5689730      .19377190    
 6.0864330      .11934280    
 6.8814570      .15093990    
 7.1542410      .18140300    
 8.5318720      .17934000    
 10.565180      .21672350    
 12.550540      .23471510    
 15.327660      .20219580    
 18.559090      .15794020    
 20.788750      .16824340    
 21.963110      .13601150    
 23.965940      .33009540E-01
 24.847340      .22431090E-01
 18.865460      .13439360    
 12.080010      .17913010    
 10.464130      .20198090    
 10.751980      .22190510    
 11.196950      .28562190    
 7.3963680      .32294280    
 5.3520630      .30337040    
 2.0017500      .25285460    
 .79097580E-01  .26418950    
 .77484730E-01  .32467640    
 1.2266710      .39668660    
 2.1753470      .48023810    
 1.9203390      .57089590    
 2.4541670      .64826640    
 3.3049050      .69277300    
 3.7835070      .68389370    
 4.2029340      .62818650    
 3.9741250      .52850930    
 3.0097420      .39303420    
 1.7016120      .26513810    
 1.3282770      .24724700    
 1.6249570      .32825240    
 2.5383100      .38540200    
 3.0807110      .38285980    
 3.7318700      .33842580    
 4.6983080      .28213850    
 6.2241410      .20830230    
 8.2160560      .69179100E-01
 8.1551730      .10118780    
 6.6438540      .28045150    
 5.4965690      .39720240    
 4.7510560      .45565420    
 4.2002630      .45233390    
 3.4713280      .38912450    
 2.6629990      .29001330    
 2.1149520      .24184140    
 2.2151310      .33498700    
 2.8584410      .49338250    
 6.3576200      .18530290    
 8.4447810      .74327110E-01
 7.6651340      .14369800    
 7.3812320      .20922330    
 8.6473720      .23123030    
 10.203450      .23759940    
 12.622000      .21549480    
 15.655090      .19465720    
 18.641890      .19634890    
 20.785690      .19652340    
 22.353490      .13877020    
 25.095620      .50180240E-01
 27.813080      .50860170E-01
 20.090950      .17691130    
 13.778470      .23883830    
 10.906760      .27202040    
 9.7369750      .30466210    
 7.9003070      .34954700    
 4.9195400      .36799750    
 2.1493770      .34375180    
 .33033820      .31346640    
-.95578530      .31628530    
 .25951110      .34949090    
 1.7104270      .40996720    
 1.8953420      .49831460    
 2.3578160      .59081590    
 3.4285880      .66333110    
 3.2999050      .69372930    
 4.2882330      .67829780    
 4.9966670      .61989770    
 4.4731210      .52627790    
 3.3098390      .41839950    
 2.4008760      .34180740    
 1.9332470      .34517120    
 1.9777400      .39326600    
 2.1056050      .41649140    
 2.7867200      .39291710    
 3.5231660      .33727470    
 4.2029080      .27580020    
 5.6459740      .20090840    
 6.9700900      .12091970    
 6.7427720      .18194190    
 5.8487940      .30297060    
 5.1931240      .39566210    
 4.7832920      .44710870    
 4.3039110      .44844110    
 3.7433070      .40496400    
 3.2121450      .35148440    
 2.9186220      .35553170    
 3.1122380      .44519810    
 3.7227980      .57475430    
 7.8250180      .15223500    
 9.5617890      .27247810E-01
 7.9425230      .16082480    
 7.4428830      .23597700    
 8.0107120      .25325320    
 10.020650      .22064500    
 12.358460      .16470630    
 15.386810      .17876000    
 18.543980      .21212600    
 20.839210      .20082980    
 22.006090      .13453240    
 24.053920      .21861090E-01
 26.636790      .10430080    
 20.047100      .22564920    
 14.561200      .28861250    
 10.592200      .32902710    
 8.4660820      .36638110    
 6.1744520      .40073100    
 3.3921480      .40657000    
 .97550590      .38149180    
-1.0227830      .34802780    
-1.0851340      .32954180    
 .21163190      .34105640    
 2.0626370      .40177600    
 1.8750730      .50134850    
 2.5230230      .59914270    
 3.4317510      .66566990    
 4.2598920      .68948840    
 5.2036410      .66854920    
 6.1387420      .61002900    
 4.9940810      .53618840    
 3.8701560      .45538560    
 4.0669810      .40584280    
 3.7218330      .41057710    
 2.9226550      .43523010    
 2.7990090      .42841800    
 2.4064680      .38204330    
 3.0713550      .31252310    
 3.8741140      .25242500    
 4.6862940      .20603950    
 5.5469840      .18438840    
 5.4587820      .23018200    
 5.0470450      .30986260    
 4.9249600      .38920900    
 4.8819120      .44236890    
 4.6651520      .45551090    
 4.3734350      .43735400    
 3.9673490      .42256020    
 3.8291490      .45317650    
 3.9670860      .53598200    
 4.5414230      .64490640    
 8.2661070      .14359130    
 8.3274940      .90312100E-01
 6.9817220      .18504070    
 6.7410640      .25231290    
 8.0332820      .25161040    
 9.6523380      .16921650    
 11.661830      .83382990E-01
 15.191770      .16742670    
 18.417630      .20968700    
 20.806020      .18372190    
 22.216530      .12928350    
 24.409300      .94047760E-01
 24.511300      .17741520    
 19.370210      .26231470    
 14.143010      .31919190    
 9.5588270      .36506390    
 6.1086840      .41184230    
 3.9441070      .43661770    
 1.9195890      .43532940    
-.30586580      .40323550    
-.92550850      .35244310    
-.68346230      .30252840    
 .58682520      .29970820    
 2.2709960      .37875320    
 2.9884640      .49459240    
 2.7191250      .59875510    
 3.8981410      .66164740    
 5.7063960      .67615410    
 6.7391710      .65065460    
 6.6804550      .59865260    
 6.7635170      .53913310    
 6.2555350      .48689270    
 5.1040540      .45619650    
 4.4488460      .45588340    
 3.9456230      .45371370    
 3.3116320      .42079710    
 2.6350500      .34794150    
 2.3034020      .26007350    
 2.8082210      .21593110    
 3.9381660      .21275030    
 4.3640920      .21381260    
 4.3216260      .23318540    
 4.4664030      .29467930    
 4.7990030      .37844020    
 5.0392490      .44126700    
 5.2761800      .46940260    
 5.0262410      .47591180    
 4.9776810      .48750310    
 4.8745550      .53046210    
 5.2199060      .60539200    
 5.6127650      .69784420    
 7.4378920      .14545100    
 6.6861340      .10343690    
 6.1877680      .19512620    
 6.3515120      .25834170    
 7.8358340      .23691310    
 9.2197400      .11073710    
 11.475440      .45997820E-01
 15.354140      .17687100    
 18.622820      .18614570    
 21.144960      .14288930    
 23.290370      .13691280    
 25.235870      .15688370    
 23.409430      .21619850    
 18.354540      .27702870    
 13.071660      .33215140    
 8.5686030      .38526800    
 4.2533850      .43174030    
 2.3209310      .45410020    
 .36898930      .45150630    
-1.0313180      .40456180    
-1.6406940      .32465290    
-.54368160      .23470560    
 1.0597650      .23509560    
 2.4386320      .35387260    
 3.0191730      .48900160    
 4.4439580      .59275690    
 5.8224660      .64806090    
 6.4948510      .65204970    
 7.4703470      .62490010    
 8.1550550      .58389340    
 7.7205360      .54100900    
 7.3781500      .50754950    
 6.1808710      .48628670    
 5.1616900      .47823510    
 4.2645040      .45611560    
 3.2254420      .39631960    
 2.2448190      .29021530    
 1.6494500      .17704010    
 2.0662300      .17322240    
 3.0537930      .21216240    
 3.3396190      .20286100    
 3.5769630      .19078770    
 4.2220640      .26477560    
 5.0936790      .36720140    
 5.7009210      .44222130    
 6.1546470      .48575850    
 6.2861490      .51044750    
 6.0784800      .53803940    
 6.2405500      .58439420    
 6.4180570      .65270140    
 6.7151860      .73326050    
 6.3917080      .10566760    
 5.4374200      .69377750E-01
 5.7936130      .20338460    
 6.3123970      .25976180    
 7.5471680      .22871080    
 9.3670220      .12811000    
 12.270810      .13421420    
 15.719110      .19083680    
 18.872880      .13278640    
 21.749900      .82769600E-01
 24.592370      .13993290    
 25.572040      .17256570    
 22.566620      .21467900    
 16.762350      .26510140    
 11.148000      .32479650    
 6.6152770      .38804770    
 2.6519680      .44171240    
 .59058920E-01  .46835220    
-.22352660      .45106910    
-1.2557610      .38970570    
-1.7493930      .27032460    
-.58864520      .13223520    
 1.6150550      .17339940    
 2.6374640      .34595850    
 3.8257930      .49090540    
 5.7511320      .58579970    
 7.4054270      .62360840    
 8.1532690      .62105830    
 9.0490780      .58899940    
 9.6197530      .55715730    
 9.2851330      .52979980    
 8.8376830      .51129130    
 8.2073690      .50029410    
 6.6709560      .48547940    
 4.5802560      .44215930    
 3.1519990      .35800300    
 1.7975360      .21477000    
 1.0401280      .69365280E-01
 1.6320980      .15093030    
 2.1625360      .20544780    
 2.4762260      .15143800    
 2.8287740      .11638390    
 4.1521190      .24204370    
 5.5921750      .36030160    
 6.6058440      .44397310    
 7.2298430      .49928980    
 7.4346330      .53550000    
 7.5063160      .56948030    
 7.5078790      .61588760    
 7.5962610      .67846470    
 7.7970360      .75146030    
 5.4762320      .79511810E-01
 4.8987890      .10031420    
 5.2416350      .21400280    
 6.2881600      .26057570    
 7.8240770      .24114660    
 9.8156130      .19472180    
 12.804770      .20417010    
 16.067400      .19214990    
 19.241810      .69784540E-01
 22.751630      .63609480E-01
 26.008910      .12054810    
 25.632890      .14623860    
 21.296890      .17574000    
 14.509760      .23099450    
 8.7344140      .30110950    
 4.4860590      .37893200    
 1.5364730      .44442410    
-.22905550      .47251420    
-2.0882800      .44820260    
-1.8555720      .36411390    
-1.6737160      .21349240    
-.14794330      .31608740E-01
 2.0088820      .17270950    
 2.8506500      .36440510    
 4.3916520      .49700370    
 6.2202700      .56917690    
 8.3178550      .58933350    
 9.3745000      .57468800    
 10.593810      .54355660    
 10.611520      .52121300    
 10.744550      .50537340    
 10.095080      .49887600    
 8.8934230      .49223720    
 7.0344670      .47103760    
 5.0887930      .41954630    
 2.6792670      .31698210    
 1.2731390      .15391310    
 .64527300      .40077770E-01
 1.3412830      .17245780    
 1.7842200      .19547570    
 1.8130350      .78288210E-01
 2.6546730      .74162990E-01
 4.5833980      .23843490    
 6.4237510      .35420920    
 7.7258850      .44316080    
 8.4776840      .50567850    
 8.8880380      .54621710    
 9.0746960      .58083620    
 8.8398690      .62440720    
 8.8550150      .68369570    
 8.6806740      .75423440    
 5.2053400      .13542280    
 4.7026810      .14534630    
 5.1093760      .21222210    
 6.2365690      .26332700    
 8.0636670      .26662710    
 10.283210      .25012350    
 13.278920      .23953460    
 16.613670      .18959950    
 20.003350      .99046930E-01
 24.195590      .98667730E-01
 27.490720      .57619440E-01
 24.932600      .98924380E-01
 19.002410      .10727370    
 11.670640      .18535280    
 5.9528520      .26586090    
 2.6896440      .36531300    
 .43313890      .44202170    
-1.3309830      .47186330    
-1.7473710      .44237110    
-2.6132170      .35018720    
-1.1569310      .19648920    
 .29710880      .98521370E-01
 1.7378090      .24274920    
 3.8018750      .39742050    
 5.4805880      .49777260    
 7.7960590      .54365270    
 9.7430580      .54126670    
 10.838190      .51332220    
 11.959210      .48082830    
 12.033790      .47070480    
 11.725090      .47211070    
 11.045480      .47320210    
 9.5621020      .46718810    
 7.2680940      .44339950    
 5.0411530      .38818500    
 2.8368130      .29002170    
 1.3015800      .16387250    
 1.0032480      .14200390    
 1.5456710      .21191880    
 1.8704730      .19292710    
 2.1228900      .90625350E-01
 3.3752010      .12580760    
 5.4077840      .23556720    
 7.5974170      .34378280    
 9.0652150      .43749200    
 9.8740060      .50179650    
 10.318350      .54012780    
 10.489250      .57030400    
 10.515640      .61079720    
 10.157790      .67034720    
 9.7317600      .74470750    
 5.1649580      .16845480    
 4.7904260      .13102460    
 5.1787290      .19695040    
 6.3414090      .26910840    
 8.0720340      .28963740    
 10.595290      .27898030    
 13.512450      .24649880    
 16.913160      .18988520    
 20.816980      .14371510    
 25.171560      .10181160    
 27.060630      .32368060E-01
 22.655160      .54391400E-01
 15.529540      .55727620E-01
 7.9284800      .12787870    
 3.7993290      .23024850    
 .97892030      .35559710    
-.79899010      .44050510    
-1.4981040      .47139200    
-2.3834960      .44183500    
-2.4821710      .35504010    
-1.0873830      .24397050    
 .59361490      .22028890    
 2.5371010      .32222280    
 4.5457310      .42728290    
 6.5806740      .49171590    
 9.1561660      .50468520    
 10.784870      .47769810    
 12.077560      .43300680    
 12.890510      .40895710    
 12.963690      .41406080    
 12.751120      .42734130    
 11.786120      .43281430    
 9.6126840      .42685360    
 7.0903810      .40577620    
 4.8202780      .35736620    
 2.8716120      .28227190    
 1.5636920      .21588810    
 1.3228960      .22145130    
 1.9264030      .24327890    
 2.3311640      .20571460    
 3.0219680      .14454060    
 4.4797680      .14470730    
 6.6849410      .21322260    
 8.8755100      .32888010    
 10.363340      .42606970    
 11.171240      .48613500    
 11.596760      .51573900    
 11.728640      .53735450    
 11.674680      .57636150    
 11.235380      .64311130    
 10.506380      .72810100    
 5.1839900      .14859470    
 4.9020440      .65632440E-01
 5.1855860      .18991660    
 6.3207470      .27675940    
 8.0713540      .30188120    
 10.332120      .28100370    
 13.129490      .22566440    
 16.834470      .17644570    
 20.935410      .15420940    
 24.594260      .11231880    
 24.076630      .99461350E-01
 18.666250      .71280900E-01
 10.356810      .46880670E-01
 3.9082830      .54963310E-01
 1.7596840      .21637270    
 .28738840      .35367120    
-1.1757030      .44142450    
-2.2797720      .47526060    
-2.9359610      .45142370    
-2.5426670      .38406370    
-1.0454120      .31772010    
 .94272170      .31945290    
 3.3346530      .38303630    
 5.5430580      .44426400    
 7.0767350      .47079150    
 9.6167100      .45071030    
 11.745900      .39551940    
 12.997650      .33493170    
 13.524960      .32441900    
 13.680730      .35214120    
 12.934090      .37042330    
 11.868900      .37745320    
 9.9117370      .37692120    
 7.3475520      .36259850    
 4.8058870      .32754840    
 2.8829390      .28467770    
 1.8375550      .26089140    
 1.7268440      .26571700    
 2.1279120      .25979800    
 3.0972160      .21910570    
 4.1698520      .15837800    
 5.7752510      .96607690E-01
 8.1771850      .18212080    
 10.460180      .31541730    
 11.871890      .40951510    
 12.607280      .45875720    
 12.988510      .47268780    
 13.084860      .48312050    
 12.866970      .52597220    
 12.201020      .60819450    
 11.181760      .70928900    
 5.4990740      .11271720    
 4.7552860      .57245300E-01
 4.9845070      .20306370    
 6.1157240      .28033620    
 7.8122690      .29933840    
 9.9473040      .25715850    
 12.704040      .17083440    
 16.374920      .13884410    
 20.632470      .13460770    
 22.854780      .11976750    
 20.529500      .13997850    
 14.311400      .10013250    
 6.0188620      .18542910E-01
 1.7261820      .73461100E-01
 .40617660      .22791880    
-1.0671620      .35447030    
-2.0620940      .44482560    
-3.2942960      .48383420    
-3.6006960      .46967690    
-2.4870660      .42587170    
-.68149600      .38658310    
 .97166570      .38959330    
 4.0852130      .41909490    
 5.8282760      .44244840    
 8.2742290      .43228640    
 10.919500      .38072680    
 12.746570      .29606600    
 13.797430      .21909790    
 14.118080      .24152150    
 14.147380      .28938460    
 13.819660      .30521110    
 12.601030      .31172730    
 10.250810      .31703650    
 7.3500290      .31231090    
 4.7005330      .29384340    
 2.8990010      .28331350    
 2.0973770      .28323300    
 2.1306730      .27801770    
 2.7797330      .25586790    
 3.9118730      .21674160    
 5.4879980      .13373950    
 7.3017490      .26533880E-01
 10.076760      .17499910    
 12.062610      .30315890    
 13.331780      .38760560    
 13.970680      .41875000    
 14.311600      .40920590    
 14.345440      .40828240    
 13.838420      .46651400    
 12.821470      .57442440    
 11.512670      .69421490    
 5.1843010      .14280770    
 4.3339560      .13161610    
 4.2734830      .21071370    
 5.3802990      .27429810    
 7.1270040      .28404020    
 9.0240690      .21297650    
 11.899720      .77619370E-01
 15.982030      .98151190E-01
 19.967850      .79956570E-01
 20.353000      .11222550    
 16.688330      .16962500    
 10.558090      .13046890    
 4.4381000      .92080640E-01
 .84995480      .13394810    
-.51610060      .23319130    
-1.4848810      .35828070    
-2.8562640      .45616570    
-3.7601130      .50083160    
-3.6977180      .49644060    
-2.7872110      .46625220    
-.70021480      .43716600    
 1.6611110      .42768730    
 4.3402910      .42870170    
 6.6392240      .41948110    
 9.1902430      .37795290    
 11.880040      .29667340    
 13.621530      .18456850    
 14.331380      .96614580E-01
 14.802770      .18265330    
 15.029200      .22376850    
 14.594180      .22850600    
 13.121950      .23386860    
 10.314060      .25119820    
 7.0783920      .25366040    
 4.4295270      .25095980    
 2.8489490      .27238000    
 2.3112570      .28196540    
 2.6515250      .25957080    
 3.6325400      .22850920    
 5.1033470      .20129250    
 7.0847540      .12416570    
 9.5063930      .79131550E-01
 12.182660      .17804250    
 13.718240      .28857310    
 14.552030      .36157040    
 15.092900      .36629310    
 15.554860      .32351140    
 15.407930      .31714790    
 14.493490      .41051960    
 13.108050      .55097800    
 11.567690      .68733560    
 4.6916950      .18595610    
 3.7400290      .14811150    
 3.8493300      .19364350    
 4.8525840      .26189070    
 6.2800310      .26390060    
 8.4110770      .17037480    
 11.207680      .32548380E-01
 15.317770      .94258010E-01
 18.782760      .25251010E-01
 17.603180      .13895450    
 13.745240      .20465170    
 8.6295770      .17834420    
 3.3607800      .14170450    
 .26299090      .12852570    
-1.6116940      .22405970    
-2.9738960      .36666460    
-3.7746020      .47213240    
-4.5068720      .51989310    
-4.6094190      .52255400    
-1.9779580      .49559120    
 .31942160      .46246140    
 2.9948260      .43477750    
 5.4590630      .41182620    
 7.5143540      .37895150    
 10.330850      .30953270    
 12.804760      .20219090    
 14.199060      .89381090E-01
 14.723080      .44125130E-01
 15.299150      .15579750    
 15.676610      .14351020    
 15.259030      .14497730    
 13.428600      .14616830    
 9.9193560      .18866020    
 6.4588990      .18092800    
 3.9647120      .20066390    
 2.7178100      .25567950    
 2.5777660      .25955030    
 3.2721680      .20840880    
 4.6012950      .18110110    
 6.4512940      .18903420    
 8.9407690      .14601040    
 11.916520      .10428710    
 14.185120      .15765580    
 15.080240      .27648340    
 15.624430      .33497570    
 16.147320      .30284690    
 16.532740      .21453210    
 16.028040      .22387480    
 14.740940      .37618550    
 13.038520      .54527400    
 11.352710      .69070660    
 3.5969640      .19068840    
 3.0742710      .97121270E-01
 3.1365340      .16642600    
 3.7389360      .25033230    
 5.2267840      .24848650    
 7.6332800      .16690010    
 10.734140      .11213640    
 14.391910      .12384330    
 16.594880      .10787090    
 15.476180      .20179580    
 12.063110      .24281270    
 7.4930410      .21299500    
 3.1136220      .13248100    
-.21351280      .67006190E-01
-1.9213640      .22740970    
-3.1823430      .38871630    
-4.4736940      .49149920    
-4.6886820      .53727040    
-3.9532690      .53993360    
-2.0926510      .51301480    
 .76487840      .46042270    
 3.2701950      .41156600    
 5.7920570      .37199510    
 8.3519730      .32427060    
 11.276030      .23008500    
 13.530480      .10181090    
 14.520700      .76631080E-01
 14.920160      .11740040    
 15.535080      .13388080    
 16.072050      .45437590E-01
 15.483830      .71268960E-01
 13.166710      .69934850E-01
 8.9591060      .14020990    
 5.5242910      .86697990E-01
 3.3974320      .16340310    
 2.6063820      .23990280    
 2.9051540      .21934280    
 3.9804170      .12170110    
 5.6134120      .13389130    
 7.8245510      .19139760    
 10.758460      .15499100    
 14.226220      .49351510E-01
 15.610470      .14305790    
 15.963340      .27880250    
 16.368850      .31212150    
 16.929510      .23468850    
 17.374590      .86902040E-01
 16.247270      .16921700    
 14.246950      .37879620    
 12.628840      .55908320    
 10.885180      .70298500    
 2.9195540      .16126750    
 2.3715260      .26461010E-01
 2.5222550      .16339610    
 3.2994990      .24357700    
 4.7259490      .24219580    
 6.8239660      .18961720    
 9.7240510      .16736090    
 12.892480      .17163380    
 14.433810      .19883080    
 13.510870      .26021320    
 10.696210      .27581380    
 6.8095730      .22703680    
 2.8653320      .10304270    
-.17299480      .66597050E-01
-1.7156040      .27098140    
-3.1866630      .42367580    
-4.2400870      .51547340    
-4.4841360      .55172920    
-3.2928700      .54586980    
-1.4809840      .50270030    
 .41285040      .43552300    
 3.2129650      .36078010    
 5.3595620      .31742900    
 8.4224360      .26799570    
 11.566450      .15590450    
 14.003570      .24865590E-01
 14.366380      .12539000    
 14.668220      .17300300    
 15.204210      .12046150    
 15.427210      .46093810E-01
 14.551460      .53936560E-01
 11.530620      .90448000E-01
 7.4671240      .10973250    
 4.3864440      .27870740E-01
 2.7938370      .16438750    
 2.5601960      .22689660    
 3.3226910      .17357950    
 4.7248390      .29743800E-01
 6.5747300      .13647160    
 9.0534520      .21035400    
 12.208400      .15577910    
 15.357590      .51227880E-01
 16.062250      .18959550    
 16.339800      .29841660    
 16.718550      .29843820    
 17.229010      .18568950    
 17.456240      .36707850E-01
 15.721720      .20703270    
 13.572760      .41819760    
 11.536780      .58633240    
 9.7539460      .71867410    
 2.2584720      .15328260    
 1.9577560      .83883170E-01
 2.2308440      .17351980    
 2.9725490      .23516830    
 4.1828750      .23557650    
 5.8895800      .19533470    
 8.5352520      .18452210    
 11.388210      .21371740    
 12.930850      .26115340    
 12.327860      .30215930    
 9.9934490      .29784490    
 6.8618850      .23632800    
 3.2953810      .14211120    
 .57252640      .18146230    
-1.3704020      .33530880    
-2.8715400      .46042800    
-3.9292450      .53401200    
-3.9840600      .55737440    
-2.9708550      .53651970    
-1.1397890      .47166100    
 .58048730      .37532430    
 2.4341680      .28456980    
 5.0124400      .25048240    
 8.4153580      .22726660    
 11.491670      .13782310    
 13.323310      .10445800    
 13.671720      .19709450    
 13.923250      .21329770    
 14.071820      .14939530    
 13.536280      .11242440    
 12.171490      .10874700    
 9.1785950      .14335790    
 5.7633120      .11756200    
 3.2190060      .93645290E-01
 2.2625070      .17707130    
 2.6736520      .21823680    
 3.8125030      .15877590    
 5.3961810      .92231530E-01
 7.3977840      .19854550    
 9.9636520      .24501170    
 12.875540      .19352000    
 15.132700      .16939050    
 15.891710      .26567200    
 16.273630      .32818590    
 16.561040      .30158640    
 16.820030      .19734000    
 16.356850      .15343320    
 14.618440      .30222820    
 12.563060      .47657610    
 10.618290      .62092960    
 8.9073800      .73423120    
 1.7938560      .18262510    
 1.9777120      .12334270    
 2.1434770      .15982520    
 2.7641430      .22221680    
 3.5251840      .21613550    
 4.9147460      .16169080    
 7.5898920      .17332970    
 10.513180      .24289270    
 12.205830      .30039930    
 11.920630      .32614060    
 10.009050      .30793350    
 7.5756890      .25248970    
 4.0903120      .21440520    
 1.4624050      .27675920    
-.94507280      .39358050    
-2.5966070      .48981760    
-3.5625350      .54299970    
-3.4214830      .55209360    
-2.4543180      .51257520    
-.78796990      .42200150    
 .59204890      .29023910    
 2.0679850      .18071660    
 4.8414880      .19637050    
 7.9914160      .22120610    
 10.779360      .19407810    
 12.274960      .21654360    
 12.727740      .26501800    
 12.762730      .24790730    
 12.239270      .17803560    
 11.074610      .12861600    
 9.4957040      .14279890    
 6.9649860      .17441440    
 4.1235440      .14033080    
 2.0952000      .11093840    
 2.0029360      .17499860    
 3.0104790      .22192550    
 4.3499410      .19673680    
 5.9911060      .20227340    
 8.0291670      .27235850    
 10.468870      .29460090    
 12.897210      .26707730    
 14.623390      .27742850    
 15.408010      .33533820    
 15.753330      .36162410    
 15.874410      .32661380    
 15.774470      .26427560    
 14.904400      .28111590    
 13.234990      .40065850    
 11.349470      .53656390    
 9.5681840      .65266390    
 8.0501620      .74402560    
 1.5626110      .19609600    
 2.0089820      .84298830E-01
 2.2787830      .13086580    
 2.6493890      .20889890    
 2.9785570      .17707380    
 3.5205960      .83412220E-01
 7.0168740      .16093930    
 10.440580      .26668870    
 12.275620      .32161350    
 12.210260      .33211220    
 10.923470      .30589190    
 8.3176240      .26806990    
 5.0936200      .27227850    
 2.0792130      .34223060    
-.39631650      .43460570    
-2.3421550      .50562640    
-3.3206210      .54183540    
-3.0698650      .53662240    
-1.9260810      .47915230    
-.54759880      .36297550    
 .31227760      .18979150    
 1.5920260      .71790760E-01
 4.7057760      .18548690    
 7.7948590      .25637080    
 9.9709610      .27671210    
 11.242060      .30825180    
 11.594170      .32048510    
 11.195910      .27058050    
 9.9909000      .16727280    
 8.3552470      .87648420E-01
 7.1241220      .15477410    
 5.1569050      .19147940    
 2.7379550      .12841270    
 1.2391080      .61650030E-01
 2.2458220      .17633610    
 3.5728380      .24251260    
 4.9077500      .25757850    
 6.4907000      .29224970    
 8.4298860      .34054960    
 10.595560      .35325010    
 12.577200      .34503670    
 13.934680      .35981980    
 14.571780      .38945400    
 14.797870      .39490120    
 14.742800      .36821160    
 14.344090      .34746550    
 13.293050      .38905600    
 11.733220      .48435560    
 10.048960      .58685170    
 8.4633570      .67410410    
 7.1866550      .74250600    
 1.8732760      .18345310    
 2.1048930      .26218060E-01
 2.4869280      .13428730    
 2.6740970      .19849390    
 2.4301380      .13295710    
 3.0033940      .29962820E-01
 7.6205120      .18574840    
 11.211040      .28730180    
 13.053620      .32502560    
 13.338460      .31855870    
 11.813660      .28603500    
 9.1812370      .26847240    
 5.7793090      .30527280    
 2.4755110      .38075300    
-.24181990      .45491150    
-2.0863150      .50721870    
-2.8485530      .52953000    
-2.4084400      .51284920    
-1.4400140      .44347830    
-.45190730      .31252980    
 .72955730E-01  .11971530    
 1.5694730      .65369750E-01
 4.7182260      .23470060    
 7.4390000      .32130800    
 9.1971500      .36044040    
 9.9654430      .38239270    
 10.090420      .36362850    
 9.4233210      .27960950    
 7.7908040      .12354320    
 6.0054250      .40513740E-01
 5.2839340      .17992780    
 3.9212590      .20207000    
 2.0068360      .99195040E-01
 1.4888870      .56541900E-01
 3.0800240      .19828360    
 4.3110800      .27262790    
 5.4205720      .31619990    
 6.8516100      .36252390    
 8.6098110      .39993530    
 10.442670      .41029610    
 12.009630      .40866790    
 12.999880      .41558300    
 13.422880      .42572950    
 13.437810      .42386220    
 13.306130      .41427790    
 12.719170      .42392970    
 11.624020      .47358490    
 10.214420      .54792160    
 8.7250170      .62098030    
 7.3642530      .67979230    
 6.3512730      .72603970    
 1.8699330      .17893910    
 2.2163340      .86765100E-01
 2.7064440      .15485010    
 2.8555480      .19366650    
 2.9432290      .13733970    
 4.9245940      .12400780    
 9.2065940      .23323970    
 12.668270      .29594620    
 14.496370      .30769750    
 14.460400      .28247560    
 13.018540      .24087870    
 9.9427310      .24838680    
 6.1177110      .31775220    
 2.5609830      .39629020    
-.16818910      .45545430    
-1.9230130      .49346650    
-2.3136470      .50768700    
-1.8507620      .48719660    
-1.0833560      .41725530    
-.32704220      .29497270    
 .34781780      .16284580    
 2.1624670      .19509470    
 4.8142990      .32171940    
 6.9463560      .40105280    
 8.4725330      .43920360    
 8.8810740      .44448260    
 8.8344670      .39977840    
 7.8577900      .29030920    
 6.2533480      .13471930    
 5.0643740      .12921840    
 4.3177670      .22602850    
 3.1865030      .21659060    
 2.4631950      .12611400    
 3.0230360      .12900050    
 4.2135930      .22021210    
 4.9853790      .30134140    
 5.8514640      .36463900    
 7.0418610      .41655760    
 8.5520270      .44834550    
 10.018010      .45610850    
 11.171720      .45036970    
 11.821580      .44481960    
 12.027930      .44274200    
 11.898420      .44396500    
 11.695190      .45454490    
 11.013380      .48490070    
 9.9734200      .53485200    
 8.7214710      .58985780    
 7.4259720      .63520320    
 6.3214410      .66635090    
 5.5551180      .69193380    
 2.0901160      .18892730    
 2.5434540      .11021190    
 3.1007570      .15331650    
 3.5049870      .20191940    
 4.4817770      .19031440    
 7.2981870      .21282810    
 11.230390      .26518440    
 14.478560      .28136970    
 15.966250      .26762020    
 15.718680      .22261330    
 14.061100      .16578230    
 10.305400      .21800820    
 6.0302910      .31935370    
 2.4026640      .39334510    
-.14002540      .43681990    
-1.6023990      .46556060    
-1.8071960      .48023370    
-1.2495970      .46669670    
-.74773750      .41039800    
-.80544950E-01  .32279410    
 .88674090      .26828210    
 2.6525000      .32584500    
 4.8687420      .42034080    
 6.5357510      .48443160    
 7.8482380      .51161030    
 8.0527280      .49919660    
 7.6397620      .43643570    
 6.4742090      .32520730    
 5.2620670      .22387370    
 4.4515860      .23875260    
 3.8407490      .27624320    
 3.3301790      .23724580    
 3.6178230      .15763750    
 4.6413620      .14403990    
 5.1961360      .22617310    
 5.4060310      .32465110    
 5.9950590      .40208100    
 6.9819250      .45684840    
 8.2067080      .48413560    
 9.3108710      .48471070    
 10.069240      .46694960    
 10.429990      .44709260    
 10.450150      .43948930    
 10.226120      .45204460    
 9.8764930      .48393170    
 9.1786770      .52852130    
 8.3843490      .57463740    
 7.2874390      .61010770    
 6.2062570      .62748260    
 5.3684170      .63184230    
 4.7948870      .63875610    
 2.4438760      .17663260    
 3.0191510      .57858040E-01
 3.6877250      .14924290    
 4.5660150      .22481230    
 6.3953290      .24600220    
 9.6169290      .26457480    
 13.418800      .26529790    
 16.446040      .23616320    
 17.415030      .20850300    
 16.807990      .14367930    
 14.742690      .71701670E-01
 9.8583840      .20362280    
 5.4615470      .31577120    
 2.0872490      .37268780    
-.99184980E-01  .39890040    
-1.2997280      .42616970    
-1.2895630      .45296800    
-.84304310      .45748510    
-.45250740      .42743090    
 .30358990      .38501810    
 1.4241690      .38365070    
 3.1151940      .44485670    
 4.8572770      .51784220    
 5.7836580      .56402440    
 7.2966200      .57828650    
 7.5734140      .55228800    
 6.6404700      .48123340    
 5.5274740      .38712820    
 4.7001400      .32601220    
 4.0951480      .32786680    
 3.6990640      .31956760    
 3.8129950      .25092680    
 5.0348100      .14084420    
 6.0654090      .10330590    
 5.6651010      .22721000    
 5.4410460      .34413020    
 5.8543100      .43044410    
 6.7095260      .48559400    
 7.6071500      .50613020    
 8.3431730      .49289600    
 8.7601200      .45664560    
 8.8749310      .42191100    
 8.7339920      .41595720    
 8.5024290      .44796810    
 8.1833040      .50201230    
 7.5639620      .55668460    
 6.7256670      .59540520    
 5.9534500      .60915860    
 5.1094620      .59742580    
 4.5113470      .57488780    
 4.0745700      .56680700    
 2.8918800      .14702600    
 3.5294700      .36129390E-01
 4.4178560      .17129700    
 5.8751980      .25359400    
 8.3259020      .28651060    
 11.790640      .28333370    
 15.606850      .22978700    
 18.424860      .15891630    
 18.326740      .14210360    
 16.883310      .78598160E-01
 13.780350      .57629340E-01
 8.5453970      .21578000    
 4.6022080      .30453080    
 1.7497750      .33175920    
-.96645940E-01  .34153590    
-1.0421600      .38119450    
-.94753890      .43334890    
-.75477890      .46423160    
-.11390030      .46591620    
 .75928600      .46469480    
 1.8911790      .49454650    
 3.4019860      .55320990    
 4.7977850      .60896330    
 5.3784060      .63900370    
 6.8253410      .63987230    
 6.9491700      .60485360    
 5.6377320      .53540580    
 4.9986730      .46183200    
 4.3927970      .41747010    
 3.7447100      .39674700    
 3.6419530      .35170000    
 4.3030040      .24953650    
 6.1047740      .82206120E-01
 6.6024620      .72771980E-01
 5.4225740      .23795920    
 5.1235230      .36051240    
 5.5235270      .45184030    
 6.1728210      .50454070    
 6.7797050      .51361760    
 7.1743580      .47953550    
 7.3042700      .41885140    
 7.1865350      .36899550    
 6.9493940      .37470340    
 6.8222840      .43569120    
 6.5868850      .51262190    
 6.0698700      .57284850    
 5.3629080      .59984360    
 4.6047780      .58835890    
 3.9717800      .54548350    
 3.7290970      .49472480    
 3.4096460      .47848400    
 3.3452810      .14835010    
 4.0185660      .10344030    
 5.2825260      .19646410    
 7.2640150      .28022540    
 10.115440      .31183170    
 13.704120      .27909580    
 17.645900      .16486960    
 20.024090      .62881630E-01
 18.001460      .78010110E-01
 15.022870      .78899330E-01
 10.915290      .12659720    
 6.7781670      .22762120    
 3.7192440      .27910910    
 1.4187170      .26679350    
-.15720170      .26769740    
-.91877430      .34198840    
-.93348300      .42968980    
-.68087770      .48872900    
 .39699980      .52028220    
 1.2273960      .55057900    
 2.2939690      .59722080    
 3.3293870      .64977760    
 4.2003150      .68876050    
 5.0377110      .70702480    
 6.4442480      .69738390    
 6.4691930      .65864540    
 5.0007830      .59475740    
 4.5010190      .53512220    
 4.0824450      .49216940    
 3.5835190      .44911740    
 3.6501780      .37376330    
 4.5276000      .24577170    
 5.8653040      .93589960E-01
 5.3808080      .12197910    
 4.6411130      .24897030    
 4.5507170      .37440070    
 4.9844800      .46910960    
 5.5403090      .51574050    
 5.7513760      .50703570    
 5.8844420      .44583340    
 5.7291360      .35361400    
 5.4017920      .28930470    
 5.2145710      .32388200    
 5.2828790      .42432640    
 5.1370500      .52134530    
 4.7254750      .58069810    
 4.1720300      .59062120    
 3.6289060      .55082350    
 3.2016330      .47287030    
 2.8288500      .39178110    
 2.8193460      .37956770    
 3.8343280      .15043990    
 4.6444990      .10853590    
 6.2694310      .21142670    
 8.6286130      .30623250    
 11.661050      .33020180    
 15.202530      .26830910    
 18.915530      .11323630    
 19.771180      .36424500E-01
 16.132710      .22278790E-01
 11.906290      .94609990E-01
 7.9462620      .14330370    
 5.1723540      .22446280    
 2.9568010      .23819750    
 1.0308160      .17431130    
-.32387470      .19170680    
-.90435710      .32646070    
-1.0167990      .44909650    
-.30580760      .53043800    
 .65957240      .58546860    
 1.5761590      .63543700    
 2.6515230      .69025370    
 3.4396980      .73480030    
 4.0658850      .76063160    
 4.7608160      .76802640    
 5.1493990      .75072720    
 6.1205120      .71243690    
 4.5148840      .65390770    
 4.1202150      .60074540    
 3.6139760      .55042240    
 3.3747170      .48830690    
 3.5515270      .39074100    
 4.2163430      .25441790    
 4.5370340      .13581540    
 3.7952890      .13452330    
 3.6457900      .25111980    
 3.8977110      .39039200    
 4.3478530      .48593860    
 4.7337160      .52104570    
 4.6502430      .48949070    
 4.4955460      .39566990    
 4.0724690      .26209550    
 3.6130960      .18833480    
 3.6786080      .28297320    
 3.9402300      .42523720    
 3.8678860      .53278280    
 3.5699010      .58324750    
 3.1955780      .57171110    
 2.8569240      .50065820    
 2.5420140      .38185900    
 2.2320330      .26831450    
 2.1230530      .28327240    
 4.4070300      .10738150    
 5.4252940      .73009610E-01
 7.3400460      .23907150    
 9.9036270      .33882650    
 12.873860      .35005950    
 15.983670      .27536370    
 18.357740      .15231280    
 17.324980      .10158790    
 13.335560      .77941220E-01
 8.3558240      .71457770E-01
 5.5155120      .12833190    
 4.0356100      .21822350    
 2.3771670      .19049360    
 .57560880      .59849310E-01
-.50581530      .15948560    
-.91040240      .34930740    
-.78079340      .49040500    
 .17497980      .58587100    
 1.1665620      .65590420    
 1.9737880      .71631190    
 2.8092840      .77057560    
 3.2769040      .80429500    
 3.9814590      .82307760    
 4.5419570      .82241330    
 4.8255210      .80084140    
 4.8195600      .76345710    
 4.1460610      .70890280    
 3.8199100      .65670010    
 3.4737440      .59717170    
 3.1369700      .51837270    
 3.2530160      .40587280    
 3.4638120      .26442610    
 2.9660990      .12418700    
 2.2790560      .94141050E-01
 2.6118760      .26271590    
 3.2846850      .41561180    
 3.7042300      .50514660    
 3.8548710      .52330720    
 3.7105130      .46671470    
 3.1236650      .33742910    
 2.4237330      .15134880    
 1.9972360      .94527740E-01
 2.4604100      .28021080    
 2.8217300      .44531450    
 2.8099740      .54906880    
 2.6505520      .58363620    
 2.4566460      .54824810    
 2.2660920      .44406680    
 1.9862930      .27996510    
 1.7233500      .13040340    
 1.8244050      .21989220    
 5.0876780      .84998870E-01
 6.3719390      .12687390    
 8.4135350      .29556890    
 10.993480      .38064790    
 13.647740      .38091910    
 15.984010      .31275930    
 16.739890      .23042100    
 14.817560      .17936260    
 10.564680      .12933950    
 5.4972390      .26698920E-01
 4.2565270      .14909580    
 3.3671460      .22666860    
 1.8834460      .16480700    
 .23976660      .53210060E-01
-.58609260      .21942170    
-.76047910      .40850100    
-.26868550      .54959060    
 .72100210      .65055440    
 1.7145470      .72723930    
 2.5033410      .79060850    
 3.1206350      .84111460    
 3.3643710      .86576630    
 3.9474090      .87679490    
 4.3805640      .87049280    
 4.5881520      .84663330    
 4.5610220      .81102800    
 3.6720390      .76250880    
 3.7118990      .70585940    
 3.2423430      .63435180    
 3.0692040      .54349230    
 2.8762870      .41985820    
 2.6100230      .26571610    
 1.6139060      .77420550E-01
 1.3957230      .93486680E-01
 2.1738520      .30610330    
 2.8186000      .45336480    
 3.0690320      .52788690    
 2.9929560      .52592370    
 2.6616760      .44587760    
 2.0383740      .29101650    
 1.0091470      .80917780E-01
 .93953870      .11157570    
 1.5942480      .32649550    
 1.9399340      .48296030    
 2.0058560      .57062840    
 1.9890360      .58536570    
 1.9532850      .52614890    
 1.8223740      .39244920    
 1.5691780      .19031450    
 1.3811550      .29973720E-01
 1.7387830      .23230300    
 5.8905590      .17870250    
 7.3070210      .24794110    
 9.4748920      .37078640    
 11.786250      .43298520    
 13.979930      .42606310    
 15.251330      .37104980    
 15.063350      .30933800    
 12.666870      .25360210    
 8.6144990      .17651030    
 5.0490580      .12384640    
 3.9328190      .22042080    
 2.9104500      .25946210    
 1.4329100      .20161800    
 .13249940      .18533920    
-.46335990      .32784260    
-.41669140      .48977150    
 .25352400      .62083310    
 1.3035610      .71940960    
 2.0567520      .79556790    
 2.7435000      .85630450    
 2.7259620      .89418680    
 3.2472380      .91405220    
 3.5535080      .91857730    
 4.2769220      .91242080    
 4.4304130      .88753470    
 4.3831650      .85341820    
 3.8117100      .80299050    
 3.5329130      .74544480    
 3.0616970      .66531810    
 2.8924990      .56589470    
 2.5372610      .43563570    
 1.9855170      .27723950    
 1.2136380      .13294720    
 1.3974500      .20552970    
 2.0262470      .37757560    
 2.3827810      .50114470    
 2.4712530      .55474180    
 2.2301830      .53337030    
 1.7786630      .43881710    
 1.0576810      .28628550    
 .22419800      .15477300    
 .40411000      .23347340    
 1.0116130      .40237880    
 1.3172950      .53204160    
 1.4707370      .59743500    
 1.5894810      .59156170    
 1.6295110      .51216140    
 1.5405020      .36390270    
 1.3797300      .17316140    
 1.4300960      .12079920    
 1.8568620      .31452920    
