KT3D ESTIMATES WITH:  pygeostat_saved_data                                      
 2   51   59    1  5.5000000      5.5000000      .50000000      5.00000      5.00000      1.00000       1
Estimate
EstimationVariance
 3.2034060      .27430320    
 1.0712100      .66647040E-01
 .21449430      .14228410    
 .33515280      .24750180    
 .96002250      .23514720    
 1.6355560      .13524530    
 3.4270270      .15360580    
 6.6807320      .21677960    
 11.578580      .18250250    
 16.233880      .11893060    
 15.333160      .20363990    
 13.595050      .26045270    
 12.569070      .21394900    
 12.644490      .86038460E-01
 13.002260      .14382220    
 12.969290      .24322100    
 12.055560      .23299300    
 10.768020      .13518150    
 9.5705910      .15588020    
 9.2081870      .22704670    
 10.454470      .19135910    
 11.249400      .11840870    
 11.375940      .20163920    
 11.928290      .25271140    
 13.255820      .19023510    
 14.887610      .73421750E-01
 13.065290      .15903970    
 10.516570      .20421650    
 8.6016920      .11132060    
 7.9843180      .83791520E-01
 8.7550540      .26421790    
 9.3288820      .41738470    
 9.8868940      .54094580    
 10.069330      .62715980    
 9.0839840      .67047240    
 8.8233040      .66853360    
 9.1615040      .62993890    
 9.2487450      .57053030    
 9.4658730      .52343360    
 10.153600      .51910100    
 11.463630      .54438010    
 13.503600      .55592600    
 15.778860      .52194420    
 18.100790      .43893190    
 19.993440      .34738090    
 20.593130      .34007520    
 20.071160      .44643120    
 18.360180      .59148560    
 16.838540      .73226320    
 15.215480      .84927630    
 13.692000      .93694750    
 1.4882120      .20294060    
-.96699490E-01  .44790850E-01
-.45939980      .15917690    
 .16604720      .22960390    
 .58396110      .17594020    
 1.0266660      .29988550E-01
 3.1090940      .12294050    
 6.4022720      .16246340    
 12.090480      .93680710E-01
 16.222110      .41388240E-01
 13.732310      .18225350    
 11.930690      .21927610    
 11.573540      .15112420    
 12.200250      .30935110E-01
 13.409840      .14518490    
 13.372630      .21696020    
 12.037490      .17115300    
 10.172730      .29934410E-01
 8.5531960      .12951880    
 8.9022040      .19225300    
 9.8723410      .11170370    
 10.636440      .41642550E-01
 10.526730      .18257000    
 11.140160      .21637830    
 12.582320      .13122150    
 13.701440      .37365030E-01
 10.987530      .15876880    
 8.5688740      .17463760    
 7.3395000      .68645270E-01
 7.5379870      .10638110    
 8.6788090      .26256800    
 9.6237020      .40122220    
 9.8506070      .51885270    
 9.2581440      .59664890    
 8.8526790      .62448930    
 8.9151430      .60349760    
 9.0014990      .54142080    
 8.7685610      .46109400    
 8.8614230      .41361570    
 9.7722030      .43364770    
 11.392160      .48263560    
 13.701790      .49830250    
 16.266390      .44842420    
 18.829410      .33399220    
 20.744630      .21413110    
 21.064460      .25163670    
 19.970880      .41888080    
 17.970450      .59119490    
 16.291520      .74113350    
 14.653050      .85966560    
 13.116950      .94594280    
 .74235590      .18723190    
-.58594410      .11530090    
-.55377810      .18366350    
 .18105040      .21793850    
 .46189870      .14830170    
 1.1088070      .68661760E-01
 2.8384860      .12594510    
 5.4233950      .98271590E-01
 10.522930      .62537000E-01
 12.641820      .92286140E-01
 11.051160      .17319390    
 10.186850      .18146650    
 10.806110      .12554310    
 12.681380      .95347960E-01
 14.716140      .15971020    
 13.916170      .19690700    
 11.815060      .14351420    
 8.9814150      .71451160E-01
 7.3576730      .14318290    
 8.0742290      .17351910    
 9.1651540      .10291620    
 9.5071910      .10153450    
 9.3648490      .18038530    
 9.9597590      .19620210    
 10.940490      .13610960    
 10.468610      .11633050    
 8.3974770      .16827450    
 6.9086560      .16701330    
 6.7925520      .11862550    
 7.5835120      .15128840    
 8.7673130      .25347100    
 9.7113460      .38424970    
 10.146770      .49651670    
 9.3055830      .56453450    
 8.9781390      .57633380    
 8.9132960      .53466160    
 8.5919560      .44516020    
 8.0944250      .33882960    
 8.2633040      .30005150    
 9.3455760      .36424020    
 11.407720      .43644960    
 13.946620      .44987200    
 16.502670      .38055980    
 19.363740      .22991290    
 21.634170      .77168970E-01
 21.063030      .21374880    
 19.134810      .42600260    
 17.345750      .60992970    
 15.588610      .75959240    
 13.953970      .87451090    
 12.417160      .95516610    
 .20547110      .18207470    
-.47776460      .12754660    
-.64568670E-01  .18709110    
 .47549660      .21040110    
 .72447940      .14826410    
 1.4477160      .96640220E-01
 2.4527330      .10960270    
 3.8098050      .25840850E-01
 7.7179890      .82352670E-01
 8.5716400      .10721960    
 8.3710310      .14816130    
 8.8286980      .13322080    
 10.261160      .10916620    
 13.671980      .10931370    
 16.037330      .14302080    
 14.645080      .18137260    
 11.262960      .14928460    
 7.2508340      .10720930    
 5.9808430      .13556670    
 7.4028690      .17220200    
 8.4254080      .14456360    
 8.1221760      .13615790    
 7.8812780      .16183990    
 8.2822020      .18975370    
 8.4070970      .16652600    
 7.2103920      .14369180    
 5.8222130      .15479830    
 5.8434900      .17112340    
 6.6360040      .14732480    
 7.9936930      .13566430    
 9.0400920      .22994930    
 9.8365120      .36851050    
 10.193180      .47565390    
 9.2083440      .53173050    
 9.0579950      .52867480    
 8.7282460      .46581060    
 8.0219220      .34487290    
 7.2737860      .20369860    
 7.5412260      .20089450    
 9.0857720      .32289200    
 11.379970      .40899540    
 14.038800      .41448300    
 16.759650      .32908350    
 19.721240      .15902470    
 21.603340      .43920580E-01
 20.334870      .25381240    
 18.324300      .46471420    
 16.520720      .64126120    
 14.765900      .78346880    
 13.114400      .89004260    
 11.713240      .96614570    
-.25998930      .14085320    
-.11637810      .85988250E-01
 .65732410      .18361440    
 1.0166880      .20389180    
 1.2940450      .12897050    
 1.8500220      .55229210E-01
 2.5048960      .10117290    
 3.5489820      .74338020E-01
 5.3942690      .96189190E-01
 5.1055450      .58476840E-01
 6.1935070      .11391390    
 7.4375800      .57492230E-01
 9.7140600      .69443250E-01
 15.296410      .58694890E-01
 17.140950      .11351260    
 14.884960      .16750090    
 10.374890      .14662420    
 5.1448610      .64173100E-01
 5.4277480      .11816790    
 7.5194930      .18291370    
 7.8330140      .16392360    
 6.7480720      .10091410    
 6.4324750      .13010300    
 6.5728050      .19276510    
 5.8786540      .17486960    
 4.2675910      .10319070    
 3.7870630      .12498200    
 5.0010100      .17325910    
 6.7575250      .12753880    
 8.5502120      .68051760E-01
 9.4988160      .21443820    
 9.9607220      .35671970    
 10.285530      .45577770    
 9.3918950      .50126520    
 9.0255400      .48558930    
 8.3435360      .40362520    
 7.3287520      .25189070    
 6.4887890      .65465570E-01
 7.2567400      .15602930    
 9.1154330      .31869210    
 11.436380      .40025320    
 13.926880      .39368910    
 16.704880      .30531290    
 19.258210      .17254440    
 20.170660      .16506010    
 18.926480      .33415820    
 17.280000      .51738580    
 15.554440      .67742460    
 13.810060      .80735270    
 12.276970      .90610650    
 10.975300      .97603670    
 .14549900      .78950670E-01
 1.0313460      .73165080E-01
 1.5962430      .18514260    
 1.7098940      .19414680    
 1.9541440      .96262780E-01
 2.4843990      .50916810E-01
 3.0431970      .13059310    
 3.8056090      .13729860    
 3.9175460      .86053070E-01
 3.3968450      .48659090E-01
 4.6903330      .92019220E-01
 5.7504070      .21616760E-01
 8.8902970      .26755120E-01
 16.215520      .26520630E-01
 17.380190      .10412220    
 14.882220      .14652080    
 9.6707660      .12845110    
 4.7676990      .30764610E-01
 6.6879800      .13603720    
 8.2660290      .19225880    
 7.7816720      .15116620    
 5.6626010      .27599490E-01
 5.5699590      .12841580    
 5.1773890      .19930250    
 4.0092780      .15754060    
 1.7843040      .27915400E-01
 2.7988340      .12070510    
 4.9058900      .17196110    
 7.1575470      .93818630E-01
 8.8328990      .57491510E-01
 9.6104150      .21973710    
 10.099660      .34595000    
 10.451070      .43704870    
 9.4481990      .47573830    
 8.8575080      .45131820    
 7.9817460      .35858660    
 6.7394750      .19667070    
 6.2403850      .52500150E-01
 7.3374080      .20077940    
 9.1410490      .34347210    
 11.350990      .40448520    
 13.749150      .38737950    
 16.269150      .31165190    
 18.198650      .23958370    
 18.542540      .27791940    
 17.587680      .41453290    
 16.123940      .56967750    
 14.473600      .71104000    
 12.253510      .82857250    
 10.736020      .91899630    
 9.4719560      .98329110    
 1.4064790      .10739180    
 2.5340140      .11802040    
 2.9693840      .18124440    
 2.4490860      .18782720    
 2.7855150      .11981030    
 3.3375400      .11995500    
 4.1398180      .16276510    
 4.4947270      .16916960    
 3.9269910      .11779650    
 3.5346410      .10801850    
 3.4793220      .95475110E-01
 3.8833380      .49018830E-01
 8.3722710      .61415650E-01
 14.880740      .80617530E-01
 17.528470      .68017220E-01
 14.723920      .12415530    
 10.045620      .12684420    
 8.0169620      .98210850E-01
 9.3627190      .15820110    
 9.8076150      .19112830    
 8.4194300      .13687550    
 6.3696840      .69015230E-01
 5.4816100      .15743750    
 4.7624750      .20436780    
 2.6924160      .14537580    
 1.3078380      .68433930E-01
 2.7979800      .14041820    
 5.0800480      .17314080    
 7.2752810      .11870910    
 8.6974420      .12491130    
 9.7671460      .21855530    
 10.492750      .33255940    
 9.9635840      .42199340    
 9.5077220      .45714580    
 8.7540800      .43038010    
 7.8914720      .34169150    
 6.6765560      .21519150    
 6.5516270      .17365300    
 7.5139480      .28144870    
 9.1127710      .37858540    
 11.066070      .41313290    
 13.366050      .38922240    
 15.539940      .33409640    
 16.957900      .30738750    
 17.090340      .36223160    
 15.953540      .47884150    
 14.520770      .61194250    
 12.877430      .73810930    
 11.276220      .84513220    
 9.6415650      .92614950    
 8.5439200      .98703880    
 3.1778110      .14486930    
 3.8590440      .10912550    
 3.9444560      .16784430    
 3.8265530      .18977580    
 3.7634530      .14854780    
 4.6637630      .13507120    
 5.5014860      .17359590    
 5.7748430      .18607540    
 5.0606050      .15060850    
 3.6056340      .11008910    
 2.3406780      .86972290E-01
 2.4361280      .22524350E-01
 7.6366690      .91618660E-01
 13.452200      .87462510E-01
 17.124090      .23664570E-01
 14.275220      .11758110    
 11.805900      .13608560    
 11.673880      .11341670    
 12.498220      .15056290    
 11.677580      .18105010    
 9.7611380      .13278660    
 7.6318980      .10046340    
 6.0629270      .17355810    
 4.1390590      .20678200    
 2.2356050      .15133390    
 1.6437810      .93318610E-01
 3.2732410      .14165300    
 5.4741180      .18211480    
 7.3738240      .15160100    
 8.7285020      .12718500    
 10.017400      .19570040    
 10.838520      .32032540    
 10.381960      .41121060    
 9.3789990      .44551520    
 9.1224370      .42448490    
 7.7859280      .35640310    
 6.8834720      .28352450    
 6.8782400      .28525660    
 7.6329710      .35371150    
 8.9843530      .40805490    
 10.750140      .41765420    
 12.771020      .38941010    
 14.642490      .35310350    
 15.679640      .35452650    
 15.451990      .41760200    
 14.733980      .52274790    
 13.351760      .64220270    
 11.877500      .75824960    
 10.019360      .85163570    
 8.7739720      .93098580    
 7.8169100      .98938170    
 4.8075400      .13062610    
 5.2553520      .49888380E-01
 4.9744970      .16499630    
 4.7863980      .19059130    
 5.1703460      .13092570    
 6.4826290      .96269630E-01
 7.0214360      .17134190    
 7.4467350      .18825640    
 6.4813360      .14319910    
 3.4816300      .48627930E-01
 1.6594430      .76704610E-01
 2.5329200      .74267030E-01
 6.8993380      .11752810    
 11.093170      .63756440E-01
 14.410880      .52024420E-01
 14.132850      .10789520    
 13.839050      .12611160    
 15.124640      .57978410E-01
 15.301230      .13013410    
 13.757820      .16398170    
 11.244630      .10091730    
 8.5750170      .72271000E-01
 6.1040590      .18088530    
 3.9174890      .20735830    
 2.4392500      .14099430    
 2.1210690      .41236300E-01
 4.1322420      .14297650    
 6.1889510      .19369980    
 7.7308590      .14801950    
 8.9407910      .61735940E-01
 10.497050      .17630930    
 11.019180      .31463990    
 10.357530      .40513110    
 10.331780      .44366820    
 9.1073510      .43431760    
 7.8522920      .39334030    
 7.2002000      .35974200    
 7.1192020      .36969470    
 7.6558860      .40409900    
 8.6676300      .42165080    
 10.246760      .40928450    
 12.116310      .37729140    
 13.724450      .35446250    
 14.441640      .37540160    
 14.518570      .44626270    
 13.622950      .54809220    
 12.299770      .65968660    
 10.415070      .76108450    
 9.0701810      .85511820    
 7.9631760      .93228140    
 7.1552070      .98980130    
 6.2932450      .10840040    
 6.5571340      .69872950E-01
 6.0588650      .17621360    
 5.5866450      .17787990    
 5.8383860      .69592130E-01
 7.9467710      .63452270E-01
 10.282960      .16730710    
 11.055020      .16755320    
 8.6799130      .10460040    
 3.8003670      .38192100E-01
 1.6866630      .11063810    
 3.1387740      .13929600    
 6.1849640      .11608500    
 8.6300670      .20059780E-01
 13.125620      .20791140E-01
 14.673320      .10775120    
 15.887880      .10316650    
 17.848500      .26731810E-01
 17.311700      .11299690    
 15.245600      .13990970    
 12.286430      .60581070E-01
 8.7723670      .83357090E-01
 5.6698740      .18829950    
 3.6959790      .20307140    
 3.0186990      .12243080    
 3.3481490      .52092190E-01
 5.2667890      .16753320    
 6.8442110      .19995610    
 8.3432260      .12549640    
 9.6820410      .37551160E-01
 11.445070      .18689670    
 12.343540      .31177110    
 11.391500      .40141020    
 10.375420      .44726150    
 8.9695260      .45271920    
 7.8901860      .43578010    
 7.4834210      .42325860    
 7.4856490      .42477510    
 7.5088820      .42774130    
 8.3781580      .41320220    
 9.7496840      .38143380    
 11.491760      .34444170    
 12.870320      .33161890    
 13.706570      .37162890    
 13.442960      .45468020    
 12.489080      .55614550    
 10.748820      .65761540    
 9.3928200      .76070740    
 8.1896780      .85374220    
 7.2293450      .93116730    
 6.5788200      .98913040    
 7.4465870      .14072560    
 7.7904370      .12818290    
 7.4203120      .17783700    
 6.2560500      .15380950    
 4.1698380      .33964690E-01
 9.0583630      .89189600E-01
 13.434640      .15069580    
 13.854040      .11770410    
 10.445150      .63157510E-01
 4.2811030      .94020210E-01
 2.2542250      .14459790    
 4.0343440      .16962830    
 6.5951610      .11665130    
 9.6280830      .64607660E-01
 13.409470      .68403810E-01
 15.265000      .12594340    
 17.423170      .96196900E-01
 19.296900      .29507070E-01
 18.986380      .76335120E-01
 16.079030      .12541180    
 12.240570      .10050920    
 8.4091430      .12785400    
 5.4698610      .18488350    
 4.2183170      .19817460    
 4.1852060      .13833360    
 5.2687540      .12285250    
 6.5345300      .18646760    
 7.8733530      .20304340    
 9.3191030      .13846800    
 10.923290      .11262420    
 12.472560      .19486990    
 12.812740      .30600600    
 11.861170      .40194380    
 10.484530      .45775990    
 9.0735170      .47762570    
 8.1236630      .47556090    
 7.9272500      .46650060    
 7.5470370      .45134360    
 7.5921980      .42226220    
 8.1216030      .37885490    
 9.2698570      .33071400    
 10.928110      .28625970    
 12.417000      .28468640    
 12.894610      .35259830    
 12.425230      .44820650    
 10.933740      .54576380    
 9.6242610      .65068550    
 8.4136660      .75454880    
 7.3907080      .84961840    
 6.5907930      .92915930    
 6.1080160      .98833420    
 8.7160220      .15796800    
 9.2074910      .12263650    
 9.0689310      .16422490    
 7.5811510      .13223480    
 6.1194640      .40267300E-01
 13.669660      .93784500E-01
 17.218500      .11547280    
 16.079110      .59461630E-01
 10.337810      .55094640E-01
 3.5007390      .96716760E-01
 3.5305700      .15322840    
 5.5088360      .18148770    
 8.3317480      .13249190    
 11.566480      .95250990E-01
 13.844370      .11257430    
 15.549360      .11778040    
 17.867780      .86949740E-01
 19.804000      .28281100E-01
 19.650010      .36447510E-01
 16.026760      .13751360    
 11.905050      .13132060    
 7.7994850      .11277140    
 5.7733460      .17047150    
 5.2464420      .19667510    
 6.1172930      .15180130    
 7.2188890      .13096380    
 7.9481670      .18742390    
 8.8161600      .21068830    
 10.222250      .16629200    
 12.182520      .12778100    
 13.390590      .17293850    
 13.421910      .29984300    
 12.955110      .40706680    
 10.568860      .47114210    
 9.2374310      .50111250    
 8.6825160      .50639610    
 7.9953000      .48861000    
 7.5679630      .45009600    
 7.3719330      .38747270    
 7.6731690      .31819480    
 8.9287010      .25867720    
 10.574550      .20111720    
 12.010570      .22546050    
 11.856500      .32713140    
 10.826270      .42797300    
 9.3670240      .52870910    
 7.9514220      .63740050    
 6.7401730      .74692410    
 5.7496060      .84674040    
 4.9876340      .92941680    
 4.5645440      .98997840    
 9.9892850      .12094310    
 10.974700      .73830120E-01
 11.520990      .14991230    
 11.345420      .12832350    
 13.339890      .95711940E-01
 19.954610      .45324440E-01
 19.352960      .93062620E-01
 15.067990      .85907490E-01
 7.7754980      .79523650E-01
 2.5449520      .47840610E-01
 5.5770990      .15709650    
 8.6139100      .18264240    
 10.658470      .11440650    
 12.986770      .71766040E-01
 13.510030      .10634520    
 15.059560      .68353250E-01
 17.564950      .89207290E-01
 18.687260      .31125910E-01
 18.606130      .83059860E-01
 15.666730      .15798530    
 11.096490      .11390710    
 7.0575640      .50371660E-01
 5.8843150      .16589250    
 6.0699840      .19305710    
 7.7124680      .12234590    
 9.1800210      .87025530E-01
 9.2340600      .18639220    
 9.5093610      .21710040    
 11.051510      .16953070    
 13.315440      .69162820E-01
 14.214780      .14610720    
 14.057290      .30158110    
 13.014650      .41460200    
 11.581470      .48665730    
 9.5803300      .51891170    
 8.7054470      .51985840    
 8.1873870      .49047330    
 7.5737920      .42304770    
 7.0807810      .32408980    
 7.2687730      .23434540    
 8.9397840      .17452040    
 10.738610      .92402000E-01
 11.820430      .18028240    
 11.334160      .30430730    
 9.8009820      .39941670    
 8.2033340      .50260030    
 6.9075640      .62127020    
 5.8921800      .74009820    
 5.1063120      .84544120    
 4.5305680      .93002890    
 4.2966390      .98993490    
 11.119830      .75605390E-01
 12.808460      .76864000E-01
 15.010340      .13245960    
 16.567840      .12208200    
 19.328560      .10996650    
 22.584160      .41188980E-01
 18.122660      .11522700    
 12.326800      .12463240    
 6.5480060      .74073610E-01
 5.3260790      .61750010E-01
 8.9880860      .16557720    
 11.056490      .17369360    
 12.913060      .66412420E-01
 13.111930      .62098920E-01
 12.629250      .78784240E-01
 14.501810      .38471810E-01
 16.829730      .98944900E-01
 17.879780      .42314980E-01
 17.658400      .13207120    
 15.232560      .16594800    
 10.277130      .90440010E-01
 6.7185840      .69159040E-01
 6.0790080      .17667460    
 7.0069400      .18268720    
 9.1803770      .68076330E-01
 10.043740      .74991880E-01
 9.5519560      .19380400    
 10.131550      .21799000    
 11.991000      .15253660    
 14.139500      .31693420E-01
 14.629280      .16324270    
 13.804570      .31105370    
 12.338080      .42363590    
 10.822570      .49612050    
 9.3384740      .52970950    
 8.7290950      .52319420    
 8.2362060      .47359580    
 7.4537750      .37513790    
 6.6082630      .23467130    
 7.0530730      .13756170    
 9.5349050      .10624500    
 11.510850      .28361600E-01
 12.250840      .17542950    
 10.805000      .27593750    
 8.6996080      .35770580    
 7.1035260      .47267860    
 6.0102250      .60845700    
 5.1970990      .73816620    
 4.5683320      .84782870    
 4.1332920      .93209290    
 3.7174480      .98548360    
 11.904410      .12326160    
 14.615200      .11552790    
 19.216170      .81043440E-01
 21.159610      .10463770    
 22.077890      .12232240    
 20.828490      .10124170    
 14.633070      .13077460    
 9.9466730      .12909400    
 8.9050460      .69991420E-01
 10.871650      .93368290E-01
 12.886240      .16259630    
 12.838960      .16596480    
 12.395640      .96870890E-01
 10.877020      .10736830    
 11.185100      .90874180E-01
 14.038450      .98015130E-01
 16.989370      .11498300    
 18.606000      .11320880    
 18.168710      .15550270    
 14.547450      .16283140    
 9.6322370      .11673360    
 6.4547180      .12352540    
 5.9899020      .18056750    
 7.3687330      .17624400    
 9.2115550      .98449910E-01
 9.4613310      .12791700    
 9.3601470      .19547000    
 10.429920      .21344010    
 12.296570      .15305840    
 14.307850      .10110140    
 14.696130      .18855800    
 13.526140      .31715890    
 11.966670      .42816870    
 10.793420      .50110380    
 9.8277130      .53249610    
 8.7271190      .51328210    
 8.3127320      .44651580    
 7.4383200      .31644140    
 6.3720980      .12715510    
 7.4981620      .61254250E-01
 11.362930      .95649740E-01
 13.460630      .95000650E-01
 12.885230      .17647340    
 10.019980      .22723820    
 7.5133820      .30561910    
 6.1583040      .44922380    
 5.3168670      .60533690    
 4.7327470      .74318850    
 3.7888190      .85050650    
 3.4528880      .93130030    
 3.6099830      .98434790    
 12.257750      .16466500    
 15.769320      .10367340    
 22.404410      .22710990E-01
 22.976650      .11579760    
 22.251560      .12651580    
 17.919470      .96956810E-01
 10.299330      .10412140    
 8.9781140      .10794970    
 12.920330      .23491890E-01
 15.695220      .82867110E-01
 15.678010      .14626650    
 12.990170      .17138830    
 10.232980      .13808430    
 7.6752080      .11454890    
 9.7132070      .11163120    
 14.346840      .10841520    
 18.082510      .11998790    
 20.072250      .13198930    
 18.901000      .13616650    
 13.865860      .15320590    
 8.7534580      .12719800    
 5.8161480      .11314090    
 5.7126670      .17600220    
 6.8774330      .18423280    
 8.1038870      .14121760    
 8.4384900      .13257840    
 8.8334750      .18170390    
 9.9797410      .20981950    
 12.608560      .16370670    
 14.503880      .11705350    
 15.045060      .18838350    
 13.202960      .32006640    
 11.685220      .43205070    
 10.653570      .50325650    
 9.8817280      .52917120    
 9.4412080      .49921220    
 8.5378290      .41211250    
 7.9806250      .26344670    
 7.3638220      .73456180E-01
 10.370980      .69758010E-01
 14.300790      .11302720    
 15.848920      .11669690    
 13.189580      .14608910    
 8.6839370      .14933930    
 6.4184330      .26092180    
 5.5173100      .44527350    
 4.8825710      .61573110    
 3.9389510      .75486640    
 3.4581630      .86124430    
 3.2655300      .93415000    
 3.4676410      .98129540    
 11.671740      .15544310    
 15.176080      .57515270E-01
 21.157840      .80760170E-01
 22.413270      .14399990    
 21.142880      .90616960E-01
 14.367240      .45051670E-01
 5.8719280      .45069020E-01
 9.4719710      .91496980E-01
 15.250490      .28170250E-01
 19.443930      .37457340E-01
 16.416200      .14003410    
 12.018620      .18093570    
 7.1608480      .13320020    
 4.4357280      .69549270E-01
 9.2541480      .10339620    
 15.541000      .55667350E-01
 19.317780      .10805690    
 21.873190      .91467730E-01
 19.599650      .83384690E-01
 12.856580      .13916770    
 7.7344380      .88619690E-01
 5.4114500      .68551150E-01
 5.5158310      .17892090    
 6.3475220      .19303690    
 7.1146010      .13556530    
 7.5093330      .78026320E-01
 7.9565380      .16848050    
 9.5780040      .20612500    
 12.533110      .15122690    
 14.626560      .59809320E-01
 14.879390      .17808010    
 12.700450      .33203840    
 11.513960      .43534450    
 10.671600      .50288570    
 10.170490      .51965070    
 9.7548400      .48129810    
 9.6113130      .38301690    
 9.0865780      .23574320    
 10.582020      .89319630E-01
 14.434830      .67481940E-01
 17.503760      .10528390    
 18.191380      .70974140E-01
 12.583070      .94468630E-01
 6.9719620      .59327160E-01
 5.7817500      .25925260    
 4.9688660      .46795660    
 4.3369890      .63937460    
 3.8810370      .77251060    
 3.4371500      .86961830    
 3.1748110      .93445700    
 3.3900600      .97437170    
 10.932630      .11582630    
 14.095490      .38366400E-01
 19.797330      .13524030    
 20.942720      .15713880    
 19.034910      .67796820E-01
 10.701270      .49519170E-01
 5.8074220      .62609550E-01
 10.992980      .93191030E-01
 16.596490      .27471160E-01
 19.754360      .50785720E-01
 15.127910      .15784280    
 9.6391630      .18068690    
 4.0127030      .96915010E-01
 3.0336050      .38525190E-01
 10.481620      .90008670E-01
 16.916310      .32514450E-01
 20.382470      .92644510E-01
 23.280080      .20827530E-01
 18.282040      .59319770E-01
 11.232450      .12645830    
 6.9195850      .63250760E-01
 5.1803690      .97883550E-01
 4.9606760      .18764000    
 5.3625510      .18964200    
 6.0845450      .97958710E-01
 6.3306340      .43975520E-01
 6.8356390      .17160780    
 8.8842010      .19850040    
 12.416960      .12411560    
 14.489070      .37454380E-01
 14.514920      .19333660    
 12.205200      .33316110    
 10.933260      .44438520    
 10.141720      .51066090    
 9.9935250      .51084820    
 9.8069500      .46349360    
 10.020660      .36244170    
 10.652530      .22146320    
 13.864030      .63483220E-01
 17.316270      .58972220E-01
 19.747770      .78158010E-01
 18.886380      .38777190E-01
 11.274460      .76485850E-01
 6.5138800      .91637530E-01
 5.7977500      .31366110    
 5.1109010      .51212240    
 4.4745450      .67154930    
 3.9113200      .79221250    
 3.3940670      .87670900    
 3.1215350      .93035710    
 3.4537870      .96002710    
 11.224680      .13061830    
 14.849830      .10824330    
 18.802620      .15979350    
 19.232090      .16670890    
 16.060620      .12042380    
 10.103970      .10346970    
 8.9703720      .11938100    
 12.601280      .11949460    
 16.516850      .10195290    
 17.127680      .12165520    
 13.194270      .16487910    
 7.7727730      .17248100    
 3.6426760      .10600950    
 5.3247760      .97553910E-01
 12.300360      .10171550    
 18.015090      .84854530E-01
 20.468600      .56133840E-01
 21.366010      .28179100E-01
 14.448780      .62292460E-01
 10.008380      .12336770    
 7.2440260      .11428480    
 5.5298320      .14351640    
 4.8295960      .18165080    
 4.7679840      .17884930    
 4.9038180      .10785310    
 4.7908890      .10948750    
 5.6424870      .17122990    
 8.2233370      .18873840    
 11.964510      .13228600    
 13.980720      .11066960    
 13.782990      .20565990    
 11.553660      .32976200    
 10.211980      .43518730    
 9.6991050      .49503790    
 9.5713090      .50035380    
 10.167970      .44696660    
 10.360200      .34523390    
 12.215870      .20530220    
 15.483810      .62092580E-01
 18.011440      .85680450E-01
 19.411920      .10191020    
 16.456740      .12044260    
 10.614540      .14166010    
 7.2614150      .21676060    
 6.1744560      .39230900    
 5.3654940      .56430040    
 4.6682460      .70461620    
 4.0084530      .80868250    
 3.3405120      .87812250    
 3.2266020      .91746870    
 3.4270700      .93932320    
 12.097310      .17199140    
 15.483150      .12735120    
 17.591220      .15510410    
 17.114650      .18086270    
 14.241520      .15761500    
 11.222620      .12099650    
 11.211630      .13469670    
 13.111750      .15817570    
 15.309250      .15313520    
 14.869850      .12990030    
 11.201220      .14295100    
 6.7026120      .16732910    
 4.4772160      .13081930    
 7.8555500      .11027900    
 14.325000      .10432930    
 19.833340      .76984950E-01
 20.507440      .19239390E-01
 18.804250      .20225060E-01
 11.588830      .35604340E-01
 10.522680      .13834680    
 8.1119150      .14669950    
 6.0081430      .13130820    
 4.7820640      .15574360    
 4.4192710      .17062710    
 3.6013670      .13792800    
 3.0963790      .12297400    
 4.5532550      .14730580    
 8.1975080      .18439340    
 11.718400      .15346970    
 13.487240      .12145960    
 12.945010      .19181590    
 11.756790      .32244780    
 10.723950      .42747260    
 9.2902040      .48295450    
 9.9202170      .48425470    
 9.8657190      .43223580    
 10.841150      .33118830    
 12.792150      .18547980    
 15.658270      .26300240E-01
 17.416820      .11450410    
 17.426720      .16880600    
 14.581120      .20021380    
 10.423020      .23271880    
 7.9020310      .32265440    
 6.6493670      .46811280    
 5.8264400      .61336020    
 5.0141200      .73290000    
 4.2774240      .81659010    
 3.5171890      .86982490    
 3.3142310      .89776020    
 3.5404620      .90961690    
 12.765870      .17692220    
 15.741140      .76111440E-01
 16.362710      .14268210    
 15.019940      .19260140    
 13.378290      .15576690    
 12.314270      .73844310E-01
 11.913210      .13454190    
 13.014720      .18623650    
 13.887450      .16268560    
 13.155890      .69254990E-01
 9.5828120      .11602650    
 5.9274300      .16129800    
 5.7178580      .11057580    
 10.125770      .69289210E-01
 16.759130      .62353690E-01
 23.521920      .34382850E-01
 22.743610      .57325130E-01
 18.691720      .47374610E-01
 14.401420      .78123160E-01
 12.350590      .15424330    
 9.5274490      .13180610    
 6.4039960      .60931930E-01
 5.1227160      .13171260    
 3.9333590      .15573680    
 2.3824060      .13344990    
 1.5156110      .66422620E-01
 3.9610700      .12155620    
 8.3555540      .18618060    
 11.350150      .14658180    
 13.047580      .60727590E-01
 11.743240      .17699570    
 10.538460      .32014540    
 9.8712930      .42072710    
 9.2934020      .47132350    
 9.2050660      .46939870    
 9.5086090      .41760190    
 10.587890      .32051090    
 12.630900      .18290150    
 14.961840      .91552400E-01
 16.194000      .17987320    
 16.059120      .23343690    
 13.087090      .26701910    
 10.211860      .31324510    
 8.2986900      .40473320    
 7.1182230      .52908950    
 6.1324890      .65173610    
 5.2554760      .74866410    
 4.1953680      .81563990    
 3.4716480      .85150340    
 3.3051830      .86479720    
 4.0694150      .86465440    
 13.194380      .15026380    
 15.144110      .27438680E-01
 14.260310      .15326130    
 13.236510      .19594710    
 12.204570      .12798080    
 12.320470      .27438460E-01
 11.129270      .15333000    
 11.321110      .20132860    
 11.748850      .14802290    
 11.203210      .31017790E-01
 7.8142490      .12490810    
 5.2662890      .14042670    
 6.6231620      .55443490E-01
 12.012980      .43627280E-01
 19.066720      .20855350E-01
 25.469650      .33639980E-01
 23.591610      .71664350E-01
 21.425110      .21663170E-01
 17.621500      .10909840    
 14.322950      .14792770    
 11.097360      .82967300E-01
 7.7097550      .32734480E-01
 6.4374820      .12387380    
 3.8283550      .11354060    
 1.6653330      .10555240    
 .87957910      .29607650E-01
 4.4682530      .13675440    
 8.5370480      .18929160    
 10.796090      .12336100    
 11.830650      .37501810E-01
 9.8313140      .19037770    
 8.7850400      .32107610    
 8.6126860      .41210510    
 9.3552760      .45661450    
 8.4870010      .45580240    
 8.9743770      .40629450    
 10.054070      .32121490    
 12.041470      .22151000    
 14.004610      .19313140    
 14.864090      .24318930    
 14.250320      .28107600    
 12.263420      .31582950    
 9.9698830      .37260640    
 8.5097110      .46353970    
 7.3813990      .57311020    
 6.4095180      .67569770    
 5.2352760      .75522640    
 4.0989450      .80268910    
 3.4920210      .82068920    
 3.6850880      .81673740    
 4.0321620      .81001140    
 12.372500      .14914100    
 12.589230      .93374240E-01
 11.722890      .16865840    
 11.031180      .19377770    
 10.642600      .12583350    
 10.410180      .95705580E-01
 9.9228170      .17652620    
 10.023030      .20567700    
 9.9754720      .14612430    
 8.5118940      .95215890E-01
 5.8466860      .13318940    
 4.4596660      .92107070E-01
 7.2414140      .59369540E-01
 13.922070      .75749800E-01
 20.861150      .74341960E-01
 24.254300      .65582840E-01
 23.528310      .49668630E-01
 22.755090      .64566660E-01
 19.667420      .13390190    
 16.538040      .11344700    
 13.595890      .34879720E-01
 10.597800      .89096580E-01
 7.4462280      .98631000E-01
 3.4823370      .46012810E-01
 1.5092210      .98738510E-01
 2.3060890      .91845010E-01
 5.6442290      .15948960    
 8.2843680      .19169830    
 9.5659590      .13410630    
 9.4439610      .11078550    
 8.3475600      .20363540    
 7.0747520      .31690240    
 7.9303630      .40539690    
 8.3660650      .44336610    
 8.5674070      .43836360    
 8.8470390      .39636500    
 9.5893260      .33197170    
 11.301930      .27324750    
 12.715210      .26300640    
 13.253220      .28209120    
 12.594280      .30331920    
 11.203030      .34171820    
 9.6892980      .40949610    
 8.5383670      .50019260    
 7.6519090      .59938900    
 6.3024110      .68741820    
 4.9705430      .74838040    
 3.8798270      .77638660    
 3.6369850      .77426640    
 4.1182660      .75490870    
 4.4214800      .74165580    
 10.337010      .16557840    
 9.8322330      .11047100    
 9.4020130      .16636580    
 8.8277740      .19197670    
 8.3979310      .14028500    
 7.9430100      .11998270    
 8.1980160      .18216270    
 8.8471040      .20401130    
 8.0994450      .14645000    
 6.3510560      .10601610    
 4.5448930      .11018400    
 3.4795900      .23562300E-01
 7.8925160      .69460320E-01
 16.180480      .83075580E-01
 21.833310      .88484270E-01
 23.121470      .46212320E-01
 23.728700      .58876250E-01
 24.050640      .97831930E-01
 21.077680      .13386840    
 18.041380      .85839820E-01
 15.856270      .57092260E-01
 13.193520      .96043880E-01
 8.1119260      .70405130E-01
 3.1608050      .55582320E-01
 1.9828300      .10204750    
 4.1474800      .99061420E-01
 6.5616420      .16159800    
 7.5323840      .19683950    
 7.5780100      .15644330    
 6.8080560      .12156820    
 6.2614350      .18956770    
 5.8475030      .30945750    
 6.1882230      .39492680    
 7.3430190      .42492570    
 7.5777660      .41631420    
 7.6812330      .38403950    
 8.7872710      .34367630    
 10.180840      .31199140    
 11.327760      .29606740    
 11.660240      .28623030    
 11.137990      .29543230    
 10.363480      .34570490    
 9.1810150      .42726210    
 8.2693800      .51971290    
 6.9611660      .61123610    
 6.0888790      .68519820    
 4.6761020      .72830510    
 4.4790500      .73296840    
 4.0010750      .71146060    
 3.9974100      .67846720    
 4.1348970      .66201380    
 8.2336390      .14739680    
 7.1678190      .60911050E-01
 6.9189870      .16248870    
 6.5592080      .18820680    
 5.9435050      .11759520    
 5.9928060      .84514820E-01
 7.0143050      .18111610    
 7.2672120      .19666440    
 6.4132480      .10991400    
 5.3200680      .64554330E-01
 4.3977730      .72008560E-01
 4.0637810      .29119140E-01
 9.3411550      .38152230E-01
 18.192730      .49417190E-01
 21.559040      .47720160E-01
 22.395690      .70889200E-01
 24.060590      .70402670E-01
 25.008830      .66538800E-01
 21.839280      .12363270    
 19.083470      .11513290    
 17.631230      .93609640E-01
 15.307870      .52694260E-01
 7.8827560      .87532260E-01
 2.5841310      .73078660E-01
 2.8003860      .73631310E-01
 5.9224330      .48495920E-01
 6.5538450      .16398130    
 6.6891300      .20010820    
 5.6684590      .14844360    
 4.2299280      .60684920E-01
 4.7121260      .17503390    
 4.5688000      .30507930    
 5.1202430      .37958320    
 5.8810920      .39953290    
 6.6821280      .38463600    
 6.8666780      .36377700    
 7.6424900      .34880530    
 9.0468500      .32797120    
 9.9290200      .29312040    
 10.196330      .25124300    
 9.8153640      .25951680    
 9.4604690      .33549610    
 8.7176300      .43038310    
 7.6711980      .52331170    
 6.3111090      .60810510    
 5.1200390      .66948000    
 4.2025750      .69347210    
 4.2669090      .67817930    
 3.9026530      .63406990    
 3.9333880      .58633060    
 3.8728000      .57278260    
 6.1648080      .11400050    
 5.0873000      .55042330E-01
 4.9673820      .17117660    
 4.6232930      .17626040    
 4.1679720      .66579680E-01
 4.9587590      .74149090E-01
 6.6494710      .18630720    
 7.3620590      .18387510    
 6.3860900      .66730980E-01
 5.9243770      .67825300E-01
 5.7725370      .57952370E-01
 6.0814610      .47829980E-01
 11.884320      .24863910E-01
 18.751330      .53004460E-01
 20.222350      .29822030E-01
 20.554200      .93408030E-01
 23.335730      .22336550E-01
 24.022180      .32343590E-01
 20.690390      .12249000    
 18.869840      .14714880    
 18.219250      .86561990E-01
 14.590610      .48089820E-01
 6.3281390      .10320230    
 1.4716990      .24564960E-01
 3.5511270      .57152930E-01
 6.1377190      .70154670E-01
 6.1216380      .17516000    
 5.5978480      .19571830    
 3.9060720      .12307510    
 2.4409790      .38037640E-01
 3.5435890      .18958720    
 4.7436110      .30258440    
 4.4934580      .35454750    
 4.7006250      .35685070    
 5.6404500      .33939300    
 5.6884870      .33667480    
 6.9216480      .34181590    
 8.0898860      .32151150    
 8.6956010      .25686610    
 8.6835140      .17626370    
 8.7760670      .20907100    
 8.7859240      .32054520    
 8.3477570      .42142060    
 7.3503610      .51220550    
 6.4503840      .59032780    
 5.1267010      .64144580    
 3.9695920      .64973970    
 3.2913910      .61179210    
 3.5074560      .53991100    
 3.3892930      .47802010    
 3.1018280      .47693570    
 4.6945910      .14548950    
 3.7416570      .12733600    
 3.5109920      .17209410    
 3.7518450      .16484250    
 4.1002970      .94569340E-01
 5.3875270      .12578290    
 6.7688970      .18827410    
 7.8671690      .17986040    
 7.9056340      .11199110    
 8.4221400      .11576170    
 8.7964460      .10448110    
 9.8190110      .99238470E-01
 14.599420      .89859550E-01
 17.672290      .55652580E-01
 17.521390      .75286730E-01
 17.261650      .10122110    
 19.541790      .53272410E-01
 19.783580      .31054070E-01
 18.826060      .12977630    
 17.567290      .16788330    
 15.785970      .11744430    
 10.540170      .10730390    
 4.1678550      .10594650    
 1.6061570      .73391740E-01
 3.7389300      .10700460    
 5.4916690      .12956430    
 5.4472370      .17052380    
 4.6222190      .18707530    
 2.8908700      .13389130    
 1.8618010      .11713690    
 2.7064670      .20454260    
 3.9841520      .28855170    
 3.9873120      .31911290    
 3.5787040      .29705390    
 3.7193190      .27721830    
 4.6913790      .30604480    
 6.0025260      .33057150    
 7.0103970      .30241460    
 7.5770680      .19722580    
 7.3736720      .70143450E-01
 7.9303860      .17765260    
 8.4502180      .30641220    
 8.5056720      .39960850    
 7.5460350      .48866280    
 5.9320410      .56662950    
 4.4367100      .60849370    
 3.5157290      .59663720    
 2.9536410      .53147890    
 2.6269540      .43258910    
 2.6749390      .35790330    
 2.5159450      .38681630    
 3.6820120      .19200910    
 2.7515840      .14204230    
 2.5204020      .14965630    
 3.3944970      .16368210    
 4.8738630      .13090070    
 6.5784930      .13074670    
 7.6884220      .18208500    
 9.3196040      .19032090    
 10.476560      .15313110    
 11.886130      .12705480    
 12.708450      .13262030    
 13.848530      .14102980    
 16.322380      .11026480    
 16.440510      .19949490E-01
 14.242390      .92843410E-01
 12.444010      .95436890E-01
 14.852430      .73022630E-01
 16.611970      .40084700E-01
 16.539160      .15024240    
 15.190920      .18716990    
 11.878540      .14911940    
 6.4682920      .10445550    
 2.3724300      .11181840    
 1.9034810      .14034550    
 3.8004560      .15066740    
 5.0569210      .12277880    
 5.0014850      .14143760    
 3.7097390      .18449080    
 2.0871510      .16075410    
 1.3312010      .14106610    
 2.1353060      .19128700    
 3.3499010      .26548620    
 3.5101980      .27325330    
 2.3900320      .21341290    
 2.6939600      .20593900    
 3.8538420      .28038270    
 5.1713030      .32150370    
 6.2390170      .28208090    
 6.4346170      .14828930    
 6.4988100      .39796630E-01
 7.6534910      .18823330    
 8.6193560      .28556420    
 8.2034280      .36595080    
 7.1192490      .45974560    
 5.4613520      .53889440    
 4.1699780      .57066970    
 3.2755600      .53971950    
 2.7032290      .44593820    
 2.1866560      .31070230    
 1.5182430      .23006550    
 1.5341430      .31836740    
 3.1851500      .20318520    
 1.7703200      .88656590E-01
 2.6075020      .11980530    
 4.2888110      .16592700    
 6.3714360      .11431110    
 8.0757420      .86500700E-01
 8.9953910      .17950710    
 11.039720      .19977530    
 13.608440      .14817040    
 16.211740      .86303760E-01
 16.824840      .13771150    
 17.396050      .14876170    
 17.742420      .91849680E-01
 15.638420      .30295860E-01
 10.737480      .89636070E-01
 6.8904020      .52088150E-01
 12.218820      .66983380E-01
 15.175210      .60124200E-01
 13.885500      .17163090    
 11.660640      .20033380    
 7.6698960      .14228890    
 2.8569530      .41641690E-01
 1.3108780      .12677620    
 2.1249620      .17822540    
 3.7008910      .15582170    
 4.8509650      .51916420E-01
 4.4052740      .12101840    
 2.9693820      .18895850    
 1.3285460      .16064830    
 .70664160      .95017880E-01
 1.8601640      .16398750    
 2.7875600      .24163890    
 2.2429570      .21531530    
 1.1237550      .10546510    
 1.4192420      .15076040    
 3.2521040      .27615840    
 4.5839050      .32207420    
 5.4357350      .27664520    
 5.7693620      .16466210    
 6.4718070      .13505270    
 7.9168520      .20290060    
 8.7770780      .24384670    
 8.1153090      .32120600    
 6.5782290      .43076850    
 5.0630610      .51194610    
 3.9324190      .53275410    
 3.2789530      .48103580    
 2.6255490      .35930770    
 1.6348850      .18137970    
 .94453130      .11444960    
 1.3780870      .29589970    
 2.9121630      .18550130    
 1.6553640      .26539130E-01
 3.6510350      .12566770    
 5.6320070      .16383740    
 7.7870750      .65843830E-01
 9.1688660      .74818650E-01
 10.247860      .18674540    
 12.894440      .19644660    
 16.714960      .10658100    
 20.203680      .36972940E-01
 20.309260      .13709180    
 20.280650      .11877730    
 19.346400      .60938630E-01
 15.523800      .55075830E-01
 8.0768140      .72818120E-01
 4.9976580      .45692030E-01
 11.622960      .52532690E-01
 13.282150      .84322560E-01
 11.111580      .18971350    
 8.2198830      .20373360    
 4.4205860      .12410330    
 1.0245910      .51972150E-01
 1.0416580      .15587800    
 2.1418440      .19296590    
 3.5772420      .14376160    
 4.1849170      .44090840E-01
 3.5323530      .14310880    
 2.3759830      .19008560    
 1.0734790      .13169230    
 .54995230      .26117540E-01
 1.9698550      .15961520    
 2.1847410      .22284080    
 1.2153540      .16614950    
 .17104070      .27913060E-01
 1.0624230      .16512710    
 2.2575410      .29794590    
 4.0731230      .33464620    
 4.8121670      .29136130    
 5.4394700      .21933740    
 6.6712310      .19723030    
 8.1290000      .18335730    
 8.8548670      .17280370    
 7.6881230      .27996380    
 6.0859870      .40995690    
 4.7868540      .48760780    
 3.8633540      .49676390    
 3.3045360      .43142110    
 2.4574860      .29036630    
 1.2277130      .82433120E-01
 .86851270      .96366150E-01
 1.5929410      .33267930    
 3.3174050      .18043710    
 3.5929810      .89294550E-01
 5.2848980      .14909370    
 6.7114740      .16333500    
 8.2923130      .99070270E-01
 9.4256920      .13171550    
 11.190270      .18749960    
 14.698900      .18417110    
 19.172380      .10214820    
 22.019750      .89847890E-01
 22.645030      .12220640    
 22.495980      .48284830E-01
 21.618970      .43371840E-01
 16.452870      .89575600E-01
 9.1171630      .97633380E-01
 8.0372500      .11365050    
 10.770350      .10396280    
 10.491440      .13799170    
 8.2423500      .19353420    
 5.1186160      .20348720    
 2.3401580      .14505410    
 .56142460      .12409930    
 .98261580      .16827190    
 2.0915780      .19369870    
 3.0031110      .15362780    
 3.0873560      .11565010    
 2.6489210      .15980910    
 1.8311860      .18359450    
 1.1012460      .11998680    
 1.4653040      .78536210E-01
 2.2716670      .17099050    
 1.7223010      .21339640    
 .46464890      .16000390    
-.83104130E-01  .11544960    
 1.0355650      .23549700    
 1.5854930      .33394250    
 3.3822620      .35372500    
 4.4650890      .31440110    
 5.2813370      .26213800    
 6.4937330      .21595140    
 8.4147440      .12170550    
 8.8536060      .92422390E-01
 7.1380940      .26502700    
 5.6226240      .40063940    
 4.5507630      .47021890    
 3.9186800      .47011590    
 3.3063700      .39866240    
 2.5672830      .26346790    
 1.5454210      .12822870    
 1.4827200      .21037800    
 2.2745380      .40819590    
 5.0499950      .19372030    
 6.1723570      .11934030    
 6.9696840      .14960070    
 7.5589780      .17411620    
 8.3160590      .14947590    
 9.3061440      .14463970    
 11.721930      .16745350    
 15.681350      .17541190    
 20.195970      .13465790    
 23.461990      .10477440    
 24.267620      .90162680E-01
 24.441740      .30837060E-01
 24.615880      .20446100E-01
 17.992570      .90941120E-01
 11.663220      .12771400    
 10.049460      .15895080    
 9.7291680      .14581670    
 7.7296900      .13657760    
 5.2195810      .18006640    
 3.3344650      .20666790    
 .98647440      .17208640    
 .46641850      .13157980    
 .80633560      .14803370    
 1.6530870      .19264200    
 2.1805880      .17128110    
 2.2179490      .12750520    
 1.6736120      .14320590    
 1.5210300      .17747370    
 1.8013240      .13427640    
 2.6975620      .10470180    
 2.5890470      .17067350    
 1.3100200      .21810680    
-.13160180      .20224090    
-.76190720E-01  .22116270    
 .96892430      .30858930    
 1.9390730      .37027610    
 2.9062620      .37167470    
 3.4225460      .33344200    
 4.6284330      .28028070    
 6.3264360      .20814710    
 8.2388610      .69261900E-01
 8.1472310      .10113370    
 6.7122670      .28053980    
 5.1631870      .39923480    
 4.4779280      .45801550    
 4.4252630      .45336570    
 3.6815210      .38984770    
 2.8299030      .29039680    
 2.2054230      .24201360    
 2.2565280      .33544030    
 2.8212900      .49495110    
 7.1403830      .18505120    
 8.4005510      .74334680E-01
 7.9004060      .14064930    
 7.5824690      .18891470    
 7.9045940      .15888590    
 8.7900810      .94839030E-01
 11.791680      .13625920    
 16.274050      .16812990    
 21.058120      .14148450    
 24.846780      .48327710E-01
 25.007420      .76412680E-01
 25.710550      .47112630E-01
 27.290210      .36120590E-01
 18.875800      .55262990E-01
 13.744500      .14722550    
 11.273930      .18253440    
 8.6897370      .13719220    
 5.2769850      .78812020E-01
 3.1074870      .16832750    
 1.3062120      .21095700    
 .96243370E-01  .17068660    
 .38916880      .69746900E-01
 .70861820      .12358090    
 1.2501570      .19548970    
 1.3878770      .16724080    
 1.2376510      .68741390E-01
 1.3004850      .11979480    
 1.6558350      .17722720    
 2.7232250      .12293140    
 3.8176840      .60413080E-01
 2.5184010      .17150570    
 .97780280      .23599390    
 .67377850      .25869550    
 .98761920      .30286280    
 1.1498190      .36356580    
 2.3751010      .39499150    
 2.6714840      .38109540    
 2.9234310      .33384450    
 3.9003490      .27536750    
 5.7293620      .20139080    
 7.1532890      .12142100    
 6.8945050      .18207030    
 5.8756420      .30308700    
 5.3661760      .39664060    
 5.0332310      .44843820    
 4.5583060      .44948190    
 3.9813110      .40571550    
 3.4037750      .35196160    
 2.9225010      .35569490    
 3.0889730      .44581920    
 3.6786220      .57659360    
 8.5692350      .15210150    
 9.5053300      .27107980E-01
 7.4921310      .15329510    
 6.8351640      .19707800    
 7.0855400      .13346150    
 8.1248280      .24510810E-01
 11.622960      .11199430    
 16.252450      .15482730    
 21.233710      .13065120    
 24.899650      .42036510E-01
 24.245730      .91803890E-01
 24.456240      .20905430E-01
 26.069320      .47195440E-01
 19.685770      .54678920E-01
 15.580700      .16977520    
 11.683560      .18679410    
 7.3590560      .98501450E-01
 3.5626150      .43528520E-01
 1.3171410      .17456360    
-.10826240      .21245340    
-.14401010      .15233860    
 .29125520      .32254030E-01
 .24391900      .14047150    
 .76313140      .19821980    
 .55526350      .14761110    
 .60239140      .31705410E-01
 1.0959320      .13684080    
 2.0386000      .17909410    
 3.5619510      .94715990E-01
 3.9304070      .55912990E-01
 1.9029720      .18810240    
 .92638880      .25613160    
 .98859100      .30577780    
 1.3929530      .35806010    
 2.5061820      .40074650    
 2.7193170      .40850110    
 2.2811430      .37234890    
 2.5769120      .31036420    
 3.4397900      .25313660    
 4.8334330      .20733710    
 5.5095390      .18485810    
 5.5927940      .23020550    
 5.2847970      .31008180    
 5.2360320      .38995950    
 4.6674460      .44245980    
 4.4375960      .45558470    
 4.1836960      .43747650    
 3.8773370      .42269260    
 3.7344140      .45348140    
 3.9326670      .53670150    
 4.4438420      .64594130    
 8.8983860      .14329980    
 8.3363240      .89623500E-01
 6.4308540      .17230820    
 6.0267570      .19819710    
 6.4455220      .12295240    
 7.9650630      .61918990E-01
 11.543450      .70426320E-01
 16.216860      .14561310    
 20.916810      .13856650    
 23.608370      .10687340    
 23.811530      .11169440    
 24.676670      .86446280E-01
 24.684470      .99447470E-01
 21.154720      .12681690    
 16.949920      .18061950    
 11.749000      .18180040    
 6.4129800      .10742880    
 2.5694800      .10346930    
 .71598960      .17946400    
-.93945670E-01  .21068940    
-.41502470      .15634090    
 .90198630E-01  .10812130    
-.17056040      .16555730    
-.11263040      .19537310    
-.34983090E-01  .14764790    
 .35335840      .10384860    
 1.0121500      .16464440    
 2.2489010      .18315240    
 3.5264020      .12301140    
 2.7576040      .12856470    
 1.3365450      .19585060    
 1.1067660      .26873120    
 1.4333890      .33860430    
 2.2861540      .39337520    
 2.6496920      .42015010    
 2.3725490      .40445360    
 2.2512550      .34320570    
 2.1623910      .25790060    
 2.8723200      .21620520    
 4.0213240      .21348600    
 4.5696110      .21481330    
 4.3132750      .23403950    
 4.5705350      .29474580    
 4.7765960      .37857210    
 4.8751480      .44121020    
 4.9376260      .46986140    
 4.8992080      .47597170    
 4.7444650      .48766630    
 4.7562980      .53054880    
 4.9870720      .60602660    
 5.1692460      .69770370    
 8.1620550      .14544380    
 6.5146010      .10207070    
 5.4090220      .17779230    
 5.5508130      .19800320    
 5.9815200      .13448740    
 7.7728170      .64934810E-01
 11.101840      .43233830E-01
 15.649050      .15679330    
 19.787880      .14719000    
 22.662930      .11730480    
 24.359610      .13087430    
 25.735730      .14020010    
 24.959290      .14300240    
 22.338970      .14230880    
 17.509590      .16722230    
 10.899100      .17992270    
 5.2089110      .13173470    
 1.5466450      .10511700    
-.82098200E-01  .17241290    
-.49642750      .21345600    
-.49397050      .17812040    
-.38717870E-01  .14025300    
-.24905760      .15828200    
-.51623400      .18973940    
-.15771710      .15964580    
 .37335180      .12969170    
 1.1270740      .16960000    
 2.2755490      .19339280    
 2.7019440      .16358080    
 1.7075690      .14253730    
 .86605890      .17546070    
 1.2489580      .27468280    
 1.8335780      .36186220    
 2.5847190      .41503990    
 3.0794470      .42165840    
 2.5986890      .38086320    
 2.1511950      .28558470    
 1.8794120      .17691980    
 2.1524600      .17367780    
 3.1678660      .21247110    
 3.4847860      .20326340    
 3.4785570      .19146070    
 3.9747570      .26563290    
 4.8320160      .36803520    
 5.3962000      .44278850    
 5.7134420      .48650000    
 5.8539780      .51138940    
 5.9301090      .53849510    
 5.7897370      .58506230    
 5.9781160      .65285350    
 6.3009150      .73290280    
 6.8443330      .10556650    
 5.0411220      .67531790E-01
 4.4536930      .18239410    
 4.5309910      .19463720    
 5.5009710      .11505990    
 7.2908920      .49509670E-01
 10.478680      .11176150    
 14.695670      .17050550    
 18.897110      .11892470    
 22.466740      .78484080E-01
 25.198900      .13681680    
 26.609420      .15337060    
 25.655790      .14189410    
 23.284470      .93743200E-01
 16.742290      .14428770    
 9.2754810      .17983940    
 3.8001240      .11569200    
 .48967420      .49837220E-01
-.54896470      .17311650    
-.76779530      .21912770    
-.53114350      .18162920    
-.71921410E-01  .10258230    
-.20011910      .12848140    
-.63384120      .18405300    
-.19328560      .14647950    
 .26635390      .89557270E-01
 1.2925930      .16401850    
 2.3494500      .20461670    
 2.1869110      .17175010    
 .89902840      .88312050E-01
 .95701000      .14579320    
 1.9349850      .28765670    
 3.0021400      .38082650    
 3.6979910      .42028050    
 3.2790990      .41239460    
 2.5835810      .34578020    
 1.6218390      .21179610    
 1.0378540      .69401520E-01
 1.7780490      .15083160    
 2.5762850      .20493100    
 2.5985140      .15134520    
 2.7920440      .11660990    
 3.9819750      .24253710    
 5.3119720      .36104480    
 6.1724510      .44483750    
 6.7032620      .50047300    
 6.9584540      .53697970    
 7.1144170      .57098030    
 7.4309720      .61633430    
 7.5862150      .67876010    
 7.6996210      .75149930    
 5.7185390      .79343180E-01
 4.2975380      .97599600E-01
 4.0459020      .18925670    
 4.1800780      .18362650    
 4.8665960      .67729940E-01
 6.5251800      .63404630E-01
 9.6410940      .15438120    
 14.032500      .16799510    
 18.634600      .66161090E-01
 23.085390      .63439450E-01
 26.437140      .11848450    
 26.728020      .13096140    
 25.293610      .10215100    
 22.732900      .25240000E-01
 14.154840      .14445560    
 6.9215560      .17906790    
 2.2609090      .95051710E-01
-.16022740      .73029970E-01
-.75410740      .18936260    
-1.0216660      .21896660    
-.85564420      .16071320    
-.76470230E-01  .27910430E-01
-.11250310      .12266350    
-.12648230      .17814620    
 .12515520      .10428360    
 .50149970      .39084740E-01
 1.8716790      .17114480    
 2.8074360      .20983930    
 2.3648100      .15387830    
 .98622500      .26749130E-01
 2.3547720      .16412560    
 3.8912270      .30783340    
 4.3859180      .39052130    
 4.2272240      .41791820    
 4.0064230      .39131950    
 2.9457730      .30805880    
 1.4407290      .15237480    
 .66551860      .40098510E-01
 1.6306180      .17197230    
 2.1927360      .19476400    
 1.9786390      .78207250E-01
 2.5439300      .74176540E-01
 4.3539770      .23858250    
 5.9915260      .35488520    
 7.3412660      .44399020    
 8.1747190      .50624360    
 8.7692420      .54627320    
 8.9663230      .58081510    
 8.8608510      .62497160    
 9.0751310      .68359780    
 8.9636670      .75414310    
 5.0892680      .13531610    
 4.4166150      .14167110    
 3.9094720      .18495490    
 3.5604620      .17580130    
 4.0627760      .10038630    
 5.4335720      .12190980    
 8.6555790      .16254450    
 13.701300      .15937740    
 19.250300      .94305050E-01
 24.516210      .96992690E-01
 27.715970      .56936740E-01
 25.932910      .92045860E-01
 22.635260      .60754570E-01
 17.552900      .71738440E-01
 10.009240      .15809810    
 4.6502290      .18306900    
 1.1294620      .13304040    
-.51613480      .14213830    
-1.0665170      .19514850    
-1.2551270      .21023800    
-.59833930      .14527690    
-.13929400      .68336570E-01
 .48467310E-01  .14103490    
 .33899610      .17249080    
 .26425100      .98736790E-01
 1.1356450      .93789830E-01
 2.6809050      .18228180    
 3.6369490      .20842090    
 3.4349050      .15044530    
 3.2374200      .10572850    
 4.7858810      .22164610    
 5.8307950      .32880630    
 6.1565140      .38721330    
 5.5142430      .40068460    
 4.1634360      .36780040    
 2.7804850      .28367980    
 1.3183050      .16361010    
 1.0076080      .14219330    
 1.7203150      .21165770    
 1.9981210      .19243180    
 2.1127720      .90651430E-01
 3.2692890      .12587470    
 5.2239690      .23599520    
 7.3937730      .34385380    
 8.8729250      .43753120    
 9.7576380      .50177590    
 10.200370      .54011530    
 10.398790      .57023670    
 10.395330      .61055620    
 10.398490      .67033120    
 10.032570      .74464420    
 5.0215700      .16834410    
 4.4613930      .12769620    
 3.8740530      .16935630    
 3.1868050      .18402700    
 3.0099820      .15046430    
 3.9952990      .12897610    
 7.6828040      .13926240    
 13.854170      .15688790    
 20.273160      .13436540    
 25.760110      .91210250E-01
 27.473490      .29859600E-01
 23.074960      .53603230E-01
 17.367420      .43879590E-01
 10.955470      .90257160E-01
 5.7992320      .16031400    
 2.3680010      .19512630    
 .33675380      .16958490    
-.49269680      .15110380    
-1.1487420      .17675260    
-1.0302770      .20024230    
-.32924740      .14893650    
 .76046330E-01  .93149070E-01
 .49137790      .14043440    
 .86311410      .17181960    
 .86111420      .12176220    
 2.0506400      .11159230    
 3.9356250      .18054450    
 5.1768280      .20408490    
 5.5259140      .17262990    
 6.0287160      .18523760    
 7.1425040      .26510870    
 8.2089310      .33484730    
 7.8743990      .37237020    
 6.5621620      .37628980    
 4.6752530      .34464410    
 3.0838900      .27941780    
 1.5724680      .21607010    
 1.2265100      .22180650    
 1.8511950      .24307430    
 2.3003490      .20582150    
 2.9032650      .14474540    
 4.3518900      .14480740    
 6.6501620      .21352530    
 8.8627610      .32935760    
 10.370310      .42639260    
 11.192040      .48642310    
 11.645920      .51605190    
 11.781580      .53765280    
 11.722840      .57654760    
 11.309650      .64301990    
 10.547490      .72780040    
 5.2342640      .14844770    
 4.5683930      .63579920E-01
 3.4174640      .16391410    
 2.5059570      .19888240    
 2.0441170      .16180860    
 2.3533030      .68894670E-01
 7.3658670      .10869420    
 14.623290      .15102070    
 21.301030      .13547310    
 26.111500      .66333990E-01
 24.841610      .79259770E-01
 18.726850      .68201320E-01
 11.130460      .45339240E-01
 4.9561030      .47571850E-01
 2.7989070      .16527060    
 1.1023750      .20615760    
 .30966130E-02  .16822470    
-.45279320      .97046120E-01
-.82868730      .15059270    
-.59940000      .19443630    
 .31903550E-01  .13841730    
 .40786910      .41115010E-01
 1.0004570      .13907520    
 1.5984880      .17352420    
 1.9417610      .10161180    
 3.2039800      .74307190E-01
 5.7111940      .17423570    
 7.5184340      .19043900    
 8.1253810      .18682960    
 8.8134910      .22374230    
 9.7491750      .27754730    
 9.8953280      .31987970    
 8.7320870      .34370070    
 6.6583740      .34429060    
 4.7624590      .31985350    
 2.9606890      .28389880    
 1.8434080      .26138110    
 1.6701010      .26607740    
 2.3084660      .25947230    
 2.9503420      .21961770    
 3.9868630      .15867330    
 5.7239530      .96640620E-01
 8.2294640      .18233010    
 10.492560      .31583050    
 11.927240      .40988320    
 12.660380      .45902590    
 12.998890      .47293810    
 12.863810      .48307070    
 12.811620      .52598700    
 12.101630      .60823120    
 11.036290      .70941310    
 5.2421010      .11269880    
 4.2930460      .55540080E-01
 2.6126650      .17834940    
 1.6672370      .20577740    
 1.0961960      .14686890    
 1.7845560      .30020020E-01
 8.3857650      .98622140E-01
 15.566680      .12646710    
 21.859050      .10383460    
 25.170520      .21901550E-01
 21.090340      .10942450    
 13.983020      .93449540E-01
 5.9342100      .18338450E-01
 1.8576470      .69994670E-01
 1.1111510      .18160560    
 .24013370      .20731300    
-.10121550      .13672850    
-.17952700      .26057470E-01
-.55118450      .14936290    
-.27837580      .19130600    
 .42766820      .12087290    
 1.0316730      .51874620E-01
 2.0659780      .15880200    
 2.6167580      .17083330    
 2.9056590      .65176670E-01
 5.1986140      .83031380E-01
 8.1885840      .16441780    
 10.014570      .15239190    
 10.698920      .17794270    
 11.203260      .22614890    
 11.856580      .25899330    
 11.184540      .28151090    
 9.4769560      .29886850    
 6.8698120      .30242240    
 4.6726450      .29068970    
 2.8891330      .28378990    
 2.1706170      .28359760    
 2.1566550      .27822940    
 2.5808420      .25686990    
 3.9242580      .21713310    
 5.3531990      .13396530    
 7.2817230      .26539270E-01
 10.130140      .17509280    
 12.227340      .30350790    
 13.436180      .38795860    
 13.909730      .41875850    
 14.288720      .40915010    
 14.213920      .40828530    
 13.550890      .46678440    
 12.365740      .57517950    
 11.357520      .69439970    
 4.6453870      .14297500    
 3.4244310      .12915360    
 2.3311150      .18723310    
 1.6132060      .20251190    
 1.3224990      .14406900    
 3.7700350      .84777360E-01
 9.9398820      .58731000E-01
 16.085480      .94401460E-01
 21.160040      .61657530E-01
 21.806340      .62817430E-01
 16.976040      .13492750    
 10.212520      .11622880    
 3.8578400      .89394270E-01
 1.0014940      .12877820    
 .18050780      .18599310    
-.25498770      .20094970    
-.32298650      .12616030    
-.32437130      .81469740E-01
-.25762260      .16273720    
 .19110340      .19006970    
 .90161510      .13898110    
 1.9868210      .12255740    
 3.2072140      .17229860    
 3.5311730      .17224820    
 4.8744580      .11284460    
 7.7541310      .13392280    
 10.773730      .13154450    
 12.523310      .80763750E-01
 12.610050      .16010760    
 12.928380      .19791440    
 13.363750      .20932010    
 12.306560      .22170980    
 9.8144630      .24395180    
 7.0625090      .24968090    
 4.4487500      .25005050    
 2.8898030      .27321760    
 2.4836980      .28241470    
 2.6932790      .26023570    
 3.4286410      .22951840    
 4.8977930      .20141300    
 6.8338270      .12420340    
 9.4817710      .79135230E-01
 12.200540      .17805320    
 13.777500      .28860950    
 14.640540      .36163180    
 15.178220      .36635900    
 15.513170      .32356580    
 15.260000      .31719740    
 14.184740      .41087060    
 12.632760      .55183920    
 10.947830      .68880910    
 3.9694600      .18635690    
 2.7872710      .14579140    
 2.0012720      .17249750    
 1.6664870      .19365740    
 2.4196170      .14304100    
 5.5976530      .85232810E-01
 10.880750      .27752500E-01
 15.606800      .93427230E-01
 18.896800      .22925010E-01
 17.498290      .92452760E-01
 12.928260      .14603990    
 7.3852720      .15224450    
 2.9770310      .13567420    
 .48487660      .12354150    
-.44844250      .17397980    
-.58749540      .19921880    
-.48538490      .14842310    
-.31903030      .11600100    
-.32789920E-01  .15761870    
 .62623610      .19133210    
 1.4695050      .15799130    
 3.0438360      .12997520    
 3.9782830      .16716150    
 4.9092890      .18487530    
 7.0079910      .15917800    
 10.307580      .13625560    
 13.050380      .79594900E-01
 14.112670      .43150100E-01
 13.917720      .14945000    
 14.680280      .13608690    
 14.677690      .13896590    
 13.042800      .14254060    
 9.7166710      .18597430    
 6.5441110      .17962980    
 4.0225010      .20074960    
 3.1303410      .25562000    
 3.0817190      .25884250    
 3.5477160      .20836190    
 4.5212480      .18144680    
 6.1743980      .18953060    
 8.6792830      .14627040    
 11.916360      .10428800    
 14.220420      .15766750    
 15.153280      .27652260    
 15.712990      .33502570    
 16.216430      .30288380    
 16.578360      .21460400    
 15.956920      .22420480    
 14.342100      .37671240    
 12.552990      .54620440    
 10.731250      .69220450    
 3.7734990      .19057230    
 2.6021310      .95760960E-01
 1.7966100      .14746490    
 1.6694220      .18158090    
 3.2620850      .10712680    
 6.5874100      .53620020E-01
 10.563020      .95851830E-01
 14.031770      .11789260    
 15.532690      .73939000E-01
 13.541360      .77579770E-01
 9.8576590      .14863720    
 5.7227950      .17454600    
 2.1474340      .12510510    
-.11806120      .63381670E-01
-.79693230      .16761080    
-.84280130      .20335980    
-.76539340      .15141820    
-.26771700      .73651690E-01
 .27909580      .14416260    
 .88611510      .19202730    
 2.2015190      .14081680    
 3.9995160      .76771160E-01
 4.8193410      .16090160    
 6.1341650      .19804820    
 8.9460260      .16350300    
 12.571930      .86738490E-01
 14.003360      .75362280E-01
 14.053630      .11238400    
 14.483500      .13064560    
 15.704120      .44639220E-01
 15.312110      .70451450E-01
 13.069000      .69415200E-01
 8.9684520      .13940040    
 5.6330340      .86490650E-01
 3.7054500      .16368540    
 2.9884910      .23934550    
 3.3507420      .21859360    
 4.1568260      .12172800    
 5.4522150      .13407370    
 7.5037060      .19159420    
 10.540110      .15517600    
 14.220640      .49368170E-01
 15.743870      .14307240    
 16.166990      .27885480    
 16.548580      .31217900    
 17.025990      .23471740    
 17.392880      .86922440E-01
 16.179470      .16949380    
 14.104950      .37997660    
 12.038330      .56028660    
 10.148680      .70484230    
 3.3543890      .16084020    
 2.1891850      .25999750E-01
 1.5873410      .14449070    
 2.0218370      .16859460    
 3.9564240      .64845990E-01
 6.5880680      .74276040E-01
 9.4514540      .14564440    
 12.006510      .14813600    
 12.389420      .86116330E-01
 10.620230      .38233890E-01
 7.9465390      .15850880    
 4.7820840      .17820000    
 1.7598990      .93221100E-01
-.35027100      .55112780E-01
-1.2774590      .18019500    
-1.4453240      .20443150    
-.75199920      .12775430    
-.60700920E-01  .27336470E-01
 .46148310      .15346880    
 1.2540180      .18904900    
 3.0728000      .99913950E-01
 4.4717690      .43419300E-01
 4.9895730      .17069770    
 6.8889430      .20199260    
 10.193810      .13525320    
 13.535450      .23698440E-01
 13.179660      .11021500    
 13.126950      .15372000    
 14.226420      .11388320    
 15.216820      .45741680E-01
 14.522280      .53915830E-01
 11.604440      .90310710E-01
 7.5678600      .10950110    
 4.4899720      .27875380E-01
 3.1338850      .16422640    
 3.1157360      .22615680    
 3.7338360      .17281430    
 4.7735630      .29734540E-01
 6.3517350      .13633160    
 8.7547190      .21028370    
 12.019930      .15590730    
 15.347380      .51267870E-01
 16.169740      .18983280    
 16.518000      .29846880    
 16.850890      .29847400    
 17.284540      .18569930    
 17.446200      .36717680E-01
 15.630930      .20736460    
 13.421930      .41941730    
 11.345480      .58877120    
 9.4905850      .72167680    
 3.4307090      .15360620    
 1.9484700      .83014440E-01
 1.7166400      .15430640    
 2.4105380      .16319330    
 3.9121790      .10988620    
 5.7798710      .13168170    
 8.0077670      .16534030    
 10.007980      .16571350    
 10.176470      .10080880    
 9.0555600      .98094890E-01
 7.1707970      .16562420    
 4.4925550      .17391790    
 1.7464240      .11496660    
-.41762940      .12266910    
-1.3409890      .18998740    
-1.5584550      .20078860    
-1.1075270      .12532230    
-.59830830E-01  .92535410E-01
 .40744880      .17096110    
 1.4101260      .18644960    
 2.9808790      .11014410    
 3.8080780      .10675080    
 4.7500810      .17834280    
 7.1378820      .19837440    
 10.215410      .12550240    
 11.581260      .77015620E-01
 11.065000      .13682000    
 11.653960      .17009040    
 12.870880      .13628040    
 13.326050      .11082770    
 12.180760      .10862530    
 9.3190880      .14306000    
 5.9072590      .11732630    
 3.4106320      .93560200E-01
 2.5673780      .17645270    
 3.1025050      .21713510    
 4.2303920      .15821630    
 5.3571050      .92244690E-01
 7.1402850      .19837160    
 9.6901080      .24488410    
 12.712180      .19366150    
 15.102230      .16959990    
 16.012660      .26595720    
 16.396360      .32841620    
 16.605750      .30159880    
 16.835560      .19735320    
 16.309680      .15349550    
 14.508590      .30266560    
 12.409490      .47780210    
 10.433870      .62319180    
 8.7028000      .73761780    
 2.9089550      .18324920    
 1.9035670      .12224060    
 1.8708010      .14369890    
 2.6561060      .17000160    
 3.4529140      .15260070    
 4.6946860      .13581480    
 6.6467290      .15645420    
 8.6476800      .17696780    
 9.2441460      .14336850    
 8.5249070      .12733540    
 7.1089640      .14866230    
 4.9286890      .17116100    
 2.0033210      .13887390    
-.44886860      .13060150    
-1.3226410      .18490270    
-1.5481210      .19625490    
-.99093300      .13518580    
-.80445800E-01  .11070090    
 .51699040      .17544840    
 1.2548850      .19117020    
 2.2163690      .13911850    
 2.7014220      .11545440    
 4.2344580      .17081290    
 6.6662610      .19802810    
 8.6955100      .14817910    
 8.4692960      .10279740    
 8.4560950      .13017470    
 9.8297690      .17906930    
 10.845890      .15969890    
 10.787620      .12718520    
 9.5353250      .14262610    
 7.1069790      .17375870    
 4.2727350      .13977150    
 2.3122810      .11081900    
 2.2836410      .17428060    
 3.3669920      .22089700    
 4.5181450      .19630610    
 5.9120970      .20218500    
 7.7971720      .27215370    
 10.267650      .29449660    
 12.792990      .26723170    
 14.606460      .27768450    
 15.472500      .33551160    
 15.824370      .36170180    
 15.856040      .32664760    
 15.713130      .26431970    
 14.813280      .28125920    
 13.092180      .40114570    
 11.198950      .53773740    
 9.3947720      .65470650    
 7.8596200      .74704800    
 2.3812670      .19710190    
 1.8989390      .83794780E-01
 2.1275070      .12065730    
 2.5686690      .17993630    
 2.9459330      .15278080    
 3.4446220      .77612680E-01
 6.1812930      .14133130    
 8.7670940      .18826780    
 9.6713730      .15952960    
 8.8637340      .84045950E-01
 7.8302590      .11980310    
 5.6277000      .16755810    
 2.1808970      .11586550    
-.56638010      .86472330E-01
-1.3514040      .17758700    
-1.3983600      .18797860    
-.80494740      .10562340    
 .13846320      .74141220E-01
 .53275340      .17880460    
 .97655090      .19618240    
 1.3375420      .12730200    
 1.7234180      .61988590E-01
 3.9402340      .16545920    
 6.0980850      .20249710    
 6.5507270      .15448350    
 5.0718180      .49028430E-01
 6.1871120      .11938080    
 8.1336390      .18599600    
 8.7164510      .14850760    
 8.1694230      .87195160E-01
 7.1535550      .15427230    
 5.2777000      .19014780    
 2.8361140      .12777260    
 1.3989280      .61542390E-01
 2.5511750      .17537380    
 3.9179230      .24119880    
 4.9460670      .25695680    
 6.3114090      .29182690    
 8.1614290      .34021700    
 10.437810      .35309750    
 12.507090      .34511610    
 13.927680      .35995120    
 14.625090      .38953750    
 14.787750      .39492250    
 14.681890      .36824840    
 14.238800      .34755040    
 13.176820      .38926420    
 11.577370      .48490220    
 9.8735840      .58787980    
 8.2575940      .67582590    
 6.9482890      .74507590    
 2.2948710      .18372230    
 2.1350330      .26206210E-01
 2.3177630      .12878320    
 2.5333960      .18564270    
 2.3321920      .12637370    
 2.7253360      .27554660E-01
 6.3986890      .14995470    
 9.4189580      .19354340    
 10.687580      .14622620    
 10.079330      .25289290E-01
 9.5431250      .12181950    
 6.7457490      .15760760    
 2.3846890      .64272990E-01
-.35013030      .72794550E-01
-1.0788340      .17587030    
-1.1062340      .17285500    
-.54173840      .64379330E-01
 .20276080      .83959700E-01
 .26146280      .18835600    
 .67082430      .19386120    
 .58833310      .95985450E-01
 1.5727930      .53828900E-01
 4.0437230      .17529530    
 5.3827260      .20493420    
 4.7958460      .14387690    
 3.4684840      .43222000E-01
 5.1611190      .14520600    
 6.6675190      .18784190    
 6.6775190      .10676970    
 5.9570680      .40231790E-01
 5.3402250      .17787460    
 3.7728870      .19965330    
 1.8750980      .98414940E-01
 1.5387720      .56424950E-01
 3.2669270      .19721700    
 4.4680190      .27106870    
 5.3453880      .31491430    
 6.5481850      .36170520    
 8.2172840      .39968570    
 10.334050      .40999330    
 11.963600      .40864850    
 13.017320      .41563930    
 13.440790      .42578570    
 13.462000      .42389630    
 13.213760      .41435330    
 12.591170      .42404170    
 11.459570      .47380200    
 10.062950      .54845550    
 8.5443480      .62197120    
 7.1542530      .68138250    
 6.1047840      .72841720    
 2.3383670      .17936260    
 2.3013120      .86841210E-01
 2.5154360      .15197870    
 2.5195330      .18716650    
 2.4706470      .12879700    
 4.0011750      .96287880E-01
 7.5955850      .16056150    
 10.825920      .18851520    
 12.793560      .13907310    
 13.245870      .81804070E-01
 11.934690      .13373040    
 7.7789250      .14493940    
 2.9409720      .92495310E-01
 .22017110      .12096740    
-.74399420      .16476730    
-.98464780      .16191030    
-.44493910      .10425360    
-.21282630E-01  .13186260    
 .29300440      .19052440    
 .49131300      .19089290    
 .98695740      .11773610    
 2.7046490      .11464510    
 4.3068490      .17926020    
 4.8468810      .20298060    
 3.9681680      .14855190    
 3.6605260      .10999750    
 4.6834280      .17033450    
 5.3247840      .18803300    
 5.1808890      .11039590    
 4.7504160      .12212540    
 4.1135880      .21873300    
 3.0283620      .21179460    
 2.1993940      .12514530    
 3.0068190      .12890440    
 4.2633100      .21891380    
 4.9548480      .29956440    
 5.5225110      .36276850    
 6.5697600      .41575950    
 8.0306910      .44870140    
 9.5178290      .45742410    
 11.147360      .45032460    
 11.826010      .44485720    
 12.025580      .44278350    
 11.914210      .44402660    
 11.581890      .45464200    
 10.876430      .48502170    
 9.8117760      .53508910    
 8.5288980      .59039510    
 7.2623370      .63604590    
 6.1318140      .66767690    
 5.3297820      .69393490    
 2.4407280      .18944480    
 2.5768650      .11043780    
 2.8190350      .15106670    
 2.8994100      .19163530    
 3.4489900      .15645440    
 5.6595840      .11977000    
 9.3821860      .14284930    
 13.075580      .17693980    
 15.906590      .14183750    
 17.076060      .96802280E-01
 14.072140      .11063250    
 8.4485320      .13787750    
 3.4557960      .13526710    
 .55673500      .11788350    
-.66202050      .13540290    
-.67527730      .16244250    
-.44943330      .13179480    
 .14179760      .12514080    
 .46628810      .18324700    
 .89222720      .19395740    
 1.9221230      .14050180    
 3.7523070      .10869330    
 4.7126960      .16932930    
 4.5120370      .19906280    
 3.9595840      .14862460    
 3.9440430      .11676180    
 4.2797180      .17621850    
 4.3604820      .19910620    
 4.0610590      .17470240    
 3.7739730      .21377510    
 3.4208350      .25994890    
 2.8239930      .22939230    
 3.2421530      .15626310    
 4.5609750      .14398950    
 5.2880990      .22476260    
 5.5382600      .32191370    
 5.4857560      .40012600    
 6.3939880      .45658200    
 7.6151590      .48530340    
 8.7799440      .48670810    
 9.6225720      .46900320    
 10.484350      .44717510    
 10.482140      .43955510    
 10.223150      .45210940    
 9.8745920      .48400770    
 9.1818800      .52864070    
 8.2311190      .57488610    
 7.1128470      .61061540    
 6.0038300      .62837480    
 5.1998250      .63290790    
 4.5919560      .64039000    
 2.6988460      .17715420    
 3.0036900      .57948640E-01
 3.2567810      .14504490    
 3.5523680      .20075630    
 4.6322650      .16333790    
 7.2432000      .67318700E-01
 11.296920      .11454780    
 15.987530      .15872590    
 19.369790      .12102370    
 20.600780      .38236720E-01
 14.864760      .57270660E-01
 8.2051690      .14129810    
 3.3636900      .14367980    
 .45279410      .50804040E-01
-.52208630      .11553180    
-.49495870      .16470420    
-.21426540      .10406670    
 .39707510      .76869180E-01
 .84927090      .18042780    
 1.6612760      .19594140    
 3.1006220      .11991900    
 4.7625100      .49883600E-01
 4.9948500      .16641700    
 4.6040660      .19107080    
 4.2267360      .10974520    
 4.0573120      .74961080E-01
 3.8378320      .18109390    
 3.6071680      .22155130    
 3.3403920      .23948820    
 3.1686380      .27896900    
 2.7861060      .29241640    
 2.9322050      .23953460    
 4.4807350      .13925860    
 6.0248490      .10318010    
 5.8087330      .22597070    
 5.4122360      .34129660    
 5.6252940      .42820560    
 6.3376410      .48565590    
 7.0137860      .50788850    
 7.8476990      .49509420    
 8.4320140      .45857170    
 8.5869990      .42340150    
 8.7605310      .41602660    
 8.5007330      .44801610    
 8.1741610      .50207280    
 7.5714400      .55682500    
 6.7461560      .59570590    
 5.7996370      .60962470    
 4.9335470      .59815700    
 4.2975620      .57593940    
 3.8953430      .56809150    
 3.0813230      .14733490    
 3.4736550      .35955180E-01
 3.7724720      .16246030    
 4.2986960      .20877860    
 5.8059560      .15095950    
 8.6083880      .31445530E-01
 13.424240      .11381650    
 18.658250      .12098870    
 21.339940      .85416470E-01
 20.396870      .28858650E-01
 13.430760      .53178660E-01
 7.1326210      .15859710    
 2.8448440      .13647410    
 .31641490      .43397900E-01
-.42702210      .13507510    
-.42325770      .16008410    
 .12057590      .63256610E-01
 .72690710      .83182130E-01
 1.4649210      .18657070    
 2.6658760      .19270170    
 4.2878890      .97334490E-01
 5.3242870      .72587180E-01
 5.3777440      .17836990    
 4.8310010      .17747200    
 4.4224280      .65535600E-01
 3.9076410      .84210940E-01
 3.4029890      .19155020    
 2.9863750      .24281860    
 2.7913130      .28804560    
 2.7867310      .32390750    
 2.6373340      .31434400    
 3.4128160      .23558870    
 5.7391940      .80555720E-01
 6.6421890      .72661160E-01
 5.4684830      .23686470    
 4.9380470      .35942040    
 5.1897040      .44984980    
 5.7875080      .50492300    
 6.4331840      .51537420    
 6.8199080      .48144050    
 7.0214080      .42044960    
 6.9506180      .37005680    
 6.7645420      .37521970    
 6.7204580      .43586090    
 6.6173950      .51268410    
 6.1244860      .57298680    
 5.3864610      .60017110    
 4.6378000      .58886560    
 4.0121230      .54615860    
 3.5488400      .49546710    
 3.1759290      .47965470    
 3.5121330      .14859550    
 3.9123630      .10269810    
 4.4458160      .18107390    
 5.1047480      .21479330    
 6.6116130      .15715460    
 9.6168330      .99105940E-01
 15.083860      .10236800    
 20.531490      .55111290E-01
 20.158930      .60424910E-01
 16.605770      .72037610E-01
 10.586500      .11884380    
 5.7102100      .17517500    
 2.2120250      .14917380    
 .31982340      .11138140    
-.32927270      .14775030    
-.21895310      .15632980    
 .37208800      .10216850    
 1.0572500      .12685980    
 2.1011990      .18809980    
 3.5580050      .19559490    
 5.0766500      .13770260    
 5.5969320      .14326960    
 5.6140880      .18098330    
 5.1288350      .16913010    
 4.3353440      .10979550    
 3.5170230      .13321860    
 2.8103210      .18609230    
 2.4874240      .25676690    
 2.3547360      .32410340    
 2.4253540      .35624580    
 2.5835530      .32895090    
 3.6837120      .23045230    
 5.6244980      .91864550E-01
 5.5280030      .12191210    
 4.5691150      .24786460    
 4.3182880      .37299950    
 4.6387460      .46731360    
 5.1232120      .51610640    
 5.5123640      .50861730    
 5.6511670      .44738420    
 5.5259490      .35472010    
 5.2409360      .28983350    
 5.1081920      .32406700    
 5.2515380      .42439370    
 5.2106620      .52144100    
 4.8271150      .58089350    
 4.2922540      .59094890    
 3.7649570      .55122910    
 3.2353260      .47333810    
 2.8669670      .39234340    
 2.6209120      .38040040    
 3.9793570      .15078300    
 4.4787250      .10701070    
 4.8315400      .18820520    
 5.5302910      .22488480    
 6.9293480      .17726480    
 9.6915230      .11620070    
 15.441330      .66021890E-01
 19.436210      .35359070E-01
 16.563700      .21629910E-01
 12.403850      .94045460E-01
 7.6499750      .13484870    
 4.1503350      .18541060    
 1.7323320      .16720480    
 .31206230      .11607480    
-.21430800      .13028760    
 .44118360E-01  .16081160    
 .65749680      .12534810    
 1.4246710      .11459130    
 2.7214790      .18561570    
 4.3469820      .21186110    
 5.6757160      .18111860    
 6.0072560      .15652670    
 5.7533220      .15971010    
 4.9957880      .17339780    
 4.0503050      .15234390    
 3.0020610      .12408290    
 2.3768360      .15934710    
 2.1013360      .27176030    
 1.9186590      .35659730    
 1.9601140      .38336770    
 2.5268160      .34227320    
 3.5000840      .23865350    
 4.4110490      .13386360    
 3.9799120      .13450540    
 3.4499910      .24987090    
 3.6848000      .38831330    
 4.0624590      .48611010    
 4.3923050      .52132040    
 4.5233300      .49083590    
 4.3800760      .39682400    
 3.9450220      .26263780    
 3.5299020      .18849210    
 3.6410970      .28302520    
 3.9555130      .42532460    
 3.9082990      .53296130    
 3.7034190      .58355210    
 3.3430870      .57208200    
 2.9831500      .50100060    
 2.6585020      .38212620    
 2.3552300      .26858320    
 2.3232170      .28392860    
 4.3853740      .10782880    
 4.9049670      .70121740E-01
 5.1070660      .20527420    
 5.6907760      .24043820    
 6.6497920      .17975210    
 8.4149850      .65242340E-01
 13.417190      .70783790E-01
 15.404390      .89686520E-01
 12.715060      .76353350E-01
 8.3618940      .71311970E-01
 5.0575760      .12240430    
 2.8855970      .19717610    
 1.2151930      .16489680    
 .19049340      .51129760E-01
-.55467870E-01  .11732540    
 .22668530      .16905170    
 .98463340      .92710460E-01
 2.0456650      .70586900E-01
 3.4843950      .20030110    
 5.0886010      .23525870    
 6.2817260      .19246480    
 6.6149780      .10736650    
 5.9927700      .12759640    
 4.8892720      .18634160    
 3.6574970      .15908230    
 2.4112690      .52230210E-01
 2.0011940      .14729490    
 1.9061430      .30440010    
 1.5510310      .39297950    
 1.6845650      .41037110    
 2.4214580      .35798130    
 2.9590940      .24914690    
 2.9363460      .12239760    
 2.2967320      .93836690E-01
 2.6147160      .26008220    
 3.1305320      .41272320    
 3.5181100      .50451670    
 3.7206080      .52347930    
 3.5182460      .46759610    
 3.1171180      .33829030    
 2.3837550      .15155670    
 1.9924330      .94551680E-01
 2.4803960      .28029670    
 2.8735900      .44555130    
 2.8713990      .54943460    
 2.7141270      .58407990    
 2.6287340      .54870120    
 2.4171440      .44439490    
 2.0737580      .28011300    
 1.7972180      .13049790    
 2.0086720      .22043720    
 4.6678200      .85643350E-01
 4.9748460      .11870070    
 5.1320620      .24669530    
 5.5543480      .26141170    
 6.0067300      .17077160    
 6.9877850      .35541590E-01
 11.070980      .12529570    
 11.937720      .15462200    
 9.1960510      .12442890    
 5.1434010      .26535660E-01
 3.3838960      .14653910    
 2.0251810      .21979250    
 .79004140      .16054010    
 .16175760      .50973520E-01
 .23167650      .15884700    
 .40639140      .18385910    
 1.2377970      .75749640E-01
 2.6968690      .11721410    
 4.3491120      .24186660    
 5.7179330      .25895550    
 6.7101440      .17834160    
 6.9818700      .29340010E-01
 6.0076320      .13542830    
 4.6946990      .20993790    
 3.3326160      .15742830    
 2.1419560      .52946480E-01
 1.9335300      .20767350    
 1.8132420      .35959920    
 1.7903700      .43747730    
 1.5280670      .44014990    
 2.3416190      .37594880    
 2.4214610      .25275460    
 1.6221130      .76390290E-01
 1.4248500      .93008900E-01
 2.2735300      .30333940    
 2.8064140      .45041220    
 3.0136570      .52717790    
 3.0133880      .52633640    
 2.7115180      .44684090    
 1.9696390      .29173530    
 1.0714670      .81100670E-01
 1.0317430      .11169140    
 1.6586720      .32683270    
 2.0176130      .48352140    
 2.0859900      .57131390    
 2.0653360      .58606360    
 2.0181800      .52672510    
 1.9867890      .39280440    
 1.6641940      .19042910    
 1.4289020      .30010800E-01
 1.9476080      .23299560    
 4.6085240      .17787060    
 4.8144240      .22860050    
 5.0463220      .30454730    
 5.3198820      .29236010    
 5.6309950      .19939740    
 6.9820790      .14663260    
 9.3346110      .20961560    
 9.0175940      .22211820    
 6.6077230      .16883550    
 3.7873920      .12308410    
 2.5584990      .22038840    
 1.3621730      .25882110    
 .56902050      .20026440    
 .25988120      .16913630    
 .45933220      .23091910    
 .58924310      .22374370    
 1.6218040      .16665180    
 3.3200030      .22532300    
 4.9638320      .29866470    
 6.1352940      .28729120    
 6.9367720      .18419010    
 6.7973280      .98990550E-01
 5.8087650      .20382100    
 4.5731380      .25106220    
 3.2876600      .20029320    
 2.2704490      .18298920    
 1.9891140      .30918290    
 1.7844070      .42902280    
 1.7276050      .48626710    
 1.9497650      .47529810    
 2.5865960      .39860470    
 2.0753860      .26785970    
 1.2290060      .13331680    
 1.5149270      .20554840    
 2.2291930      .37551410    
 2.6209130      .49922310    
 2.6237330      .55494710    
 2.3874720      .53455170    
 1.8072750      .44009480    
 1.2224750      .28739060    
 .41572280      .15544320    
 .64009240      .23421650    
 1.2577410      .40341570    
 1.4180170      .53315400    
 1.5685630      .59860840    
 1.6777040      .59264080    
 1.7024830      .51300440    
 1.5943280      .36442380    
 1.5155220      .17337800    
 1.6070410      .12115130    
 2.1262700      .31568340    
