KT3D ESTIMATES WITH:  pygeostat_saved_data                                      
 2   51   59    1  5.5000000      5.5000000      .50000000      5.00000      5.00000      1.00000       1
Estimate
EstimationVariance
-999.00000     -999.00000    
 .00000000      .10277490    
 .14169240      .19529830    
 .32386810      .30988060    
 .50619830      .29515780    
 .67151920      .18537470    
 3.8027160      .20011270    
 7.7465400      .24965980    
 11.560040      .18020800    
 17.224610      .16621700    
 16.236720      .26260790    
 14.982360      .33158500    
 13.700580      .27957470    
 12.508730      .12858600    
 11.663620      .19654360    
 11.172500      .30826510    
 10.675360      .29479050    
 10.223370      .18561720    
 10.108930      .20737750    
 10.323950      .28782750    
 10.545630      .24862290    
 11.149150      .16595420    
 12.015480      .25854400    
 13.110620      .31740160    
 14.224310      .25062550    
 15.074280      .11052340    
 13.218870      .21452740    
 10.884120      .26546180    
 8.5547320      .16495910    
 7.5318490      .12024840    
 8.7406330      .26990400    
 9.9959770      .28888240    
 11.230160      .16857230    
 11.517460      .12675150    
 12.984120      .36872310    
 13.746890      .57739250    
 14.567580      .72870550    
 15.422950      .81200740    
 16.291650      .82186180    
 17.152590      .75763570    
 17.984580      .62349090    
 18.765210      .42856710    
 19.462180      .19089290    
 18.744630      .95199310E-01
 16.582500      .11942760    
 16.643460      .13751930    
 15.726600      .22914310    
 14.697450      .46197940    
 13.627810      .68659310    
-999.00000     -999.00000    
-999.00000     -999.00000    
 .00000000      .26558610    
 .51116310E-02  .70528670E-01
-.11416150      .21458930    
-.38530630E-01  .28798050    
 .24954420      .23301270    
 .72838360      .38348010E-01
 4.5740880      .17968840    
 8.9530590      .20429580    
 13.267760      .37897210E-01
 17.404370      .75257380E-01
 16.535430      .26162860    
 15.400180      .31296660    
 13.978780      .22718630    
 12.531360      .44628660E-01
 12.763990      .20058280    
 12.390600      .27567290    
 11.386150      .22788140    
 10.083990      .38267610E-01
 10.087640      .19250600    
 10.303970      .26234720    
 10.570840      .16858780    
 10.766510      .73963420E-01
 11.817720      .25610110    
 12.718000      .29572040    
 13.827380      .19273490    
 14.200750      .63504980E-01
 10.647250      .21502520    
 8.3146020      .23181160    
 7.1033470      .11162310    
 7.9436520      .15130670    
 9.2035720      .25351090    
 10.321680      .24493440    
 11.304820      .11356650    
 10.671080      .15841050    
 9.5996480      .31308840    
 9.5998790      .44972740    
 10.406790      .57756570    
 11.681250      .66795930    
 13.204500      .69661000    
 14.852760      .65197990    
 16.542400      .53259200    
 18.197070      .34573840    
 19.695780      .11707560    
 18.628990      .73011380E-01
 16.685890      .10818980    
 16.541010      .24286360E-01
 15.132230      .23013340    
 13.906390      .47053410    
 12.813100      .69456190    
 15.379540      1.0060040    
 15.352150      1.2382440    
 .00000000      .24248870    
 .48808690E-01  .16375360    
 .21818810      .24089440    
 .50516990      .27930140    
 .80166130      .20422480    
 1.1065500      .11049900    
 5.0172710      .19205740    
 8.9185800      .18579120    
 11.229630      .11730530    
 12.932790      .14421370    
 10.785370      .24255500    
 10.722630      .27789740    
 11.686500      .21155670    
 13.393570      .14971250    
 14.134630      .21536630    
 12.919830      .25935850    
 10.931600      .20152900    
 8.6091790      .11281150    
 7.7448880      .19771960    
 8.1237820      .23078570    
 9.0557120      .15116580    
 9.5536670      .15220610    
 10.050280      .23727850    
 10.797770      .25487960    
 11.663860      .18788200    
 10.857620      .16653960    
 8.1681250      .22413280    
 6.7618830      .22330260    
 6.6553180      .16700780    
 8.3613090      .19462550    
 9.3587400      .24277090    
 10.118140      .23645600    
 10.323370      .17526020    
 9.1965620      .20743930    
 8.4500710      .29120250    
 8.9170300      .42478350    
 10.119630      .56341170    
 11.657360      .65592500    
 13.359150      .67921450    
 15.138140      .62600730    
 16.935250      .49952490    
 18.702180      .31584230    
 20.392310      .12796330    
 19.294620      .82548850E-01
 16.619790      .13126050    
 14.970390      .73128820E-01
 14.302390      .27992210    
 13.336900      .52219240    
 12.360060      .74316640    
 15.223820      1.0636790    
 15.240310      1.2915310    
 .00000000      .23650770    
 .88954720E-01  .17791360    
 .32605220      .24558590    
 .69650860      .27465330    
 1.0979390      .20436480    
 1.5226790      .14770320    
 5.2037090      .19992590    
 7.9522230      .20986620    
 8.4339010      .18265350    
 8.9313660      .15969390    
 8.5532820      .23317700    
 10.050240      .27697300    
 12.194730      .23048910    
 14.843220      .17323950    
 15.026350      .19778920    
 12.722660      .25099870    
 9.8241710      .21261800    
 6.6350920      .15773020    
 6.6675920      .18702130    
 6.9058370      .23086260    
 7.6783820      .19806000    
 9.2832800      .18647090    
 8.5424310      .21624480    
 9.0634200      .24847830    
 9.0638360      .22146120    
 7.5737310      .19657100    
 5.6948200      .20825720    
 5.5997310      .22788580    
 6.5935730      .20099910    
 8.6744780      .17703650    
 9.3052570      .22639360    
 9.5485280      .25224500    
 9.0732380      .22479420    
 7.6515740      .19592040    
 7.3671580      .24678900    
 8.2545940      .41653810    
 9.6929010      .57751890    
 11.378220      .68132800    
 13.227430      .71279820    
 15.182330      .66723280    
 17.113010      .54583870    
 18.964680      .35746920    
 20.654180      .12732500    
 19.283030      .14290120    
 16.014940      .13535360    
 13.751520      .11203400    
 12.318450      .35055480    
 11.193390      .55293830    
 10.149990      .72368310    
 10.759710      .91344000    
 10.366530      1.0681530    
 .00000000      .19501030    
 .13439180      .13025510    
 .48039380      .24967820    
 .93111310      .27516070    
 1.4406110      .18710590    
 1.9238750      .95016260E-01
 4.8856900      .21266980    
 6.3838890      .24119280    
 5.8310580      .18015310    
 5.1436190      .97148280E-01
 7.2903910      .23499290    
 10.055000      .28836210    
 13.131250      .23368680    
 16.540030      .11054510    
 15.326510      .17719900    
 11.992410      .25874650    
 8.3374350      .22051020    
 4.4509340      .10747550    
 6.7488170      .16536600    
 5.7614970      .24938150    
 12.531460      .19176400    
 7.8632660      .14657340    
 6.8614690      .18238670    
 7.0817510      .25505990    
 6.3208150      .23362510    
 4.3820110      .15182350    
 3.6885150      .17686180    
 4.9984980      .23426360    
 6.8356050      .18344010    
 8.8448760      .98871660E-01
 9.0058590      .22822970    
 8.7568380      .27684860    
 7.8269060      .23262890    
 6.1949050      .11455230    
 6.6742340      .21528970    
 8.0617670      .43032670    
 9.7269870      .59474240    
 11.540430      .69012530    
 13.465730      .70992810    
 15.407490      .65338730    
 17.246010      .52738370    
 18.895780      .35454380    
 19.937910      .22213480    
 17.795220      .22477110    
 14.987080      .18949890    
 12.865560      .24193930    
 11.751250      .41614170    
 10.698820      .58553120    
 9.7119860      .73657330    
 10.348590      .91431190    
 10.027820      1.0654940    
 .34892180      .13437270    
 .86173660      .12570760    
 1.9513740      .25435890    
 2.4568760      .26746280    
 2.5198610      .15144060    
 2.7341640      .10206310    
 3.3380130      .24649580    
 3.3635770      .26735050    
 3.0072370      .15218400    
 3.1487000      .10109780    
 5.8824240      .24312420    
 9.4492510      .28502370    
 13.631420      .21636630    
 17.644010      .44364220E-01
 16.476500      .16200450    
 13.106780      .21656030    
 8.0753740      .19493980    
 3.6678810      .45134780E-01
 9.0701010      .17383640    
 14.256610      .17756570    
 12.526120      .15110080    
 5.6395990      .37334760E-01
 5.3468740      .19194940    
 5.1559250      .27346330    
 3.8442590      .22200250    
 1.4060250      .37886040E-01
 3.1347980      .19003030    
 5.3832990      .25320840    
 7.4481190      .15120290    
 8.6367240      .10154960    
 7.9895960      .24842290    
 7.1864630      .29138470    
 6.2640980      .21777290    
 5.3121380      .44284380E-01
 6.6532940      .23088750    
 8.3456030      .41466480    
 10.102520      .56196390    
 11.998920      .65347610    
 13.933180      .67732530    
 15.754390      .63121590    
 17.360720      .52678320    
 18.554820      .40175710    
 18.851160      .34716170    
 16.350610      .31209410    
 14.059890      .29405160    
 12.012190      .35327000    
 11.080860      .47744490    
 10.124730      .61196480    
 9.2189960      .74351590    
 9.9199040      .91225550    
 9.6864410      1.0623920    
 1.3158300      .15226100    
 2.2652500      .17071710    
 3.1282550      .24127730    
 3.4554450      .24860860    
 3.6077170      .16821190    
 3.9511710      .17784630    
 4.1999710      .25205880    
 3.8845290      .25617580    
 3.3057760      .17311550    
 3.5739550      .17134690    
 5.9300660      .23035550    
 9.7818160      .26299840    
 14.036880      .21080650    
 16.571320      .13837750    
 17.412220      .11115570    
 13.799340      .18619320    
 9.6736720      .18739070    
 7.9664760      .14580840    
 12.790550      .17400010    
 17.031960      .89548130E-01
 13.006590      .12645010    
 7.0392540      .12877120    
 4.2205620      .25612130    
 4.2892540      .27451750    
 2.6355620      .20501680    
 1.1502280      .10952620    
 3.0209180      .19748950    
 5.3491680      .23339920    
 7.6013520      .16819960    
 8.6485330      .17308130    
 8.0369800      .24237730    
 7.2469820      .26993310    
 6.4262740      .20361570    
 5.9245450      .14574950    
 7.1923110      .26152800    
 8.7906940      .42871240    
 10.528040      .56901760    
 12.342820      .66616640    
 14.132790      .68954280    
 15.739540      .64920650    
 17.040720      .56485270    
 17.799550      .48111700    
 17.692540      .45990780    
 15.089840      .39906640    
 14.079710      .38311660    
 11.172610      .43317050    
 10.367930      .51823250    
 9.5089540      .62354460    
 8.6971380      .74091630    
 9.4929570      .90653080    
 9.3581220      1.0593820    
 2.7398340      .19711180    
 3.8482580      .15720760    
 4.3607730      .22471280    
 4.5559540      .24973730    
 4.9103220      .20137410    
 5.2194780      .19066150    
 5.0203420      .24789030    
 4.3295360      .26433880    
 5.1786700      .21455520    
 3.7500830      .17007520    
 5.7776520      .19659860    
 6.8633480      .30413980    
 9.5752310      .29875730    
 13.195180      .18571700    
 17.850280      .37178550E-01
 13.536300      .19953910    
 11.279960      .20591770    
 18.374100      .21340100    
 16.555220      .13267590    
 19.262760      .66977700E-01
 12.743970      .14723640    
 8.1394290      .14812220    
 6.4835810      .23613700    
 4.6640350      .27613850    
 2.8779280      .21012340    
 1.5657480      .14116930    
 3.4867600      .19680660    
 5.7388290      .24280740    
 7.7137320      .20690000    
 8.7106700      .17447020    
 8.1254300      .21851400    
 7.3969550      .25928810    
 6.7956950      .20873460    
 6.5601920      .16173200    
 7.7891380      .27209160    
 9.2680700      .44843160    
 10.900380      .58600560    
 12.606980      .69078420    
 14.194390      .71529070    
 15.545070      .68384450    
 16.514140      .62049550    
 16.891340      .56477000    
 16.505360      .55125760    
 15.738990      .45053670    
 13.467070      .44767100    
 10.349690      .47825100    
 9.6426850      .53151050    
 8.8789460      .61642690    
 8.1691270      .72843520    
 9.0872400      .89859210    
 9.0581420      1.0581360    
 4.1599990      .18717440    
 5.4197870      .81871030E-01
 5.4329250      .22786370    
 5.6350160      .25753960    
 6.1842050      .18625740    
 6.6589840      .14294040    
 5.6227290      .24854560    
 4.6355710      .28238750    
 6.5395920      .20684000    
 3.3512000      .87888350E-01
 4.4636330      .18810390    
 6.4924780      .28818250    
 8.6488320      .24869690    
 11.175990      .11580860    
 13.965050      .13729340    
 13.272730      .23349670    
 17.144610      .22588930    
 18.047560      .95811790E-01
 18.529140      .92536520E-01
 17.938920      .15552950    
 12.497020      .14288810    
 8.8831030      .11614180    
 7.0029130      .25305970    
 4.9179160      .28530110    
 3.1232410      .20370550    
 1.9387250      .68494060E-01
 3.9691910      .20372730    
 6.0651340      .26163770    
 7.8209410      .20752340    
 8.8322450      .95509280E-01
 8.2274140      .20456140    
 7.6099320      .25857690    
 7.2357970      .18740630    
 7.1901490      .98555500E-01
 8.3744610      .29015660    
 9.7333500      .47970550    
 11.239240      .60881070    
 12.782030      .67063780    
 14.121310      .75269190    
 15.196180      .72998390    
 15.843320      .68252120    
 15.905500      .63971170    
 18.487720      .55710260    
 15.111440      .49227580    
 12.813600      .47940980    
 9.5488720      .48703590    
 8.9231670      .51497920    
 8.2560910      .59116270    
 7.6551930      .70912050    
 8.7219840      .89187250    
 8.8005250      1.0610880    
 6.7564540      .16992070    
 6.8405880      .11890930    
 7.1645730      .23688100    
 7.2822470      .24448230    
 7.5360930      .12588480    
 8.2487750      .11940180    
 9.2358950      .25852520    
 9.8091880      .25586910    
 9.2681010      .16661440    
 4.7704690      .68552810E-01
 5.3996890      .22590320    
 6.6373310      .28803180    
 6.8976540      .19735890    
 7.6704910      .24634200E-01
 12.584840      .19280340    
 14.965600      .26611790    
 16.532310      .18635440    
 17.899620      .52436540E-01
 17.244850      .14481500    
 14.703460      .21017040    
 11.917620      .10866550    
 9.8538450      .14060840    
 7.3557980      .26069810    
 5.5920960      .28078060    
 3.9379110      .18221400    
 3.3170210      .89646560E-01
 5.3598770      .23413640    
 7.0852680      .27728180    
 8.4133990      .18731450    
 9.3779400      .63101280E-01
 9.9894400      .21741320    
 9.4185090      .25066830    
 8.1564530      .14821630    
 6.4745860      .10400770    
 6.4264100      .29939710    
 7.2408400      .45921570    
 8.7245860      .57656600    
 10.489650      .63912890    
 14.262520      .68194110    
 12.567130      .74454290    
 19.216630      .62869380    
 18.956910      .58942270    
 17.845250      .57140790    
 14.518740      .50637000    
 12.116060      .47727120    
 8.7762230      .45917810    
 8.2230140      .46972550    
 7.6596210      .55297930    
 7.1740400      .68922940    
 8.4150660      .89108130    
 8.5970340      1.0707980    
 7.7056610      .19182120    
 8.1177210      .18075040    
 8.9799870      .24482470    
 9.9545250      .23647060    
 11.693750      .11905720    
 16.760120      .88483070E-01
 16.182420      .20636350    
 14.428170      .18055670    
 11.090450      .10601930    
 8.3137210      .17684780    
 7.2153340      .28039070    
 5.0187770      .25806400    
 6.9350400      .17541090    
 9.3369860      .12575950    
 11.553250      .22226420    
 13.215250      .23430590    
 15.827980      .16698120    
 17.577160      .13834790    
 16.648690      .18280150    
 13.941180      .20884410    
 11.099250      .15137180    
 8.5491330      .18101780    
 6.9321070      .24784150    
 5.7037290      .26295100    
 4.8431710      .19080910    
 5.3791110      .17314450    
 7.0478890      .24787680    
 8.4657930      .26912290    
 9.6728790      .19228630    
 10.582170      .16059870    
 10.770650      .21912840    
 9.3418140      .23248680    
 7.1396570      .16201280    
 4.7213140      .17535750    
 5.1245370      .31040100    
 6.4353350      .46283250    
 8.2102590      .57627830    
 10.104770      .63244600    
 14.433930      .68512360    
 11.765910      .78925470    
 19.236120      .62970050    
 18.738640      .58579360    
 17.351880      .55770220    
 13.948620      .49280010    
 11.372270      .44275290    
 8.0380340      .39529740    
 7.5559570      .40109700    
 7.1097250      .51279830    
 6.7429290      .67725050    
 8.1810990      .90098280    
 8.4562050      1.0892230    
 8.9405160      .21074740    
 10.505850      .17529240    
 13.227290      .25279040    
 16.261860      .27119790    
 19.707950      .15489490    
 21.456700      .84768600E-01
 20.154860      .16295960    
 15.038800      .10862520    
 10.019610      .10385170    
 3.6374640      .14942490    
 4.6849720      .23966800    
 6.0562870      .25374240    
 8.6786240      .18789900    
 11.381620      .16103010    
 12.784230      .20871550    
 13.740330      .19207470    
 15.977280      .17333420    
 17.357900      .15480590    
 16.032130      .17693930    
 13.119500      .21990430    
 10.241780      .18830640    
 7.7410170      .16105830    
 6.7786620      .22928950    
 6.2942640      .25921170    
 6.4086940      .20595160    
 7.4987530      .18065020    
 8.7372460      .24777290    
 9.8421220      .27543270    
 10.986850      .22475090    
 11.881740      .17731990    
 11.369130      .19491650    
 8.7649890      .22737580    
 5.5278000      .18555550    
 2.9282670      .17652640    
 4.0533910      .31188240    
 5.8701800      .47035340    
 7.8621470      .57600620    
 9.8261260      .61946460    
 14.731440      .68068560    
 15.736880      .59909670    
 19.312920      .60663180    
 18.586230      .55497900    
 16.899340      .51951490    
 13.400140      .45550890    
 10.586540      .37997180    
 7.3407670      .29695410    
 6.9417500      .32326950    
 6.6287360      .48734420    
 6.3762780      .68148710    
 8.0292690      .92492690    
 8.3827740      1.1171020    
 10.207840      .17445210    
 12.026550      .12019770    
 14.618680      .25272940    
 17.599120      .26710570    
 21.317400      .15403570    
 23.181950      .74728240E-01
 17.778080      .13622570    
 9.5245540      .93721960E-01
 5.4767430      .11901750    
 1.8215820      .81839580E-01
 4.3628400      .23063770    
 7.1241070      .25618210    
 10.744790      .17036150    
 13.177050      .12160260    
 13.572430      .17215040    
 14.099100      .11438630    
 16.042890      .16419020    
 17.290800      .85297800E-01
 15.182670      .17219020    
 12.253400      .23626900    
 9.3340630      .17283690    
 7.1402120      .82322310E-01
 7.0255110      .23023570    
 7.2673660      .26017660    
 8.2073140      .17713530    
 9.5015030      .13008380    
 10.200280      .25356050    
 11.089660      .29125770    
 12.204880      .23290060    
 13.263570      .11130420    
 11.386290      .17122700    
 7.6728450      .22938460    
 3.6060040      .15811980    
 1.4012040      .12615460    
 3.4815320      .32595100    
 5.6101200      .48506750    
 7.6972750      .57352020    
 9.6639580      .59623090    
 15.150410      .66518970    
 15.674480      .54652260    
 19.467770      .55742680    
 18.513560      .49904290    
 16.490470      .46384920    
 12.887750      .40298980    
 9.7902140      .29768770    
 6.6914630      .16688700    
 6.4178040      .27104480    
 6.2365410      .49370650    
 6.0834670      .70672760    
 7.9622010      .96376000    
 8.3777770      1.1536660    
 11.687400      .12584260    
 12.846930      .13982230    
 15.705250      .25959740    
 19.295430      .25905620    
 24.121270      .16010540    
 22.825000      .65834000E-01
 12.292160      .12912810    
 2.1416680      .24992220E-01
 4.0251210      .10886640    
 2.9463110      .12350080    
 8.6233430      .24859180    
 10.990090      .25979250    
 13.336320      .11555140    
 13.232240      .11378370    
 12.768960      .13229120    
 14.230390      .80137990E-01
 15.889480      .15892280    
 17.692740      .70060950E-01
 16.730940      .20150590    
 13.919880      .23850500    
 9.8055510      .14286320    
 7.0454680      .11826460    
 7.7765680      .24247660    
 8.8290350      .25234090    
 10.091540      .11853180    
 10.532250      .12832230    
 10.686310      .26977560    
 11.556470      .30382310    
 12.866980      .22185360    
 14.350530      .44614050E-01
 10.978530      .19105350    
 6.9055920      .22851880    
 2.4821940      .11044340    
 2.5076670      .14692660    
 5.8683750      .32455160    
 8.2444990      .45266010    
 9.9524770      .52644510    
 11.218110      .53947070    
 12.163500      .50981750    
 14.717490      .46360050    
 18.793880      .47613050    
 18.299160      .42248350    
 16.315480      .40149680    
 12.652010      .34907790    
 9.1145790      .21831620    
 6.1238310      .26136840E-01
 6.0315290      .29336520    
 5.9408640      .53794910    
 5.8680420      .75236580    
 7.9767260      1.0156520    
 8.4393280      1.1967240    
 11.590750      .16964630    
 12.908950      .19070530    
 16.042370      .23943240    
 20.198760      .19468010    
 23.880660      .84962440E-01
 18.013110      .13229060    
 6.6016550      .92950770E-01
 4.8599800      .10994480    
 7.8128580      .11090000    
 9.3329280      .14982720    
 10.474080      .26501960    
 11.423270      .20609780    
 12.180590      .13473990    
 10.369410      .16007710    
 11.109300      .13878780    
 14.915270      .15155600    
 16.649690      .16783480    
 18.706920      .16646160    
 17.766360      .21694610    
 14.294310      .22287370    
 9.6080310      .16653740    
 6.6950260      .17496250    
 7.4924320      .24081090    
 8.5679770      .23671860    
 9.5164220      .14371700    
 9.6539650      .18164900    
 10.098860      .26103030    
 11.346830      .28259030    
 12.914600      .20959330    
 14.438760      .14774790    
 10.932780      .20753870    
 7.2880870      .22066220    
 4.3597310      .15492420    
 5.2275690      .20352180    
 7.4912340      .32404710    
 8.7946290      .43926190    
 9.5319210      .50373110    
 9.9524370      .49997100    
 10.120480      .44888880    
 12.841560      .38858480    
 17.767310      .40072690    
 17.239060      .35029600    
 15.111580      .35618860    
 11.989970      .31815880    
 8.8347440      .19751220    
 6.6789220      .16547660    
 5.9017520      .38492660    
 5.5519800      .61562450    
 5.4385430      .82304700    
 9.2491260      1.1294160    
 10.228110      1.3178670    
 11.464810      .21798970    
 12.933500      .18449980    
 16.392520      .20632900    
 20.851390      .14079420    
 21.906080      .88275030E-01
 14.007980      .12530430    
 5.4106100      .36794150E-01
 8.8435860      .15880890    
 13.538580      .36352520E-01
 11.905920      .16138800    
 10.079050      .19136290    
 11.163730      .18168300    
 9.5728780      .17857970    
 7.1608200      .16572010    
 9.7779870      .16291750    
 15.657850      .16248090    
 17.824490      .17240270    
 19.875950      .19490250    
 19.010560      .19163710    
 14.554450      .21017730    
 9.2102210      .18038950    
 6.2535480      .16085540    
 7.1394830      .23611540    
 8.0914000      .24665250    
 8.5746970      .19493850    
 8.6780520      .18354980    
 9.5706940      .24200830    
 11.236490      .27468280    
 12.991570      .22119650    
 14.558610      .16577580    
 11.276120      .20067790    
 8.4683320      .22996200    
 7.1213620      .19829040    
 8.1328570      .20564260    
 9.6009530      .30832720    
 10.222220      .41911450    
 10.560620      .46102760    
 10.740020      .41978710    
 10.742230      .32855230    
 14.073580      .26573020    
 19.177860      .26156000    
 18.136950      .26037900    
 15.413050      .32426070    
 11.996350      .31993070    
 8.9964960      .26655860    
 7.3493850      .32018640    
 6.2751260      .50177680    
 5.8250560      .70478560    
 5.6724760      .89282100    
 9.6719760      1.1975070    
 10.625040      1.3707870    
 11.338160      .21097950    
 12.541690      .11542360    
 16.444350      .19025140    
 20.208330      .16315320    
 20.601900      .11693680    
 14.245550      .85792150E-01
 10.015650      .14814450    
 12.352360      .16341310    
 15.307810      .63290690E-01
 20.228030      .66895260E-01
 12.190340      .95583110E-01
 9.7242460      .17387450    
 6.0701440      .17651410    
 3.8656520      .10984700    
 9.4460260      .15655720    
 16.359690      .92790590E-01
 19.127780      .16378830    
 21.156160      .16600910    
 20.250530      .12810640    
 14.366620      .20166200    
 8.4116290      .14311660    
 5.8137730      .11261520    
 6.7793850      .24915860    
 7.4967890      .26598760    
 7.6469210      .19387410    
 7.6814260      .11755580    
 9.2956210      .23186500    
 11.271080      .27765460    
 13.140230      .21223520    
 14.692410      .94295980E-01
 11.956430      .19600630    
 10.117350      .24216180    
 9.8890710      .18451790    
 10.832860      .15288310    
 11.309570      .29810970    
 11.353760      .40754750    
 11.387960      .42150840    
 11.384960      .33609970    
 11.271920      .19016470    
 15.469570      .16099150    
 20.716610      .10836380    
 18.619110      .22603920    
 15.492900      .33682210    
 11.908580      .36810480    
 9.1569670      .37682770    
 7.9399290      .46387340    
 6.6130330      .62270610    
 6.0980210      .79985750    
 5.9198310      .96676050    
 10.134230      1.2697980    
 11.058200      1.4251040    
 11.456080      .18992780    
 11.993380      .84173580E-01
 14.370120      .23006360    
 16.390970      .23745350    
 19.059610      .10875770    
 14.460160      .13898350    
 16.557010      .23152480    
 12.846040      .16448450    
 16.431280      .57398770E-01
 18.947270      .77024590E-01
 10.897060      .62268990E-01
 7.2172970      .19505670    
 3.0855660      .14664080    
 2.5584820      .79439630E-01
 10.312710      .14465370    
 16.784060      .60962390E-01
 19.948740      .14994160    
 23.911090      .36838300E-01
 20.274720      .12520060    
 13.887170      .21169390    
 7.6971010      .11222100    
 5.6770750      .15294580    
 6.1422690      .26223890    
 6.3428750      .27188520    
 6.4175560      .15872550    
 6.3923620      .84459560E-01
 6.9530440      .23861650    
 8.8981280      .27270920    
 11.853090      .18449990    
 14.601570      .62907120E-01
 12.386970      .20917030    
 11.531940      .23229280    
 12.310500      .12433100    
 13.601070      .12155010    
 11.917840      .32025530    
 11.571710      .41190120    
 11.482160      .39351310    
 11.541830      .26551850    
 11.708710      .38728590E-01
 16.954840      .12339480    
 21.149140      .67668970E-01
 18.460690      .27071490    
 15.612830      .38637080    
 12.200760      .44901040    
 9.8695690      .49876550    
 6.7184040      .60501690    
 5.6692910      .74083760    
 5.4536500      .89047360    
 5.3858220      1.0297640    
 7.8822210      1.2819710    
 8.2053890      1.3982550    
 12.023330      .18293270    
 13.134680      .16192160    
 15.103400      .22848780    
 16.639690      .22888780    
 17.559340      .17242190    
 16.649280      .19905720    
 15.600780      .21960970    
 14.899510      .17825780    
 16.720780      .15428830    
 15.600250      .14725160    
 10.347600      .15316680    
 7.0336590      .20717780    
 3.6253840      .15243740    
 5.3480400      .14926840    
 12.020070      .15849890    
 16.717190      .14286520    
 19.893200      .99200080E-01
 23.168300      .10283290    
 17.766180      .20406930    
 12.235950      .23762220    
 7.4458930      .17721270    
 5.9605940      .19857410    
 6.2206560      .24520540    
 6.1198350      .24688690    
 5.7390290      .16094910    
 5.0012430      .16180350    
 5.7880120      .23017100    
 8.3278300      .25022030    
 11.587420      .18399940    
 14.182280      .15752940    
 13.816160      .21994280    
 13.543240      .22541900    
 13.332670      .13030630    
 13.057560      .17056650    
 12.612580      .25949830    
 12.510970      .32503190    
 12.574980      .32092990    
 12.742300      .21259250    
 13.461790      .86561780E-01
 18.136600      .12341030    
 19.194470      .19843910    
 17.046630      .35118720    
 14.596290      .45405830    
 11.462380      .54303840    
 9.5000950      .61413070    
 7.8483190      .71462270    
 6.4748390      .84114090    
 6.2109710      .97252770    
 6.1744370      1.0935370    
 9.5602840      1.3430030    
 10.070240      1.4430140    
 12.942120      .22635170    
 14.239500      .17912900    
 15.678350      .21265330    
 16.490160      .24020540    
 16.461660      .21778420    
 15.453020      .19252780    
 14.607610      .20138260    
 14.104860      .21741900    
 15.749350      .21152530    
 13.871590      .16614610    
 10.163490      .17282740    
 7.3762200      .21902750    
 5.2497680      .18412350    
 6.4134150      .17367330    
 10.604640      .22412650    
 16.629890      .15863100    
 19.444170      .36406520E-01
 22.564360      .15453820    
 16.556580      .21804620    
 13.516440      .22664000    
 8.7265290      .21039790    
 6.1839060      .18326120    
 6.1316350      .21562470    
 5.5853720      .24556020    
 4.5715880      .20554740    
 3.3601280      .17677290    
 4.5676510      .20070990    
 7.8194120      .24304300    
 11.163720      .20822910    
 13.744910      .16846520    
 13.457510      .20456320    
 13.258770      .23031950    
 13.048540      .19191730    
 12.804010      .17915580    
 12.539890      .22008100    
 12.688400      .30493070    
 13.036200      .30770930    
 13.749060      .20932050    
 15.554560      .35974590E-01
 18.541710      .17455360    
 17.825620      .31106350    
 16.243310      .43880930    
 14.312700      .52517780    
 11.175050      .64522280    
 9.4750540      .72663180    
 15.558550      1.1314680    
 6.5514830      .93875710    
 6.3095560      1.0522510    
 6.2998330      1.1543510    
 9.8469130      1.4002320    
 10.295770      1.4846130    
 13.923520      .23524260    
 15.205530      .11699340    
 15.929440      .19956910    
 16.032310      .25734050    
 15.433610      .21690840    
 14.234030      .11912110    
 13.741180      .19296810    
 13.427670      .25300610    
 14.403070      .22555090    
 12.262600      .10913660    
 10.268500      .16706770    
 8.1409610      .22928270    
 7.0721470      .16831570    
 8.6869460      .12633610    
 12.593070      .21676560    
 16.864060      .18038450    
 19.592190      .14363670    
 22.231160      .13671820    
 17.565380      .17952730    
 13.027750      .24165240    
 8.9581340      .20559860    
 6.3360000      .96640210E-01
 5.7914480      .20321980    
 4.7937160      .26310050    
 3.2939740      .22188040    
 1.4930670      .11098210    
 3.7447490      .17580970    
 7.5518370      .25036320    
 10.874650      .20502490    
 13.305600      .94343810E-01
 13.147380      .19890850    
 12.999960      .25466980    
 12.789050      .21645890    
 12.575760      .11131060    
 12.797360      .19363370    
 12.924250      .31844290    
 13.196560      .32546490    
 13.711890      .21951610    
 13.908500      .12363300    
 14.671260      .24465060    
 10.579980      .42201640    
 9.7089600      .52586410    
 11.616490      .55700560    
 8.3050850      .69435040    
 7.0326750      .78650290    
 12.000630      1.0188240    
 14.287190      .96242530    
 9.1414020      .87751370    
 8.8960740      .97607540    
 10.715140      1.1480550    
 10.727500      1.2664660    
 14.652980      .24222190    
 15.385840      .37432880E-01
 13.483030      .22087350    
 12.595260      .27519190    
 12.538800      .19275190    
 12.849910      .37554700E-01
 11.440090      .22620290    
 10.922370      .28810080    
 11.081300      .21757820    
 11.716490      .44134500E-01
 10.437370      .19517110    
 9.4262160      .23723500    
 8.8283150      .11699320    
 8.0366030      .11131620    
 9.5049980      .19392930    
 13.666510      .20543530    
 18.001560      .18124860    
 22.188810      .36987450E-01
 18.921860      .19307120    
 14.938450      .26612670    
 10.614500      .18612820    
 7.3281090      .62943130E-01
 7.5621230      .22836410    
 6.1255890      .28608100    
 3.5570920      .21699810    
 .52292410      .44218190E-01
 3.9483510      .19837160    
 7.2175550      .26188810    
 10.208550      .18382310    
 12.112430      .63025070E-01
 10.607760      .22621330    
 10.342750      .28267450    
 11.009670      .21576800    
 12.167250      .44579080E-01
 12.075370      .21322410    
 12.006900      .31488110    
 12.001350      .31101840    
 11.992760      .23159800    
 11.500710      .21051080    
 12.556510      .30488260    
 9.5275670      .45406900    
 9.2285560      .55369600    
 9.2239610      .61290500    
 6.0346850      .78613350    
 7.2116640      .75903520    
 16.715250      .86389000    
 14.131040      .91801920    
 9.5576300      .87973610    
 9.2152270      .97944500    
 10.992870      1.1560500    
 10.922740      1.2748630    
 13.348070      .21025930    
 12.672730      .14087880    
 11.342630      .22972180    
 10.835810      .25885060    
 10.810070      .17857360    
 10.503410      .14362900    
 9.6631280      .24168830    
 9.5133800      .27582090    
 9.7530140      .20291260    
 9.6406260      .14430690    
 8.8776370      .21861060    
 7.9346850      .22959330    
 6.7221100      .13605450    
 4.4667530      .11457510    
 7.3005500      .21154490    
 12.757870      .27389210    
 19.148740      .19255590    
 23.165970      .11257390    
 20.098340      .21032140    
 16.127440      .24765870    
 12.260710      .18406580    
 10.247460      .15630580    
 9.6845060      .23741690    
 7.4436880      .27201640    
 4.5605880      .20338560    
 2.2854250      .14171010    
 5.3017510      .21813530    
 7.7244000      .25564630    
 9.6282630      .18749460    
 9.5286100      .15824760    
 8.6619560      .23126720    
 9.1127740      .26570650    
 10.233730      .20331680    
 11.283500      .15144200    
 11.218280      .24703000    
 10.885010      .31961030    
 10.447630      .30683290    
 9.8059390      .24148460    
 9.1339600      .23595780    
 10.661800      .33850280    
 8.6693860      .47938430    
 8.9175530      .57383650    
 9.3091750      .62459140    
 6.7192820      .69560330    
 6.2169180      .80851650    
 16.435910      .80831200    
 13.989260      .86675250    
 13.445680      .94788010    
 9.4945420      .97766050    
 11.229360      1.1616790    
 11.077850      1.2818020    
 11.185850      .22200990    
 9.8052350      .15882170    
 9.0704090      .22443800    
 8.9005240      .25420320    
 8.5782800      .19368640    
 8.0608680      .16942400    
 7.8200120      .24412220    
 8.0162160      .26958260    
 8.1322820      .20142330    
 8.4050130      .16102560    
 7.1874050      .22862630    
 6.1567130      .24308410    
 6.3537490      .16006320    
 1.4735180      .25530530E-01
 7.7786760      .22231510    
 13.973120      .27515490    
 19.756740      .20900450    
 24.179330      .15686510    
 20.780520      .21655390    
 17.003890      .24081330    
 14.539900      .20347820    
 13.338940      .16466970    
 11.736780      .22986990    
 8.7290840      .26629270    
 5.8856110      .20540510    
 4.0358860      .14894950    
 6.2893980      .22073160    
 7.5706970      .26243390    
 7.9926660      .21414040    
 6.8523000      .16933480    
 6.7569050      .21454160    
 8.0436100      .25694660    
 9.4889360      .21028360    
 10.375510      .18127330    
 10.218150      .25884190    
 9.5687380      .32056000    
 8.6377580      .29265790    
 7.4235550      .20834160    
 6.9631080      .21156860    
 9.1758670      .35933630    
 8.1089910      .50033570    
 8.9362050      .45837810    
 9.3092500      .52468880    
 6.3841200      .72554880    
 12.662380      .64445970    
 14.808780      .75350900    
 13.867020      .81207640    
 13.388360      .90958320    
 13.077500      1.0113220    
 11.415830      1.1671410    
 11.186040      1.2883110    
 8.7672820      .20476250    
 6.9445900      .96521790E-01
 7.0786410      .22477710    
 6.9962660      .25511860    
 6.2864090      .17244750    
 5.7212310      .12783680    
 6.2399760      .24633220    
 6.5974280      .26414680    
 6.4968780      .16452190    
 6.7551650      .11790020    
 7.6168290      .25127780    
 8.7617880      .26669900    
 10.355390      .13555130    
 11.759440      .90190480E-01
 14.880740      .24461440    
 19.045020      .27776040    
 22.930350      .19659890    
 25.278800      .11260640    
 21.458360      .21396860    
 18.129670      .22758000    
 15.898240      .12949150    
 16.292760      .97435480E-01
 13.187010      .22940400    
 9.7977980      .26686280    
 4.3614740      .17195690    
 5.6456060      .81279530E-01
 6.6073470      .23325100    
 6.8054180      .27721750    
 6.0010110      .21133620    
 4.1216450      .94703710E-01
 5.3935790      .20280190    
 7.2999790      .25409940    
 8.9192330      .18712530    
 9.5005780      .14174410    
 9.1428070      .26272850    
 8.1701970      .31917130    
 6.7708050      .26141290    
 4.9769540      .11717850    
 5.3693190      .17782560    
 8.2403180      .38763070    
 8.4220540      .33924490    
 8.7706510      .42100040    
 9.5685830      .49203300    
 13.405210      .59802290    
 13.060750      .58469210    
 14.653610      .67234560    
 12.727710      .76511230    
 12.324410      .87908210    
 13.109990      .99313240    
 11.544960      1.1743410    
 11.241910      1.2949980    
 4.8717320      .17958120    
 4.5016500      .10159180    
 3.6720650      .23715530    
 3.4284330      .24666400    
 3.6063240      .11733320    
 4.1431900      .12666300    
 4.8629610      .25405310    
 5.2454990      .25139250    
 5.3329510      .11328230    
 7.8603610      .13791890    
 10.868170      .23711770    
 10.724860      .19721120    
 15.799490      .92783810E-01
 18.226760      .16529240    
 20.377930      .29876970    
 22.205720      .27351850    
 24.555540      .15945700    
 24.662210      .79731550E-01
 21.220080      .17891660    
 18.812040      .17577920    
 17.533240      .25206510E-01
 16.063510      .99749550E-01
 11.147190      .22238670    
 8.2130050      .21110360    
 6.2027690      .12464610    
 6.0513630      .11938350    
 5.2833520      .24332270    
 4.2031200      .27191260    
 3.0735540      .18433830    
 2.3507730      .63407560E-01
 4.1481900      .21554190    
 6.2602520      .23861420    
 8.3393070      .12525820    
 8.0571980      .11917050    
 8.0158900      .28647690    
 6.8398220      .32256130    
 4.6068720      .23303540    
 3.7959720      .44390820E-01
 5.3125450      .17958120    
 6.7936070      .20788550    
 6.8373070      .27442890    
 8.3881130      .38812840    
 9.8839920      .45117430    
 11.676900      .50267970    
 12.190700      .49897810    
 13.154540      .59660660    
 11.220050      .72975150    
 10.410400      .87416930    
 9.4666020      1.0066650    
 10.773590      1.2319190    
 10.176640      1.3467300    
 4.3208680      .19689560    
 3.5465990      .17901510    
 3.0439490      .23080410    
 3.3230180      .22281210    
 4.1846990      .13895950    
 5.2681980      .17878360    
 6.1240480      .24892560    
 7.0109660      .23904530    
 8.2765980      .15927970    
 10.745490      .19016300    
 12.684470      .20925320    
 11.952020      .11111060    
 15.621340      .11920310    
 17.521020      .24960460    
 19.591680      .24645870    
 21.865990      .25311090    
 23.455150      .16535420    
 21.420180      .13116850    
 18.452230      .11136070    
 16.395390      .15563380    
 13.790160      .13647160    
 11.694970      .16542130    
 7.6714380      .19553420    
 5.6374760      .13496800    
 4.6738880      .13369180    
 5.4664130      .17967050    
 4.9467520      .22956270    
 3.7998920      .24943700    
 2.6189330      .18584310    
 2.1792120      .16473060    
 3.5798360      .22840400    
 5.4113710      .22788810    
 7.1323730      .13067350    
 6.2396450      .17274410    
 4.0989950      .24852230    
 3.8160320      .26797940    
 4.5163990      .20193300    
 6.1294000      .14278020    
 6.4029040      .17108670    
 6.4816460      .10100000    
 7.5329940      .23776800    
 9.1858700      .36490000    
 10.758820      .40064810    
 12.485450      .40585410    
 12.812180      .40700180    
 13.258500      .52656330    
 11.445660      .70169660    
 10.475790      .86680370    
 9.4459420      1.0093380    
 10.729980      1.2406220    
 10.120940      1.3569680    
 3.5291150      .24763320    
 2.6037490      .19369880    
 2.5356750      .20299600    
 3.5890870      .21919230    
 5.2439640      .18198580    
 6.6626840      .18116990    
 7.7508750      .24093550    
 9.1928740      .25041900    
 11.484090      .20899880    
 12.730580      .18948710    
 14.808910      .16932820    
 15.985810      .42325740E-01
 19.798880      .14578280    
 17.213910      .18140820    
 18.978560      .22568560    
 20.165960      .24497390    
 15.856080      .26024700    
 18.567570      .11366800    
 15.873810      .82124580E-01
 14.047240      .19271470    
 10.618100      .19557270    
 6.0904260      .16794300    
 4.3380540      .14678610    
 3.0159850      .24940500E-01
 3.9257860      .16532930    
 5.1117710      .17095280    
 4.5748950      .19457870    
 3.3563400      .24464260    
 2.1454550      .21605850    
 1.7662120      .19025220    
 3.0296620      .21602000    
 4.5544000      .23083170    
 5.2416770      .19368440    
 4.0911740      .18888430    
 2.9428850      .21489250    
 4.0406410      .25026080    
 6.1428050      .20591720    
 10.855350      .20860520    
 7.9128000      .14095180    
 6.7470810      .66173450E-01
 8.2337640      .26188080    
 9.7693830      .35425630    
 11.643440      .33599140    
 13.126950      .27226560    
 13.265360      .31594150    
 13.293230      .48091990    
 11.807140      .70527790    
 10.880090      .89315230    
 9.9328660      1.0544890    
 12.220580      1.3631110    
 11.614780      1.4873240    
 2.7102330      .26416560    
 1.7135740      .13429690    
 2.3650560      .17151780    
 4.2349940      .22481980    
 6.5067660      .16741360    
 8.2235100      .12977850    
 9.6214790      .24377770    
 11.678950      .26747020    
 14.719760      .20669110    
 16.984830      .13005310    
 21.207080      .14753170    
 27.617540      .98266210E-01
 23.751790      .13049510    
 16.546650      .86039740E-01
 16.151670      .24455490    
 15.803930      .28258870    
 16.385280      .17113720    
 15.570420      .84709430E-01
 14.040070      .17612720    
 11.416270      .24285880    
 5.4170620      .22138680    
 2.4798900      .69624360E-01
 2.0407090      .13230710    
 3.0457820      .13891160    
 4.2743550      .18907860    
 4.6878570      .90860660E-01
 4.1080470      .17821480    
 2.8891660      .25645830    
 1.6582760      .22053230    
 1.1203400      .13799330    
 2.2865480      .19881510    
 3.3606060      .25077370    
 3.3109560      .21988760    
 1.9713920      .13251440    
 2.3530520      .17853940    
 4.9318810      .24440290    
 9.7123120      .21027390    
 11.777850      .96998220E-01
 9.2095170      .14451430    
 8.0145680      .19945370    
 9.3832930      .31601860    
 10.947470      .31456600    
 12.554240      .26111260    
 13.983870      .13735650    
 13.455770      .26441210    
 12.972290      .46570980    
 11.754010      .72828780    
 10.761390      .92054950    
 9.7772750      1.0802910    
 12.102590      1.3901480    
 11.503470      1.5083170    
 2.0491100      .29660430    
 1.1399580      .25703500E-01
 4.0022250      .18665610    
 6.4885880      .23255860    
 8.3317490      .11634250    
 9.0594660      .12586790    
 9.9976480      .24689500    
 12.547470      .25684400    
 19.807070      .17172290    
 21.979580      .68888950E-01
 29.171980      .14614850    
 39.665800      .24984900E-01
 25.486340      .11607870    
 17.629620      .11927300    
 17.350450      .20283410    
 18.452570      .17418040    
 16.043320      .98977790E-01
 14.514580      .13990420    
 9.8751630      .29716110    
 6.5715000      .26124810    
 3.2591690      .17952220    
 1.1488260      .87178680E-01
 1.7238310      .17301800    
 2.8051060      .20452720    
 3.6960060      .18752470    
 4.4845820      .70635770E-01
 3.2263640      .20016930    
 1.9821160      .25067580    
 .96300210      .18839170    
 .12372810      .25848880E-01
 .28414960      .23144290    
 .34449710      .30308990    
 .30263830      .23136890    
 .17351120      .25619590E-01
 3.5034990      .18890930    
 7.2099800      .24283200    
 10.784790      .14795000    
 11.976940      .97754510E-01
 9.7694030      .17490730    
 8.8981800      .18551720    
 10.425460      .25590580    
 11.937590      .28910120    
 13.417430      .19730370    
 14.464570      .38848480E-01
 13.013290      .28505640    
 12.265310      .47630290    
 11.620320      .77483980    
 8.4767860      .74192330    
 7.3982000      .84535200    
 8.2231430      1.0064820    
 7.9746640      1.1350050    
 3.0427340      .25385430    
 3.4091880      .13350560    
 5.9153640      .20596970    
 7.7403030      .22124450    
 8.8339490      .14376840    
 9.4477050      .18647800    
 12.386140      .25203570    
 16.921900      .24301420    
 22.057420      .14246260    
 25.656380      .13340910    
 33.271760      .13961040    
 33.807640      .12699590    
 23.577970      .17483840    
 18.415320      .17138090    
 19.038670      .15277450    
 18.564130      .10496090    
 14.649600      .13708040    
 13.836780      .25275930    
 6.7935170      .25747140    
 4.0946770      .26852850    
 1.9182620      .19847210    
 1.1652820      .17202900    
 1.4403850      .20651000    
 2.4840820      .26047130    
 3.2555020      .20454280    
 3.4326640      .16516260    
 2.2979240      .21800960    
 1.5541570      .24721520    
 1.1048680      .17310570    
 1.3116570      .12408640    
 1.7161910      .22946720    
 1.6789890      .27483670    
 1.4231490      .20934590    
 1.4872920      .13691520    
 4.6781480      .21005480    
 8.0543420      .23400020    
 10.958910      .17555560    
 11.249300      .18407110    
 10.002120      .17253440    
 10.992200      .15771070    
 11.039670      .25316950    
 12.320550      .28525140    
 13.474630      .20111610    
 13.448670      .18582180    
 12.202400      .35088810    
 11.387760      .49825180    
 9.0727280      .61541390    
 7.8420470      .71307640    
 6.8479860      .81063230    
 7.7240640      .97215780    
 7.5988020      1.1096740    
 4.7025270      .25704010    
 5.8830870      .16942570    
 7.7818120      .20378500    
 8.6599680      .23136750    
 8.8870950      .20237620    
 9.1401070      .19807340    
 13.075820      .22204480    
 19.103520      .21087570    
 24.622880      .14934320    
 27.180620      .14573530    
 31.820820      .14701610    
 28.940150      .19518510    
 28.200460      .23409980    
 19.894310      .15735860    
 20.089910      .95270750E-01
 17.118490      .12876160    
 12.382080      .18517270    
 8.4042420      .18844840    
 5.0814790      .23925790    
 3.0144300      .27007710    
 1.4361310      .22944320    
 1.0455470      .18134010    
 1.4929030      .20289050    
 2.1422670      .25474650    
 2.5670350      .22896140    
 2.4054730      .17929710    
 1.6303110      .19669670    
 1.5271370      .23697780    
 1.8294350      .18747690    
 2.6370550      .15282830    
 2.7459050      .22837350    
 2.5508180      .27572820    
 2.4634990      .22997770    
 2.8634670      .18406700    
 5.7785330      .20475690    
 8.5686010      .24372850    
 10.589110      .24162910    
 10.689020      .23198920    
 10.117660      .12461070    
 10.481280      .12183900    
 11.379500      .28009100    
 12.360300      .31449160    
 12.988110      .27625620    
 12.381290      .31005760    
 11.225260      .41605240    
 10.408590      .51217640    
 8.2861630      .59316900    
 7.1511110      .67345210    
 6.2734700      .77063820    
 7.2442650      .93930200    
 7.2573320      1.0889840    
 6.6513830      .24866310    
 8.3724020      .11546250    
 9.1651420      .19665980    
 9.1411350      .25210740    
 8.7446110      .21644570    
 8.6676760      .13993990    
 14.349280      .18534970    
 22.044750      .16684170    
 27.116410      .11001310    
 26.959360      .81902370E-01
 29.477630      .16069480    
 28.151030      .23817150    
 24.996940      .19452460    
 20.379630      .88950980E-01
 18.978900      .13758640    
 14.849490      .20054820    
 9.9218330      .18591080    
 5.9993770      .12169110    
 3.7168900      .23154150    
 2.2526730      .28269910    
 1.1443760      .23339130    
 .82673830      .11205040    
 1.2342740      .17850330    
 1.7057530      .26287250    
 1.8160070      .22933730    
 1.4169850      .11156530    
 1.3115970      .17367530    
 1.8769870      .23980590    
 2.8659730      .17866390    
 3.9806450      .95964200E-01
 3.6600020      .23405460    
 3.4387370      .28904600    
 3.5810370      .24137980    
 4.1836810      .14872960    
 6.6790430      .18132070    
 6.4128000      .32726570    
 7.5810110      .36342240    
 10.040720      .26359030    
 9.7204730      .14825170    
 10.472520      .21992770    
 11.318160      .34106360    
 11.904930      .37497690    
 11.980570      .37170290    
 11.366970      .40905180    
 10.446240      .45981840    
 8.9318780      .50618590    
 7.4446730      .55217710    
 6.4341000      .62203850    
 5.7025140      .72808270    
 6.8100720      .91152260    
 6.9694430      1.0756210    
 9.7074980      .23959560    
 10.154740      .37398890E-01
 8.8062540      .21081480    
 8.0592740      .25842860    
 7.3190870      .20417420    
 8.2014500      .25522370E-01
 16.580130      .17963020    
 25.134460      .11171320    
 28.077220      .99997330E-01
 25.843390      .69439650E-01
 23.920280      .20644210    
 22.478530      .25214420    
 21.304790      .15013270    
 20.901390      .97212870E-01
 19.942100      .20427950    
 13.072220      .26821290    
 8.5230490      .14983880    
 3.6864480      .84386290E-01
 2.4805370      .24500900    
 1.6332190      .29355450    
 1.0234190      .22011050    
 .56837680      .44730030E-01
 .53661380      .20224880    
 .53857360      .27232510    
 .58406620      .21311070    
 .66060180      .44573280E-01
 1.5846020      .19787120    
 2.6917590      .24856110    
 3.9064720      .14939740    
 4.0988500      .10191710    
 3.0706640      .24005100    
 2.8500520      .27412350    
 3.6374560      .21612280    
 5.3864980      .37657850E-01
 6.1767180      .20971430    
 7.1174610      .34552260    
 8.1456010      .36935620    
 9.3811790      .31790820    
 9.1431820      .27279080    
 10.325140      .34290310    
 10.958460      .42428930    
 11.265020      .45231470    
 11.058100      .45617860    
 11.545710      .46916280    
 9.6768990      .47437840    
 7.9933300      .47266320    
 6.5785810      .48936030    
 5.7234370      .56190470    
 5.1653420      .68877140    
 6.4477640      .89359710    
 6.7520390      1.0722230    
 8.9193430      .20223490    
 8.5398430      .13702250    
 7.7014460      .23534800    
 7.2847860      .26646190    
 7.0897080      .17717380    
 8.9426790      .12319530    
 16.264230      .18425340    
 23.892180      .14108120    
 25.438390      .15740730    
 24.530350      .16273730    
 22.896460      .23117270    
 21.975050      .24919980    
 21.421840      .17334610    
 21.651210      .17795250    
 17.741740      .24423860    
 12.629120      .24596970    
 6.8152430      .15638520    
 2.6834130      .15400530    
 1.7392370      .24211360    
 1.1141920      .27840490    
 .66634860      .21348390    
 .39724300      .15570520    
 .43793910      .22389070    
 .44744460      .25939210    
 .48481420      .20325140    
 .49244270      .15255460    
 1.5192880      .22287330    
 2.5194840      .24394370    
 3.3767640      .17278580    
 3.3388880      .18057570    
 3.1033600      .24594480    
 3.4513570      .27059680    
 4.2137820      .20166440    
 4.9592820      .11447940    
 5.3531680      .23166380    
 6.2147730      .33340630    
 7.3150320      .36224930    
 7.7997590      .36920500    
 8.2089200      .38764920    
 9.6683160      .45143930    
 10.653630      .44351810    
 10.640510      .47754110    
 10.185150      .48929960    
 11.016880      .49819350    
 8.9772380      .45733730    
 7.0480890      .40860320    
 5.7166580      .40576820    
 5.0575100      .50212650    
 4.6932970      .66118280    
 6.1802130      .89035660    
 6.6178810      1.0806680    
 7.6225080      .19997880    
 6.8964370      .14941570    
 6.6314370      .23906170    
 6.5640610      .26250540    
 6.5027500      .18948750    
 9.1798880      .15740440    
 15.904480      .19965820    
 21.754880      .20685820    
 23.170550      .19288210    
 23.090400      .17810790    
 22.078590      .23832150    
 21.807830      .26192360    
 21.972710      .21858330    
 21.816060      .19691130    
 18.045790      .22414180    
 12.062230      .23932030    
 5.9129890      .18458910    
 1.6246190      .15266040    
 1.0314150      .23203660    
 .67273300      .27974800    
 .39673070      .23721920    
 .25490020      .19296120    
 .32387390      .21311180    
 .33890470      .25044920    
 .35021320      .21515410    
 .32128290      .18266680    
 1.3373040      .22653910    
 2.1196070      .25494130    
 2.4938300      .21983700    
 2.2118590      .19462950    
 2.1921320      .21466690    
 2.8379160      .25172490    
 3.6344970      .20531910    
 4.2251370      .16601160    
 4.9152930      .24619750    
 6.0519740      .34421790    
 7.2695160      .37842310    
 7.3667820      .45302720    
 7.6837820      .50286530    
 10.104500      .43022810    
 10.187360      .48464110    
 9.9463290      .51754000    
 9.3166710      .51983160    
 7.8771200      .59334670    
 8.3799570      .41020190    
 6.0912930      .31295370    
 4.8959270      .31025150    
 4.4840460      .45941960    
 4.3144490      .65418790    
 6.0228050      .90511770    
 6.5743060      1.1014470    
 6.1768680      .15995650    
 5.4947300      .11170670    
 5.8308820      .25142620    
 5.9714550      .26461050    
 5.9774420      .17157680    
 8.5905940      .12179700    
 15.142330      .22131550    
 19.843810      .24142460    
 22.202890      .16586550    
 21.717750      .13075650    
 21.645770      .24755240    
 21.969400      .28067100    
 22.680640      .22600940    
 22.962720      .13981800    
 18.017360      .20049630    
 11.280070      .24261450    
 4.8548040      .17144640    
 .63960600      .81831010E-01
 .51144280      .23999130    
 .35196920      .29431640    
 .20632960      .24631160    
 .14627050      .15132520    
 .20881460      .18128520    
 .22596020      .24712650    
 .20718280      .20316660    
 .15335180      .13393830    
 1.0555340      .22462060    
 1.5719710      .27393910    
 1.5795710      .23361670    
 1.0664050      .13426530    
 1.3980360      .17888510    
 2.3039460      .24701230    
 3.0348340      .19801380    
 3.5230100      .13043050    
 4.6589320      .24939840    
 6.0262460      .35724030    
 7.3046600      .38993810    
 6.9453310      .54384630    
 9.1088830      .41108360    
 9.7993410      .45383210    
 9.6835910      .51123060    
 9.2587940      .54326220    
 8.4954430      .53245880    
 8.3668160      .52453060    
 7.9536270      .33968850    
 5.1129690      .18671400    
 4.1926160      .23376010    
 4.0514400      .45387740    
 4.0465600      .67306940    
 5.9807880      .93840870    
 6.6230660      1.1333790    
 4.7467860      .12515290    
 4.7726930      .15191510    
 4.9322250      .25799540    
 5.1751210      .25532170    
 5.4571030      .11866600    
 6.8145820      .11883250    
 9.9281280      .20466910    
 15.453650      .20678390    
 19.229710      .10372570    
 20.945860      .12453680    
 21.752990      .26394820    
 22.565290      .28929990    
 22.785420      .18264550    
 24.237890      .25618190E-01
 17.526090      .22033770    
 10.684930      .26207270    
 4.0206780      .15070330    
 .25563180      .12192730    
 .23755120      .24953880    
 .21525560      .28192740    
 .17106750      .21998490    
 .96730390E-01  .37736360E-01
 .11747050      .18805960    
 .12383620      .25191430    
 .78508250E-01  .16264960    
 .97960070E-01  .75335900E-01
 .59254630      .25995130    
 .91324800      .31297460    
 .91203800      .23129840    
 .37860570      .25480610E-01
 2.2484760      .18755310    
 3.2718160      .24412080    
 3.2478960      .15971260    
 3.1804980      .75403880E-01
 4.7051240      .27461430    
 6.1500700      .37097110    
 7.4290700      .38612490    
 8.8852830      .38470060    
 8.9765470      .40045240    
 9.4545620      .45952860    
 9.1715630      .52734520    
 8.6050320      .55882980    
 7.7466810      .53443470    
 9.1242160      .45186470    
 7.0313110      .27414180    
 4.1615210      .38653760E-01
 3.7455760      .24196330    
 3.7798070      .49409430    
 3.8699500      .71526740    
 6.0499820      .98775880    
 6.7613960      1.1737560    
 4.8103530      .18288140    
 4.8388910      .19507380    
 5.0483810      .24449320    
 5.3831460      .23563630    
 5.8838220      .14740970    
 7.0411300      .15425450    
 10.179360      .13129260    
 16.773550      .11570250    
 20.699660      .66646500E-01
 21.170850      .15994970    
 21.180220      .24947220    
 22.647690      .22922380    
 20.133480      .17393360    
 17.720420      .12101430    
 10.649010      .21718240    
 5.2071780      .24441400    
 1.2419730      .18364920    
 .17077510      .19572010    
 .12363080      .25926600    
 .11463720      .28006560    
 .12754520      .20398410    
 .18221350      .10958700    
 .20917190      .19869880    
 .32296170      .23387440    
 .44504280      .14750220    
 .76540110      .14446890    
 1.3243400      .25012730    
 1.8717380      .28097430    
 2.2752690      .20006710    
 3.0737090      .12503600    
 4.0004010      .21617610    
 4.8514040      .24328790    
 5.2500550      .14788500    
 6.3671110      .15457460    
 8.1305870      .28621750    
 8.8035750      .35674290    
 8.9425240      .35195920    
 8.5884910      .32659930    
 10.282640      .36874910    
 9.5773690      .51492570    
 10.544760      .53446970    
 10.839720      .54572960    
 10.711310      .48710080    
 10.209890      .38263230    
 8.1408910      .21964830    
 5.9272680      .12883570    
 5.9534940      .32197120    
 5.9349050      .55099150    
 5.7617670      .75735000    
 8.6101200      1.0568060    
 9.1894770      1.2663600    
 4.8856630      .22111580    
 5.1062780      .17719980    
 5.0187900      .22562620    
 5.7052230      .24929960    
 6.4489890      .21558520    
 7.3668760      .14846370    
 10.647830      .60784440E-01
 17.837190      .35422150E-01
 21.801490      .67927520E-01
 23.192300      .17188140    
 22.027820      .21068020    
 20.727800      .16516590    
 15.548200      .16542840    
 10.890840      .14156610    
 6.2293720      .21857840    
 2.7886890      .25849150    
 .41703500      .22631870    
 .11160760      .20439850    
 .94138910E-01  .23493120    
 .12812920      .26371550    
 .19238260      .20538780    
 .32761910      .14116860    
 .42124230      .19579740    
 .68273590      .23187230    
 1.0768730      .17358780    
 1.5904950      .16116080    
 2.3298030      .24606300    
 3.2301820      .26941810    
 4.3627680      .19109000    
 6.0589780      .14510250    
 6.4355070      .22691460    
 7.3509490      .24055210    
 8.5227170      .17155160    
 9.5364590      .19213310    
 9.9666280      .29535100    
 9.7371000      .33829570    
 9.3083460      .29290350    
 8.9838030      .24479070    
 9.4129650      .35613220    
 10.549520      .47399790    
 11.517060      .53270300    
 11.993530      .50888840    
 12.154310      .42915980    
 11.862890      .32008230    
 10.012660      .21927950    
 8.3233330      .24595270    
 7.5297680      .41852630    
 6.9433280      .62186800    
 6.4044790      .80772750    
 9.3424070      1.1174790    
 9.7630660      1.3180640    
 4.9597670      .20377220    
 5.0695620      .98828230E-01
 4.7814840      .25060620    
 4.4297540      .32046030    
 4.0808580      .25919180    
 3.6971810      .91770250E-01
 9.4055240      .10940910    
 16.933510      .14436650    
 21.831420      .15363480    
 24.741680      .12997810    
 22.076160      .12688180    
 17.882910      .98038000E-01
 9.9945890      .10874140    
 4.6834530      .80352050E-01
 3.0340060      .23229920    
 1.1989030      .27909900    
-.33457040E-01  .22939840    
 .56202690E-01  .14200000    
 .84768110E-01  .20740060    
 .16534580      .26054750    
 .27959960      .19756220    
 .46046790      .68453810E-01
 .71182110      .19895860    
 1.1412660      .23872290    
 1.7820020      .15566470    
 2.4945990      .11830860    
 3.4742300      .24947860    
 4.7998070      .26231550    
 6.7232570      .15044780    
 8.7294540      .11046750    
 8.8062070      .23936680    
 10.104890      .23629400    
 12.081730      .14314890    
 12.263290      .18382360    
 11.356660      .29811590    
 10.407080      .30948800    
 9.5033440      .20617510    
 8.9706920      .15220540    
 10.319540      .32518610    
 11.599290      .45762110    
 12.757200      .50384690    
 13.710280      .46370750    
 13.976120      .36147880    
 13.959430      .25648760    
 12.153990      .23814820    
 10.241900      .33738330    
 8.8203330      .50863120    
 7.7584610      .69172680    
 6.8979620      .85544100    
 10.038230      1.1843480    
 10.307900      1.3741210    
 4.8431140      .17884160    
 4.5153730      .10275930    
 3.3957940      .25326520    
 2.5141690      .29462270    
 1.7502710      .21803590    
 1.0019830      .44235480E-01
 9.2306200      .16512330    
 15.395320      .22233350    
 22.148100      .17024570    
 25.857090      .24241670E-01
 23.247430      .21912430E-01
 14.101440      .11207080    
 5.7252960      .33710480E-01
 2.4941240      .13227370    
 1.2291150      .24159310    
 .61918590      .26940580    
 .22476220      .19370120    
 .96415910E-02  .25794740E-01
 .28748020      .22490980    
 .54259160      .27878820    
 .72308120      .18457020    
 .92929180      .88694540E-01
 1.6313140      .22265330    
 2.3423850      .23978710    
 2.9140890      .11181780    
 4.7630300      .13995490    
 7.2627760      .25355010    
 8.2422900      .24386820    
 9.5889760      .10935840    
 10.871160      .14969080    
 11.750140      .23404930    
 13.244620      .20471010    
 15.611120      .37347020E-01
 13.875030      .20069100    
 12.070380      .31002970    
 10.324760      .28313130    
 9.4022800      .12267550    
 9.5765290      .14148830    
 10.674020      .34674380    
 11.841010      .46198020    
 13.081900      .48184010    
 13.920440      .40708820    
 16.298230      .27728440    
 16.268330      .17956400    
 14.015780      .26337620    
 11.598200      .41703060    
 9.7335060      .59044930    
 8.3237520      .75521580    
 7.2116650      .89565250    
 10.668470      1.2549240    
 10.804120      1.4324610    
 4.4764840      .19425690    
 3.8785650      .18173130    
 3.0248070      .25289900    
 2.4655820      .27237740    
 2.1103230      .20077380    
 2.5177270      .14430720    
 8.0329260      .22842440    
 13.738370      .26255850    
 19.200120      .17292580    
 21.281600      .82123790E-01
 18.618370      .11803510    
 10.781610      .15972920    
 4.5934760      .13978620    
 1.4793840      .18283970    
 .88963060      .24971400    
 .45846490      .26867220    
 .12994090      .18021450    
-.27488480E-01  .12736430    
 .14804420      .22196810    
 .57768550      .25219980    
 1.1582540      .19137050    
 1.8283000      .17350350    
 2.5921140      .23124540    
 3.5161010      .23151420    
 4.7433370      .16009390    
 7.0277470      .19710390    
 9.2601380      .24114190    
 10.286020      .21941500    
 9.0646440      .16303880    
 12.860670      .18978640    
 14.702880      .21946620    
 15.768450      .18852130    
 16.006070      .13286120    
 14.170080      .26837060    
 12.409220      .33601610    
 10.662510      .28295330    
 9.9098760      .17045000    
 8.9205460      .23125810    
 9.7551640      .36526330    
 11.063710      .43853860    
 12.895560      .43597980    
 15.215530      .34839970    
 18.242860      .17686210    
 18.358120      .11611430    
 15.087310      .31448940    
 12.372330      .49737740    
 10.261310      .66490850    
 8.6272620      .80923080    
 7.3367730      .92470740    
 11.215590      1.3272260    
 11.238320      1.4912430    
 3.9484550      .24057210    
 3.2738470      .19792180    
 2.7530390      .23122470    
 2.6677480      .25610340    
 2.9047700      .19806170    
 3.9845170      .16057490    
 9.0997500      .23740250    
 13.684470      .26315040    
 16.711140      .17555800    
 15.220440      .24502920E-01
 14.654190      .19493860    
 8.2627470      .21660180    
 3.6494040      .19418080    
 1.7686030      .18860490    
 .45644200      .23306810    
 .19390620      .26293050    
 .54997610E-02  .20323820    
-.24124450E-01  .16615080    
 .34092860      .21353930    
 1.0525680      .25157810    
 1.9731650      .21300160    
 2.8515270      .18046040    
 3.7944770      .22421750    
 5.0851970      .24514560    
 6.9863690      .21490210    
 9.4644920      .20256730    
 11.381490      .20734090    
 11.871940      .18156980    
 9.5826080      .17631970    
 14.380680      .16665740    
 15.650840      .19437380    
 16.030770      .22076240    
 15.623650      .26390280    
 13.451230      .34828280    
 11.705810      .37611060    
 9.9858070      .31960600    
 8.4808200      .26171890    
 8.8287800      .30846830    
 9.9371360      .38432050    
 11.485360      .42463940    
 13.481140      .40337810    
 15.898420      .30032800    
 18.897140      .11989320    
 17.180390      .17316480    
 13.124010      .36601560    
 10.031600      .53334750    
 11.833250      .76418700    
 10.237850      .89028800    
 8.8598790      .97870170    
 13.209300      1.4420270    
 8.8037270      1.1034000    
 3.3950860      .24818160    
 2.7286680      .14033210    
 2.6840500      .20375020    
 3.1148870      .24470690    
 3.9199710      .16157270    
 4.9278110      .11838010    
 7.3042320      .25477900    
 9.5998650      .27833980    
 11.901060      .16961950    
 12.804140      .88865040E-01
 10.875450      .20889990    
 5.8283340      .23955740    
 2.5837240      .18300800    
 .55490930      .10100510    
 .13814420      .23062500    
 .20673720E-01  .27255870    
-.51026470E-01  .21066800    
 .34992940E-02  .11455510    
 .66612450      .20106580    
 1.6593430      .25591230    
 2.8671680      .19740980    
 3.9749610      .11603650    
 5.1605450      .22284940    
 6.8539610      .26643460    
 9.2357870      .22342590    
 11.919690      .14055750    
 13.321920      .15932090    
 13.607740      .94456830E-01
 9.8362480      .11335010    
 15.764300      .70472540E-01
 16.102700      .20302540    
 15.888550      .29272530    
 15.112670      .37539430    
 12.682470      .42433120    
 10.970070      .42598430    
 9.3010570      .37478540    
 7.8547670      .33640680    
 8.2912920      .34827460    
 9.3116950      .38105950    
 10.805950      .40117040    
 12.714040      .37396350    
 14.870650      .27999350    
 16.875290      .18483100    
 14.917550      .26499660    
 11.768530      .42633200    
 9.1677060      .58269070    
 10.482440      .77212200    
 9.0600570      .87919320    
 7.8250200      .94794270    
 8.9743980      1.0213610    
 7.9795200      1.0414030    
 2.8897350      .22211160    
 2.3164850      .25584120E-01
 3.1807330      .21613860    
 4.0065780      .24615880    
 4.8336150      .11344510    
 5.0755830      .13999140    
 6.8902860      .25288520    
 8.6991130      .25367820    
 10.422420      .14965930    
 10.453000      .71735140E-01
 7.7369530      .24537780    
 4.7512080      .27356320    
 1.7292860      .15365140    
 .00000000      .10204210    
 .00000000      .25239540    
 .00000000      .28886310    
 .00000000      .19565750    
 .11674810      .37415540E-01
 1.2085090      .21878920    
 2.4038160      .26210780    
 3.7010750      .15788950    
 4.4740490      .83672350E-01
 6.1107380      .24591290    
 8.4286560      .28918030    
 11.384360      .20520760    
 14.344180      .25213600E-01
 14.640110      .13586730    
 13.772830      .57080970E-01
 9.7971800      .34632190E-01
 16.036390      .99188580E-01
 13.504070      .23230220    
 12.253480      .32520200    
 11.137780      .41834520    
 9.9092460      .44939400    
 8.8800350      .45126860    
 7.7884190      .41145950    
 6.7769710      .36883230    
 7.5873100      .34520040    
 8.4911700      .35079340    
 9.8858250      .37085850    
 11.564210      .35190360    
 13.185210      .28200510    
 14.298300      .24472110    
 12.509350      .32648620    
 10.167450      .47401550    
 8.1071710      .62086840    
 9.1011640      .77600930    
 7.8636640      .86107890    
 6.7790760      .90731530    
 8.0313720      .96046320    
 7.1178780      .96745250    
 2.2122400      .21763240    
 2.3166640      .12861460    
 3.0405840      .21061080    
 3.7726630      .21952850    
 4.2924740      .15633630    
 4.4950520      .19358960    
 5.3226500      .24990210    
 7.0194750      .25008830    
 9.0639210      .15337630    
 9.6910750      .14930600    
 7.5058050      .22792670    
 4.5785930      .23663860    
 1.6026490      .16387720    
 .00000000      .17476190    
 .00000000      .25543050    
 .00000000      .26969760    
 .00000000      .17913930    
 .27832850      .14003590    
 1.2419040      .23158020    
 2.3236480      .24961000    
 3.3019420      .15943130    
 4.0553250      .15804100    
 5.6024080      .24319580    
 7.9362300      .26752550    
 10.486980      .18057780    
 11.581570      .12073910    
 11.281620      .14414870    
 9.8423270      .13675650    
 9.8373810      .13987560    
 12.722180      .17969170    
 11.503330      .26314100    
 10.573590      .36544900    
 9.7312030      .46753360    
 7.7584910      .52941260    
 7.9538910      .48521070    
 6.9935970      .43491310    
 6.0764870      .36320510    
 6.7179290      .29799460    
 7.5012400      .29796560    
 8.7670130      .34015210    
 10.089110      .33244260    
 11.100310      .27483780    
 11.636470      .25948400    
 10.197980      .35780920    
 8.5559490      .50949920    
 6.9915160      .64898090    
 7.7542490      .77359460    
 6.6913150      .83366010    
 5.7522580      .85471090    
 7.0458630      .88476370    
 6.2384190      .88139790    
 2.2076490      .24213600    
 2.3199180      .17249120    
 2.9166330      .19641810    
 3.4283860      .22632060    
 3.5498330      .20629860    
 3.6335470      .19193860    
 4.7360450      .22163910    
 6.7399130      .24399120    
 8.6690250      .19802060    
 9.2815950      .17977580    
 7.2474580      .20390020    
 4.2262270      .23006150    
 1.4570970      .19166110    
 .00000000      .18126850    
 .00000000      .24762600    
 .00000000      .26189400    
 .00000000      .18936030    
 .34808960      .15901560    
 1.1765540      .23577470    
 2.0048230      .25459570    
 2.4344480      .19316400    
 2.9487810      .16475560    
 4.6466790      .23084380    
 6.8539580      .26399680    
 8.4131580      .20514670    
 8.2854560      .14975590    
 8.1907070      .15731190    
 7.4818560      .19373050    
 8.7355360      .19787250    
 7.9188590      .21615630    
 9.5036990      .26836940    
 9.0217110      .39606750    
 8.4646020      .50522200    
 6.9171100      .54735190    
 6.2953790      .51666710    
 6.2712170      .43554440    
 5.4239870      .32100560    
 5.6975770      .20684700    
 6.4335400      .24157990    
 7.5438550      .31777360    
 8.4207740      .30692930    
 8.8518400      .23309040    
 9.0535050      .23385180    
 8.1348190      .37619590    
 7.0729390      .53963390    
 5.9127530      .66925460    
 6.4882430      .76359920    
 5.5758700      .79523490    
 4.7690100      .78842690    
 6.0357360      .79333690    
 5.3631590      .78415570    
 2.2022540      .25964010    
 2.2628350      .12931070    
 2.6986160      .17290870    
 2.9686770      .24219500    
 2.8165460      .21051870    
 2.6524240      .11962530    
 4.3101150      .20203680    
 6.5003700      .25858940    
 8.2937230      .22131870    
 9.1535160      .13049240    
 6.9496890      .17341180    
 3.8795650      .23044450    
 1.2501880      .17033280    
 .00000000      .13014080    
 .00000000      .24550950    
 .00000000      .25910790    
 .00000000      .16100620    
 .32428860      .11722500    
 1.0002360      .24688710    
 1.5054300      .26693840    
 1.4851470      .18489940    
 1.6614190      .97612700E-01
 3.6838380      .23154890    
 5.4636180      .27774450    
 5.9903470      .21842500    
 4.7953500      .85625860E-01
 5.6813250      .16704130    
 5.9847760      .23337180    
 7.3011870      .20058500    
 6.8663730      .14291540    
 7.8011280      .27049600    
 7.7291280      .42992480    
 7.3914410      .53908850    
 6.1855340      .56646280    
 5.6588020      .52457410    
 5.1121870      .42067060    
 4.5781290      .25618240    
 4.5613990      .74725650E-01
 5.4714190      .22305080    
 6.3329990      .30930220    
 6.7233360      .27022730    
 6.5709500      .14322120    
 6.8199750      .20527000    
 6.4429730      .40439030    
 5.7855670      .57086310    
 4.9205960      .68335970    
 5.3333130      .74520900    
 4.5415560      .74467130    
 3.8484960      .70721630    
 5.0187980      .68605280    
 4.5188500      .67822680    
 2.3409980      .29633840    
 2.1908160      .25672970E-01
 2.1333690      .19205190    
 2.0754100      .26208370    
 1.9615980      .19010660    
 2.0369110      .37471100E-01
 4.2961730      .22087070    
 6.4711250      .28246360    
 7.9585690      .22226900    
 9.5848620      .25618240E-01
 9.0524830      .14676550    
 5.9978200      .20595670    
 1.9802960      .11348190    
-.25314160      .12514140    
-.11997410E-01  .24404860    
-.37606810E-02  .24223350    
 .84849730E-02  .11097310    
-.18969150E-04  .13877390    
 .10188790      .26219530    
 .30888730      .27220170    
 .49639180      .15236590    
 1.0604220      .10076990    
 2.1090260      .24735260    
 2.6959820      .28950180    
 2.9697510      .21224360    
 3.0720250      .70044450E-01
 4.9346060      .20230500    
 5.3645030      .24327640    
 6.3532310      .16157520    
 5.5874120      .78061080E-01
 5.3862290      .32262380    
 5.9271760      .50011880    
 5.6170230      .60589100    
 5.2689220      .62912640    
 4.8887740      .56758330    
 4.4831890      .42592240    
 4.1067080      .21779760    
 3.9260410      .97018640E-01
 3.9652520      .26225190    
 4.0690300      .31680940    
 4.2381950      .23549620    
 4.4690050      .25777970E-01
 5.0553840      .23410580    
 3.3921880      .43294590    
 2.8939410      .57462410    
 2.4502280      .66090080    
 1.9596670      .69939750    
 1.6301550      .67167550    
 1.3669530      .60797040    
 1.3220030      .55679660    
 1.2159480      .57078400    
 2.4675250      .25254130    
 2.5417380      .13077570    
 2.4411950      .21030370    
 2.5447710      .25026410    
 2.7351160      .18166070    
 3.7302850      .14464460    
 5.8143140      .22295800    
 8.1242580      .25974580    
 10.499470      .19527400    
 11.396660      .10001030    
 9.8627020      .10780650    
 5.6973210      .19797850    
 1.8179200      .14259000    
-.68228140E-01  .17492270    
-.41235200E-02  .22319570    
 .21608250E-01  .21974810    
 .64504300E-01  .15063930    
 .81431650E-01  .18565880    
 .32443910      .25511400    
 .73077160      .25557140    
 1.2635070      .16769910    
 2.2307320      .16617400    
 2.9786340      .24362280    
 3.2979160      .27254990    
 3.4133350      .20513150    
 3.3812020      .15954530    
 4.0639700      .23004400    
 4.5460840      .24976420    
 4.9554190      .15335830    
 4.6717480      .15291290    
 4.0628940      .29261900    
 3.7557340      .43166620    
 3.6511780      .53228320    
 3.6469260      .56461940    
 3.6633330      .51834480    
 3.6795550      .39965470    
 3.6696680      .25184380    
 3.8228380      .23824050    
 3.9184020      .32439050    
 4.0021700      .32978260    
 4.0812320      .23126030    
 3.9968100      .15786250    
 3.9358490      .30340130    
 2.9969590      .46165640    
 2.5365270      .57880790    
 2.1309600      .64269680    
 1.7141620      .64870560    
 1.4118680      .59009540    
 1.1722660      .49316250    
 1.1221850      .42433030    
 1.0725460      .46931840    
 2.6776810      .25284800    
 2.8961150      .15908750    
 2.8949180      .20618480    
 3.2663830      .25264610    
 3.9776210      .21210660    
 5.5229860      .17118940    
 8.4342710      .20724190    
 12.003430      .27013110    
 15.553170      .21721010    
 18.390010      .24875310E-01
 12.627570      .13898830    
 7.9777090      .21979900    
 3.4302140      .19988890    
 .29927880      .17019250    
 .12460690E-01  .18794470    
 .63961130E-01  .21972660    
 .13835770      .18419890    
 .22014650      .17507670    
 .67610020      .24457210    
 1.3582900      .25774600    
 2.3163870      .19520560    
 3.4456620      .15673120    
 3.7964480      .22965700    
 3.8282840      .26456130    
 3.8184150      .20424180    
 3.7330880      .16711960    
 4.2022960      .23570710    
 4.3963100      .25437010    
 4.3581420      .19285130    
 3.8230300      .18316590    
 3.4555990      .28585810    
 3.3666020      .43276780    
 3.3903170      .53690890    
 3.4421350      .56909730    
 3.4780490      .52741100    
 3.4864130      .43234140    
 3.4315010      .34982750    
 3.6749440      .35613890    
 3.7337320      .38874780    
 3.7593870      .35953730    
 3.7233780      .27840190    
 3.4836700      .26345360    
 3.0639280      .36075330    
 2.5760350      .48059930    
 2.1736680      .57486250    
 1.8191130      .61786430    
 1.4727510      .59545620    
 1.2007530      .50381700    
 .98353860      .36706740    
 .92553940      .28441480    
 .96677260      .39412720    
 2.9215540      .24097530    
 3.2230040      .93260010E-01
 3.4891950      .20363880    
 4.1755930      .26836810    
 5.3489040      .22422610    
 7.1269980      .11006460    
 10.931000      .17209320    
 13.926180      .25684990    
 17.833650      .18618220    
 21.653470      .55261220E-01
 15.684930      .19677810    
 8.7083430      .25725390    
 3.9299530      .21769180    
 .34933970      .88198250E-01
 .41833640E-01  .17119500    
 .11765350      .22846240    
 .21575860      .15812590    
 .43695090      .12000610    
 1.1603010      .24894320    
 2.1092460      .26719930    
 3.4000630      .17768740    
 4.5849920      .81967140E-01
 4.3870350      .23120350    
 4.2337710      .26035200    
 4.1516730      .16516890    
 4.0313330      .11938880    
 4.1590080      .24702790    
 4.0459190      .26860920    
 3.6241130      .19942520    
 2.9747440      .13570570    
 2.9339940      .28101090    
 3.0419140      .45073610    
 3.1593040      .55807100    
 3.2425590      .59201790    
 3.2841300      .56114910    
 3.2745440      .49633870    
 3.1870990      .45611640    
 3.4878030      .45228710    
 3.4910600      .44661560    
 3.4343160      .39666260    
 3.2807210      .33078230    
 2.9634340      .32219740    
 2.3385450      .38742180    
 2.1587630      .48398430    
 1.8269940      .56380290    
 1.5310710      .59017460    
 1.2481620      .54373130    
 1.0083310      .41977900    
 .80921110      .23488150    
 .75463330      .15708200    
 .92772440      .37296720    
 3.6074420      .22625250    
 3.7933050      .62951740E-01
 4.5332100      .22952170    
 5.8927900      .28962910    
 7.4230450      .22044910    
 9.2823230      .44256340E-01
 15.836990      .14415400    
 19.053900      .18193550    
 19.951890      .15799570    
 20.984700      .85497800E-01
 15.690310      .24848390    
 10.207210      .30254160    
 4.8506970      .22001270    
 .27542930      .70590620E-01
 .53203370E-01  .19552830    
 .17779700      .22674130    
 .32480870      .10977030    
 .90342030      .13735780    
 2.0125870      .25791990    
 3.2391950      .26686540    
 4.4767950      .14993890    
 5.3050010      .12190550    
 5.4346110      .24191150    
 5.1452870      .24326160    
 4.5725720      .11151460    
 3.6709040      .14097350    
 3.5845770      .24103770    
 3.2179490      .24811580    
 2.7071170      .15789810    
 2.2963500      .77343420E-01
 2.5899580      .31666340    
 2.8000510      .49224270    
 2.9601220      .59683970    
 3.0546220      .63237630    
 3.0904740      .61408010    
 3.0613210      .57403550    
 2.9547150      .55214110    
 3.2643580      .52888340    
 3.1990460      .49361310    
 3.0508980      .42639990    
 2.8023290      .35623680    
 2.4977120      .33382590    
 2.0963100      .38239050    
 1.7902410      .47548340    
 1.5225240      .55070130    
 1.2780810      .56550910    
 1.0530800      .50099970    
 .84986930      .35354460    
 .67338630      .12999190    
 .60925660      .15052320    
 .61877010      .42469970    
 3.8635420      .20509420    
 4.2222830      .15130460    
 5.2224980      .24316310    
 6.9486640      .28494760    
 9.1753230      .22087890    
 13.294140      .13734140    
 19.810100      .67392410E-01
 20.651800      .93873060E-01
 18.734710      .11468500    
 17.067460      .15303910    
 13.300530      .28778880    
 8.3365870      .31064960    
 2.1795480      .20915290    
-.31444590E-01  .16088980    
 .99541950E-01  .20372020    
 .30269850      .21422260    
 .57644930      .14874970    
 1.2551070      .17987960    
 2.3761460      .25130740    
 3.6477700      .25844790    
 4.8801530      .18811310    
 5.6277040      .19695880    
 5.7423840      .23885360    
 5.2193280      .22635520    
 4.3717630      .15651630    
 3.3135320      .18681490    
 2.6847650      .23297970    
 2.3814460      .23923020    
 2.2349910      .14869070    
 2.3898380      .15306040    
 2.6542610      .30020540    
 2.8792510      .44422210    
 3.0480400      .55315670    
 3.1501180      .61251180    
 3.1766620      .62860950    
 3.1094080      .62286110    
 2.9339720      .61642440    
 3.0380320      .58217660    
 2.8739750      .52513900    
 2.6291700      .43650260    
 2.3064630      .34247090    
 1.9968620      .29778210    
 1.6616130      .35432440    
 1.4524010      .46449020    
 1.2612070      .54272950    
 1.0753020      .55071340    
 .89940970      .47749800    
 .74485050      .33077280    
 .65073240      .17454820    
 .61540170      .27836880    
 .62347810      .51789580    
 4.2468850      .20460270    
 4.7410180      .15433740    
 5.5771320      .24761130    
 8.8896120      .34140570    
 11.306210      .30456520    
 14.625850      .16506340    
 19.132380      .66938300E-01
 19.420310      .82503300E-01
 16.387830      .24736780E-01
 10.939830      .17302510    
 7.4655220      .21159910    
 3.8941910      .25484370    
 1.2195220      .22510140    
-.79883550E-01  .16704100    
 .18134380      .18259390    
 .49600080      .21738010    
 .89997030      .17731200    
 1.6246460      .16289300    
 2.7860040      .24567170    
 4.0720900      .27301340    
 5.2817480      .23650690    
 6.0419890      .21053960    
 6.0260600      .21347870    
 5.1826480      .22960100    
 4.0547160      .20600970    
 2.8381890      .17507170    
 2.3218420      .19292820    
 2.2420850      .22759800    
 2.2932800      .18121110    
 2.5616840      .18394800    
 2.7635660      .30709590    
 2.9279930      .46351950    
 3.0383280      .58488440    
 3.0858210      .65648140    
 3.0583710      .68582700    
 2.9418120      .68894290    
 2.7302690      .67674930    
 2.7721290      .62323160    
 2.5383180      .54042490    
 2.2149020      .42181550    
 1.8193330      .28688490    
 1.5125390      .22068330    
 1.2886700      .32583210    
 1.1763200      .46454050    
 1.0519050      .54692340    
 .92000330      .55226900    
 .79607670      .48290190    
 .70503090      .36829780    
 .70658550      .31014270    
 .62277950      .42771870    
 .62953320      .63259710    
 4.6597690      .16125600    
 5.4281070      .11468240    
 6.7458290      .27897060    
 8.2604940      .33388350    
 9.6886020      .26310940    
 10.617020      .10201020    
 14.048990      .11738590    
 15.380780      .14321080    
 12.269500      .12390140    
 8.1659000      .12388020    
 3.8663970      .18190100    
 1.9928970      .25918740    
 .68351830      .22233790    
 .39595180E-01  .87906730E-01
 .31780890      .17041410    
 .73315670      .22604300    
 1.2355510      .14529280    
 2.0080760      .11384510    
 3.2274430      .26055450    
 4.4957440      .29740690    
 5.6891170      .24965180    
 6.5472620      .15605550    
 6.1979990      .17870010    
 5.0108170      .24385860    
 3.6760780      .21499090    
 2.3062070      .88802080E-01
 2.1004960      .17317860    
 2.2258930      .23333250    
 2.4319710      .17654580    
 2.7191340      .14646970    
 2.8419010      .31983290    
 2.9460250      .49854580    
 3.0037580      .62918000    
 3.0022700      .70810310    
 2.9286340      .74372910    
 2.7729290      .74708490    
 2.5343260      .72288990    
 2.5031090      .65055950    
 2.2095040      .54156770    
 1.8217910      .38816460    
 1.3519260      .19674900    
 1.0934640      .13397730    
 1.0135030      .32959260    
 .97226420      .48599090    
 .89948930      .56819880    
 .81623040      .57463140    
 .74598430      .52089750    
 .72221520      .45276420    
 .79340060      .45504440    
 .63019210      .57511570    
 .63617930      .75334100    
 5.1476450      .12920450    
 5.2850490      .17293640    
 5.5912400      .31704310    
 5.9019430      .34058590    
 6.2061620      .23679090    
 6.4848630      .46895050E-01
 12.515550      .20821350    
 5.4430730      .29830540    
 9.8921280      .18642820    
 4.6915740      .25702800E-01
 3.2868810      .20650260    
 2.1526310      .28742080    
 1.0775720      .21967830    
 .29230520      .77405860E-01
 .49999070      .21727280    
 .96902240      .24470650    
 1.5127640      .11804400    
 2.4502690      .17119650    
 3.6152090      .30395060    
 4.8053140      .32266870    
 5.9804880      .23605750    
 7.1820320      .38027750E-01
 6.0238820      .19639120    
 4.6354510      .28247820    
 3.2705860      .21835530    
 2.1037990      .75799420E-01
 2.0813800      .21549180    
 2.2706290      .24452160    
 2.5838350      .12593490    
 2.7228130      .13219690    
 2.5619710      .39024870    
 2.4014080      .61972520    
 2.2288130      .80634280    
 2.0463380      .93798330    
 1.8574730      1.0060380    
 1.6663270      1.0060330    
 1.4773160      .93779770    
 2.0198770      .67763380    
 1.6722080      .54651020    
 1.3066730      .36075070    
 .94144820      .12532270    
 .93211530      .16832420    
 .82271710      .38002260    
 .82619220      .52886770    
 .82167280      .60417850    
 .81335550      .61328350    
 .80939000      .57992820    
 .82414810      .55093130    
 .87224700      .58120030    
 1.0292000      .69554270    
 1.1265560      .83421970    
-999.00000     -999.00000    
 5.3889020      .28715390    
 5.6691060      .36973680    
 5.9631140      .35835540    
 6.2425830      .25497050    
 6.4210970      .21115470    
 5.7991230      .29419140    
 5.2847330      .32245240    
 7.8671200      .24018420    
 4.7698150      .18015710    
 3.0027340      .27934610    
 1.9785700      .31942430    
 1.0091240      .25620660    
 .40074630      .24314800    
 .69995620      .29123710    
 1.1247530      .28114260    
 1.4753140      .22192210    
 2.8959600      .28642990    
 3.9723170      .36959450    
 5.1111980      .35740390    
 6.2272900      .24037150    
 7.0321350      .14455900    
 5.6896390      .26303610    
 4.3719950      .31244500    
 3.1298490      .25400710    
 2.3491840      .24267850    
 2.2608810      .28676000    
 2.4972860      .26725520    
 2.7168510      .14925760    
 2.6826090      .24565140    
 2.5508100      .47936270    
 2.3958030      .69395020    
 2.2220850      .86372510    
 2.0361340      .97654090    
 1.8436590      1.0251860    
 1.6502050      1.0067650    
 1.4613480      .92274250    
 1.2829020      .77909190    
 1.1215120      .58703520    
 1.1898770      .35922710    
 .93608710      .20501350    
 .76981740      .29233590    
 .74815030      .46643320    
 .72489590      .59667780    
 .70188580      .66610360    
 .68052210      .68308040    
 .66251280      .67406280    
 .64986830      .68044700    
 .64396210      .73778910    
-999.00000     -999.00000    
-999.00000     -999.00000    
