KT3D ESTIMATES WITH:  pygeostat_saved_data                                      
 2   51   59    1  5.5000000      5.5000000      .50000000      5.00000      5.00000      1.00000       1
Estimate
EstimationVariance
-999.00000     -999.00000    
 .00000000      .10277490    
 .14169240      .19529830    
 .32386810      .30988060    
 .50619830      .29515780    
 .67151920      .18537470    
 1.4765400      .17607610    
 4.1822430      .17477860    
 9.6055070      .15631740    
 17.530400      .15396240    
 16.642860      .12325500    
 14.714880      .77518740E-01
 13.654430      .17214680    
 12.502760      .11940870    
 12.422320      .19511340    
 11.172500      .30826510    
 10.675360      .29479050    
 10.515110      .18993410    
 10.108930      .20737750    
 10.323950      .28782750    
 10.545630      .24862290    
 11.149150      .16595420    
 12.015480      .25854400    
 13.110620      .31740160    
 14.224310      .25062550    
 15.074280      .11052340    
 13.218870      .21452740    
 10.884120      .26546180    
 8.5547320      .16495910    
 7.5318490      .12024840    
 8.7406330      .26990400    
 9.9959770      .28888240    
 11.230160      .16857230    
 11.815810      .12230760    
 11.265830      .29076110    
 10.693130      .34923000    
 10.130880      .28824550    
 9.4238180      .17748820    
 9.4636650      .23855160    
 9.5216930      .32705110    
 9.5813600      .30196000    
 9.6357780      .18715140    
 15.455140      .12799300    
 18.744630      .95199310E-01
 16.582500      .11942760    
 16.643460      .13751930    
 14.802020      .10932270    
 6.2714100      .84952950E-01
 5.3956910      .16163260    
 4.7125910      .11389980    
-999.00000     -999.00000    
 .00000000      .26558610    
 .51116310E-02  .70528670E-01
-.32337840      .21446340    
-.22208600      .28831700    
 .14228340      .23333830    
 .71747620      .38351600E-01
 1.6654910      .12992230    
 3.4405670      .24691490E-01
 12.630400      .35378460E-01
 17.019330      .56227030E-01
 15.596820      .67853920E-01
 11.617690      .76968520E-01
 9.9541250      .14879400    
 10.942480      .42116370E-01
 11.126480      .17293230    
 12.283590      .20455160    
 11.371460      .19208030    
 10.100650      .37824110E-01
 10.087640      .19250600    
 10.303970      .26234720    
 10.570840      .16858780    
 10.766510      .73963420E-01
 11.817720      .25610110    
 12.718000      .29572040    
 13.827380      .19273490    
 14.200750      .63504980E-01
 10.647250      .21502520    
 8.3146020      .23181160    
 7.1033470      .11162310    
 7.9436520      .15130670    
 9.2035720      .25351090    
 10.321680      .24493440    
 11.304820      .11356650    
 10.671080      .15841050    
 9.1347640      .26754130    
 8.6502420      .28990730    
 8.8711220      .20373190    
 9.4936800      .25902100E-01
 9.3671240      .23366750    
 9.4109110      .30850060    
 9.5330250      .24110640    
 9.7583350      .39114530E-01
 16.986350      .33676480E-01
 17.877640      .79965190E-01
 18.033120      .10097980    
 16.554490      .24255450E-01
 13.847810      .41103260E-01
 7.5129040      .91907070E-01
 6.1968330      .11683650    
 5.0476900      .11425340    
 4.9369280      .39329880    
 .00000000      .24248870    
 .48808690E-01  .16375360    
 .21818810      .24089440    
 .50516990      .27930140    
 .80166130      .20422480    
 1.1560950      .10979360    
 2.1091020      .13410990    
 4.2106300      .89731740E-01
 9.5584230      .90821960E-01
 10.572970      .65068640E-01
 8.7987730      .10723520    
 5.5889040      .94216700E-01
 6.1017490      .14458630    
 6.7269230      .98250340E-01
 9.8085640      .13856720    
 12.790910      .12673920    
 10.888520      .16303520    
 8.5745200      .11164630    
 7.7448880      .19771960    
 8.1237820      .23078570    
 9.0557120      .15116580    
 9.9840010      .15180610    
 10.050280      .23727850    
 10.797770      .25487960    
 11.663860      .18788200    
 10.857620      .16653960    
 8.1681250      .22413280    
 6.7618830      .22330260    
 6.6553180      .16700780    
 8.3613090      .19462550    
 9.3587400      .24277090    
 10.118140      .23645600    
 10.323370      .17526020    
 9.2795990      .20387970    
 8.4249930      .24736830    
 8.2007480      .25813530    
 8.3968160      .17687540    
 8.4816990      .12425500    
 8.2000450      .21416280    
 8.3022530      .26128270    
 8.6191420      .20467300    
 9.2372680      .99690010E-01
 13.410620      .61393020E-01
 20.134820      .78844280E-01
 20.262500      .77966590E-01
 14.756470      .71425850E-01
 12.607140      .11085760    
 9.2103000      .71994130E-01
 6.5379910      .13909300    
 6.1138260      .24282000    
 4.2423830      .29854340    
 .00000000      .23650770    
 .88954720E-01  .17791360    
 .32605220      .24558590    
 .69650860      .27465330    
 1.0979390      .20436480    
 1.6224080      .14463730    
 2.4278030      .14522560    
 3.0398790      .35542880E-01
 4.2180710      .13060100    
 5.5982960      .61211970E-01
 2.4642830      .11287930    
 2.2121220      .73134820E-01
 2.2840450      .14333880    
 2.3351090      .24964880E-01
 10.715110      .93806240E-01
 14.997490      .10157720    
 12.485050      .14925630    
 8.0991060      .14757570    
 6.6675920      .18702130    
 6.9058370      .23086270    
 7.6783820      .19806000    
 9.1117320      .18700800    
 8.5424310      .21624480    
 9.0634210      .24847830    
 9.0638360      .22146120    
 7.5737310      .19657100    
 5.6948200      .20825720    
 5.5997310      .22788580    
 6.5935730      .20099910    
 8.6744780      .17703650    
 9.3052570      .22639360    
 9.5485280      .25224500    
 9.0732380      .22479420    
 7.8042470      .19378480    
 7.1940950      .20641570    
 7.3144170      .24393260    
 7.5191480      .19941320    
 7.4881890      .15323720    
 7.5750540      .19120450    
 7.9466300      .28705920    
 8.5795040      .26458890    
 8.5217320      .13454300    
 13.840290      .67140740E-01
 21.257570      .11150330    
 20.048770      .54302990E-01
 13.103600      .82606970E-01
 11.385620      .10663240    
 9.2285530      .11693020    
 6.3559900      .18697220    
 4.1452910      .18938370    
 4.1499380      .27725990    
 .00000000      .19501030    
 .13439180      .13025510    
 .48039380      .24967820    
 .93111310      .27516070    
 1.4406110      .18710590    
 2.1923000      .99936320E-01
 2.5878130      .15514100    
 2.9442090      .11906110    
 3.6160180      .14260700    
 3.9157230      .80062470E-01
 2.6545610      .12098790    
 4.3879900      .77229920E-01
 3.7374500      .10141720    
 10.683590      .74465510E-01
 16.554920      .72726680E-01
 17.907840      .90870430E-01
 12.881250      .10405340    
 5.7137240      .10015490    
 6.7488170      .16536600    
 5.7614970      .24938150    
 11.629350      .20381400    
 7.7782570      .14660400    
 6.8614690      .18238670    
 7.0817510      .25505990    
 6.3208150      .23362510    
 4.3820110      .15182350    
 3.6885150      .17686180    
 4.9984980      .23426360    
 6.8356050      .18344010    
 8.8448760      .98871660E-01
 9.0058590      .22822970    
 8.7568380      .27684860    
 7.8269060      .23262890    
 6.2998290      .11421330    
 6.1582780      .17682700    
 6.5469170      .25252710    
 6.6857500      .21212710    
 6.5023070      .86066290E-01
 7.2190540      .18347030    
 8.5254960      .27009080    
 9.7705910      .20949760    
 10.371550      .88825940E-01
 15.708800      .14671560    
 19.331800      .17001320    
 16.377260      .14030650    
 12.108730      .74473490E-01
 10.500480      .12844070    
 8.5121550      .20038070    
 6.0355900      .20167560    
 4.8139070      .13176450    
 4.0760640      .26498160    
 .34892180      .13437270    
 .86173660      .12570760    
 1.9513740      .25435890    
 2.4568760      .26746280    
 2.5198610      .15144060    
 2.8201400      .97177380E-01
 3.6730240      .18738490    
 3.3635770      .26735050    
 3.1289210      .13807780    
 3.8162900      .97016560E-01
 4.7680690      .14498140    
 6.1462230      .53459750E-01
 8.8169470      .62931300E-01
 17.677510      .43074600E-01
 19.494490      .74643880E-01
 17.988930      .93670330E-01
 12.455280      .69655860E-01
 4.4442900      .40046810E-01
 8.3365500      .15745160    
 14.008960      .17285140    
 11.540210      .15043570    
 5.7506600      .36368620E-01
 5.3468740      .19194940    
 5.1559250      .27346330    
 3.8442590      .22200250    
 1.4060250      .37886040E-01
 3.1347980      .19003030    
 5.3832990      .25320840    
 7.4481190      .15120290    
 8.6367240      .10154960    
 7.9895960      .24842290    
 7.1864630      .29138470    
 6.2640980      .21777290    
 5.3483900      .44289800E-01
 5.7653910      .20146090    
 5.9083370      .27251210    
 5.8329630      .21032930    
 5.5845880      .70360090E-01
 6.4706980      .19990660    
 8.2969350      .24698200    
 10.810980      .15462890    
 11.755610      .81213640E-01
 14.864100      .20404550    
 11.113350      .28293860    
 14.135420      .17881490    
 11.161500      .71190580E-01
 10.496330      .18777610    
 7.4553310      .26655950    
 5.9751920      .18010890    
 4.4294560      .37691050E-01
 6.4261570      .26605820    
 1.3158300      .15226100    
 2.2652500      .17071710    
 3.1282550      .24127730    
 3.4554450      .24860860    
 3.6077170      .16821190    
 4.0575290      .17260860    
 4.1999710      .25205880    
 3.8845290      .25617580    
 3.3301020      .17095060    
 5.3688670      .17912380    
 4.3276180      .14649160    
 4.4582170      .95303920E-01
 8.4163220      .10637680    
 15.101090      .97058460E-01
 19.147120      .87724410E-01
 16.041110      .92863060E-01
 11.566950      .90311680E-01
 9.3184410      .84193760E-01
 10.913690      .12417720    
 16.736700      .87110350E-01
 13.602420      .70918480E-01
 7.5296820      .12061490    
 4.6786290      .25428420    
 3.1917890      .29782680    
 1.9454390      .21185160    
 1.1502280      .10952620    
 3.0209180      .19748950    
 5.3491680      .23339920    
 7.6013520      .16819960    
 8.6485330      .17308130    
 8.0369800      .24237730    
 7.2469820      .26993310    
 6.4262740      .20361570    
 5.8885710      .14568640    
 6.1157860      .22416430    
 5.8886960      .26889760    
 5.4167800      .21348890    
 4.5712430      .16133880    
 5.6888100      .20803630    
 7.8343180      .23093520    
 10.289020      .15871900    
 10.835470      .16212900    
 10.697480      .23329490    
 10.410980      .26212100    
 11.748110      .20243260    
 10.351430      .16761050    
 8.6145830      .22590310    
 7.3282330      .25241550    
 6.3091080      .17682060    
 6.6519520      .13890380    
 7.9785670      .28157400    
 2.7398340      .19711180    
 3.8482580      .15720760    
 4.3607730      .22471280    
 4.5559540      .24973730    
 4.9103220      .20137410    
 5.2586730      .19070130    
 5.0203420      .24789030    
 4.3295360      .26433880    
 5.3918730      .21539600    
 3.9008320      .16270560    
 3.3985990      .13760130    
 2.1781720      .35573330E-01
 7.2611800      .12557880    
 13.220980      .24064110E-01
 18.243500      .31563890E-01
 14.228100      .83079540E-01
 12.195100      .49618530E-01
 12.185140      .81104490E-01
 12.476360      .91829750E-01
 18.131580      .70224180E-01
 11.884280      .97204450E-01
 8.6162600      .14649310    
 6.4835810      .23613700    
 4.6640350      .27613850    
 2.8779280      .21012340    
 1.5657480      .14116930    
 3.4867600      .19680660    
 5.7388290      .24280740    
 7.7137320      .20690000    
 8.7106700      .17447020    
 8.1254300      .21851400    
 7.3969550      .25928810    
 6.7956950      .20873460    
 6.4361010      .16112580    
 6.3307500      .22673790    
 5.6547430      .27473160    
 4.7200930      .23234840    
 3.4757440      .16755080    
 4.8173650      .18638970    
 7.2314730      .23337590    
 9.2851230      .20342980    
 9.8145260      .17759930    
 9.7748690      .20356440    
 9.6814960      .25332940    
 9.6194080      .22449520    
 9.5336920      .18388180    
 8.2111580      .21505710    
 7.6686910      .24651430    
 7.7457250      .19070970    
 8.9196240      .14954770    
 9.4527220      .28962930    
 4.1599990      .18717440    
 5.5874760      .81633340E-01
 5.4329250      .22786370    
 5.6350160      .25753960    
 7.2944210      .17772080    
 6.9393030      .14240080    
 5.9200360      .22900020    
 4.6355710      .28238750    
 6.6972840      .25366490    
 3.3269130      .87552740E-01
 2.4274570      .12916810    
 2.3867270      .11943180    
 7.5540870      .14315970    
 11.219460      .83064470E-01
 14.465230      .81864610E-01
 17.287540      .68567120E-01
 13.301520      .63896890E-01
 15.087720      .66100910E-01
 14.911810      .84079360E-01
 5.8294650      .60093090E-01
 9.1715240      .11545380    
 9.1265650      .11647180    
 7.6546590      .26038220    
 4.9179160      .28530110    
 3.1232410      .20370550    
 1.9387250      .68494060E-01
 3.9691910      .20372730    
 6.0651340      .26163770    
 7.8209410      .20752340    
 8.8322450      .95509280E-01
 8.2274140      .20456140    
 7.6099320      .25857690    
 7.2357970      .18740630    
 6.9541830      .97182710E-01
 6.2819810      .23355310    
 5.2215720      .28815050    
 3.9161710      .23078780    
 2.3286420      .88113700E-01
 4.1804620      .17577910    
 6.6386260      .25366350    
 8.3223310      .22006190    
 8.9137090      .11114620    
 8.9632690      .17786290    
 9.0214470      .25747560    
 8.8986850      .21712950    
 8.7281960      .11844470    
 8.1794810      .20006630    
 8.4392160      .24860070    
 9.4943750      .17353920    
 11.056490      .83079220E-01
 10.490430      .32209630    
 6.4305340      .17877160    
 7.3494710      .11590880    
 8.9618960      .20350260    
 9.6307680      .18284610    
 8.6172060      .11309350    
 9.1825920      .11310560    
 6.4964730      .22698230    
 5.3753340      .22375270    
 9.2681010      .16661440    
 4.7704690      .68552810E-01
 4.1182270      .18110710    
 4.5057670      .21183430    
 6.6342330      .16140030    
 7.4409510      .24311990E-01
 13.205160      .34688130E-01
 18.747820      .57853190E-01
 13.628830      .62577370E-01
 18.223510      .48191150E-01
 11.505480      .10254950    
 1.7215550      .76096290E-01
 7.4372580      .89589870E-01
 10.045570      .15474960    
 7.6643960      .29459920    
 5.5920960      .28078060    
 3.9379110      .18221400    
 3.3170210      .89646560E-01
 5.3598770      .23413640    
 7.0852680      .27728180    
 8.4133990      .18731450    
 9.3779400      .63101280E-01
 9.9894400      .21741320    
 9.4185090      .25066830    
 8.1564530      .14821630    
 6.3738470      .10154390    
 4.4230210      .25236030    
 3.0546310      .29514800    
 2.0871170      .21561840    
 1.4705410      .70637160E-01
 2.4426870      .20822090    
 4.1645210      .27446080    
 6.2688200      .21436810    
 8.4186640      .44584670E-01
 8.7663920      .19999950    
 8.6830580      .26459040    
 8.3322910      .19047980    
 7.9862300      .37506640E-01
 8.5886890      .21484870    
 9.6629170      .25002010    
 11.048800      .14681850    
 12.184260      .12290360    
 12.434960      .29378800    
 7.3267070      .23091790    
 9.2178600      .17085720    
 11.296860      .16671770    
 11.158980      .11559050    
 4.8644490      .67053440E-01
 16.999560      .85827170E-01
 16.638090      .14158940    
 7.4846910      .11315880    
 11.090450      .10601930    
 8.3137210      .17684780    
 7.2153340      .28039070    
 5.0187770      .25806400    
 6.6562520      .16995050    
 9.8897940      .11157320    
 10.287100      .10101680    
 4.5128010      .80092530E-01
 14.473400      .90497050E-01
 19.487600      .57268430E-01
 14.344130      .10021850    
 1.3287750      .93007950E-01
 6.5679760      .12085560    
 7.6469000      .24009560    
 6.9321070      .24784150    
 5.7037290      .26295100    
 4.8431710      .19080910    
 5.3791110      .17314450    
 7.0478890      .24787680    
 8.4657930      .26912290    
 9.6728790      .19228630    
 10.582170      .16059870    
 10.770650      .21912840    
 9.3418140      .23248680    
 7.1396570      .16201280    
 4.5179360      .17067320    
 3.0626060      .25613130    
 2.0841780      .28404570    
 1.3875800      .21521200    
 1.1227390      .16326320    
 2.3669110      .22424100    
 4.4465510      .26394080    
 6.8162130      .20659070    
 9.0302750      .15120820    
 9.1957540      .21996550    
 8.8354130      .25246880    
 8.2372590      .18149400    
 7.6279160      .14795940    
 8.3469140      .22635570    
 9.6355920      .24238790    
 11.132760      .18179990    
 12.297040      .19104500    
 12.646970      .28283080    
 12.170780      .35996360    
 10.996130      .15600000    
 12.993840      .10222950    
 9.7702760      .93372840E-01
 3.7383400      .62285930E-01
 20.407370      .85399480E-01
 19.085740      .35704270E-01
 10.264010      .56524920E-01
 10.523930      .10488520    
 3.4561730      .15011550    
 4.6849720      .23966800    
 6.0562870      .25374240    
 8.6786240      .18789900    
 8.9779650      .15347090    
 5.4794220      .14573910    
 3.5930160      .53447160E-01
 15.660620      .33380900E-01
 21.228050      .69469360E-01
 16.009380      .60777240E-01
 1.2956720      .34652880E-01
 7.8802070      .13841880    
 4.8464200      .18571960    
 6.7786620      .22928950    
 6.2942640      .25921170    
 6.4086940      .20595160    
 7.4987530      .18065020    
 8.7372460      .24777290    
 9.8421220      .27543270    
 10.986850      .22475090    
 11.881740      .17731990    
 11.369130      .19491650    
 8.7649890      .22737580    
 5.5278000      .18555550    
 2.6299290      .17081830    
 1.7762560      .25179500    
 1.2324590      .28461190    
 .80106670      .22927810    
 .73654720      .17193030    
 2.3832450      .21304460    
 4.8661200      .26198250    
 7.4320720      .22233920    
 9.6880440      .17702960    
 9.5724740      .21346140    
 8.8604050      .25187850    
 7.9882150      .21077590    
 7.2109950      .18306670    
 8.1073830      .21867610    
 9.6430450      .24962730    
 11.234330      .22248770    
 12.500790      .18967720    
 12.858250      .24556930    
 11.937920      .22025950    
 11.858290      .10346560    
 12.336840      .12108660    
 8.4409920      .88098420E-01
 19.949970      .97547820E-01
 22.658540      .71687530E-01
 17.054060      .93146280E-01
 7.6324600      .86571700E-01
 5.4767430      .11901750    
 1.8588770      .82019010E-01
 4.3628400      .23063770    
 7.1241070      .25618210    
 11.104380      .16670960    
 11.182160      .11580980    
 8.4501280      .13629150    
 11.413550      .81102100E-01
 21.874490      .71615340E-01
 19.326200      .67892020E-01
 12.214070      .84541580E-01
 7.4680090      .67922630E-01
 8.6200980      .11987120    
 6.5042660      .84500920E-01
 6.9243970      .23075010    
 7.2673660      .26017660    
 8.2073140      .17713530    
 9.5015030      .13008380    
 10.200280      .25356050    
 11.089660      .29125770    
 12.204880      .23290060    
 13.263570      .11130420    
 11.386290      .17122700    
 7.6728450      .22938460    
 3.6060040      .15811980    
 .93532740      .12011380    
 .79278820      .25843200    
 .57532450      .29195510    
 .33990190      .21778950    
 .32576530      .95305820E-01
 2.6008730      .18708020    
 5.4353000      .26939950    
 8.2845230      .19218890    
 10.398600      .11721520    
 9.7586510      .20198000    
 8.7231790      .26189710    
 7.6306020      .21828390    
 6.7295320      .13636880    
 7.9786570      .20297620    
 9.7388480      .26409580    
 11.406290      .22836350    
 12.798760      .11342440    
 13.023620      .22118290    
 12.156550      .12859520    
 12.536320      .12762470    
 9.6664020      .17483540    
 10.875930      .40314530E-01
 20.698720      .62708440E-01
 23.023010      .65823950E-01
 17.340970      .23901060E-01
 2.1538820      .24976710E-01
 4.0251210      .10886640    
 5.3096310      .10533790    
 8.6695760      .18735010    
 10.339990      .21110160    
 12.808270      .10564790    
 14.248640      .11557610    
 13.967670      .13472770    
 17.489750      .62361010E-01
 22.561870      .81587310E-01
 16.907140      .96154740E-01
 12.777440      .96618470E-01
 10.420480      .59886020E-01
 8.3733590      .10528260    
 7.6171490      .12856670    
 8.4095300      .26830360    
 8.8290350      .25234090    
 10.091540      .11853180    
 10.532250      .12832230    
 10.686310      .26977560    
 11.556470      .30382310    
 12.866980      .22185360    
 14.350530      .44614050E-01
 10.978530      .19105350    
 6.9055920      .22851880    
 2.4821940      .11044340    
 1.6969340      .14129350    
 2.8028050      .27209820    
 2.5664060      .29196400    
 1.5391860      .19047210    
 .81092880      .61808900E-01
 3.1946500      .17878640    
 5.7249690      .17505510    
 8.7040780      .15791380    
 10.927330      .36328450E-01
 9.7602510      .19233820    
 8.1738200      .20748910    
 7.0148530      .15863330    
 6.2447060      .25645010E-01
 7.6781330      .23029600    
 9.1639250      .29921700    
 10.779630      .22415300    
 12.367280      .44859190E-01
 9.6756730      .23089300    
 13.922670      .18871190    
 14.172350      .16767110    
 18.473020      .11553990    
 24.013730      .86821880E-01
 22.260240      .72108450E-01
 16.932240      .94576400E-01
 9.3937900      .74683630E-01
 4.2312960      .89151740E-01
 7.3520720      .10091340    
 10.562010      .11266720    
 11.153080      .11371550    
 10.816130      .13304450    
 11.989370      .11216700    
 13.816630      .17904850    
 14.081200      .14235570    
 17.696970      .99503820E-01
 18.541030      .11395880    
 15.577170      .70533280E-01
 12.554840      .12281210    
 10.091690      .60381630E-01
 7.8669240      .13269500    
 8.1624900      .23530550    
 7.4924320      .24081090    
 8.5679770      .23671860    
 9.5164220      .14371700    
 9.6539650      .18164900    
 10.098860      .26103030    
 11.346830      .28259030    
 12.914600      .20959330    
 14.438760      .14774790    
 10.932780      .20753870    
 7.2880870      .22066220    
 4.3597310      .15492420    
 4.3636920      .19617410    
 4.9353820      .26869720    
 4.3529300      .27534900    
 2.8637140      .20237230    
 2.8297180      .15005660    
 4.4914660      .13415440    
 6.6168780      .10353830    
 9.7312170      .12794120    
 11.052440      .96782070E-01
 9.4255390      .18650680    
 7.9883090      .13977070    
 6.4340150      .12962500    
 6.4748440      .14857540    
 7.4747210      .28117300    
 7.4472040      .27471680    
 8.9730630      .21234110    
 9.2466290      .15567560    
 7.2421680      .25612590    
 15.633840      .40835480    
 16.068220      .15508980    
 23.924970      .24686020E-01
 24.922890      .81021950E-01
 20.146680      .63040540E-01
 13.293360      .88025190E-01
 4.6159720      .33854000E-01
 6.9531730      .35362060E-01
 13.674830      .34560020E-01
 15.782320      .23369650E-01
 12.378670      .70105260E-01
 10.508160      .24746350E-01
 8.6421220      .15430780    
 7.5718100      .16525470    
 14.339540      .15356770    
 15.667460      .36241240E-01
 16.483420      .11368110    
 16.226050      .59212920E-01
 15.287680      .12163430    
 9.9599460      .79866970E-01
 7.8555300      .14986870    
 6.9358570      .18552490    
 7.1394830      .23611540    
 8.0914000      .24665250    
 8.5746970      .19493850    
 8.6780520      .18354980    
 9.5706940      .24200830    
 11.236490      .27468280    
 12.991570      .22119650    
 14.558610      .16577580    
 11.276120      .20067790    
 8.4683320      .22996200    
 7.1213620      .19829040    
 7.2877000      .19840040    
 7.1456180      .25674730    
 6.1326970      .27359320    
 5.3320490      .21554340    
 4.9757200      .15681620    
 6.4513070      .92529350E-01
 9.7851210      .11755630    
 12.102690      .99363810E-01
 13.230730      .10791050    
 11.036600      .14866870    
 7.2422450      .24964620E-01
 5.2371220      .15123330    
 6.5181210      .26451300    
 4.8669180      .23475240    
 6.0840350      .27582610    
 6.8540970      .23557390    
 6.2089420      .19287670    
 4.7087890      .24683790    
 13.870930      .28633130    
 14.719990      .97427540E-01
 18.943720      .55054440E-01
 20.004870      .89540130E-01
 19.934820      .80633940E-01
 12.873650      .78657980E-01
 3.7992710      .63104140E-01
 8.4805910      .77588650E-01
 15.177880      .63104030E-01
 19.538840      .52009570E-01
 11.599150      .71392920E-01
 11.676980      .80128190E-01
 7.4541230      .14972320    
 4.0526150      .11642000    
 14.180020      .10863440    
 16.237890      .63566430E-01
 15.808240      .85505950E-01
 17.973010      .10518260    
 17.890060      .97888010E-01
 10.092350      .10855700    
 7.3539980      .11782050    
 5.9098400      .11507210    
 6.7094810      .24960140    
 7.4967890      .26598760    
 7.6469210      .19387410    
 7.6814260      .11755580    
 9.2956210      .23186500    
 11.271080      .27765460    
 13.140230      .21223520    
 14.692410      .94295980E-01
 11.956430      .19600630    
 10.117350      .24216180    
 9.8890710      .18451790    
 10.210120      .14542040    
 9.0628300      .25126030    
 9.6980540      .32299420    
 8.9878450      .24777690    
 7.3306500      .89455710E-01
 10.302750      .10908450    
 14.381180      .10259450    
 17.564960      .70938000E-01
 17.480830      .95159960E-01
 13.403830      .80783470E-01
 6.3363170      .64935770E-01
 4.1750950      .15478500    
 2.9739530      .14570880    
 3.5871640      .23049980    
 4.4850780      .28586940    
 4.4879590      .24365130    
 3.2634620      .15123520    
 2.4926090      .21818260    
 11.255510      .19326360    
 12.666880      .68295340E-01
 16.287120      .79087760E-01
 16.375870      .24671040E-01
 20.409180      .68481480E-01
 10.144550      .99747930E-01
 5.0303330      .91691230E-01
 10.392440      .24062260E-01
 16.356770      .52992590E-01
 18.634910      .70193660E-01
 12.069810      .51782970E-01
 11.486330      .75330130E-01
 4.7344600      .12228800    
 3.8970360      .69191450E-01
 14.252640      .34322100E-01
 14.757780      .54086680E-01
 14.791560      .40280380E-01
 23.398160      .34661480E-01
 18.947050      .96870850E-01
 10.528090      .24785620E-01
 6.6372940      .94092140E-01
 5.3603890      .17000170    
 5.4638430      .30117580    
 5.6983740      .30130590    
 6.4175560      .15872550    
 6.3923620      .84459560E-01
 6.9530440      .23861650    
 8.8981280      .27270920    
 11.853090      .18449990    
 14.601570      .62907120E-01
 12.386970      .20917030    
 11.531940      .23229280    
 12.310500      .12433100    
 13.009590      .11823470    
 11.308700      .28336940    
 10.353590      .30894130    
 9.5643880      .19702690    
 9.0957420      .58123570E-01
 11.550960      .35449790E-01
 18.164770      .92802810E-01
 21.642550      .53963420E-01
 20.324340      .66635780E-01
 13.049010      .52633790E-01
 8.5222610      .99726220E-01
 5.6872600      .12121310    
 1.2873560      .74522850E-01
 2.2829620      .25352750    
 2.7177810      .30105440    
 2.2906320      .22961670    
 .56360120      .37840720E-01
 1.1801680      .24419330    
 12.023330      .18293270    
 13.949560      .13951910    
 16.219290      .13971680    
 18.751340      .87655880E-01
 17.806010      .11222550    
 12.194580      .10904670    
 5.2498480      .84939020E-01
 11.531310      .81674670E-01
 16.388680      .78874630E-01
 15.040960      .94946250E-01
 12.553300      .99728070E-01
 9.7540980      .99930800E-01
 4.5084190      .12620460    
 7.2323630      .14342780    
 13.822000      .12496860    
 9.0290140      .71152190E-01
 17.766240      .86568380E-01
 21.815490      .69029990E-01
 16.823720      .10947980    
 12.715380      .83124470E-01
 10.115750      .12084060    
 7.8311690      .23876150    
 6.2206560      .24520540    
 6.1198350      .24688690    
 5.7390290      .16094910    
 5.0012430      .16180350    
 5.7880120      .23017100    
 8.3278300      .25022020    
 11.587420      .18399940    
 14.182280      .15752940    
 13.816160      .21994280    
 13.543240      .22541900    
 13.332670      .13030630    
 12.840640      .16855260    
 11.895570      .23774620    
 10.840930      .25404570    
 10.356760      .19173730    
 10.098920      .13548850    
 14.165380      .95177260E-01
 20.752920      .65235030E-01
 18.341000      .87708460E-01
 19.230700      .90612210E-01
 8.9857280      .96201430E-01
 10.607280      .90137320E-01
 7.2288880      .10533180    
 2.4436710      .17622000    
 1.3610630      .30132140    
 3.0111970      .27955330    
 1.5849400      .20098130    
 .19547480      .10997470    
 .29853670      .26647780    
 12.942120      .22635170    
 13.981000      .17536440    
 15.138160      .16330080    
 16.049100      .25065000E-01
 15.887470      .14678940    
 15.507580      .37026360E-01
 3.2169470      .43198370E-01
 15.187090      .24599330E-01
 15.271490      .43087560E-01
 13.685070      .34456830E-01
 11.804940      .10874260    
 8.8367970      .67895280E-01
 5.7192460      .15812120    
 5.6183200      .16581190    
 11.571330      .14717810    
 9.6861540      .60248100E-01
 19.722160      .33718760E-01
 19.475600      .40136210E-01
 11.692070      .63214840E-01
 15.798640      .24637180E-01
 12.238620      .13308150    
 9.3108630      .20158060    
 7.1767980      .22550000    
 5.5853720      .24556020    
 4.5715880      .20554740    
 3.4549620      .17526050    
 4.5676510      .20070990    
 7.8194120      .24304300    
 11.163720      .20822910    
 13.744910      .16846520    
 13.457510      .20456320    
 13.258770      .23031950    
 13.048540      .19191730    
 12.635080      .17780860    
 11.701760      .20269700    
 10.511930      .23978150    
 11.446230      .23954140    
 10.927970      .15567990    
 15.590700      .36386980E-01
 18.054310      .86800930E-01
 15.663620      .63686240E-01
 19.608470      .24755070E-01
 6.5407730      .24317320E-01
 13.488310      .43590280E-01
 9.1118850      .14640290    
 5.6682710      .17037780    
 5.2725100      .23516540    
 3.6338100      .26372630    
 1.7825730      .19264230    
 .40794120      .14955010    
 .44498420      .30203990    
 13.923520      .23524260    
 15.128050      .11426560    
 15.777710      .14388410    
 15.503200      .13978740    
 15.134270      .15913240    
 14.443770      .73427390E-01
 6.3622720      .13920570    
 15.221910      .14310580    
 14.279770      .14395850    
 12.912150      .71575930E-01
 10.958330      .10609740    
 9.3583400      .14811000    
 7.6578800      .15512460    
 9.6124140      .12117120    
 14.451790      .10315960    
 23.748070      .74826110E-01
 23.396840      .56044880E-01
 18.078840      .95450510E-01
 14.923930      .91890860E-01
 17.465380      .86406900E-01
 13.103350      .88114360E-01
 7.4451070      .98724920E-01
 6.0225480      .18808820    
 4.4635740      .26254480    
 3.4758210      .18931750    
 1.5803210      .10967370    
 3.7447490      .17580970    
 7.5518370      .25036320    
 10.874650      .20502490    
 13.305600      .94343810E-01
 13.147380      .19890850    
 12.999960      .25466980    
 12.789050      .21645890    
 12.480230      .11096860    
 11.989740      .18493730    
 11.283240      .26895150    
 10.769090      .21197080    
 11.202450      .11195750    
 14.111430      .11588370    
 13.855530      .13727930    
 14.181390      .12674950    
 14.544960      .90401470E-01
 8.8929180      .11107790    
 12.420670      .15493400    
 9.9221470      .16703130    
 9.8231470      .12369620    
 6.9979990      .22995630    
 3.9702710      .25481410    
 1.8216830      .16049320    
 .59481120      .12016100    
 .55446740      .34837940    
 14.652980      .24222190    
 15.411040      .36847050E-01
 13.569960      .17475610    
 12.595260      .27519190    
 12.764990      .17071610    
 12.802330      .37674780E-01
 6.5157810      .20688510    
 11.917020      .23414050    
 11.942130      .19068000    
 11.705460      .44128980E-01
 9.0514000      .15142150    
 7.1870680      .17624710    
 7.9841910      .10056470    
 10.808640      .91654370E-01
 17.847750      .34736230E-01
 23.967160      .60975060E-01
 24.345160      .71842230E-01
 22.002270      .35057030E-01
 15.501460      .34061410E-01
 17.976370      .78060770E-01
 13.666310      .80079130E-01
 7.1667150      .59627590E-01
 6.1927730      .17039440    
 3.4364220      .17571210    
 1.9809660      .16622780    
 .19182420      .44985670E-01
 3.0530370      .21410760    
 7.2175550      .26188810    
 10.208550      .18382310    
 12.112430      .63025070E-01
 10.607760      .22621330    
 10.342750      .28267450    
 11.009670      .21576800    
 12.153310      .44582520E-01
 11.165410      .19787880    
 10.272500      .24308910    
 9.4176830      .12840270    
 9.8772740      .10019260    
 12.530460      .21090670    
 12.350750      .21038260    
 11.739490      .16472980    
 8.8606410      .24466470E-01
 10.366410      .18658090    
 8.7407520      .25087230    
 10.858650      .14825790    
 9.5927440      .84568210E-01
 7.4042650      .23368190    
 4.8017500      .24318910    
 1.9854490      .11168670    
 .57584160      .14433790    
 .46124880      .33606120    
 13.348070      .21025930    
 12.660590      .13947880    
 11.342630      .22972180    
 10.835810      .25885060    
 10.909260      .17462610    
 10.276870      .14476030    
 10.313740      .22033540    
 9.5133800      .27582090    
 10.171320      .19639790    
 9.4796640      .14227250    
 7.5020110      .19281710    
 5.8933030      .14604460    
 5.5890570      .10137430    
 7.3900140      .96627030E-01
 13.042850      .11005780    
 17.144710      .76106780E-01
 23.331710      .86775640E-01
 23.290270      .73189500E-01
 17.745080      .79517480E-01
 12.351300      .56184510E-01
 14.799330      .64449040E-01
 14.259830      .10045660    
 6.9426570      .10356520    
 3.5963990      .79843000E-01
 2.5766770      .15474390    
 .67983130      .18272570    
 5.3017510      .21813530    
 7.7244000      .25564630    
 9.6282630      .18749460    
 9.5286100      .15824760    
 8.6619560      .23126720    
 9.1127740      .26570650    
 10.233730      .20331680    
 11.283500      .15144200    
 10.476810      .22337730    
 9.4224950      .23200080    
 8.3272200      .13196930    
 8.1980710      .16125310    
 8.5745620      .22704130    
 6.9544430      .25708490    
 8.6081950      .16955660    
 8.1817810      .12886680    
 8.3663730      .21579980    
 8.7503350      .23513080    
 9.4053320      .15866330    
 9.2513030      .16533450    
 7.0922920      .23355420    
 4.3878140      .22852150    
 1.7601340      .15583230    
 .44075950      .19870860    
 .33802040      .32994480    
 11.185850      .22200990    
 9.8052350      .15882170    
 9.0704090      .22443800    
 8.9005240      .25420320    
 8.5782800      .19368640    
 7.7720160      .17107980    
 7.8200120      .24412220    
 8.0162160      .26958260    
 8.1322820      .20142330    
 7.3503360      .15506890    
 5.4837430      .17257510    
 3.3935730      .36863380E-01
 2.8825430      .12089880    
 1.6067180      .24985070E-01
 9.2371900      .12995370    
 15.785250      .48481380E-01
 23.279530      .99344900E-01
 24.175620      .33896880E-01
 21.019620      .23715240E-01
 13.412180      .74850430E-01
 20.245930      .76427540E-01
 17.588420      .80124360E-01
 6.8722400      .64053210E-01
 3.1376730      .10324610    
 2.3982620      .15483410    
 4.1034060      .14860600    
 6.2893980      .22073160    
 7.5706970      .26243390    
 7.9926660      .21414040    
 6.8523000      .16933480    
 6.7569050      .21454160    
 8.0436100      .25694660    
 9.4889360      .21028360    
 10.375510      .18127330    
 9.6360980      .23250820    
 8.5062110      .24399790    
 7.1314350      .19498250    
 6.4073320      .17562690    
 5.4965980      .20382390    
 6.2335130      .24431110    
 7.3533770      .20319320    
 7.4739010      .17348270    
 7.7403370      .19987370    
 8.3698970      .23297430    
 9.0592630      .20212920    
 8.9715200      .18936440    
 6.8027410      .21813220    
 4.0686010      .23383340    
 1.6499410      .20040880    
 .28069890      .19384770    
 .21828350      .31291090    
 8.7672820      .20476250    
 6.9445900      .96521790E-01
 7.0786410      .22477710    
 6.9962660      .25511860    
 6.2864090      .17244750    
 5.7480370      .12945150    
 6.2399760      .24633220    
 6.5974280      .26414680    
 6.3208570      .17957930    
 4.9375140      .11512110    
 4.6474640      .12504550    
 3.9125090      .69834780E-01
 6.0228270      .74231270E-01
 12.472070      .79050730E-01
 16.305170      .78394220E-01
 19.750560      .92847270E-01
 23.359570      .10097380    
 24.835170      .77499670E-01
 19.796990      .82348090E-01
 15.403110      .94639610E-01
 19.572180      .83048940E-01
 16.365260      .70249040E-01
 6.4915050      .92343760E-01
 2.3727640      .11720700    
 3.0559470      .12494580    
 5.6928590      .81394210E-01
 6.6073470      .23325100    
 6.8054180      .27721750    
 6.0010110      .21133620    
 4.1216450      .94703710E-01
 5.3935790      .20280190    
 7.2999790      .25409940    
 8.9192330      .18712530    
 9.5005780      .14174410    
 8.7586770      .24044290    
 7.5176630      .26994700    
 5.9445880      .21980030    
 4.2831830      .11105490    
 4.7883420      .16922060    
 5.6152780      .25410240    
 7.2836160      .19543290    
 6.8520890      .12942680    
 6.7770040      .16781870    
 8.0672420      .24457050    
 8.0548750      .19415610    
 8.8303450      .13774640    
 6.4994880      .19866230    
 3.7740300      .24473400    
 1.4617260      .19281020    
 .11740060      .12211530    
 .12573930      .31392300    
 4.8717320      .17958120    
 4.5016500      .10159180    
 3.6720650      .23715530    
 3.4105500      .24595260    
 3.5114890      .11725520    
 4.4465920      .12310760    
 5.3898000      .21865710    
 5.4730320      .18844510    
 5.6327000      .99949110E-01
 6.5478780      .10160580    
 6.1732390      .90884610E-01
 6.5362520      .92513290E-01
 11.945800      .64694700E-01
 18.634300      .10313280    
 20.776580      .54348330E-01
 21.789420      .24647550E-01
 23.567660      .35340450E-01
 25.375190      .58434960E-01
 18.851880      .68389730E-01
 14.646980      .99329490E-01
 17.255170      .24084490E-01
 14.384800      .75364870E-01
 5.6633380      .63041320E-01
 1.0591490      .35953220E-01
 3.9795660      .10627530    
 6.1603300      .11978210    
 5.0640660      .28261440    
 4.0606440      .30669140    
 3.0735540      .18433830    
 2.3507730      .63407560E-01
 4.1481900      .21554190    
 6.2602520      .23861420    
 8.3393070      .12525820    
 8.0571980      .11917050    
 8.0158900      .28647690    
 6.8398220      .32256130    
 4.6068720      .23303540    
 3.7946820      .44396210E-01
 4.4884280      .18082720    
 4.8637990      .19522330    
 5.7983340      .16964910    
 6.4761410      .25142910E-01
 7.0666560      .15716280    
 6.3028870      .17403780    
 7.5387540      .15386310    
 8.8014370      .25793700E-01
 6.4895220      .22233010    
 4.0279450      .26911660    
 1.5776340      .15951230    
 .49933210E-01  .87583210E-01
 .15778480      .31073480    
 4.3208680      .19689560    
 3.5465990      .17901510    
 3.0439490      .23080410    
 3.3230180      .22281210    
 3.4796250      .14822440    
 5.6416870      .16792660    
 6.3491520      .16869990    
 6.5292500      .11541200    
 7.4500150      .12265290    
 9.5237660      .62427780E-01
 8.9832320      .12578330    
 9.9783650      .86451770E-01
 16.761340      .91502490E-01
 17.977050      .99063030E-01
 21.126190      .89047370E-01
 20.445360      .59341830E-01
 20.186280      .57213050E-01
 20.079780      .52058050E-01
 16.467140      .76524620E-01
 14.781390      .11180250    
 13.937370      .81634800E-01
 9.1609980      .88492280E-01
 4.4056550      .10492120    
 1.6424190      .80957170E-01
 4.4971040      .13166570    
 5.4664130      .17967050    
 4.9467520      .22956270    
 3.7998920      .24943700    
 2.6189330      .18584310    
 2.1792120      .16473060    
 3.5798360      .22840400    
 5.4113710      .22788810    
 7.1323730      .13067350    
 6.2396450      .17274410    
 4.0989950      .24852230    
 3.8160320      .26797940    
 4.5163990      .20193300    
 6.1294000      .14278020    
 5.9549790      .17790150    
 5.7001770      .96231750E-01
 7.2132690      .13535270    
 9.1494840      .81035250E-01
 7.2355430      .13915030    
 5.2614620      .95818420E-01
 7.3855190      .13570760    
 7.5251460      .14956920    
 6.6229630      .22527730    
 4.0011950      .24769870    
 1.4286880      .15823580    
 .16707570      .16621400    
 .24190280      .32419210    
 3.5291150      .24763320    
 2.6037490      .19369880    
 2.5356750      .20299600    
 3.5890870      .21919230    
 5.2439640      .18198580    
 6.8584750      .16253150    
 7.3152180      .10292250    
 8.2019510      .10253250    
 9.0305190      .12909360    
 11.790990      .76771270E-01
 14.559250      .13852310    
 15.867780      .42121380E-01
 19.004940      .97228970E-01
 16.459680      .24057360E-01
 19.524820      .77642930E-01
 19.080990      .88751760E-01
 16.259560      .90123590E-01
 17.260070      .32516020E-01
 15.739980      .77137570E-01
 13.795370      .97794090E-01
 9.9033300      .11030970    
 5.2265520      .24300860E-01
 2.7654700      .11937060    
 2.7127280      .24928240E-01
 4.5787800      .16627880    
 5.1117710      .17095280    
 4.5748950      .19457870    
 3.3563400      .24464260    
 2.1454550      .21605850    
 1.7662120      .19025220    
 3.0296620      .21602000    
 4.5544000      .23083170    
 5.2416770      .19368440    
 4.0911740      .18888430    
 2.9428850      .21489250    
 4.0406410      .25026080    
 6.1428050      .20591720    
 10.838230      .21216700    
 7.4360780      .14177530    
 7.9993830      .57159320E-01
 11.234460      .13342590    
 11.796160      .35412560E-01
 6.9453170      .10452850    
 5.8313790      .92039680E-01
 9.5758880      .14020370    
 8.6271140      .14383700    
 6.3186500      .23245350    
 3.6631700      .25178280    
 1.3662550      .18933240    
 .28853320      .18241670    
 .32371020      .33181690    
 2.7102330      .26416560    
 1.7135740      .13429690    
 2.3650560      .17151780    
 4.2349940      .22481980    
 7.1760590      .19748600    
 8.1309370      .11231920    
 8.3786630      .99607090E-01
 8.5692550      .92624720E-01
 7.5733780      .76512950E-01
 14.032490      .11058000    
 20.423480      .10137680    
 29.121390      .93746710E-01
 21.320800      .95385140E-01
 18.436180      .57034750E-01
 16.612160      .82352180E-01
 7.5867880      .76296370E-01
 13.220160      .11006210    
 15.639580      .80045490E-01
 14.333740      .15693130    
 11.754810      .16013340    
 7.2337150      .14958880    
 2.3056400      .55269410E-01
 2.3365490      .13117270    
 3.1841030      .13798920    
 4.2743550      .18907860    
 4.6878570      .90860660E-01
 4.1080470      .17821480    
 2.8891660      .25645830    
 1.6582760      .22053230    
 1.1203400      .13799330    
 2.2865480      .19881510    
 3.3606060      .25077370    
 3.3109560      .21988760    
 1.9713920      .13251440    
 2.3530520      .17853940    
 4.9318810      .24440290    
 9.7123120      .21027390    
 12.058570      .96012510E-01
 10.558260      .82066510E-01
 12.633510      .90211110E-01
 14.849010      .10055280    
 13.441570      .92801360E-01
 7.4303370      .58846260E-01
 11.077810      .95094080E-01
 10.727720      .11460390    
 8.2037530      .11580020    
 5.9175750      .24795800    
 3.3807570      .26035960    
 1.3076550      .17250210    
 .39847290      .13666070    
 .38664300      .35477320    
 2.0491100      .29660430    
 1.1112830      .25696260E-01
 3.8965000      .18665430    
 6.4075540      .23246190    
 8.3404230      .11635110    
 9.4865780      .10538870    
 9.6322900      .90688050E-01
 10.025970      .10630290    
 9.9836410      .59703030E-01
 21.572920      .50493480E-01
 28.233010      .95313760E-01
 39.372780      .23875150E-01
 23.401310      .55611940E-01
 18.820750      .71203850E-01
 12.239950      .85053920E-01
 6.9276420      .83439460E-01
 11.863760      .92275520E-01
 14.123770      .12917850    
 12.551010      .23248400    
 7.5858250      .28117890    
 4.6875030      .16984820    
 1.0205690      .89633800E-01
 1.7238310      .17301800    
 2.8051060      .20452720    
 3.6960060      .18752470    
 4.4845820      .70635770E-01
 3.2263640      .20016930    
 1.9821160      .25067580    
 .96300210      .18839170    
 .12372810      .25848880E-01
 .28414960      .23144290    
 .34449710      .30308980    
 .30263830      .23136890    
 .17351120      .25619590E-01
 3.5059510      .18916310    
 7.2099800      .24283200    
 10.784790      .14795000    
 12.744620      .80751340E-01
 13.277590      .55812900E-01
 16.461540      .33020810E-01
 18.547690      .52916120E-01
 14.294850      .86474250E-01
 9.9924190      .77168240E-01
 13.935120      .35079240E-01
 10.117150      .87718650E-01
 8.0399260      .16296480    
 5.9636440      .28830970    
 3.8301240      .27629530    
 1.0832710      .11865470    
 1.5994020      .13191370    
 3.1768310      .32124270    
 3.0427340      .25385430    
 3.4459650      .13345410    
 5.8612090      .20590530    
 7.8934540      .22178150    
 9.4500260      .14363710    
 10.093540      .13073940    
 11.674950      .91084620E-01
 13.958910      .91464430E-01
 18.484980      .93955050E-01
 22.957030      .75573540E-01
 29.628890      .92715350E-01
 28.906940      .61188410E-01
 23.797360      .81235040E-01
 21.108230      .88118280E-01
 13.925720      .79297900E-01
 14.400680      .91552000E-01
 12.502150      .93961710E-01
 12.581680      .19982860    
 8.4245670      .31089270    
 5.4152760      .30720710    
 2.5769770      .19502820    
 .93509770      .17654430    
 1.4403850      .20651000    
 2.4840820      .26047130    
 3.2555020      .20454280    
 3.4326640      .16516260    
 2.2979240      .21800960    
 1.5541570      .24721520    
 1.1048680      .17310570    
 1.3116570      .12408640    
 1.7161910      .22946720    
 1.6789890      .27483670    
 1.4231490      .20934590    
 1.4872920      .13691520    
 4.6530840      .21049470    
 7.9434590      .23276450    
 10.958910      .17555560    
 11.841500      .14051570    
 12.385480      .11588220    
 14.322290      .84139980E-01
 14.820440      .88919010E-01
 10.294590      .89784990E-01
 10.587230      .13327430    
 10.921280      .92205870E-01
 7.8097310      .12027180    
 7.3414780      .24436650    
 2.8079060      .24475640    
 1.7510140      .23446720    
 1.4528830      .14364790    
 3.0640930      .18281420    
 4.3181460      .30527940    
 4.7025270      .25704010    
 5.8830870      .16942570    
 7.7818120      .20378500    
 8.5666530      .29962260    
 9.3998400      .26946160    
 9.9299790      .10345160    
 13.896690      .83972810E-01
 17.799940      .57806690E-01
 19.410220      .88686940E-01
 24.051730      .33455110E-01
 25.516420      .62622220E-01
 24.566210      .64081550E-01
 25.279530      .34091580E-01
 21.818180      .23924740E-01
 16.296270      .41039160E-01
 17.053080      .88444930E-01
 11.355420      .65087530E-01
 11.126710      .26476590    
 5.0814790      .23925790    
 3.0144300      .27007710    
 1.4361310      .22944320    
 .83086210      .18429270    
 1.4929030      .20289050    
 2.1422670      .25474650    
 2.5670350      .22896140    
 2.4054730      .17929710    
 1.6303110      .19669670    
 1.5271370      .23697780    
 1.8294350      .18747690    
 2.6370550      .15282830    
 2.7459050      .22837350    
 2.5508180      .27572820    
 2.4634990      .22997770    
 2.8634670      .18406700    
 5.7090540      .20452780    
 8.3298780      .23400050    
 10.142590      .20337740    
 10.697150      .15387730    
 10.597370      .10009750    
 10.201500      .10088220    
 10.041390      .96401710E-01
 7.6997300      .10780500    
 7.2506400      .16154910    
 8.0426060      .25127610E-01
 5.9323270      .15129240    
 1.9223590      .19602020    
 .99025310      .23420110    
 1.7025300      .24104430    
 2.5675130      .19703580    
 4.6382810      .17856090    
 5.4504080      .27673020    
 6.6513830      .24866310    
 8.3724020      .11546250    
 9.0710600      .21131140    
 9.1861930      .28681670    
 9.3843270      .22956960    
 9.3483880      .94345140E-01
 15.422690      .87501820E-01
 21.318210      .71514240E-01
 25.188770      .88532950E-01
 25.807640      .64755400E-01
 24.089730      .56687880E-01
 27.697770      .10651920    
 27.670150      .77576160E-01
 20.371770      .70914050E-01
 15.698540      .95515740E-01
 17.395610      .56201760E-01
 10.502630      .81978430E-01
 6.0095300      .11731920    
 3.3461460      .23292170    
 2.0836490      .28254640    
 1.1544370      .23323550    
 .71218100      .11255660    
 1.2342740      .17850330    
 1.7057530      .26287250    
 1.8160070      .22933730    
 1.4169850      .11156530    
 1.3115970      .17367530    
 1.8769870      .23980590    
 2.8659730      .17866390    
 3.9806450      .95964200E-01
 3.6600020      .23405460    
 3.4387370      .28904600    
 3.5810370      .24137980    
 4.1836810      .14872960    
 6.4809750      .17766110    
 6.3750650      .27726490    
 7.5026640      .23626490    
 9.5505310      .90515310E-01
 9.1951450      .10636290    
 8.7297420      .16189640    
 7.3002980      .12719250    
 5.1452290      .74899770E-01
 5.9445970      .16011540    
 5.7260340      .14082060    
 3.6397980      .15929900    
 .63632270      .10138750    
 .96030170      .22498100    
 2.0683160      .26122200    
 3.8694560      .20433780    
 6.2052230      .96793880E-01
 6.3064780      .27116390    
 9.7074980      .23959560    
 10.154740      .37398890E-01
 9.1970880      .21991690    
 7.8074140      .28269300    
 7.5368880      .20431290    
 8.2862010      .24513130E-01
 17.542740      .24386350E-01
 26.442140      .56353670E-01
 27.495000      .93343620E-01
 25.577760      .60603680E-01
 24.198180      .71345560E-01
 22.427470      .23956820E-01
 25.981360      .93078750E-01
 17.835690      .79288030E-01
 14.351110      .23716300E-01
 15.605760      .80698740E-01
 8.6919800      .44199600E-01
 3.8564310      .88335770E-01
 2.4805370      .24500900    
 1.6332190      .29355450    
 1.0234190      .22011050    
 .56837680      .44730030E-01
 .53661380      .20224880    
 .53857360      .27232510    
 .58406620      .21311070    
 .66060180      .44573280E-01
 1.5846020      .19787120    
 2.6917590      .24856110    
 3.9064720      .14939740    
 4.0988500      .10191710    
 3.0706640      .24005100    
 2.8500520      .27412350    
 3.6374560      .21612280    
 5.5861010      .38470740E-01
 5.9704960      .19320000    
 6.6520310      .26873470    
 7.5521840      .18677860    
 8.1319720      .61653600E-01
 7.2162160      .17322680    
 5.5107110      .20898870    
 4.1993320      .14040360    
 4.0929770      .11593960    
 5.3249310      .19855630    
 1.3550960      .26851740    
 1.7421720      .14011650    
 .73114340      .10270130    
 2.2579410      .24748810    
 4.1097760      .27732960    
 6.0059030      .18552890    
 7.7916050      .63760120E-01
 9.2015830      .26818310    
 8.9193430      .20223490    
 8.5398430      .13702250    
 7.6970630      .23573070    
 7.4341260      .27060230    
 7.4795150      .18551510    
 9.0328830      .10577820    
 14.891350      .79220870E-01
 27.169470      .83104880E-01
 25.097270      .87507380E-01
 23.999910      .75166350E-01
 26.294110      .82067210E-01
 25.514960      .81359800E-01
 20.259360      .98922630E-01
 14.419020      .92193520E-01
 11.943530      .10341120    
 7.5641320      .10605890    
 5.5660220      .13549420    
 2.6834130      .15400530    
 1.7392370      .24211360    
 1.1141920      .27840490    
 .66634860      .21348390    
 .39724300      .15570520    
 .43793910      .22389070    
 .44744460      .25939210    
 .48481420      .20325140    
 .49244270      .15255460    
 1.5192880      .22287330    
 2.5194840      .24394370    
 3.3767640      .17278580    
 3.3388880      .18057570    
 3.1033600      .24594480    
 3.4513570      .27059680    
 4.2137820      .20166440    
 4.9502550      .11444460    
 5.4242220      .21331600    
 5.9244980      .25389130    
 6.3904350      .18682730    
 6.1186760      .15589660    
 5.2435820      .21486760    
 3.4265440      .23882420    
 3.1969280      .17632620    
 3.7216890      .18557050    
 1.9060950      .25593470    
 1.2544170      .25756760    
 1.2475340      .17401410    
 1.5177980      .18387690    
 2.9821390      .24555370    
 5.0017750      .25597810    
 7.1354700      .18561560    
 9.3527720      .16354120    
 10.358290      .28019830    
 7.6225080      .19997880    
 6.8964370      .14941570    
 6.6314370      .23906170    
 6.5640610      .26250540    
 7.4106590      .26998520    
 6.9594090      .11372880    
 14.696530      .64338380E-01
 26.094540      .56706360E-01
 22.967520      .62889630E-01
 23.823020      .62011710E-01
 30.038660      .73755460E-01
 28.004100      .99989800E-01
 19.098900      .23470790E-01
 12.591140      .62732180E-01
 8.5517120      .12374160    
 4.9341110      .67354220E-01
 2.6943000      .15605530    
 1.6246190      .15266040    
 1.0314150      .23203660    
 .67273300      .27974790    
 .39673070      .23721920    
 .25490020      .19296120    
 .32387390      .21311180    
 .33890470      .25044920    
 .35021320      .21515410    
 .32128290      .18266680    
 1.3373040      .22653910    
 2.1196070      .25494130    
 2.4938300      .21983700    
 2.2118590      .19462950    
 2.1921320      .21466690    
 2.8379160      .25172490    
 3.6344970      .20531910    
 4.1258810      .16555300    
 4.6537000      .22340810    
 4.9181560      .25906580    
 4.7463350      .21288630    
 3.9527530      .16814680    
 2.7075950      .20806380    
 2.4468480      .24188620    
 2.3859430      .20711760    
 2.2279290      .19604540    
 1.6982590      .24989790    
 1.3665970      .26670720    
 1.3843230      .22536490    
 2.2770810      .20469150    
 3.8128460      .21978630    
 6.0505750      .24646340    
 8.4643460      .21173810    
 10.868870      .18266540    
 11.518280      .26873730    
 6.1768680      .15995650    
 5.5229970      .11317140    
 5.9515430      .26530300    
 6.2554940      .29523030    
 6.5392850      .19466440    
 7.4459940      .87932910E-01
 15.796340      .85869280E-01
 25.836150      .77553230E-01
 20.360090      .87571700E-01
 24.512050      .86985830E-01
 33.471200      .94430660E-01
 32.480600      .98948860E-01
 23.556660      .77301380E-01
 17.283290      .89571970E-01
 12.766190      .76613310E-01
 6.1167750      .58821440E-01
 3.2919550      .12990030    
 .46669510      .85191270E-01
 .51144280      .23999130    
 .35196920      .29431640    
 .20632960      .24631160    
 .14627050      .15132520    
 .20881460      .18128520    
 .22596020      .24712650    
 .20718280      .20316660    
 .15335180      .13393830    
 1.0555340      .22462060    
 1.5719710      .27393910    
 1.5795710      .23361670    
 1.0664050      .13426530    
 1.9501750      .17030290    
 2.3039460      .24701230    
 4.1891210      .18242060    
 3.4663540      .12985810    
 3.7844120      .22368750    
 3.7332430      .26937480    
 3.7428640      .19332000    
 1.6191090      .94500180E-01
 1.5044600      .19920700    
 1.7248780      .24793630    
 1.8947850      .18739920    
 1.8631180      .14435820    
 1.6605250      .24964910    
 1.6588820      .28622560    
 2.0153660      .24226600    
 2.9576950      .15440250    
 4.7223360      .18222100    
 7.1985130      .24814080    
 9.8546320      .21091440    
 12.329710      .11863080    
 12.445860      .26174800    
 4.7467860      .12515290    
 4.7902840      .15210890    
 4.9567770      .25844480    
 5.1785740      .25544290    
 5.4400710      .11863210    
 6.7685290      .75955690E-01
 14.434910      .88687200E-01
 24.757480      .33456460E-01
 18.690900      .50286740E-01
 26.821220      .95245210E-01
 37.650190      .23898980E-01
 39.767180      .23390850E-01
 31.215220      .61075340E-01
 23.611750      .21882520E-01
 13.143880      .11011270    
 5.1245470      .78026730E-01
 1.4893200      .10855130    
 .25399090      .12835850    
 .25847290      .28006130    
 .24240850      .31398750    
 .17106750      .21998490    
 .96730390E-01  .37736360E-01
 .11747050      .18805960    
 .12383620      .25191430    
 .78508250E-01  .16264960    
 .97960070E-01  .75335900E-01
 .59254630      .25995130    
-.21356410E-01  .31763490    
 .20659400E-02  .23622200    
 .36615630      .25499380E-01
 2.2949680      .15363590    
 3.7289060      .16049150    
 3.5136630      .13632140    
 2.9989730      .71911600E-01
 3.0916990      .20795570    
 2.6481800      .22064810    
 1.6372600      .15936100    
 .50443810      .65609160E-01
 1.0485050      .23075680    
 2.7446470      .23954600    
 2.1929990      .12574750    
 1.6886430      .12080820    
 1.7957970      .27615430    
 2.0462350      .30761040    
 2.6220920      .23044010    
 3.5091140      .37760560E-01
 5.6999600      .19466590    
 8.1470790      .27330700    
 10.805830      .19434320    
 12.847480      .37584590E-01
 9.1144340      .25261350    
 4.8103530      .18288140    
 4.8388910      .19507380    
 5.0483810      .24449320    
 5.3831460      .23563630    
 5.8838220      .14740970    
 7.4628600      .11001780    
 13.432730      .90993730E-01
 19.794380      .76965880E-01
 20.381990      .62308880E-01
 28.571660      .68186170E-01
 33.367280      .65053650E-01
 34.745250      .51369430E-01
 27.762260      .10759300    
 18.703980      .53264200E-01
 10.571490      .91142550E-01
 3.2573650      .10132190    
 .22047560      .12276580    
 .20306750      .23058240    
 .20557620      .33252950    
 .11463720      .28006560    
 .12754520      .20398410    
 .18221350      .10958700    
 .20917190      .19869880    
 .32296170      .23387440    
 .44504280      .14750220    
 .76540110      .14446890    
 1.3243400      .25012730    
 1.8717380      .28097430    
 2.2752690      .20006710    
 2.8306400      .12041220    
 3.7081500      .12671550    
 4.1532850      .10201850    
 4.8153670      .12462260    
 7.8083080      .59512590E-01
 5.7769990      .15098040    
 2.8170900      .13657910    
 2.6390490      .15082250    
 1.2402370      .19598970    
 3.4709420      .23374240    
 3.3107680      .23532770    
 2.9153200      .13193670    
 3.1352750      .17467520    
 3.9825160      .26013310    
 4.6114200      .28262650    
 5.0314730      .20633790    
 5.7082940      .11149100    
 8.7612680      .19621550    
 10.436010      .24142890    
 11.108310      .17878890    
 9.4084800      .14186120    
 6.4120570      .25222740    
 4.8856630      .22111580    
 5.1062780      .17719980    
 5.0187900      .22562620    
 5.7052230      .24929960    
 6.4489890      .21558520    
 7.3668760      .14846370    
 10.735070      .60338260E-01
 17.584580      .35222510E-01
 20.250150      .63569720E-01
 28.651110      .63857670E-01
 28.963090      .54401890E-01
 26.601010      .59607280E-01
 17.623870      .85226070E-01
 15.228660      .66514820E-01
 7.2604920      .10865780    
 .43742640      .25015350E-01
 .12749180E-01  .15940310    
-.69844270E-02  .23416950    
 .94138910E-01  .23493120    
 .12812920      .26371550    
 .19238260      .20538780    
 .32761910      .14116860    
 .42124230      .19579740    
 .68273590      .23187230    
 1.0768730      .17358780    
 1.5904950      .16116080    
 2.3298030      .24606300    
 3.2301820      .26941810    
 4.3627680      .19109000    
 6.5893550      .16762340    
 5.8961090      .95939110E-01
 8.3393770      .11637890    
 10.437820      .13746520    
 10.895790      .76561000E-01
 6.4045950      .98704010E-01
 3.8094660      .10659420    
 4.1587920      .17158510    
 5.0808320      .17397400    
 4.9921810      .23487650    
 4.4931390      .24439720    
 4.2482880      .19449080    
 4.3403870      .19260450    
 5.1604580      .23498300    
 5.8628670      .26695120    
 6.7270360      .21348920    
 8.1927100      .14923300    
 10.223610      .18421860    
 10.247620      .24119210    
 9.0773870      .20677910    
 5.8462100      .16005380    
 3.6759100      .22815800    
 4.9597670      .20377220    
 5.0695620      .98828230E-01
 4.7814840      .25060620    
 4.4297540      .32046030    
 4.0808580      .25919180    
 3.6971810      .91770250E-01
 11.897670      .55168200E-01
 18.002960      .84539790E-01
 17.320020      .10927170    
 27.228800      .10405680    
 25.593280      .92569140E-01
 18.868950      .71245860E-01
 11.363380      .85257580E-01
 5.8595090      .64356050E-01
 3.3976580      .15152710    
 .63102870E-03  .14480810    
 .69243540E-01  .18768610    
-.21475190E-02  .14749250    
 .60006920E-01  .21147840    
 .15734400      .26099760    
 .27959960      .19756220    
 .46046790      .68453810E-01
 .71182110      .19895860    
 1.1412660      .23872290    
 1.7820020      .15566470    
 2.7865360      .11764020    
 3.4742300      .24947860    
 4.7998070      .26231550    
 9.0406900      .16062580    
 8.4657870      .98072040E-01
 9.2841230      .12526490    
 12.025390      .86406070E-01
 13.322210      .11197540    
 13.433590      .91976800E-01
 7.4967100      .57711750E-01
 7.5015840      .11193470    
 7.4361230      .14700440    
 7.7240460      .13719680    
 6.2761860      .24249040    
 5.6246810      .26771440    
 5.4905690      .21528170    
 5.6472580      .13883440    
 8.6951480      .19391620    
 7.2448590      .26771530    
 12.203730      .18851880    
 10.711880      .85922520E-01
 11.710270      .16759770    
 9.2092530      .25742860    
 6.5308780      .21698810    
 2.4731020      .86323630E-01
 1.6585530      .22351420    
 4.8431140      .17884160    
 4.3096900      .10270620    
 2.8679690      .25275350    
 1.9715530      .29447680    
 1.5141760      .21964480    
 1.5698380      .43760400E-01
 14.547810      .58208150E-01
 16.801750      .10657970    
 14.392970      .35581090E-01
 25.869760      .24330090E-01
 23.238880      .21897280E-01
 12.905900      .10591060    
 5.7252960      .33710480E-01
 3.3046440      .12617970    
 1.1740990      .21598340    
 .47685640      .22975110    
 .67009410E-02  .17713270    
 .52213790E-02  .25759160E-01
 .28964690      .22533250    
 .54859770      .27878430    
 .73012630      .18435300    
 .92929180      .88694540E-01
 1.6313140      .22265330    
 2.1317600      .23928790    
 2.7035880      .11205760    
 5.1340670      .13695500    
 8.2676520      .22794890    
 10.374050      .18832580    
 10.354590      .97852320E-01
 10.260050      .11445310    
 12.350260      .11112770    
 14.652990      .78860130E-01
 16.036970      .35765860E-01
 15.904470      .33879120E-01
 10.037890      .76390550E-01
 10.298170      .10370550    
 9.3710590      .10362060    
 8.2952450      .13247220    
 7.1687220      .27526480    
 6.4151110      .29143030    
 5.8870350      .18808060    
 7.1668180      .25280320E-01
 12.647430      .17243930    
 16.702710      .18251420    
 16.112950      .16312270    
 12.909260      .64953760E-01
 12.570970      .16289620    
 9.0392240      .19778680    
 5.0991360      .16810020    
 1.1600930      .69384940E-01
 2.0319010      .23488500    
 4.4764840      .19425690    
 3.8785650      .18173130    
 3.0248070      .25289900    
 2.3171560      .27692750    
 2.9998540      .21495330    
 5.9020180      .12407450    
 15.939730      .38123510E-01
 16.220050      .10021610    
 16.484000      .77353020E-01
 21.366120      .82105550E-01
 16.860010      .10592450    
 7.9741320      .10323780    
 3.4158300      .11080340    
 3.0084190      .23664030    
 .88963060      .24971400    
 .45846490      .26867220    
 .00000000      .17474330    
-.27488480E-01  .12736430    
 .14804420      .22196810    
 .57768550      .25219980    
 1.1582540      .19137050    
 1.8283000      .17350350    
 2.5921140      .23124540    
 3.5161010      .23151420    
 4.1555070      .16968230    
 7.6109670      .18916900    
 10.624520      .18866960    
 12.516900      .10787170    
 11.531110      .12966850    
 10.632540      .78553180E-01
 12.957210      .10839580    
 15.521830      .59191770E-01
 15.050130      .95110540E-01
 12.722650      .89576070E-01
 10.681240      .10159150    
 10.189610      .60659350E-01
 8.9599990      .11682210    
 7.7702270      .18868370    
 8.5333490      .33376500    
 6.7113620      .26289030    
 7.2878860      .17874110    
 9.6380840      .94322440E-01
 15.199150      .85896500E-01
 19.272420      .10293520    
 18.579420      .12166320    
 14.663500      .10287480    
 14.074290      .11387660    
 9.6227450      .11460000    
 5.6335260      .15898430    
 2.9938400      .16108250    
 3.3074600      .25111840    
 3.9484550      .24057210    
 3.2738470      .19792180    
 2.7530390      .23122470    
 5.9356890      .29750060    
 7.7899120      .25101300    
 7.6679490      .16389850    
 11.791980      .41153480E-01
 17.242290      .63672770E-01
 19.582970      .24752210E-01
 15.186340      .24505400E-01
 11.235870      .14495540    
 3.2586480      .25316700E-01
 1.4637510      .14906000    
 2.9520700      .18654340    
 .45644200      .23306810    
 .19390620      .26293050    
 .54997610E-02  .20323820    
-.24124450E-01  .16615080    
 .34092860      .21353940    
 1.0525680      .25157810    
 1.9731650      .21300160    
 2.8515270      .18046040    
 3.7944770      .22421750    
 5.0851970      .24514560    
 6.9863690      .21490210    
 10.109290      .18968610    
 12.965180      .13065830    
 14.213150      .74154270E-01
 11.184490      .14411030    
 11.993830      .60199910E-01
 12.539400      .11753110    
 15.291800      .72452040E-01
 13.569010      .11776810    
 11.429550      .69260350E-01
 10.757700      .14448070    
 9.6444940      .91200750E-01
 8.2428070      .18248320    
 6.8445890      .24934760    
 6.3384960      .22306610    
 9.0999240      .29239350    
 11.211760      .25449310    
 12.464260      .95275020E-01
 17.213540      .76478570E-01
 18.411680      .10515120    
 21.200990      .36287920E-01
 16.373840      .22423380E-01
 14.962190      .83060480E-01
 10.703000      .74965480E-01
 5.3514840      .16232330    
 3.8928080      .16674280    
 4.5736570      .23238860    
 3.3950860      .24818160    
 3.1074950      .14121430    
 3.9183550      .21222620    
 4.4414150      .26620710    
 5.4797630      .17899570    
 7.3477630      .96687920E-01
 13.278710      .12949570    
 16.048860      .13746470    
 16.274250      .12049320    
 11.949600      .87142590E-01
 7.1114430      .15122900    
 3.0107950      .13869070    
 1.4008360      .15855160    
 .21031500      .10257970    
 .37674890E-02  .23237660    
-.71674060E-01  .27216390    
-.51026470E-01  .21066800    
 .34992940E-02  .11455510    
 .66612450      .20106580    
 1.6593430      .25591230    
 2.8671680      .19740980    
 3.9749610      .11603650    
 5.1605450      .22284940    
 6.8539610      .26643460    
 11.224210      .27318810    
 12.378550      .13267310    
 14.393770      .11478820    
 14.479330      .77199970E-01
 10.368530      .99763790E-01
 14.700020      .59840930E-01
 11.881380      .78653590E-01
 14.343380      .92916190E-01
 11.336230      .12508320    
 7.7187520      .86331490E-01
 7.4325730      .14304150    
 7.8954260      .19189580    
 7.1282090      .21670370    
 6.3875310      .16701080    
 7.0229350      .19792220    
 9.4684620      .27145200    
 12.057810      .22371600    
 14.622260      .75298140E-01
 15.341220      .93854210E-01
 15.520320      .87054540E-01
 18.588250      .94529580E-01
 17.081210      .58157380E-01
 16.105080      .80216620E-01
 12.218460      .94250420E-01
 5.0922710      .12599300    
 5.1721190      .10239170    
 6.7256840      .23027810    
 2.8897350      .22211160    
 2.3164850      .25584120E-01
 3.1807330      .21613860    
 4.0065780      .24615880    
 4.8336150      .11344510    
 7.1389690      .12580460    
 10.406930      .18144300    
 12.984870      .19155880    
 11.428720      .14302760    
 10.030170      .68947130E-01
 5.9964080      .19828880    
 4.7512080      .27356320    
 1.0772480      .14179900    
 .00000000      .10204210    
 .00000000      .25239540    
 .00000000      .28886310    
 .00000000      .19565750    
 .11674810      .37415540E-01
 1.2085090      .21878920    
 2.4038160      .26210780    
 3.7010750      .15788950    
 4.4740490      .83672350E-01
 6.1107380      .24591290    
 8.4286560      .28918030    
 11.384360      .20520760    
 14.370310      .25210630E-01
 14.087000      .13489700    
 13.031490      .54525700E-01
 9.5549400      .33978890E-01
 14.149050      .72542570E-01
 11.344980      .50664380E-01
 10.952000      .12844120    
 6.9390380      .14415830    
 4.8620130      .37700330E-01
 6.4261940      .20147410    
 4.8775680      .26472710    
 5.6565940      .20895420    
 5.1595380      .37872030E-01
 7.1875900      .19652130    
 9.8419540      .28104960    
 13.062760      .21829860    
 15.264200      .73995070E-01
 12.044470      .94022260E-01
 13.933750      .11498010    
 20.984630      .24393630E-01
 15.724240      .91986970E-01
 16.607440      .40976360E-01
 10.821180      .98072050E-01
 4.6053350      .24328050E-01
 6.2300090      .44722820E-01
 6.4514000      .28347970    
 2.2122400      .21763240    
 2.3166640      .12861460    
 3.0405840      .21061080    
 3.7726630      .21952850    
 4.2924740      .15633630    
 6.1309680      .18323650    
 5.3226500      .24990210    
 7.0194750      .25008830    
 9.7228520      .15115620    
 9.6095460      .14644820    
 7.5058050      .22792670    
 4.5785930      .23663860    
 1.4355620      .16249700    
 .00000000      .17476190    
 .00000000      .25543050    
 .00000000      .26969760    
 .00000000      .17913930    
 .27832850      .14003590    
 1.2419040      .23158020    
 2.3236480      .24961000    
 3.3019420      .15943130    
 4.0553250      .15804100    
 5.6024080      .24319580    
 7.9362300      .26752550    
 10.486980      .18057780    
 12.400970      .13868030    
 10.488930      .13965010    
 7.7308400      .93137160E-01
 8.3187090      .10512630    
 11.130240      .99489500E-01
 9.9355540      .12017200    
 7.6167100      .12587290    
 4.5820510      .12103670    
 4.8529900      .16861160    
 3.2394570      .23482990    
 3.5610330      .27661550    
 4.1300330      .20464720    
 4.7531090      .10962980    
 6.7503880      .20345030    
 9.0854880      .25922640    
 11.295440      .21287920    
 13.318120      .19243930    
 10.170760      .14281950    
 12.335990      .11580040    
 15.431830      .10248000    
 13.240150      .93389440E-01
 11.336020      .10737960    
 6.6436490      .75026360E-01
 5.0950210      .11098450    
 6.0964440      .19225140    
 6.2540410      .39767000    
 2.2076490      .24213600    
 2.3199180      .17249120    
 2.9166330      .19641810    
 3.4283860      .22632060    
 3.5498330      .20629860    
 3.6126690      .19216590    
 4.7360450      .22163910    
 6.7399130      .24399120    
 8.7483440      .19810370    
 9.7221150      .17989290    
 7.2474580      .20390020    
 4.2262270      .23006150    
 1.4570970      .19166110    
 .00000000      .18126850    
 .00000000      .24762600    
 .00000000      .26189400    
 .00000000      .18936030    
 .34808960      .15901560    
 1.1765540      .23577470    
 2.0048230      .25459570    
 2.4344480      .19316400    
 2.9487810      .16475560    
 4.6466790      .23084380    
 6.8539580      .26399680    
 8.4131580      .20514670    
 7.5910590      .15204740    
 4.7908600      .14593810    
 3.1871960      .24930530E-01
 7.0127850      .12893960    
 8.6095520      .24624360E-01
 7.6428050      .14835310    
 4.2298650      .36767030E-01
 2.8542760      .13701200    
 2.3325660      .15914270    
 2.5286930      .22969810    
 3.1712690      .27049560    
 3.8499460      .20823890    
 4.4078610      .14120450    
 6.3725680      .20306790    
 8.2981540      .26538770    
 9.5880720      .23671150    
 9.3528230      .19070610    
 8.3264450      .14772670    
 8.7638740      .36311480E-01
 8.7825320      .13542050    
 8.7290630      .41540990E-01
 5.8149820      .11782930    
 4.7022010      .62493900E-01
 5.6823470      .17168960    
 6.2853540      .18087670    
 6.3960670      .28623290    
 2.2022540      .25964010    
 2.2628350      .12931070    
 2.6986160      .17290870    
 2.9686770      .24219500    
 2.8165460      .21051870    
 2.6501730      .11971290    
 6.2786840      .19068540    
 6.5003700      .25858940    
 8.2937230      .22131870    
 9.7953200      .13032900    
 7.2172240      .16746930    
 3.8795650      .23044450    
 1.3885040      .16186350    
 .00000000      .13014080    
 .00000000      .24550950    
 .00000000      .25910790    
 .00000000      .16100620    
 .32428860      .11722500    
 1.0002360      .24688710    
 1.5054300      .26693840    
 1.4851470      .18489940    
 1.6614190      .97612700E-01
 3.6838380      .23154890    
 5.4636180      .27774450    
 5.9903470      .21842500    
 4.5360500      .85911100E-01
 3.1380830      .13059120    
 2.7602740      .13785680    
 5.9759290      .14141320    
 6.9212500      .87175530E-01
 5.0996810      .14903970    
 3.3643710      .11845520    
 2.2086420      .15156360    
 1.0665730      .10311480    
 1.7925910      .23543580    
 2.8848350      .27590040    
 3.5993350      .20148080    
 4.0997600      .68515660E-01
 5.8698440      .20990380    
 7.2420260      .28148980    
 4.5951720      .28365730    
 4.9773180      .14935790    
 6.8272090      .12896710    
 7.1861970      .11871000    
 7.3093310      .16106410    
 5.7030150      .84278780E-01
 4.2514450      .12383390    
 4.8211640      .16819130    
 5.7454810      .18337010    
 6.3300360      .13488240    
 6.1778450      .32912890    
 2.3409980      .29633840    
 2.2003960      .25668390E-01
 2.1416390      .19195550    
 2.0255710      .26181990    
 1.8667670      .19013580    
 2.0038960      .36508080E-01
 5.1956290      .16798040    
 11.579190      .20752320    
 12.780920      .17899080    
 10.061520      .24474090E-01
 8.7244000      .14234210    
 4.8212310      .16273260    
 1.6420230      .10120630    
-.10586500      .12529370    
-.11997410E-01  .24404860    
-.37606810E-02  .24223350    
 .84849730E-02  .11097310    
-.18969150E-04  .13877390    
 .10188790      .26219530    
 .30888730      .27220170    
 .49639180      .15236590    
 1.0604220      .10076990    
 2.1090260      .24735260    
 2.6959820      .28950180    
 2.9697510      .21224360    
 3.0720250      .70044450E-01
 3.4360630      .17164700    
 4.0674530      .20208990    
 5.6532540      .14308520    
 5.6095890      .69801330E-01
 4.9091370      .19130300    
 3.2776500      .27376000    
 1.8391070      .13999400    
 1.4260330      .10232770    
 2.7971900      .25045460    
 3.5279500      .28060190    
 3.8442930      .18326010    
 3.7675670      .89626720E-01
 3.7653300      .23740930    
 3.8815240      .29260510    
 4.1242320      .22469210    
 4.4838620      .25430540E-01
 5.8092110      .15610240    
 6.2378090      .22104500    
 4.7244710      .18892740    
 3.1475020      .44348080E-01
 3.4398140      .16421990    
 4.0493770      .23004250    
 5.4484950      .15219850    
 6.3785250      .78057550E-01
 6.2555240      .36196770    
 2.4675250      .25254130    
 2.5417380      .13077570    
 2.3902340      .21015360    
 2.3351940      .25129400    
 2.4024980      .18591720    
 3.3568930      .13108890    
 6.5505720      .92039010E-01
 15.209690      .12398070    
 16.434090      .11268570    
 13.356270      .85307470E-01
 9.3820860      .90568740E-01
 4.4919610      .75351920E-01
 1.3845170      .12248510    
 .12247880      .17471300    
-.41235200E-02  .22319570    
 .21608250E-01  .21974810    
 .64504300E-01  .15063930    
 .81431650E-01  .18565880    
 .32443910      .25511400    
 .73077160      .25557140    
 1.2635070      .16769910    
 2.2307320      .16617400    
 2.9786340      .24362280    
 3.2979160      .27254990    
 3.4133350      .20513150    
 3.3812020      .15954530    
 4.0639700      .23004400    
 4.5460840      .24976420    
 4.8758480      .15143460    
 4.5539080      .14568750    
 3.1339790      .23921540    
 2.3942710      .24788920    
 2.1649600      .16608630    
 2.9986760      .17849120    
 3.8720610      .25696640    
 4.1206200      .27009710    
 3.9939960      .19554960    
 3.4890930      .17490840    
 3.5151240      .24641210    
 3.6982300      .27417710    
 3.9612480      .19820090    
 4.1082520      .12510420    
 5.1003830      .20602670    
 3.3741730      .27454410    
 3.6321540      .20464520    
 2.4540820      .14643200    
 2.9528560      .20414050    
 3.7604100      .23033190    
 4.7326310      .14730570    
 4.6045910      .15120110    
 3.6388130      .31994360    
 2.6776810      .25284800    
 2.8961150      .15908750    
 2.8949180      .20618480    
 3.2663830      .25264610    
 5.7256580      .29697240    
 5.4852020      .13964660    
 9.7137230      .47295940E-01
 18.802060      .98626860E-01
 20.513220      .24395300E-01
 18.625400      .23684970E-01
 10.295730      .88142850E-01
 7.5713820      .91691530E-01
 4.9957540      .15763580    
 1.1923490      .16728610    
 .12460690E-01  .18794470    
 .63961130E-01  .21972660    
 .13835770      .18419890    
 .22014650      .17507670    
 .67610020      .24457210    
 1.3582900      .25774600    
 2.3163870      .19520560    
 3.4456620      .15673120    
 3.7964480      .22965700    
 3.8282840      .26456130    
 3.8184150      .20424180    
 3.7330880      .16711960    
 4.2022960      .23570710    
 4.3963100      .25437010    
 4.3581420      .19285130    
 3.4881470      .17877160    
 2.8559820      .23091910    
 2.8251410      .24826810    
 3.3989060      .20091000    
 4.5919270      .19144500    
 4.8450320      .25173630    
 4.5107260      .27101680    
 3.9113650      .21733400    
 3.1545410      .18206670    
 3.2586100      .23470240    
 3.4999950      .26074920    
 3.7273090      .18934020    
 3.7154970      .14547390    
 3.4190250      .23981920    
 2.9715320      .28383340    
 2.4400330      .23031930    
 1.7702280      .16210110    
 2.3074840      .18451410    
 3.0530950      .22457980    
 3.5040810      .17688380    
 3.1182720      .17614170    
 2.6589240      .32953970    
 2.9215540      .24097530    
 3.2230040      .93260010E-01
 4.1319920      .21556840    
 5.2546220      .30198400    
 6.4167470      .25515960    
 7.1569040      .98171140E-01
 13.847810      .10038200    
 20.286760      .10861660    
 21.144010      .87322700E-01
 21.479470      .54734610E-01
 13.842970      .74719730E-01
 11.634720      .73705440E-01
 5.9632020      .16580620    
 1.2855130      .90686890E-01
 .41833640E-01  .17119500    
 .11765350      .22846240    
 .21575860      .15812590    
 .43695090      .12000610    
 1.1603010      .24894320    
 2.1092460      .26719930    
 3.4000630      .17768740    
 4.5849920      .81967140E-01
 4.3870350      .23120350    
 4.2337710      .26035200    
 4.1516730      .16516890    
 4.0313330      .11938880    
 4.1590080      .24702790    
 4.0459190      .26860920    
 3.6241130      .19942520    
 2.7643730      .13231200    
 2.9062940      .22118430    
 3.6148000      .25207950    
 4.9075960      .18538720    
 6.0678740      .14360470    
 5.4997850      .24844250    
 4.6518790      .27499580    
 3.6706310      .20099040    
 2.8103170      .11682710    
 3.0457600      .22462140    
 3.3107350      .25180540    
 3.4790170      .14905250    
 3.3459030      .11196290    
 3.0418190      .26226420    
 2.5424070      .30070630    
 1.9035230      .23206370    
 1.1314910      .87445740E-01
 1.6600520      .17201060    
 2.2019500      .23101990    
 2.1551660      .16578390    
 1.7330670      .13555350    
 1.8977560      .35399120    
 3.6074420      .22625250    
 3.7933050      .62951740E-01
 4.5332100      .22952170    
 5.8927900      .28962910    
 7.4230450      .22044910    
 9.2823230      .44256340E-01
 17.239010      .11709050    
 22.515600      .36997130E-01
 21.166950      .85226770E-01
 20.530610      .73379500E-01
 15.155490      .73537950E-01
 10.640180      .10249920    
 4.6332290      .15392340    
 .16643760      .69110280E-01
 .53203370E-01  .19552830    
 .17779700      .22674130    
 .32480870      .10977030    
 .90342030      .13735780    
 2.0125870      .25791990    
 3.2391950      .26686540    
 4.4767950      .14993890    
 5.3050010      .12190550    
 5.4346110      .24191150    
 5.1452870      .24326160    
 4.5725720      .11151460    
 3.6709040      .14097350    
 3.5845770      .24103770    
 3.2179490      .24811580    
 2.7071170      .15789810    
 2.4028020      .73622830E-01
 3.3432150      .23820560    
 4.5757040      .25342150    
 6.3768260      .12743460    
 6.8277120      .12140380    
 5.4210200      .27663460    
 4.1880230      .29109480    
 3.1017850      .16334370    
 2.3791220      .84212620E-01
 2.3349700      .23168860    
 2.5574670      .23946410    
 2.9590240      .11239570    
 2.7986610      .15736670    
 2.0009490      .27532780    
 1.4451130      .30374040    
 1.0045070      .21786420    
 .69843140      .71453680E-01
 .57202100      .20229330    
 .54731920      .23644350    
 .58212580      .11666920    
 .82935350      .13340940    
 .83693170      .32872470    
 3.8635420      .20509420    
 4.2222830      .15130460    
 5.2224980      .24316310    
 6.9486640      .28494760    
 9.1753230      .22087890    
 13.294140      .13734140    
 20.351380      .62937680E-01
 22.144900      .65069220E-01
 18.842110      .94534400E-01
 16.203690      .64326040E-01
 12.127620      .12415430    
 6.7291560      .11029650    
 2.5567820      .15685240    
 .25822050E-01  .15715220    
 .99541950E-01  .20372020    
 .30269850      .21422260    
 .57644930      .14874970    
 1.2551070      .17987960    
 2.3761460      .25130740    
 3.6477700      .25844790    
 4.8801530      .18811310    
 5.6277040      .19695880    
 5.7423840      .23885360    
 5.2193280      .22635520    
 4.3717630      .15651630    
 3.3135320      .18681490    
 2.6847650      .23297970    
 2.3814460      .23923020    
 2.2349910      .14869070    
 2.8119810      .14857230    
 3.9981450      .23978910    
 5.1734660      .23618430    
 6.1512760      .12866620    
 5.2031310      .16859890    
 3.7296230      .25440530    
 2.7694780      .25689980    
 2.1034030      .16090190    
 1.8655920      .16052970    
 1.8935350      .23283520    
 2.1621800      .23125720    
 2.4053650      .16623070    
 2.1324990      .19665400    
 1.5537340      .26892060    
 1.1051600      .28925800    
 .74394670      .21875710    
 .55435250      .17143560    
 .46439110      .22144670    
 .50743470      .22471130    
 .62015090      .14388520    
 .83890430      .19239260    
 .93690210      .31890040    
 4.2468850      .20460270    
 4.7410180      .15433740    
 5.5771320      .24761130    
 8.8896120      .34140570    
 11.306210      .30456520    
 14.625850      .16506340    
 19.132380      .66938300E-01
 19.398560      .82509090E-01
 16.299760      .22993020E-01
 13.445470      .11397770    
 7.5684060      .11882050    
 3.3793510      .69916460E-01
 1.4250100      .17989330    
-.27164840E-01  .16372360    
 .18134380      .18259390    
 .49600080      .21738010    
 .89997030      .17731200    
 1.6246460      .16289300    
 2.7860040      .24567170    
 4.0720900      .27301340    
 5.2817480      .23650690    
 6.0419890      .21053960    
 6.0260600      .21347870    
 5.1826480      .22960100    
 4.0547160      .20600970    
 2.8381890      .17507170    
 2.3218420      .19292820    
 2.2420850      .22759800    
 2.2932800      .18121110    
 3.0167750      .17749160    
 3.8895020      .23674610    
 4.5972020      .23751160    
 4.6470810      .17654060    
 3.5184190      .17745110    
 2.5302460      .24524900    
 1.9045920      .25719220    
 1.3958400      .19756690    
 1.2753500      .17480770    
 1.3990580      .22351210    
 1.6854190      .23910300    
 1.7945660      .19420900    
 1.5444690      .18004290    
 1.1305340      .25711120    
 .80300140      .28873510    
 .52245370      .23840030    
 .39726460      .19505150    
 .37294240      .21412250    
 .50681570      .23245510    
 .70623390      .20204780    
 .93773080      .20314720    
 1.0400770      .29137770    
 4.6597690      .16125600    
 5.4281070      .11468240    
 6.7458290      .27897060    
 8.2604940      .33388350    
 9.6886020      .26310940    
 10.617020      .10201020    
 14.048990      .11738590    
 15.380780      .14321080    
 12.817110      .12082400    
 7.5674240      .11930130    
 4.3708520      .10684070    
 3.0978020      .15739960    
 1.5323560      .19646550    
 .26397710      .87163760E-01
 .27949060      .17099890    
 .73315670      .22604300    
 1.2355510      .14529280    
 2.0080760      .11384510    
 3.2274430      .26055450    
 4.4957440      .29740690    
 5.6891170      .24965180    
 6.5472620      .15605550    
 6.1979990      .17870010    
 5.0108170      .24385860    
 3.6760780      .21499090    
 2.3062070      .88802080E-01
 2.1004960      .17317860    
 2.2258930      .23333250    
 2.4319710      .17654580    
 3.0662290      .13951140    
 3.5476640      .23620990    
 3.6841820      .24723910    
 3.0220380      .16776500    
 1.9095390      .12952610    
 1.5322090      .24603810    
 1.1712870      .26729470    
 .77233420      .19382910    
 .64793740      .11517170    
 .94758080      .21870810    
 1.2169930      .24577440    
 1.2330140      .16214200    
 1.0102950      .12167850    
 .79348590      .26051860    
 .56050030      .29664570    
 .34009810      .23399070    
 .23048890      .14004610    
 .32489440      .19844260    
 .54989990      .25019970    
 .81475330      .21567900    
 1.0730000      .14257990    
 1.1272180      .26704950    
 5.1476450      .12920450    
 5.2850490      .17293640    
 5.5912400      .31704310    
 5.9019430      .34058590    
 6.2061620      .23679090    
 6.4848630      .46895050E-01
 12.515550      .20821350    
 5.4430730      .29830540    
 9.8921280      .18642820    
 4.6915740      .25702800E-01
 4.2343330      .17604240    
 2.1526310      .28742080    
 1.2856280      .20895730    
 .28606920      .77727750E-01
 .49999070      .21727280    
 .96902240      .24470650    
 1.5127640      .11804400    
 2.4502690      .17119650    
 3.6152090      .30395060    
 4.8053140      .32266870    
 5.9804880      .23605750    
 7.1820320      .38027750E-01
 6.0238820      .19639120    
 4.6354510      .28247820    
 3.2705860      .21835530    
 2.1037990      .75799420E-01
 2.0813800      .21549180    
 2.2706290      .24452160    
 2.5838350      .12593490    
 2.5685960      .12042370    
 2.0612090      .26877000    
 1.5564420      .26966110    
 1.0630530      .12129850    
 .72023050      .13412480    
 .51830480      .28515210    
 .33911610      .29552160    
 .17169860      .16472380    
 .12289800      .87158430E-01
 .30384120      .25052990    
 .50817670      .25912030    
 .70863930      .11575250    
 .71632680      .15087030    
 .57884410      .29247960    
 .42225090      .30756210    
 .24379600      .20467200    
 .86670750E-01  .25607680E-01
 .34819540      .21781450    
 .62497760      .27024430    
 .92727810      .19480380    
 1.2347960      .26037920E-01
 1.1777730      .30133280    
-999.00000     -999.00000    
 5.3889020      .28715390    
 5.6691060      .36973680    
 5.9631140      .35835540    
 6.2425830      .25497050    
 6.4210970      .21115470    
 5.7991230      .29419140    
 5.2847330      .32245240    
 7.8671200      .24018420    
 4.7698150      .18015710    
 4.1880550      .30686390    
 1.9785700      .31942430    
 1.0091240      .25620660    
 .30845990      .24677500    
 .69995620      .29123710    
 1.1247530      .28114260    
 1.4753140      .22192210    
 2.8959600      .28642990    
 3.9723170      .36959450    
 5.1111980      .35740390    
 6.2272900      .24037150    
 7.0321350      .14455900    
 5.6896390      .26303610    
 4.3719950      .31244500    
 3.1298490      .25400710    
 2.3491840      .24267850    
 2.2608810      .28676000    
 2.4972860      .26725520    
 2.7168510      .14925760    
 2.4199760      .21157280    
 1.9446840      .30554410    
 1.4618880      .27637170    
 1.0422740      .17070960    
 .67707380      .23616260    
 .50570290      .32636680    
 .32913590      .30350040    
 .16742500      .18913120    
 .19834990      .20769200    
 .37390570      .29875930    
 .55551730      .27805010    
 .70815210      .19517840    
 .63577200      .26096530    
 .48413860      .34774140    
 .32525900      .33011600    
 .17197790      .20623430    
 .18953370      .15717530    
 .45411650      .28119020    
 .74114240      .30243900    
 1.0194490      .20066910    
 1.3721530      .16985380    
-999.00000     -999.00000    
