KT3D ESTIMATES WITH:  pygeostat_saved_data                                      
 2   51   59    1  5.5000000      5.5000000      .50000000      5.00000      5.00000      1.00000       1
Estimate
EstimationVariance
-999.00000     -999.00000    
 .00000000      .10277490    
 .14169240      .19529830    
 .32386810      .30988060    
 .50619830      .29515780    
 .67151920      .18537470    
 3.8027160      .20011270    
 7.7465400      .24965980    
 11.560040      .18020800    
 17.224610      .16621700    
 16.236720      .26260790    
 14.982360      .33158500    
 13.700580      .27957470    
 12.508730      .12858600    
 11.663620      .19654360    
 11.172500      .30826510    
 10.675360      .29479050    
 10.223370      .18561720    
 10.108930      .20737750    
 10.323950      .28782750    
 10.545630      .24862290    
 11.149150      .16595420    
 12.015480      .25854400    
 13.110620      .31740160    
 14.224310      .25062550    
 15.324830      .11179400    
 14.817710      .26603010    
 14.113730      .47626750    
 13.417360      .64312680    
 16.650920      .92991780    
 16.911000      1.0942930    
 17.142940      1.2293270    
 17.340760      1.3358850    
 17.519120      1.4066510    
 17.706690      1.4254990    
 17.892650      1.3914690    
 18.071640      1.3080090    
 15.324680      1.1080670    
 16.184320      1.0107200    
 17.041720      .86437260    
 17.860340      .67222240    
 18.618030      .44261640    
 19.363600      .19227100    
 18.744630      .95199310E-01
 16.582500      .11942760    
 16.643460      .13751930    
 15.726600      .22914310    
 14.697450      .46197940    
 13.627810      .68659310    
-999.00000     -999.00000    
-999.00000     -999.00000    
 .00000000      .26558610    
 .51116310E-02  .70528670E-01
-.11416150      .21458930    
-.38530630E-01  .28798050    
 .24954420      .23301270    
 .72838360      .38348010E-01
 4.5740880      .17968840    
 8.9530590      .20429580    
 13.267760      .37897210E-01
 17.404370      .75257380E-01
 16.535430      .26162860    
 15.400180      .31296660    
 13.978780      .22718630    
 12.531360      .44628660E-01
 12.763990      .20058280    
 12.390600      .27567290    
 11.386150      .22788140    
 10.083990      .38267610E-01
 10.087640      .19250600    
 10.303970      .26234720    
 10.570840      .16858780    
 10.766510      .73963420E-01
 12.268450      .25671140    
 13.421120      .29733330    
 14.539050      .19452470    
 15.317180      .68115050E-01
 14.952040      .30159460    
 14.480010      .49194800    
 13.961000      .62931450    
 13.275370      .72607480    
 12.947310      .79057500    
 12.794160      .84716530    
 12.834440      .91111710    
 13.050270      .98170040    
 13.523550      1.0421050    
 14.208570      1.0757990    
 15.037920      1.0702010    
 15.942100      1.0217070    
 16.870800      .92534710    
 17.778360      .78029070    
 18.619290      .58981060    
 19.357770      .36178110    
 20.020260      .11816670    
 18.628990      .73011380E-01
 16.685890      .10818980    
 16.541010      .24286360E-01
 15.132230      .23013340    
 13.906390      .47053410    
 12.813100      .69456190    
 15.379540      1.0060040    
 15.352150      1.2382440    
 .00000000      .24248870    
 .48808690E-01  .16375360    
 .21818810      .24089440    
 .50516990      .27930140    
 .80166130      .20422480    
 1.1065500      .11049900    
 5.0172710      .19205740    
 8.9185800      .18579120    
 11.229630      .11730530    
 12.932790      .14421370    
 10.785370      .24255500    
 10.722630      .27789740    
 11.686500      .21155670    
 13.393570      .14971250    
 14.134630      .21536630    
 12.919830      .25935850    
 10.931600      .20152900    
 8.6091790      .11281150    
 7.7448880      .19771960    
 8.1237820      .23078570    
 9.0557120      .15116580    
 9.5536670      .15220610    
 9.9200020      .23587780    
 11.163110      .25454930    
 12.882050      .19635920    
 13.946520      .21380550    
 13.970740      .38169470    
 13.715680      .53129190    
 13.356050      .63283020    
 12.777010      .69479420    
 12.454020      .73844130    
 12.346470      .78796340    
 12.463270      .85750040    
 12.800760      .93818630    
 13.405960      1.0079840    
 14.205820      1.0469230    
 15.126950      1.0436250    
 16.105940      .99331860    
 17.097000      .89238550    
 18.059640      .74215410    
 18.957940      .54905570    
 19.786490      .32867100    
 20.683240      .12879100    
 19.294620      .82548850E-01
 16.619790      .13126050    
 14.970390      .73128820E-01
 14.302390      .27992210    
 13.336900      .52219240    
 12.360060      .74316640    
 15.223820      1.0636790    
 15.240310      1.2915310    
 .00000000      .23650770    
 .88954720E-01  .17791360    
 .32605220      .24558590    
 .69650860      .27465330    
 1.0979390      .20436480    
 1.5226790      .14770320    
 5.2037090      .19992590    
 7.9522230      .20986620    
 8.4339010      .18265350    
 8.9313660      .15969390    
 8.5532820      .23317700    
 10.050240      .27697300    
 12.194730      .23048910    
 14.843220      .17323950    
 15.026350      .19778920    
 12.722660      .25099870    
 9.8241710      .21261800    
 6.6350920      .15773020    
 6.6675920      .18702130    
 6.9058370      .23086270    
 7.6783820      .19806000    
 9.2832800      .18647090    
 8.7093670      .21529660    
 10.284010      .25680270    
 11.899330      .26635860    
 12.954810      .33622710    
 13.189250      .45992170    
 13.080940      .56227830    
 12.809570      .62167790    
 12.047860      .64589010    
 11.681470      .66715570    
 11.559810      .71152160    
 11.681890      .78848430    
 12.101750      .88153900    
 12.814470      .96510830    
 12.894460      1.0196600    
 14.000460      1.0329020    
 15.218670      .99906220    
 16.505970      .91456400    
 17.814090      .77925320    
 19.003310      .59505080    
 20.041900      .37082890    
 21.370160      .12748590    
 19.369300      .14280190    
 16.046850      .13537350    
 13.751520      .11203400    
 12.318450      .35055480    
 11.193390      .55293830    
 10.149990      .72368310    
 10.759710      .91344000    
 10.366530      1.0681530    
 .00000000      .19501030    
 .13439180      .13025510    
 .48039380      .24967820    
 .93111310      .27516070    
 1.4406110      .18710590    
 1.9238750      .95016260E-01
 4.8856900      .21266980    
 6.3838890      .24119280    
 5.8310580      .18015310    
 5.1436190      .97148280E-01
 7.2903910      .23499290    
 10.055000      .28836210    
 13.131250      .23368680    
 16.540030      .11054510    
 15.326510      .17719900    
 11.992410      .25874650    
 8.3374350      .22051020    
 4.4509340      .10747550    
 6.7488170      .16536600    
 5.7614970      .24938150    
 12.531460      .19176400    
 7.8632660      .14657340    
 7.5509170      .18488880    
 9.4630010      .28712070    
 10.963680      .35028100    
 12.128430      .43603750    
 12.438900      .52294470    
 12.393660      .57879080    
 12.153770      .59345610    
 11.526410      .58225950    
 11.194190      .58717710    
 11.165800      .64013520    
 11.416520      .73889870    
 11.985540      .85115390    
 12.817620      .94611110    
 13.020870      1.0050490    
 14.179480      1.0177850    
 15.430320      .97987120    
 16.729870      .89007430    
 17.969840      .74989170    
 19.020410      .56706660    
 21.096280      .35810660    
 20.950460      .21864010    
 18.215460      .22291580    
 15.246080      .18871880    
 12.865560      .24193930    
 11.751250      .41614170    
 10.698820      .58553120    
 9.7119860      .73657330    
 10.348590      .91431190    
 10.027820      1.0654940    
 .34892180      .13437270    
 .86173660      .12570760    
 1.9513740      .25435890    
 2.4568760      .26746280    
 2.5198610      .15144060    
 2.7341640      .10206310    
 3.3380130      .24649580    
 3.3635770      .26735050    
 3.0072370      .15218400    
 3.1487000      .10109780    
 5.8824240      .24312420    
 9.4492510      .28502370    
 13.631420      .21636630    
 17.644010      .44364220E-01
 16.476500      .16200450    
 13.106780      .21656030    
 8.0753740      .19493980    
 3.6678810      .45134780E-01
 9.0701010      .17383640    
 14.256610      .17756570    
 12.526120      .15110080    
 5.6944900      .36740630E-01
 6.8941910      .20530170    
 8.8430010      .34688310    
 10.194690      .43359960    
 11.463560      .51570460    
 11.781710      .56661780    
 11.753160      .57656000    
 11.515980      .54476320    
 10.988010      .49725440    
 10.711420      .49352070    
 10.816130      .57032460    
 11.223060      .69947950    
 11.932330      .83189960    
 12.849760      .93463100    
 13.863620      .98970120    
 14.339450      1.0091850    
 15.595950      .96830470    
 16.857600      .87652880    
 17.950240      .73850380    
 20.843980      .55641700    
 20.904920      .39914900    
 20.373370      .33740190    
 17.231720      .30582030    
 14.658860      .29097750    
 12.012190      .35327000    
 11.080860      .47744490    
 10.124730      .61196480    
 9.2189960      .74351590    
 9.9199040      .91225550    
 9.6864410      1.0623920    
 1.3158300      .15226100    
 2.2652500      .17071710    
 3.1282550      .24127730    
 3.4554450      .24860860    
 3.6077170      .16821190    
 3.9511710      .17784630    
 4.1999710      .25205880    
 3.8845290      .25617580    
 3.3057760      .17311550    
 3.5739550      .17134690    
 5.9300660      .23035550    
 9.7818160      .26299840    
 14.036880      .21080650    
 16.571320      .13837750    
 17.412220      .11115570    
 13.799340      .18619320    
 9.6736720      .18739070    
 7.9664760      .14580840    
 12.790550      .17400010    
 17.031960      .89548130E-01
 13.006590      .12645010    
 7.4104210      .13346910    
 7.5193070      .29753250    
 10.572180      .36754990    
 11.649890      .46848290    
 9.0430240      .67126770    
 9.2856040      .68224570    
 11.395330      .54487880    
 10.885970      .47181890    
 10.438730      .38962780    
 10.258030      .39282880    
 10.547800      .51429460    
 11.119650      .67777710    
 11.940380      .82626190    
 12.895000      .93097490    
 13.905410      .98245530    
 14.933250      .97841780    
 15.704950      .96552750    
 16.849100      .87487750    
 17.751570      .74624020    
 20.804830      .57467120    
 20.583960      .46367790    
 19.761030      .43825330    
 16.428730      .38539120    
 14.079710      .38311660    
 11.172610      .43317050    
 10.367930      .51823250    
 9.5089540      .62354460    
 8.6971380      .74091630    
 9.4929570      .90653080    
 9.3581220      1.0593820    
 2.7398340      .19711180    
 3.8482580      .15720760    
 4.3607730      .22471280    
 4.5559540      .24973730    
 4.9103220      .20137410    
 5.2194780      .19066150    
 5.0203420      .24789030    
 4.3295360      .26433880    
 5.1786700      .21455520    
 3.7500830      .17007520    
 5.7776520      .19659860    
 6.8633480      .30413980    
 9.5752310      .29875730    
 13.195180      .18571700    
 17.850280      .37178550E-01
 13.536300      .19953910    
 11.279960      .20591770    
 18.374100      .21340100    
 16.555220      .13267590    
 19.262760      .66977700E-01
 12.743970      .14723640    
 8.3351310      .14935950    
 9.7740390      .27039070    
 10.886760      .41438360    
 11.545790      .51837680    
 9.3601230      .66085970    
 9.4669370      .64427690    
 9.4757240      .55390400    
 10.350590      .38393320    
 9.8845250      .25946980    
 9.8900240      .30412420    
 10.405100      .48792430    
 11.117310      .67915700    
 11.991980      .83372010    
 12.947530      .93484160    
 13.929260      .97885830    
 14.907840      .96665110    
 15.734450      .97150020    
 16.706130      .88508930    
 17.670510      .69505550    
 20.682340      .60425450    
 20.204110      .52572020    
 19.140300      .51233610    
 15.738990      .45053670    
 13.467070      .44767100    
 10.349690      .47825090    
 9.6426850      .53151050    
 8.8789460      .61642690    
 8.1691270      .72843520    
 9.0872400      .89859210    
 9.0581420      1.0581360    
 4.1599990      .18717440    
 5.4197870      .81871030E-01
 5.4329250      .22786370    
 5.6350160      .25753960    
 6.1842050      .18625740    
 6.6589840      .14294040    
 5.6227290      .24854560    
 4.6355710      .28238750    
 6.5395920      .20684000    
 3.3512000      .87888350E-01
 4.4636330      .18810390    
 6.4924780      .28818250    
 8.6488320      .24869690    
 11.175990      .11580860    
 13.965050      .13729340    
 13.272730      .23349670    
 17.144610      .22588930    
 18.047560      .95811790E-01
 18.529140      .92536520E-01
 17.938920      .15552950    
 12.497020      .14288810    
 9.2064500      .11937650    
 10.543540      .30875280    
 11.105760      .46499030    
 11.437990      .56285520    
 9.6664880      .65351560    
 9.6494970      .60914420    
 9.5427250      .48674770    
 9.3403640      .29798100    
 9.3338560      .10893040    
 9.7245650      .26995540    
 10.416780      .50228030    
 11.199200      .70316030    
 12.079640      .85264750    
 13.001700      .94420310    
 13.930200      .97695410    
 14.836420      .95475240    
 15.687940      .88736180    
 16.439900      .90527910    
 17.090910      .69216480    
 20.515750      .63176490    
 19.810000      .57097780    
 18.525630      .55684480    
 15.111440      .49227580    
 12.813600      .47940980    
 9.5488720      .48703590    
 8.9231670      .51497920    
 8.2560910      .59116270    
 7.6551930      .70912050    
 8.7219840      .89187250    
 8.8005250      1.0610880    
 6.7564540      .16992070    
 6.8405880      .11890930    
 7.1645730      .23688100    
 7.2822470      .24448230    
 7.5360930      .12588480    
 8.2487750      .11940180    
 9.2358950      .25852520    
 9.8091880      .25586910    
 9.2681010      .16661440    
 4.7704690      .68552810E-01
 5.3996890      .22590320    
 6.6373310      .28803180    
 6.8976540      .19735890    
 7.6704910      .24634200E-01
 12.584840      .19280340    
 14.965600      .26611790    
 16.532310      .18635440    
 17.899620      .52436540E-01
 17.244850      .14481500    
 14.703460      .21017040    
 11.917620      .10866550    
 9.7402110      .14161620    
 9.3235880      .31300410    
 8.7504210      .45263230    
 8.3828550      .55205770    
 8.1737240      .58572330    
 8.7698140      .54451500    
 8.8281960      .41952540    
 8.8974130      .21967730    
 9.1266980      .68873060E-01
 9.7907760      .32090430    
 10.358970      .55432900    
 10.891730      .74481960    
 11.514990      .87999190    
 12.744090      .91068230    
 13.587840      .93112120    
 14.419410      .90657180    
 15.199770      .84635100    
 18.559710      .80038840    
 15.996710      .68328740    
 19.983840      .64679540    
 19.262070      .59251310    
 17.863570      .57141110    
 14.518740      .50637000    
 12.116060      .47727120    
 8.7762230      .45917810    
 8.2230140      .46972550    
 7.6596210      .55297930    
 7.1740400      .68922940    
 8.4150660      .89108130    
 8.5970340      1.0707980    
 7.7056610      .19182120    
 8.1177210      .18075040    
 8.9799870      .24482470    
 9.9545250      .23647060    
 11.693750      .11905720    
 16.760120      .88483070E-01
 16.182420      .20636350    
 14.428170      .18055670    
 11.090450      .10601930    
 8.3137210      .17684780    
 7.2153340      .28039070    
 5.0187770      .25806400    
 6.9350400      .17541090    
 9.3369860      .12575950    
 11.553250      .22226420    
 13.215250      .23430590    
 15.827980      .16698120    
 17.577160      .13834790    
 16.648690      .18280150    
 13.941180      .20884410    
 11.099250      .15137180    
 9.0544200      .18671660    
 8.6308730      .30191050    
 8.1717520      .44160460    
 7.8682840      .54051400    
 7.6942200      .56669070    
 8.6456560      .52496430    
 8.7534460      .40040330    
 8.8862820      .23850070    
 9.4492800      .22790490    
 9.9937040      .42309180    
 10.509240      .62865140    
 10.995060      .79642340    
 11.580180      .91078850    
 12.757930      .90257260    
 13.516270      .90803260    
 14.246630      .87442460    
 14.908260      .81155220    
 18.647970      .78148330    
 15.325980      .66227910    
 19.871740      .64249050    
 18.958800      .58747040    
 17.333340      .55767220    
 13.948620      .49280010    
 11.372270      .44275290    
 8.0380340      .39529740    
 7.5559570      .40109700    
 7.1097250      .51279830    
 6.7429290      .67725050    
 8.1810990      .90098280    
 8.4562050      1.0892230    
 8.9405160      .21074740    
 10.505850      .17529240    
 13.227290      .25279040    
 16.261860      .27119790    
 19.707950      .15489490    
 21.456700      .84768600E-01
 20.154860      .16295960    
 15.038800      .10862520    
 10.019610      .10385170    
 3.6374640      .14942490    
 4.6849720      .23966800    
 6.0562870      .25374240    
 8.6786240      .18789900    
 11.381620      .16103010    
 12.784230      .20871550    
 13.740330      .19207470    
 15.977280      .17333420    
 17.357900      .15480590    
 15.674500      .18437800    
 13.119500      .21990430    
 10.241780      .18830640    
 8.1765650      .16599300    
 7.8765290      .28500070    
 7.5475550      .44215500    
 7.2949910      .53903080    
 7.1399290      .55746000    
 8.5738060      .52991900    
 8.7339220      .42668700    
 8.9502780      .33577280    
 9.7724690      .37458880    
 10.235370      .53954500    
 10.678970      .71177290    
 11.103140      .85132450    
 11.635390      .94085380    
 12.751410      .88501270    
 13.410430      .87471430    
 14.027570      .83188670    
 14.562030      .76553430    
 18.724520      .75190940    
 16.658910      .62088780    
 19.813790      .61488340    
 18.724490      .55567190    
 16.853900      .51955250    
 13.400140      .45550890    
 10.586540      .37997180    
 7.3407670      .29695410    
 6.9417500      .32326950    
 6.6287360      .48734420    
 6.3762780      .68148710    
 8.0292690      .92492690    
 8.3827740      1.1171020    
 10.207840      .17445210    
 12.026550      .12019770    
 14.618680      .25272940    
 17.599120      .26710570    
 21.317400      .15403570    
 23.181950      .74728240E-01
 17.778080      .13622570    
 9.5245540      .93721960E-01
 5.4767430      .11901750    
 1.8215820      .81839580E-01
 4.3628400      .23063770    
 7.1241070      .25618210    
 10.744790      .17036150    
 13.177050      .12160260    
 13.572430      .17215040    
 14.099100      .11438630    
 16.042890      .16419020    
 17.290800      .85297800E-01
 15.182670      .17219020    
 12.253400      .23626900    
 9.3340630      .17283690    
 7.2636690      .85653880E-01
 7.1699080      .29435930    
 6.9135630      .45979140    
 6.6775890      .54663940    
 6.5183860      .55609450    
 8.5556530      .56144510    
 8.7774760      .49106460    
 9.0652940      .45485740    
 10.098220      .50420880    
 10.584530      .61295230    
 10.852180      .79392710    
 9.0745340      .86235110    
 9.9981510      .94150970    
 12.722640      .85461150    
 13.272270      .82876810    
 13.768140      .77701180    
 14.171030      .70593600    
 18.793990      .70950060    
 16.385270      .55959500    
 19.837240      .56214090    
 18.579390      .49920850    
 16.434640      .46396110    
 12.887750      .40298980    
 9.7902140      .29768770    
 6.6914630      .16688700    
 6.4178040      .27104480    
 6.2365410      .49370650    
 6.0834670      .70672760    
 7.9622010      .96376000    
 8.3777770      1.1536660    
 11.687400      .12584260    
 12.846930      .13982230    
 15.705250      .25959740    
 19.295430      .25905620    
 24.121270      .16010540    
 22.825000      .65834000E-01
 12.292160      .12912810    
 2.1416680      .24992220E-01
 4.0251210      .10886640    
 2.9463110      .12350080    
 8.6233430      .24859180    
 10.990090      .25979250    
 13.336320      .11555140    
 13.232240      .11378370    
 12.768960      .13229120    
 14.230390      .80137990E-01
 15.889480      .15892280    
 17.692740      .70060950E-01
 16.730940      .20150590    
 13.919880      .23850500    
 9.8055510      .14286320    
 6.6180210      .12213100    
 6.4387420      .29398060    
 6.1894860      .43020440    
 6.0117150      .51232370    
 5.9133770      .53097350    
 7.9405350      .57463590    
 8.3719250      .55130550    
 6.2779480      .46253560    
 6.9963090      .52502880    
 7.7693960      .62333580    
 8.6797570      .71711220    
 8.8709440      .89593030    
 9.8304360      .95417520    
 12.671980      .80887620    
 13.105880      .76886670    
 13.476060      .70917740    
 13.745830      .63174070    
 13.891300      .54917750    
 16.141040      .47656800    
 19.968390      .48395510    
 18.537740      .42276570    
 16.078390      .40181840    
 12.453750      .34953650    
 9.1145790      .21831620    
 6.1238310      .26136840E-01
 6.0315290      .29336520    
 5.9408640      .53794910    
 5.8680420      .75236580    
 7.9767260      1.0156520    
 8.4393280      1.1967240    
 11.590750      .16964630    
 12.908950      .19070530    
 16.042370      .23943240    
 20.198760      .19468010    
 23.880660      .84962440E-01
 18.013110      .13229060    
 6.6016550      .92950770E-01
 4.8599800      .10994480    
 7.8128580      .11090000    
 9.3329280      .14982720    
 10.474080      .26501960    
 11.423270      .20609780    
 12.180590      .13473990    
 10.369410      .16007710    
 11.109300      .13878780    
 14.915270      .15155600    
 16.649690      .16783480    
 18.706920      .16646160    
 17.766360      .21694610    
 14.294310      .22287370    
 9.6080310      .16653740    
 6.1501330      .18144180    
 5.9729040      .30182190    
 5.6854350      .43191460    
 5.4477220      .50972840    
 5.2776440      .52602640    
 7.9571760      .63254920    
 8.4356720      .63637720    
 5.7310560      .50973950    
 6.3435750      .57580480    
 7.0804480      .65954580    
 7.8630720      .72890740    
 8.6231980      .76890570    
 7.6369390      .97641900    
 11.070740      .76154400    
 11.340180      .71727350    
 11.450740      .65740460    
 11.399450      .57494800    
 11.175530      .47920490    
 13.684270      .39950270    
 18.905250      .40924930    
 17.596190      .35064820    
 15.089680      .35582490    
 12.404720      .31610970    
 8.9075890      .19744820    
 6.6789220      .16547660    
 5.9017520      .38492660    
 5.5519800      .61562450    
 5.4385430      .82304700    
 9.2491260      1.1294160    
 10.228110      1.3178670    
 11.464810      .21798970    
 12.933500      .18449980    
 16.392520      .20632900    
 20.851390      .14079420    
 21.906080      .88275030E-01
 14.007980      .12530430    
 5.4106100      .36794150E-01
 8.8435860      .15880890    
 13.538580      .36352520E-01
 11.905920      .16138800    
 10.079050      .19136290    
 11.163730      .18168300    
 9.5728780      .17857970    
 7.1608200      .16572010    
 9.7779870      .16291750    
 15.657850      .16248090    
 17.824490      .17240270    
 19.875950      .19490250    
 19.010560      .19163710    
 14.554450      .21017730    
 9.2102210      .18038950    
 5.6540320      .16812540    
 5.4539250      .30166220    
 5.1224110      .43648890    
 4.8167400      .50527430    
 4.5716200      .51348560    
 8.0197800      .69945470    
 4.6415410      .49665140    
 5.2396370      .53429450    
 6.0352420      .60510090    
 6.9555600      .67686410    
 7.9023490      .72295090    
 8.7992560      .73446540    
 7.6637850      .97399200    
 11.342700      .67704660    
 11.590790      .62267890    
 11.671540      .55695570    
 11.595880      .45995390    
 11.355920      .34220910    
 14.508050      .26877470    
 19.862340      .26460810    
 18.172370      .26021440    
 15.232060      .32439020    
 12.054620      .31986060    
 9.0116360      .26661230    
 7.3493850      .32018640    
 6.2751260      .50177680    
 5.8250560      .70478560    
 5.6724760      .89282100    
 9.6719760      1.1975070    
 10.625040      1.3707870    
 11.338160      .21097950    
 12.541690      .11542360    
 16.444350      .19025140    
 20.208330      .16315320    
 20.601900      .11693680    
 14.245550      .85792150E-01
 10.015650      .14814450    
 12.352360      .16341310    
 15.307810      .63290690E-01
 20.228030      .66895260E-01
 12.190340      .95583110E-01
 9.7242460      .17387450    
 6.0701440      .17651410    
 3.8656520      .10984700    
 9.4460260      .15655720    
 16.359690      .92790590E-01
 19.127780      .16378830    
 21.156160      .16600910    
 20.250530      .12810640    
 14.366620      .20166200    
 8.4116290      .14311660    
 5.2697070      .11921070    
 4.9125200      .31707220    
 4.5201950      .44523860    
 4.1361950      .49438740    
 3.8143980      .48634120    
 3.6394870      .47490920    
 4.0403500      .48267520    
 4.8281380      .54038450    
 5.8222800      .61777870    
 6.9216260      .67813830    
 8.0223970      .70033930    
 9.0470150      .68183970    
 11.194800      .65251370    
 11.606690      .57789180    
 11.823300      .52391020    
 11.867540      .46059570    
 11.771650      .34844140    
 11.538610      .19380480    
 15.579260      .16120140    
 20.948530      .10870370    
 18.435830      .22623040    
 15.254710      .33719570    
 11.898680      .36810260    
 9.3707760      .37782200    
 7.9399290      .46387340    
 6.6130330      .62270610    
 6.0980210      .79985750    
 5.9198310      .96676050    
 10.134230      1.2697980    
 11.058200      1.4251040    
 11.456080      .18992780    
 11.993380      .84173580E-01
 14.370120      .23006360    
 16.390970      .23745350    
 19.059610      .10875770    
 14.460160      .13898350    
 16.557010      .23152480    
 12.846040      .16448450    
 16.431280      .57398770E-01
 18.947270      .77024590E-01
 10.897060      .62268990E-01
 7.2172970      .19505670    
 3.0855660      .14664080    
 2.5584820      .79439630E-01
 10.312710      .14465370    
 16.784060      .60962390E-01
 19.948740      .14994160    
 23.911090      .36838300E-01
 20.357400      .12539830    
 14.025260      .21290070    
 7.7479180      .11470640    
 4.5192760      .17841400    
 3.3515750      .35626090    
 2.4368860      .45066760    
 1.8002350      .46607910    
 1.5609380      .43347000    
 2.8560760      .41434430    
 3.4983940      .45233620    
 4.5488570      .53503950    
 5.3146100      .61875640    
 6.5055430      .66599540    
 7.9238420      .66392980    
 9.4992680      .61443200    
 12.815120      .55117890    
 11.536690      .46705180    
 11.569660      .42974650    
 11.567510      .38044920    
 11.587640      .25831370    
 11.730970      .38718150E-01
 16.890060      .12341660    
 21.149140      .67668970E-01
 18.460690      .27071490    
 15.612830      .38637080    
 12.200760      .44901040    
 9.8695690      .49876550    
 6.7184040      .60501690    
 5.6692910      .74083760    
 5.4536500      .89047360    
 5.3858220      1.0297640    
 7.8822210      1.2819710    
 8.2053890      1.3982550    
 12.023330      .18293270    
 13.134680      .16192160    
 15.103400      .22848780    
 16.639690      .22888780    
 17.559340      .17242190    
 16.649280      .19905720    
 15.600780      .21960970    
 14.899510      .17825780    
 16.720780      .15428830    
 15.600250      .14725160    
 10.347600      .15316680    
 7.0336590      .20717780    
 3.6253840      .15243740    
 5.3480400      .14926840    
 12.020070      .15849890    
 16.717190      .14286520    
 19.893200      .99200080E-01
 23.168300      .10283290    
 18.223720      .20520710    
 12.285840      .24945900    
 7.1951970      .20935240    
 6.1629130      .28425090    
 4.6839680      .40754270    
 3.3976670      .45909060    
 4.4116290      .42418300    
 2.6317480      .36376570    
 2.2021190      .34075950    
 3.1069830      .41772100    
 4.3977720      .52841260    
 4.9244590      .67059830    
 7.0527050      .64471600    
 8.4775580      .61484940    
 9.8279130      .52818820    
 12.039930      .42274200    
 11.827260      .35164320    
 12.119320      .35521600    
 12.400670      .32889540    
 12.718850      .21330270    
 13.483750      .86548690E-01
 18.136600      .12341030    
 19.194470      .19843910    
 17.046630      .35118720    
 14.596290      .45405830    
 11.462380      .54303840    
 9.5000950      .61413070    
 7.8483190      .71462270    
 6.4748390      .84114090    
 6.2109710      .97252770    
 6.1744370      1.0935370    
 9.5602840      1.3430030    
 10.070240      1.4430140    
 12.942120      .22635170    
 14.239500      .17912900    
 15.678350      .21265330    
 16.490160      .24020540    
 16.461660      .21778420    
 15.453020      .19252780    
 14.607610      .20138260    
 14.104860      .21741900    
 15.749350      .21152530    
 13.871590      .16614610    
 10.163490      .17282740    
 7.3762200      .21902750    
 5.2497680      .18412350    
 6.4134150      .17367330    
 10.604640      .22412650    
 16.629890      .15863100    
 19.444170      .36406520E-01
 22.564360      .15453820    
 16.614850      .21814890    
 14.559760      .23805730    
 9.0981810      .28531460    
 6.8390100      .37611360    
 4.9421420      .45049100    
 6.4427310      .41207030    
 4.2801490      .36141170    
 1.9069620      .26027610    
 1.6449680      .25815410    
 2.9034900      .39654380    
 3.6931290      .56371690    
 5.2208830      .64227220    
 6.8111740      .64635530    
 8.7798690      .55839700    
 10.205890      .43199850    
 12.163460      .28554260    
 12.161640      .24758020    
 12.531540      .31224950    
 12.999380      .30877490    
 13.789410      .20918650    
 15.568850      .35972560E-01
 18.541710      .17455360    
 17.825620      .31106350    
 16.243310      .43880930    
 14.312700      .52517780    
 11.175050      .64522280    
 9.4750540      .72663180    
 15.558550      1.1314680    
 6.5514830      .93875710    
 6.3095560      1.0522510    
 6.2998330      1.1543510    
 9.8469130      1.4002320    
 10.295770      1.4846130    
 13.923520      .23524260    
 15.205530      .11699340    
 15.929440      .19956910    
 16.032310      .25734050    
 15.433610      .21690840    
 14.234030      .11912110    
 13.741180      .19296810    
 13.427670      .25300610    
 14.403070      .22555090    
 12.262600      .10913660    
 10.268500      .16706770    
 8.1409610      .22928270    
 7.0721470      .16831570    
 8.6869460      .12633610    
 12.593070      .21676560    
 16.864060      .18038450    
 19.592190      .14363670    
 22.231160      .13671820    
 18.077700      .18209130    
 15.199200      .27023180    
 12.885990      .32114910    
 7.2844750      .44973810    
 8.9341580      .38539420    
 6.9842270      .37165700    
 4.1486620      .28702010    
 1.0201640      .12698310    
 1.3633510      .21157630    
 2.4328190      .42056580    
 3.8281120      .56259500    
 5.3458970      .62700290    
 6.9475240      .60889390    
 8.6018310      .50942990    
 10.401090      .33481800    
 12.338720      .13332820    
 12.729120      .19724260    
 12.888640      .31976870    
 13.191510      .32553790    
 13.731160      .21930620    
 13.909670      .12363310    
 14.671260      .24465060    
 10.579980      .42201640    
 9.7089600      .52586410    
 11.616490      .55700560    
 8.3050850      .69435040    
 7.0326750      .78650290    
 12.000630      1.0188240    
 14.287190      .96242530    
 9.1414020      .87751370    
 8.8960740      .97607540    
 10.715140      1.1480550    
 10.727500      1.2664660    
 14.652980      .24222190    
 15.385840      .37432880E-01
 13.483030      .22087350    
 12.595260      .27519190    
 12.538800      .19275190    
 12.849910      .37554700E-01
 11.440090      .22620290    
 10.922370      .28810080    
 11.081300      .21757820    
 11.716490      .44134500E-01
 10.437370      .19517110    
 9.4262160      .23723500    
 8.8283150      .11699320    
 8.0366030      .11131620    
 9.5049980      .19392930    
 13.666510      .20543530    
 18.001560      .18124860    
 22.188810      .36987450E-01
 19.013930      .19290170    
 16.079380      .29649430    
 14.956550      .34417170    
 11.936270      .35602240    
 10.526670      .34821450    
 7.6829290      .32454580    
 4.2013460      .22654580    
 .61098210      .45644590E-01
 1.2693190      .25937880    
 2.4121540      .45650460    
 4.4358780      .57081950    
 4.5369290      .58570340    
 6.2102240      .54490700    
 8.1007430      .43331320    
 10.148370      .25455610    
 12.122410      .44584800E-01
 12.075370      .21322410    
 12.006900      .31488110    
 12.001350      .31101840    
 11.992760      .23159800    
 11.500710      .21051080    
 12.556510      .30488260    
 9.5275670      .45406900    
 9.2285560      .55369600    
 9.2239610      .61290500    
 6.0346850      .78613350    
 7.2116640      .75903520    
 16.715250      .86389000    
 14.131040      .91801920    
 9.5576300      .87973610    
 9.2152270      .97944500    
 10.992870      1.1560500    
 10.922740      1.2748630    
 13.348070      .21025930    
 12.672730      .14087880    
 11.342630      .22972180    
 10.835810      .25885060    
 10.810070      .17857360    
 10.503410      .14362900    
 9.6631280      .24168830    
 9.5133800      .27582090    
 9.7530140      .20291260    
 9.6406260      .14430690    
 8.8776370      .21861060    
 7.9346850      .22959330    
 6.7221100      .13605450    
 4.4667530      .11457510    
 7.3005500      .21154490    
 12.757870      .27389210    
 19.148740      .19255590    
 23.165970      .11257390    
 20.837380      .21901110    
 18.133300      .29567060    
 19.360540      .36717690    
 16.947880      .33206290    
 13.226440      .31552950    
 8.9926490      .30038250    
 4.6537630      .22243690    
 1.9511310      .18090140    
 2.3276450      .35949160    
 3.3256760      .48972920    
 5.0573150      .52851380    
 4.5068010      .56587360    
 6.1866100      .50583990    
 8.1000860      .38740050    
 10.089750      .22868360    
 11.313470      .15141850    
 11.218280      .24703000    
 10.885010      .31961030    
 10.447630      .30683290    
 9.8059390      .24148460    
 9.1339600      .23595780    
 10.661800      .33850280    
 8.6693860      .47938430    
 8.9175530      .57383650    
 9.3091750      .62459140    
 6.7192820      .69560330    
 6.2169180      .80851650    
 16.435910      .80831200    
 13.989260      .86675250    
 13.445680      .94788010    
 9.4945420      .97766050    
 11.229360      1.1616790    
 11.077850      1.2818020    
 11.185850      .22200990    
 9.8052350      .15882170    
 9.0704090      .22443800    
 8.9005240      .25420320    
 8.5782800      .19368640    
 8.0608680      .16942400    
 7.8200120      .24412220    
 8.0162160      .26958260    
 8.1322820      .20142330    
 8.4050130      .16102560    
 7.1874050      .22862630    
 6.1567130      .24308410    
 6.3537490      .16006320    
 1.4735180      .25530530E-01
 7.7786760      .22231510    
 13.973120      .27515490    
 19.756740      .20900450    
 24.179330      .15686510    
 21.795330      .22693730    
 20.702450      .29276530    
 19.782870      .29732600    
 17.223240      .22641320    
 12.825970      .25323970    
 8.8441400      .29112790    
 4.8273630      .26638970    
 1.2947390      .25630020    
 1.5568810      .38716230    
 3.8011930      .53409180    
 5.5055510      .51888540    
 4.3598410      .54052590    
 6.0009210      .46678850    
 7.8718660      .35353310    
 9.6860300      .22730620    
 10.493940      .18113470    
 10.218150      .25884190    
 9.5687380      .32056000    
 8.6377580      .29265790    
 7.4235550      .20834160    
 6.9631080      .21156860    
 9.1758670      .35933630    
 8.1089910      .50033570    
 8.9362050      .45837810    
 9.3092500      .52468880    
 6.3841200      .72554880    
 12.662380      .64445970    
 14.808780      .75350900    
 13.867020      .81207640    
 13.388360      .90958320    
 13.077500      1.0113220    
 11.415830      1.1671410    
 11.186040      1.2883110    
 8.7672820      .20476250    
 6.9445900      .96521790E-01
 7.0786410      .22477710    
 6.9962660      .25511860    
 6.2864090      .17244750    
 5.7212310      .12783680    
 6.2399760      .24633220    
 6.5974280      .26414680    
 6.4968780      .16452190    
 6.7551650      .11790020    
 7.6168290      .25127780    
 8.7617880      .26669900    
 10.355390      .13555130    
 11.759440      .90190480E-01
 14.880740      .24461440    
 19.045020      .27776040    
 22.930350      .19659890    
 25.278800      .11260640    
 23.326310      .22252630    
 20.719360      .24882750    
 17.883130      .14964970    
 17.518300      .10549790    
 11.974980      .22382680    
 8.7621740      .31232910    
 1.7053910      .25599200    
 1.4924100      .29351510    
 1.7411790      .43132900    
 3.7170360      .43431960    
 5.9135020      .50353830    
 4.0708160      .50452930    
 5.6335840      .42294630    
 7.4335090      .31942560    
 9.1409140      .19584370    
 9.6904130      .14179900    
 9.1428070      .26272850    
 8.1701970      .31917130    
 6.7708050      .26141290    
 4.9769540      .11717850    
 5.3693190      .17782560    
 8.2403180      .38763070    
 8.4220540      .33924490    
 8.7706510      .42100040    
 9.5685830      .49203300    
 13.405210      .59802290    
 13.060750      .58469210    
 14.653610      .67234560    
 12.727710      .76511230    
 12.324410      .87908210    
 13.109990      .99313240    
 11.544960      1.1743410    
 11.241910      1.2949980    
 4.8717320      .17958120    
 4.5016500      .10159180    
 3.6720650      .23715530    
 3.4284330      .24666400    
 3.6063240      .11733320    
 4.1431900      .12666300    
 4.8629610      .25405310    
 5.4235220      .25204090    
 5.3329510      .11328230    
 7.8603610      .13791890    
 10.868170      .23711770    
 10.724860      .19721120    
 15.799490      .92783810E-01
 18.226760      .16529240    
 20.377930      .29876970    
 22.205720      .27351850    
 24.555540      .15945700    
 24.662210      .79731550E-01
 20.947710      .17947540    
 18.700590      .17584050    
 17.533240      .25206510E-01
 16.587920      .10290900    
 10.800230      .22422860    
 5.6199820      .22243600    
 2.6937730      .23465030    
 1.9565680      .29325210    
 3.5201880      .35443290    
 3.8649230      .40201150    
 4.1027020      .43599530    
 3.6239770      .45277030    
 5.0878140      .36936670    
 6.8403550      .27762810    
 8.5492650      .12823730    
 8.7731760      .12337490    
 8.0158900      .28647690    
 6.8398220      .32256130    
 4.6068720      .23303540    
 3.7959720      .44390820E-01
 5.3125450      .17958120    
 6.7936070      .20788550    
 6.8373070      .27442890    
 8.3881130      .38812840    
 9.8839920      .45117430    
 11.676900      .50267970    
 12.190700      .49897810    
 13.154540      .59660660    
 11.220050      .72975150    
 10.410400      .87416930    
 9.4666020      1.0066650    
 10.773590      1.2319190    
 10.176640      1.3467300    
 4.3208680      .19689560    
 3.5465990      .17901510    
 3.0439490      .23080410    
 3.3230180      .22281210    
 4.1846990      .13895950    
 5.2681980      .17878360    
 6.1240480      .24892560    
 7.0109660      .23904530    
 6.4009830      .17327170    
 10.745490      .19016300    
 12.684470      .20925320    
 11.952020      .11111060    
 15.621340      .11920310    
 17.521020      .24960460    
 19.591680      .24645870    
 21.865990      .25311090    
 23.455150      .16535420    
 21.420180      .13116850    
 18.361960      .11140210    
 16.938840      .15698520    
 15.169770      .15033370    
 14.305180      .19852610    
 9.0744830      .21907670    
 4.2411750      .14537360    
 2.4870410      .20307520    
 2.5213990      .26209830    
 3.5765740      .30081580    
 3.3240050      .36463840    
 3.0313960      .39896120    
 1.6692430      .39557260    
 3.1784330      .31817760    
 5.4368100      .24730230    
 7.9501240      .13605220    
 8.3861730      .21182660    
 7.8420390      .32417730    
 7.1571190      .32292740    
 6.4162360      .21807020    
 6.1294000      .14278020    
 6.4029040      .17108670    
 6.4816460      .10100000    
 7.5329940      .23776800    
 9.1858700      .36490000    
 10.758820      .40064810    
 12.485450      .40585410    
 12.812180      .40700180    
 13.258500      .52656330    
 11.445660      .70169660    
 10.475790      .86680370    
 9.4459420      1.0093380    
 10.729980      1.2406220    
 10.120940      1.3569680    
 3.5291150      .24763320    
 2.6037490      .19369880    
 2.5356750      .20299600    
 3.5890870      .21919230    
 5.2439640      .18198580    
 6.6626840      .18116990    
 7.7508750      .24093550    
 9.1928740      .25041900    
 11.484090      .20899880    
 12.730580      .18948710    
 14.808910      .16932820    
 15.985810      .42325740E-01
 19.798880      .14578280    
 17.213910      .18140820    
 18.978560      .22568560    
 20.165960      .24497390    
 15.856080      .26024700    
 18.448570      .11384810    
 16.282710      .82917780E-01
 15.694980      .20753230    
 13.742250      .25524500    
 10.419540      .28344860    
 7.3484610      .19521530    
 2.8183290      .25486910E-01
 2.8245010      .19111700    
 3.3411400      .19836090    
 5.0831990      .24171990    
 3.2270550      .32235600    
 2.5978040      .33643520    
 1.3356180      .28947790    
 2.9973680      .24447740    
 5.4323220      .24082410    
 7.7374070      .23391270    
 8.0604650      .31077670    
 8.0314450      .36730520    
 7.9261580      .33166490    
 8.1250920      .22516550    
 10.855350      .20860520    
 7.9128000      .14095180    
 6.7470810      .66173450E-01
 8.2337640      .26188080    
 9.7693830      .35425630    
 11.643440      .33599140    
 13.126950      .27226560    
 13.265360      .31594150    
 13.293230      .48091990    
 11.807140      .70527790    
 10.880090      .89315230    
 9.9328660      1.0544890    
 12.220580      1.3631110    
 11.614780      1.4873240    
 2.7102330      .26416560    
 1.7135740      .13429690    
 2.3650560      .17151780    
 4.2349940      .22481980    
 6.5067660      .16741360    
 8.2235100      .12977850    
 9.6214790      .24377770    
 11.678950      .26747020    
 14.719760      .20669110    
 16.984830      .13005310    
 21.207080      .14753170    
 27.617540      .98266210E-01
 23.751790      .13049510    
 16.546650      .86039740E-01
 16.151670      .24455490    
 15.803930      .28258870    
 16.385280      .17113720    
 15.676410      .84747770E-01
 15.890760      .18770400    
 15.637360      .30531340    
 9.5950090      .40268260    
 8.8120150      .31774670    
 5.7429790      .20245690    
 3.5492390      .14266460    
 3.8192750      .19404790    
 4.5013950      .90825090E-01
 4.1823650      .19291130    
 3.1402120      .29837000    
 2.1525480      .26918910    
 1.0860340      .16221720    
 2.9015970      .20534150    
 5.3431460      .28011980    
 7.4608450      .33220340    
 7.9676960      .39338650    
 8.4235740      .40704320    
 8.9660610      .33913810    
 12.082070      .23326120    
 11.777850      .96998220E-01
 9.2095170      .14451430    
 8.0145680      .19945370    
 9.3832930      .31601860    
 10.947470      .31456600    
 12.554240      .26111260    
 13.983870      .13735650    
 13.455770      .26441210    
 12.972290      .46570980    
 11.754010      .72828780    
 10.761390      .92054950    
 9.7772750      1.0802910    
 12.102590      1.3901480    
 11.503470      1.5083170    
 2.0491100      .29660430    
 1.1399580      .25703500E-01
 4.0022250      .18665610    
 6.4885880      .23255860    
 8.3317490      .11634250    
 9.0594660      .12586790    
 9.9976480      .24689500    
 12.547470      .25684400    
 19.807070      .17172290    
 21.979580      .68888950E-01
 29.171980      .14614850    
 39.665800      .24984900E-01
 25.486340      .11607870    
 17.629620      .11927300    
 17.350450      .20283410    
 18.452570      .17418040    
 16.043320      .98977790E-01
 15.275040      .14479340    
 15.675330      .32368470    
 12.010180      .33698420    
 6.9880710      .37894110    
 5.0421870      .34608080    
 3.7463450      .27179450    
 3.7576770      .24205530    
 4.3559030      .20370970    
 4.7731490      .76555330E-01
 3.6719100      .22934330    
 2.4990450      .29142200    
 1.3064010      .20709880    
 .37007110      .25618790E-01
 2.6448670      .23613460    
 4.7189760      .36075330    
 6.3420990      .45646380    
 8.9356780      .46493630    
 10.277790      .45165040    
 11.422760      .35512280    
 12.398080      .16841940    
 12.150080      .97740220E-01
 9.9397490      .17416010    
 8.8981800      .18551720    
 10.425460      .25590580    
 11.937590      .28910120    
 13.417430      .19730370    
 14.464570      .38848480E-01
 13.013290      .28505640    
 12.265310      .47630290    
 11.620320      .77483980    
 8.4767860      .74192330    
 7.3982000      .84535200    
 8.2231430      1.0064820    
 7.9746640      1.1350050    
 3.0427340      .25385430    
 3.4091880      .13350560    
 5.9153640      .20596970    
 7.7403030      .22124450    
 8.8339490      .14376840    
 9.4477050      .18647800    
 12.386140      .25203570    
 16.921900      .24301420    
 22.057420      .14246260    
 25.656380      .13340910    
 33.271760      .13961040    
 33.807640      .12699590    
 23.577970      .17483840    
 18.415320      .17138090    
 19.038670      .15277450    
 18.564130      .10496090    
 14.649600      .13708040    
 15.558140      .27548070    
 10.431770      .27607030    
 6.0816520      .37797520    
 4.7649440      .41409410    
 4.2062340      .39292280    
 3.2828020      .38171230    
 3.9719940      .32169050    
 4.6023820      .25707820    
 5.2237680      .23562170    
 3.5312280      .30122180    
 2.4162390      .30725120    
 1.3017470      .19998800    
 1.2294530      .15782270    
 3.3445150      .31250960    
 5.3715980      .42932480    
 6.3058090      .56252500    
 8.7504780      .57609100    
 12.328480      .46681710    
 12.688020      .34874750    
 12.814770      .20132210    
 11.697130      .18780900    
 10.080880      .17255270    
 10.992200      .15771070    
 11.039670      .25316950    
 12.320550      .28525140    
 13.474630      .20111610    
 13.448670      .18582180    
 12.202400      .35088810    
 11.387760      .49825180    
 9.0727280      .61541390    
 7.8420470      .71307640    
 6.8479860      .81063230    
 7.7240640      .97215780    
 7.5988020      1.1096740    
 4.7025270      .25704010    
 5.8830870      .16942570    
 7.7818120      .20378500    
 8.6599680      .23136750    
 8.8870950      .20237620    
 9.1401070      .19807340    
 13.075820      .22204480    
 19.103520      .21087570    
 24.622880      .14934320    
 27.180620      .14573530    
 31.820820      .14701610    
 28.940150      .19518510    
 28.200460      .23409980    
 19.894310      .15735860    
 20.089910      .95270750E-01
 17.118490      .12876160    
 12.382080      .18517270    
 8.6448380      .18922330    
 6.2223360      .27359530    
 5.0243390      .38444770    
 4.1300750      .44494280    
 3.4779020      .46399650    
 5.8809840      .54740410    
 4.3111740      .40071070    
 4.8942510      .35583360    
 5.4574690      .37979580    
 3.4137650      .37707300    
 2.4823980      .34832790    
 1.7227590      .27152020    
 2.1900910      .29104640    
 3.9548710      .40051420    
 5.7104300      .49970100    
 6.9211650      .57578540    
 9.5078800      .57752690    
 10.986880      .49724940    
 12.081270      .37829910    
 12.666230      .27920280    
 11.434990      .24106680    
 10.318720      .12519340    
 10.481280      .12183900    
 11.379500      .28009100    
 12.360300      .31449160    
 12.988110      .27625620    
 12.381290      .31005760    
 11.225260      .41605240    
 10.408590      .51217640    
 8.2861630      .59316900    
 7.1511110      .67345210    
 6.2734700      .77063820    
 7.2442650      .93930200    
 7.2573320      1.0889840    
 6.6513830      .24866310    
 8.3724020      .11546250    
 9.1651420      .19665980    
 9.1411350      .25210740    
 8.7446110      .21644570    
 8.6676760      .13993990    
 14.349280      .18534970    
 22.044750      .16684170    
 27.116410      .11001310    
 26.959360      .81902370E-01
 29.477630      .16069480    
 28.151030      .23817150    
 24.996940      .19452460    
 20.379630      .88950980E-01
 18.978900      .13758640    
 14.849490      .20054820    
 9.9218330      .18591080    
 6.2553380      .12277490    
 4.8260630      .27052670    
 4.2480740      .41437980    
 3.7068870      .49815030    
 3.3473220      .54873140    
 5.0082560      .58273850    
 4.6347970      .48814460    
 5.1811370      .46904470    
 5.7155860      .50548400    
 3.4585590      .45083690    
 2.7693950      .40982370    
 2.3575440      .36644720    
 3.0495480      .39601720    
 4.7804440      .47483380    
 6.1983960      .55104850    
 8.0639990      .58203450    
 10.365600      .58026160    
 11.689230      .50586310    
 10.014890      .63131770    
 10.351660      .50402230    
 11.003610      .27345270    
 10.150360      .14437600    
 10.540410      .21032750    
 11.341460      .32782800    
 11.902310      .36251900    
 11.970410      .36242180    
 12.193860      .40742880    
 10.446240      .45981840    
 8.9318780      .50618590    
 7.4446730      .55217710    
 6.4341000      .62203850    
 5.7025140      .72808270    
 6.8100720      .91152260    
 6.9694430      1.0756210    
 9.7074980      .23959560    
 10.154740      .37398890E-01
 8.8062540      .21081480    
 8.0592740      .25842860    
 7.3190870      .20417420    
 8.2014500      .25522370E-01
 16.580130      .17963020    
 25.134460      .11171320    
 28.077220      .99997330E-01
 25.843390      .69439650E-01
 23.920280      .20644210    
 22.478530      .25214420    
 21.304790      .15013270    
 20.901390      .97212870E-01
 19.942100      .20427950    
 13.072220      .26821290    
 8.5230490      .14983880    
 4.0913430      .85949320E-01
 2.8017950      .26632620    
 2.3766870      .39073360    
 2.2255130      .48747350    
 3.3602050      .58399080    
 3.7708920      .58741830    
 3.9755290      .55343770    
 4.7712040      .56230600    
 5.4799950      .60243420    
 3.5069840      .51927300    
 3.1835060      .47690640    
 2.9302040      .44814510    
 3.9595580      .46946300    
 5.3713210      .51811530    
 7.1215390      .56463760    
 8.9418350      .58067880    
 11.149630      .58305370    
 10.151790      .66973140    
 10.643970      .58811070    
 10.784530      .46954050    
 10.578330      .31413840    
 9.8417260      .24670960    
 10.495540      .30780970    
 11.049150      .38873780    
 11.307970      .42353530    
 11.078230      .43677360    
 11.545710      .46916280    
 9.6768990      .47437840    
 7.9933300      .47266320    
 6.5785810      .48936030    
 5.7234370      .56190470    
 5.1653420      .68877140    
 6.4477640      .89359710    
 6.7520390      1.0722230    
 8.9193430      .20223490    
 8.5398430      .13702250    
 7.7014460      .23534800    
 7.2847860      .26646190    
 7.0897080      .17717380    
 8.9426790      .12319530    
 16.264230      .18425340    
 23.892180      .14108120    
 25.438390      .15740730    
 24.530350      .16273730    
 22.896460      .23117270    
 21.975050      .24919980    
 21.421840      .17334610    
 21.651210      .17795250    
 17.741740      .24423860    
 12.629120      .24596970    
 6.8152430      .15638520    
 2.8781040      .15707110    
 2.1099660      .27362870    
 1.9834450      .40706410    
 2.0344380      .53281610    
 3.2282750      .61607530    
 3.7530950      .63944180    
 4.3388110      .64270440    
 4.9839420      .65439110    
 5.7050270      .68394690    
 3.8125440      .58009430    
 3.7206520      .53432630    
 3.7359420      .50442610    
 4.8487500      .50442890    
 6.3307500      .53181210    
 8.0587580      .56047010    
 9.8324770      .56874820    
 10.236570      .67791580    
 10.931630      .62529900    
 11.222240      .54976090    
 11.127820      .45269400    
 10.219810      .36306310    
 9.5552710      .33507480    
 10.344820      .38228190    
 10.653630      .44351810    
 10.640510      .47754110    
 10.185150      .48929960    
 11.016880      .49819350    
 8.9772380      .45733730    
 7.0480890      .40860320    
 5.7166580      .40576820    
 5.0575100      .50212650    
 4.6932970      .66118280    
 6.1802130      .89035660    
 6.6178810      1.0806680    
 7.6225080      .19997880    
 6.8964370      .14941570    
 6.6314370      .23906170    
 6.5640610      .26250540    
 6.5027500      .18948750    
 9.1798880      .15740440    
 15.904480      .19965820    
 21.754880      .20685820    
 23.170550      .19288210    
 23.090400      .17810790    
 22.078590      .23832150    
 21.807830      .26192360    
 21.972710      .21858330    
 21.816060      .19691130    
 18.045790      .22414180    
 12.062230      .23932030    
 5.9129890      .18458910    
 1.7688270      .15592300    
 1.5016330      .27226520    
 1.7042280      .43059670    
 2.6643560      .55356250    
 3.1875770      .66135880    
 3.8052520      .69971850    
 4.4639040      .71686860    
 5.1399350      .73090880    
 5.9518890      .74394160    
 4.2250320      .62752770    
 4.5647850      .57251920    
 4.5821010      .52942850    
 5.7790080      .50857130    
 7.2773790      .51817480    
 8.1212880      .57195880    
 9.5417490      .59703170    
 11.161860      .62801420    
 11.675890      .57515010    
 11.722360      .51452240    
 11.358220      .44455690    
 9.9080630      .40115870    
 9.2814940      .39046150    
 10.104500      .43022810    
 10.187360      .48464110    
 9.9463290      .51754000    
 9.3166710      .51983160    
 7.8771200      .59334670    
 8.3799570      .41020190    
 6.0912930      .31295370    
 4.8959270      .31025150    
 4.4840460      .45941960    
 4.3144490      .65418790    
 6.0228050      .90511770    
 6.5743060      1.1014470    
 6.1768680      .15995650    
 5.4947300      .11170670    
 5.8308820      .25142620    
 5.9714550      .26461050    
 5.9774420      .17157680    
 8.5905940      .12179700    
 15.142330      .22131550    
 19.843810      .24142460    
 22.202890      .16586550    
 21.717750      .13075650    
 21.645770      .24755240    
 21.969400      .28067100    
 22.680640      .22600940    
 22.962720      .13981800    
 18.017360      .20049630    
 11.280070      .24261450    
 4.8548040      .17144640    
 .78413620      .84476080E-01
 1.1509910      .29137380    
 2.0125660      .46694710    
 2.5951730      .57528980    
 3.2345190      .71662290    
 3.9218430      .76293240    
 4.6371360      .78433100    
 5.3604540      .79160070    
 6.0682180      .78530220    
 4.7116080      .65736580    
 5.3850670      .58492960    
 5.4549560      .52088630    
 6.6771240      .47888130    
 7.6756810      .49217650    
 9.1639170      .52401880    
 10.600470      .54223640    
 12.068380      .56322180    
 12.359120      .51868650    
 12.113920      .47920620    
 11.453870      .43332830    
 9.6310840      .41329480    
 9.0244700      .41065730    
 9.7993410      .45383210    
 9.6835910      .51123060    
 9.2587940      .54326220    
 8.4954430      .53245880    
 8.3668160      .52453060    
 7.9536270      .33968850    
 5.1129690      .18671400    
 4.1926160      .23376010    
 4.0514400      .45387740    
 4.0465600      .67306940    
 5.9807880      .93840870    
 6.6230660      1.1333790    
 4.7467860      .12515290    
 4.7726930      .15191510    
 4.9322250      .25799540    
 5.1751210      .25532170    
 5.4571030      .11866600    
 6.8145820      .11883250    
 9.9281280      .20466910    
 15.453650      .20678390    
 19.229710      .10372570    
 20.945860      .12453680    
 21.752990      .26394820    
 22.565290      .28929990    
 22.785420      .18264550    
 24.237890      .25618190E-01
 17.526090      .22033770    
 10.684930      .26207270    
 4.0206780      .15070330    
 .29111660      .12488880    
 .54533740      .29208950    
 1.2810580      .42658090    
 1.9886110      .52806000    
 2.5014820      .65947880    
 3.3699690      .73135680    
 4.2625460      .77541610    
 5.1384530      .79241590    
 6.2393900      .68462390    
 5.1781710      .60420300    
 6.2558240      .56970070    
 6.3436840      .47846230    
 7.2458000      .42044780    
 8.6595170      .42782100    
 10.218560      .46431200    
 11.679180      .47516570    
 12.939600      .48292690    
 12.947650      .45682480    
 12.361540      .44114980    
 11.392930      .40922830    
 9.5176170      .39243870    
 8.7890650      .39920900    
 9.4545620      .45952860    
 9.1715630      .52734520    
 8.6050320      .55882980    
 7.7466810      .53443470    
 9.1242160      .45186470    
 7.0313110      .27414180    
 4.1615210      .38653760E-01
 3.7455760      .24196330    
 3.7798070      .49409430    
 3.8699500      .71526740    
 6.0499820      .98775880    
 6.7613960      1.1737560    
 4.8103530      .18288140    
 4.8388910      .19507380    
 5.0483810      .24449320    
 5.3831460      .23563630    
 5.8838220      .14740970    
 7.0411300      .15425450    
 10.179360      .13129260    
 16.773550      .11570250    
 20.699660      .66646500E-01
 21.170850      .15994970    
 21.180220      .24947220    
 22.647690      .22922380    
 20.133480      .17393360    
 17.720420      .12101430    
 10.649010      .21718240    
 5.2071780      .24441400    
 1.2419730      .18364920    
 .95761490E-01  .19909180    
 .63998810      .29691630    
 1.3043810      .41694070    
 2.0767700      .51907460    
 2.6170320      .68929900    
 3.5306640      .76915920    
 4.4570490      .81198860    
 5.7549160      .66389480    
 6.4823570      .66034090    
 5.4814920      .59014590    
 7.1676670      .52774240    
 7.2388350      .40356900    
 8.1143300      .32661060    
 9.6270400      .35422840    
 11.276990      .39992870    
 12.769620      .39509620    
 13.752560      .38860530    
 13.391020      .39429390    
 12.426640      .39975730    
 11.159730      .36559900    
 9.4473920      .33599040    
 10.163680      .36700340    
 10.028240      .46117930    
 10.544760      .53446970    
 10.839720      .54572960    
 10.711310      .48710080    
 10.209890      .38263230    
 8.1408910      .21964830    
 5.9272680      .12883570    
 5.9534940      .32197120    
 5.9349050      .55099150    
 5.7617670      .75735000    
 8.6101200      1.0568060    
 9.1894770      1.2663600    
 4.8856630      .22111580    
 5.1062780      .17719980    
 5.0187900      .22562620    
 5.7052230      .24929960    
 6.4489890      .21558520    
 7.3668760      .14846370    
 10.647830      .60784440E-01
 17.837190      .35422150E-01
 21.801490      .67927520E-01
 23.192300      .17188140    
 22.027820      .21068020    
 20.727800      .16516590    
 15.548200      .16542840    
 10.890840      .14156610    
 6.2293720      .21857840    
 2.7886890      .25849150    
 .41703500      .22631870    
-.38230690E-02  .20756530    
 .63436560      .27310870    
 1.4047330      .40329100    
 2.2342200      .50430530    
 2.7860870      .72321430    
 3.7277770      .80494900    
 5.2116350      .62024810    
 5.9809190      .63269150    
 6.7121650      .62492560    
 6.1237150      .55219230    
 7.8445520      .46431050    
 8.1332160      .30024970    
 8.9286910      .21182030    
 10.573960      .29245070    
 12.322990      .33670830    
 13.861320      .29855780    
 14.458720      .28785720    
 13.615350      .34160710    
 12.278170      .35655500    
 10.784230      .29813230    
 9.4020320      .24717680    
 9.8338510      .35039560    
 10.654150      .45106440    
 11.427850      .51846640    
 11.993530      .50888840    
 12.154310      .42915980    
 11.862890      .32008230    
 10.012660      .21927950    
 8.3233330      .24595270    
 7.5297680      .41852630    
 6.9433280      .62186800    
 6.4044790      .80772750    
 9.3424070      1.1174790    
 9.7630660      1.3180640    
 4.9597670      .20377220    
 5.0695620      .98828230E-01
 4.7814840      .25060620    
 4.4297540      .32046030    
 4.0808580      .25919180    
 3.6971810      .91770250E-01
 9.4055240      .10940910    
 16.933510      .14436650    
 21.831420      .15363480    
 24.741680      .12997810    
 22.076160      .12688180    
 17.882910      .98038000E-01
 9.9945890      .10874140    
 4.6834530      .80352050E-01
 3.0340060      .23229920    
 1.1989030      .27909900    
-.33457040E-01  .22939840    
-.32509500E-01  .14369000    
 .72089040      .24333790    
 1.5980470      .39445920    
 2.4617010      .48253850    
 2.9990280      .76189770    
 4.6582020      .55547040    
 5.4287940      .57184410    
 6.1909900      .59387720    
 6.9144320      .58625660    
 6.6900640      .51134880    
 8.9234180      .38655300    
 8.9846660      .18119110    
 9.7024080      .11944870    
 11.486770      .26486650    
 13.314900      .27757690    
 14.939650      .17972270    
 14.916400      .20757500    
 13.544550      .31217000    
 11.923000      .31511450    
 10.293370      .20737800    
 9.2961740      .15106390    
 10.312000      .32463550    
 11.458950      .45159460    
 12.499750      .50212100    
 13.395720      .46559640    
 13.976120      .36147880    
 13.959430      .25648760    
 12.153990      .23814820    
 10.241900      .33738330    
 8.8203330      .50863120    
 7.7584610      .69172680    
 6.8979620      .85544100    
 10.038230      1.1843480    
 10.307900      1.3741210    
 4.8431140      .17884160    
 4.5153730      .10275930    
 3.3957940      .25326520    
 2.5141690      .29462270    
 1.7502710      .21803590    
 1.0019830      .44235480E-01
 9.2306200      .16512330    
 15.395320      .22233350    
 22.148100      .17024570    
 25.857090      .24241670E-01
 23.247430      .21912430E-01
 14.101440      .11207080    
 5.7252960      .33710480E-01
 2.4941240      .13227370    
 1.2291150      .24159310    
 .61918590      .26940580    
 .22476220      .19370120    
 .71279720E-01  .26049100E-01
 .78844420      .25571150    
 1.6347470      .39964330    
 2.5748550      .46290950    
 3.8419890      .51354000    
 4.8885290      .50467320    
 6.1154410      .53777630    
 7.4030690      .56499090    
 8.6076260      .54185930    
 9.5719930      .45195640    
 11.119720      .31697020    
 9.9896450      .11278820    
 10.206400      .15271500    
 12.026390      .25585570    
 13.989210      .22332600    
 15.952760      .38177840E-01
 14.824040      .20382460    
 13.156690      .31347350    
 11.325860      .28554720    
 9.7332520      .12288700    
 9.5765290      .14148830    
 10.674020      .34674380    
 11.841010      .46198020    
 13.081900      .48184010    
 13.920440      .40708820    
 16.298230      .27728440    
 16.268330      .17956400    
 14.015780      .26337620    
 11.598200      .41703060    
 9.7335060      .59044930    
 8.3237520      .75521580    
 7.2116650      .89565250    
 10.668470      1.2549240    
 10.804120      1.4324610    
 4.4764840      .19425690    
 3.8785650      .18173130    
 3.0248070      .25289900    
 2.4655820      .27237740    
 2.1103230      .20077380    
 2.5177270      .14430720    
 8.0329260      .22842440    
 13.738370      .26255850    
 19.200120      .17292580    
 21.281600      .82123790E-01
 18.618370      .11803510    
 10.781610      .15972920    
 4.5934760      .13978620    
 1.4793840      .18283970    
 .88963060      .24971400    
 .45846490      .26867220    
 .12994090      .18021450    
 .40455900E-01  .12823250    
 .55081970      .24879850    
 1.4877070      .35132330    
 2.6478180      .39073450    
 3.9019500      .38348690    
 5.2276760      .40414960    
 6.6895610      .47291300    
 8.1670880      .51454790    
 9.5515620      .48731430    
 10.710630      .38701800    
 11.914360      .25359790    
 9.1255700      .16615510    
 10.531070      .20109030    
 12.362230      .25579770    
 14.204180      .20757930    
 15.301530      .13648560    
 13.978530      .26945670    
 12.356970      .33634230    
 10.682810      .28292110    
 9.8359560      .17060680    
 8.9205460      .23125810    
 9.7551640      .36526330    
 11.063710      .43853860    
 12.895560      .43597980    
 15.215530      .34839970    
 18.242860      .17686210    
 18.358120      .11611430    
 15.087310      .31448940    
 12.372330      .49737740    
 10.261310      .66490850    
 8.6272620      .80923080    
 7.3367730      .92470740    
 11.215590      1.3272260    
 11.238320      1.4912430    
 3.9484550      .24057210    
 3.2738470      .19792180    
 2.7530390      .23122470    
 2.6677480      .25610340    
 2.9047700      .19806170    
 3.9845170      .16057490    
 9.0997500      .23740250    
 13.684470      .26315040    
 16.711140      .17555800    
 15.220440      .24502920E-01
 14.654190      .19493860    
 8.2627470      .21660180    
 3.6494040      .19418080    
 1.7686030      .18860490    
 .45644200      .23306810    
 .19390620      .26293050    
 .54997610E-02  .20323820    
 .51114340E-01  .16734120    
 .63913720      .23383320    
 1.7249460      .31748850    
 2.9830620      .31556550    
 4.3049010      .26740780    
 5.7395150      .32291180    
 7.3208370      .43022910    
 8.9068880      .47878540    
 10.420770      .44158410    
 10.618330      .35648410    
 12.867720      .19324270    
 9.1288530      .17961640    
 10.678780      .20840970    
 12.403470      .26723490    
 13.875280      .25404190    
 14.313120      .27565510    
 12.995060      .35219750    
 11.506590      .37759230    
 9.9306880      .31997330    
 8.4777620      .26175840    
 8.8287800      .30846830    
 9.9371360      .38432050    
 11.485360      .42463940    
 13.481140      .40337810    
 15.898420      .30032800    
 18.897140      .11989320    
 17.180390      .17316480    
 13.124010      .36601560    
 10.031600      .53334750    
 11.833250      .76418700    
 10.237850      .89028800    
 8.8598790      .97870170    
 13.209300      1.4420270    
 8.8037270      1.1034000    
 3.3950860      .24818160    
 2.7286680      .14033210    
 2.6840500      .20375020    
 3.1148870      .24470690    
 3.9199710      .16157270    
 4.9278110      .11838010    
 7.3042320      .25477900    
 9.5998650      .27833980    
 11.901060      .16961950    
 12.804140      .88865040E-01
 10.875450      .20889990    
 5.8283340      .23955740    
 2.5837240      .18300800    
 .55490930      .10100510    
 .13814420      .23062500    
 .20673720E-01  .27255870    
-.51026470E-01  .21066800    
 .47684830E-01  .11514960    
 .84857070      .21248900    
 2.0602400      .28741870    
 3.3798640      .23088060    
 4.7338870      .13516020    
 6.3124090      .28334510    
 7.9847970      .41690040    
 9.6523560      .45922430    
 11.281820      .40419480    
 11.323490      .27130080    
 13.975400      .95793660E-01
 9.0608560      .11710770    
 10.707810      .20731120    
 12.232570      .30343970    
 13.265070      .33731170    
 13.361600      .39471150    
 12.005380      .43145000    
 10.638420      .42886000    
 9.1775880      .37565330    
 7.8282980      .33654960    
 8.2912920      .34827460    
 9.3116950      .38105950    
 10.805950      .40117040    
 12.714040      .37396350    
 14.870650      .27999350    
 16.875290      .18483100    
 14.917550      .26499660    
 11.768530      .42633200    
 9.1677060      .58269070    
 10.482440      .77212200    
 9.0600570      .87919320    
 7.8250200      .94794270    
 8.9743980      1.0213610    
 7.9795200      1.0414030    
 2.8897350      .22211160    
 2.3164850      .25584120E-01
 3.1807330      .21613860    
 4.0065780      .24615880    
 4.8336150      .11344510    
 5.0755830      .13999140    
 6.8902860      .25288520    
 8.6991130      .25367820    
 10.422420      .14965930    
 10.453000      .71735140E-01
 7.7369530      .24537780    
 4.7512080      .27356320    
 1.7292860      .15365140    
 .00000000      .10204210    
 .00000000      .25239540    
 .00000000      .28886310    
 .00000000      .19565750    
 .11674810      .37415540E-01
 1.2085090      .21878920    
 2.4038160      .26210780    
 3.7010750      .15788950    
 4.5349250      .85974750E-01
 4.6780090      .27092250    
 5.4673500      .37620350    
 6.8125130      .39892380    
 8.7405410      .33188630    
 11.826510      .18667820    
 13.365270      .56133350E-01
 8.8203530      .38692170E-01
 10.517550      .25158370    
 11.675040      .36879680    
 12.291980      .43552820    
 12.179780      .50419320    
 11.067950      .50953900    
 9.8909340      .48268070    
 7.6726650      .41152940    
 6.7083950      .36874090    
 7.5873100      .34520040    
 8.4911700      .35079340    
 9.8858250      .37085850    
 11.564210      .35190360    
 13.185210      .28200510    
 14.298300      .24472110    
 12.509350      .32648620    
 10.167450      .47401550    
 8.1071710      .62086840    
 9.1011640      .77600930    
 7.8636640      .86107890    
 6.7790760      .90731530    
 8.0313720      .96046320    
 7.1178780      .96745250    
 2.2122400      .21763240    
 2.3166640      .12861460    
 3.0405840      .21061080    
 3.7726630      .21952850    
 4.2924740      .15633630    
 4.4950520      .19358960    
 5.3226500      .24990210    
 7.0194750      .25008830    
 9.0639210      .15337630    
 9.6910750      .14930600    
 7.5058050      .22792670    
 4.5785930      .23663860    
 1.6026490      .16387720    
 .00000000      .17476190    
 .00000000      .25543050    
 .00000000      .26969760    
 .00000000      .17913930    
 .27832850      .14003590    
 1.2419040      .23158020    
 2.3236480      .24961000    
 3.3019420      .15943130    
 3.4898740      .16024150    
 3.7301500      .26971110    
 4.6151380      .35383330    
 5.9171930      .35508300    
 7.6693720      .26920720    
 10.287780      .16090380    
 9.7820770      .13849510    
 7.6574340      .17528000    
 10.019280      .34003060    
 10.994620      .45514760    
 11.418300      .53093300    
 11.224650      .59077980    
 10.143310      .57235110    
 7.7254860      .48447780    
 6.8026780      .43289090    
 5.9706910      .36251810    
 6.7179290      .29799460    
 7.5012400      .29796560    
 8.7670130      .34015210    
 10.089110      .33244260    
 11.100310      .27483780    
 11.636470      .25948400    
 10.197980      .35780920    
 8.5559490      .50949920    
 6.9915160      .64898090    
 7.7542490      .77359460    
 6.6913150      .83366010    
 5.7522580      .85471090    
 7.0458630      .88476370    
 6.2384190      .88139790    
 2.2076490      .24213600    
 2.3199180      .17249120    
 2.9166330      .19641810    
 3.4283860      .22632060    
 3.5498330      .20629860    
 3.6335470      .19193860    
 4.7360450      .22163910    
 6.7399130      .24399120    
 8.6690250      .19802060    
 9.2815950      .17977580    
 7.2474580      .20390020    
 4.2262270      .23006150    
 1.4570970      .19166110    
 .00000000      .18126850    
 .00000000      .24762600    
 .00000000      .26189400    
 .00000000      .18936030    
 .34808960      .15901560    
 1.1765540      .23577470    
 2.0048230      .25459570    
 2.4344480      .19316400    
 2.3452180      .16705360    
 2.7677720      .25439870    
 3.7152620      .33271250    
 4.8054370      .30826780    
 6.0553470      .19789160    
 7.9710370      .16061850    
 7.2449560      .20699150    
 6.5874700      .27697990    
 9.4867510      .44283370    
 10.297610      .54804990    
 10.580160      .61886570    
 8.2798720      .52938100    
 5.6661000      .56242500    
 6.7663890      .49999590    
 5.9962210      .43038090    
 5.2809220      .31959050    
 5.6975770      .20684700    
 6.4335400      .24157990    
 7.5438550      .31777360    
 8.4207740      .30692930    
 8.8518400      .23309040    
 9.0535050      .23385180    
 8.1348190      .37619590    
 7.0729390      .53963390    
 5.9127530      .66925460    
 6.4882430      .76359920    
 5.5758700      .79523490    
 4.7690100      .78842690    
 6.0357360      .79333690    
 5.3631590      .78415570    
 2.2022540      .25964010    
 2.2628350      .12931070    
 2.6986160      .17290870    
 2.9686770      .24219500    
 2.8165460      .21051870    
 2.6524240      .11962530    
 4.3101150      .20203680    
 6.5003700      .25858940    
 8.2937230      .22131870    
 9.1535160      .13049240    
 6.9496890      .17341180    
 3.8795650      .23044450    
 1.2501880      .17033280    
 .00000000      .13014080    
 .00000000      .24550950    
 .00000000      .25910790    
 .00000000      .16100620    
 .32428860      .11722500    
 1.0002360      .24688710    
 1.5054300      .26693840    
 1.4851470      .18489940    
 1.1843790      .98915400E-01
 1.9582180      .24851110    
 2.8458890      .31904070    
 3.5705570      .25899380    
 4.0006540      .91703150E-01
 5.9157420      .17476360    
 5.4961190      .27215620    
 5.6442160      .34267380    
 8.9659490      .54572530    
 9.6266630      .63882510    
 7.3559540      .48455320    
 7.1275390      .53663750    
 5.0729070      .55860630    
 4.9551770      .51270530    
 5.2852440      .41115550    
 4.6759910      .25430110    
 4.5613990      .74725650E-01
 5.4714190      .22305080    
 6.3329990      .30930220    
 6.7233360      .27022730    
 6.5709500      .14322120    
 6.8199750      .20527000    
 6.4429730      .40439030    
 5.7855670      .57086310    
 4.9205960      .68335970    
 5.3333130      .74520900    
 4.5415560      .74467130    
 3.8484960      .70721630    
 5.0187980      .68605280    
 4.5188500      .67822680    
 2.3409980      .29633840    
 2.1908160      .25672970E-01
 2.1333690      .19205190    
 2.0754100      .26208370    
 1.9615980      .19010660    
 2.0369110      .37471100E-01
 4.2961730      .22087070    
 6.4711250      .28246360    
 7.9585690      .22226900    
 9.5848620      .25618240E-01
 9.0524830      .14676550    
 5.9978200      .20595670    
 1.9802960      .11348190    
-.25314160      .12514140    
-.11997410E-01  .24404860    
-.37606810E-02  .24223350    
 .84849730E-02  .11097310    
-.44500740E-03  .13842610    
 .40383780E-01  .26079590    
 .13651970      .27111220    
 .27535930      .15303410    
 .62673150      .10847100    
 1.3009660      .27574150    
 1.9648260      .31307650    
 2.5665010      .21944320    
 3.0344060      .70015490E-01
 5.0270050      .21971730    
 5.0646880      .30701270    
 3.7357800      .43500350    
 2.4371110      .48990150    
 4.4228720      .44904470    
 4.0266310      .51939750    
 3.8139520      .58291540    
 3.7354360      .59869000    
 3.7241820      .54440220    
 3.7442000      .41388940    
 4.3150640      .21276130    
 3.9318570      .97023180E-01
 4.0421800      .26229790    
 4.1550260      .31643020    
 4.2900710      .23516000    
 4.4690050      .25777970E-01
 5.0553840      .23410580    
 3.3921880      .43294590    
 2.8939410      .57462410    
 2.4502280      .66090080    
 1.9596670      .69939750    
 1.6301550      .67167550    
 1.3669530      .60797040    
 1.3220030      .55679660    
 1.2159480      .57078400    
 2.4675250      .25254130    
 2.5417380      .13077570    
 2.4411950      .21030370    
 2.5447710      .25026410    
 2.7351160      .18166070    
 3.7302850      .14464460    
 5.8143140      .22295800    
 8.1242580      .25974580    
 10.499470      .19527400    
 11.396660      .10001030    
 9.8627020      .10780650    
 5.6973210      .19797850    
 1.8179200      .14259000    
-.68228140E-01  .17492270    
-.41235200E-02  .22319570    
 .21608250E-01  .21974810    
 .64504300E-01  .15063930    
 .52943540E-01  .18497370    
 .11439410      .25415830    
 .25218010      .26031310    
 .48410680      .18795590    
 .94572200      .22779200    
 1.6113060      .32161190    
 2.2953050      .31593710    
 3.1408170      .21363130    
 3.3812020      .15954530    
 4.6034620      .25440640    
 4.5865560      .32718700    
 2.7254660      .40660700    
 2.3807870      .40167160    
 2.4476940      .42430920    
 3.5489130      .48071250    
 3.4746320      .55780080    
 3.4917850      .57724850    
 3.5282710      .52344640    
 3.5800140      .40081060    
 3.6452420      .25183830    
 3.8228380      .23824050    
 3.9184020      .32439050    
 4.0021700      .32978260    
 4.0812320      .23126030    
 3.9968100      .15786250    
 3.9358490      .30340130    
 2.9969590      .46165640    
 2.5365270      .57880790    
 2.1309600      .64269680    
 1.7141620      .64870560    
 1.4118680      .59009540    
 1.1722660      .49316250    
 1.1221850      .42433030    
 1.0725460      .46931840    
 2.6776810      .25284800    
 2.8961150      .15908750    
 2.8949180      .20618480    
 3.2663830      .25264610    
 3.9776210      .21210660    
 5.5229860      .17118940    
 8.4342710      .20724190    
 12.003430      .27013110    
 15.553170      .21721010    
 18.390010      .24875310E-01
 12.627570      .13898830    
 7.9777090      .21979900    
 3.4302140      .19988890    
 .29927880      .17019250    
 .12460690E-01  .18794470    
 .63961130E-01  .21972660    
 .13835770      .18419890    
 .10887890      .17470950    
 .24213640      .24835660    
 .44099150      .28413140    
 .78177280      .27951620    
 1.2807270      .33016310    
 1.9468640      .36796160    
 3.3227600      .30470450    
 3.6037460      .21170780    
 3.7330880      .16711960    
 4.3223820      .26249200    
 4.1387320      .32671780    
 2.6593430      .33788690    
 2.3164090      .29166730    
 2.4115210      .34224030    
 2.5935920      .46347930    
 2.8219850      .55223520    
 3.2784570      .57484250    
 3.3511600      .52914850    
 3.4219540      .43243320    
 3.4837790      .34995610    
 3.6749440      .35613890    
 3.7337320      .38874780    
 3.7593870      .35953730    
 3.7233780      .27840190    
 3.4836700      .26345360    
 3.0639280      .36075330    
 2.5760350      .48059930    
 2.1736680      .57486250    
 1.8191130      .61786430    
 1.4727510      .59545620    
 1.2007530      .50381700    
 .98353860      .36706740    
 .92553940      .28441480    
 .96677260      .39412720    
 2.9215540      .24097530    
 3.2230040      .93260010E-01
 3.4891950      .20363880    
 4.1755930      .26836810    
 5.3489040      .22422610    
 7.1269980      .11006460    
 10.931000      .17209320    
 13.926180      .25684990    
 17.833650      .18618220    
 21.653470      .55261220E-01
 15.684930      .19677810    
 8.7083430      .25725390    
 3.9299530      .21769180    
 .34933970      .88198250E-01
 .41833640E-01  .17119500    
 .11765350      .22846240    
 .21575860      .15812590    
 .31789720      .12049170    
 .79284010      .26143200    
 1.3954510      .31949290    
 1.0968430      .37151000    
 1.6108660      .41097100    
 3.5691530      .34709930    
 3.9294670      .28877820    
 4.0592790      .16843570    
 4.0313330      .11938880    
 3.9793710      .26552420    
 3.6992760      .31417960    
 2.5609420      .25470530    
 2.2461790      .16182020    
 2.3846420      .29649310    
 2.5890920      .45994550    
 2.8195470      .56188760    
 3.0299760      .59231920    
 3.1993530      .56133240    
 3.2811740      .49638320    
 3.3411510      .45635860    
 3.4878030      .45228710    
 3.4910600      .44661560    
 3.4343160      .39666260    
 3.2807210      .33078230    
 2.9634340      .32219740    
 2.3385450      .38742180    
 2.1587630      .48398430    
 1.8269940      .56380290    
 1.5310710      .59017460    
 1.2481620      .54373130    
 1.0083310      .41977900    
 .80921110      .23488150    
 .75463330      .15708200    
 .92772440      .37296720    
 3.6074420      .22625250    
 3.7933050      .62951740E-01
 4.5332100      .22952170    
 5.8927900      .28962910    
 7.4230450      .22044910    
 9.2823230      .44256340E-01
 15.836990      .14415400    
 19.053900      .18193550    
 19.951890      .15799570    
 20.984700      .85497800E-01
 15.690310      .24848390    
 10.207210      .30254160    
 4.8506970      .22001270    
 .12492680      .70253520E-01
 .53203370E-01  .19552830    
 .17779700      .22674130    
 .32480870      .10977030    
 .59794370      .13721130    
 1.1198200      .26492040    
 1.8436960      .32836630    
 2.7413790      .35975690    
 3.5813660      .36234910    
 4.4263350      .33422630    
 4.6238030      .26491690    
 4.5247930      .11283900    
 4.0615850      .15041490    
 3.8395350      .29237000    
 3.3333700      .30138610    
 2.5075270      .17602490    
 2.1756720      .77767310E-01
 2.3075050      .31706180    
 2.4862710      .49065340    
 2.6868730      .59339890    
 2.8656590      .62843640    
 3.0114130      .61165570    
 3.1039590      .57402480    
 3.2047210      .55206550    
 3.2643580      .52888340    
 3.1990460      .49361310    
 3.0508980      .42639990    
 2.8023290      .35623680    
 2.4977120      .33382590    
 2.0963100      .38239050    
 1.7902410      .47548340    
 1.5225240      .55070130    
 1.2780810      .56550910    
 1.0530800      .50099970    
 .84986930      .35354460    
 .67338630      .12999190    
 .60925660      .15052320    
 .61877010      .42469970    
 3.8635420      .20509420    
 4.2222830      .15130460    
 5.2224980      .24316310    
 6.9486640      .28494760    
 9.1753230      .22087890    
 13.294140      .13734140    
 19.810100      .67392410E-01
 20.651800      .93873060E-01
 18.734710      .11468500    
 17.067460      .15303910    
 13.300530      .28778880    
 8.3365870      .31064960    
 2.1795480      .20915290    
-.31444590E-01  .16088980    
 .99541950E-01  .20372020    
 .30269850      .21422260    
 .57644930      .14874970    
 .97241000      .18218860    
 1.6196590      .27281600    
 2.4961200      .34283890    
 4.1423710      .42973130    
 4.9824210      .38421380    
 5.1243520      .28681200    
 5.1395960      .23545160    
 4.8869090      .16919290    
 4.1326150      .24724350    
 3.5452480      .32667070    
 2.9801810      .29345770    
 2.4774600      .15885120    
 2.3898380      .15306040    
 2.6542610      .30020540    
 2.8792510      .44422210    
 3.0480400      .55315670    
 3.1501180      .61251180    
 3.1766620      .62860950    
 3.1094080      .62286110    
 2.9339720      .61642440    
 3.0380320      .58217660    
 2.8739750      .52513900    
 2.6291700      .43650260    
 2.3064630      .34247090    
 1.9968620      .29778210    
 1.6616130      .35432440    
 1.4524010      .46449020    
 1.2612070      .54272950    
 1.0753020      .55071340    
 .89940970      .47749800    
 .74485050      .33077280    
 .65073240      .17454820    
 .61540170      .27836880    
 .62347810      .51789580    
 4.2468850      .20460270    
 4.7410180      .15433740    
 5.5771320      .24761130    
 8.8896120      .34140570    
 11.306210      .30456520    
 14.625850      .16506340    
 19.132380      .66938300E-01
 19.420310      .82503300E-01
 16.387830      .24736780E-01
 10.939830      .17302510    
 7.4655220      .21159910    
 3.8941910      .25484370    
 1.2195220      .22510140    
-.79883550E-01  .16704100    
 .18134380      .18259390    
 .49600080      .21738010    
 .89997030      .17731200    
 1.3881220      .16596420    
 2.1786940      .27089740    
 3.6524690      .37846150    
 4.7368590      .37301480    
 5.6379740      .29261220    
 6.0223350      .23598710    
 5.5880820      .24113780    
 5.1698350      .26308670    
 4.1725680      .33353580    
 3.5527660      .36290130    
 2.9966970      .30141370    
 2.5838190      .19384390    
 2.5616840      .18394800    
 2.7635660      .30709590    
 2.9279930      .46351950    
 3.0383280      .58488440    
 3.0858210      .65648140    
 3.0583710      .68582700    
 2.9418120      .68894290    
 2.7302690      .67674930    
 2.7721290      .62323160    
 2.5383180      .54042490    
 2.2149020      .42181550    
 1.8193330      .28688490    
 1.5125390      .22068330    
 1.2886700      .32583210    
 1.1763200      .46454050    
 1.0519050      .54692340    
 .92000330      .55226900    
 .79607670      .48290190    
 .70503090      .36829780    
 .70658550      .31014270    
 .62277950      .42771870    
 .62953320      .63259710    
 4.6597690      .16125600    
 5.4281070      .11468240    
 6.7458290      .27897060    
 8.2604940      .33388350    
 9.6886020      .26310940    
 10.617020      .10201020    
 14.048990      .11738590    
 15.380780      .14321080    
 12.269500      .12390140    
 8.1659000      .12388020    
 3.8663970      .18190100    
 1.9928970      .25918740    
 .68351830      .22233790    
 .39595180E-01  .87906730E-01
 .31780890      .17041410    
 .73315670      .22604300    
 1.2355510      .14529280    
 1.8402400      .11625230    
 3.0403750      .29020230    
 4.2005750      .35913060    
 5.3511990      .31000390    
 6.3497080      .17840720    
 6.4642960      .18389710    
 5.8765840      .27812390    
 5.3354610      .34736550    
 4.1958790      .40268310    
 3.5781340      .39579610    
 3.0618460      .31221450    
 2.7234480      .18774690    
 2.7191340      .14646970    
 2.8419010      .31983290    
 2.9460250      .49854580    
 3.0037580      .62918000    
 3.0022700      .70810310    
 2.9286340      .74372910    
 2.7729290      .74708490    
 2.5343260      .72288990    
 2.5031090      .65055950    
 2.2095040      .54156770    
 1.8217910      .38816460    
 1.3519260      .19674900    
 1.0934640      .13397730    
 1.0135030      .32959260    
 .97226420      .48599090    
 .89948930      .56819880    
 .81623040      .57463140    
 .74598430      .52089750    
 .72221520      .45276420    
 .79340060      .45504440    
 .63019210      .57511570    
 .63617930      .75334100    
 5.1476450      .12920450    
 5.2850490      .17293640    
 5.5912400      .31704310    
 5.9019430      .34058590    
 6.2061620      .23679090    
 6.4848630      .46895050E-01
 12.515550      .20821350    
 13.017290      .24039100    
 9.8921280      .18642820    
 4.6915740      .25702800E-01
 3.2868810      .20650260    
 2.1526310      .28742080    
 1.0775720      .21967830    
 .29230520      .77405860E-01
 .49999070      .21727280    
 .96902240      .24470650    
 1.5127640      .11804400    
 2.4557240      .17328170    
 3.6002190      .32044340    
 4.7704860      .34965610    
 5.9395820      .25283020    
 7.0884480      .38474350E-01
 6.6201470      .20267800    
 5.9174830      .34220070    
 5.2669020      .42505780    
 4.2074860      .45909870    
 3.6191990      .42338580    
 3.1552790      .31364990    
 2.8665130      .13301430    
 2.7228130      .13219690    
 2.5619710      .39024870    
 2.4014080      .61972520    
 2.2288130      .80634280    
 2.0463380      .93798330    
 1.8574730      1.0060380    
 1.6663270      1.0060330    
 1.4773160      .93779770    
 2.0198770      .67763380    
 1.6722080      .54651020    
 1.3066730      .36075070    
 .94144820      .12532270    
 .93211530      .16832420    
 .82271710      .38002260    
 .82619220      .52886770    
 .82167280      .60417850    
 .81335550      .61328350    
 .80939000      .57992820    
 .82414810      .55093130    
 .87224700      .58120030    
 1.0292000      .69554270    
 1.1265560      .83421970    
-999.00000     -999.00000    
 5.3889020      .28715390    
 5.6691060      .36973680    
 5.9631140      .35835540    
 6.2425830      .25497050    
 6.4210970      .21115470    
 5.7991230      .29419140    
 5.2847330      .32245240    
 7.8671200      .24018420    
 4.7698150      .18015710    
 3.0027340      .27934610    
 1.9785700      .31942430    
 1.0091240      .25620660    
 .40074630      .24314800    
 .69995620      .29123710    
 1.1247530      .28114260    
 1.4753140      .22192210    
 2.8959600      .28642990    
 3.9723170      .36959450    
 5.1111980      .35740390    
 6.2272900      .24037150    
 7.0321350      .14455900    
 6.6066990      .30949780    
 6.0906840      .47744480    
 5.3843920      .56862570    
 4.7612580      .57404990    
 4.1452780      .49344290    
 3.0965040      .33202420    
 2.8918280      .15555690    
 2.6826090      .24565140    
 2.5508100      .47936270    
 2.3958030      .69395020    
 2.2220850      .86372510    
 2.0361340      .97654090    
 1.8436590      1.0251860    
 1.6502050      1.0067650    
 1.4613480      .92274250    
 1.2829020      .77909190    
 1.1215120      .58703520    
 1.1898770      .35922710    
 .93608710      .20501350    
 .76981740      .29233590    
 .74815030      .46643320    
 .72489590      .59667780    
 .70188580      .66610360    
 .68052210      .68308040    
 .66251280      .67406280    
 .64986830      .68044700    
 .64396210      .73778910    
-999.00000     -999.00000    
-999.00000     -999.00000    
